[2024-09-05 21:17:44Z INFO HostContext] No proxy settings were found based on environmental variables (http_proxy/https_proxy/HTTP_PROXY/HTTPS_PROXY)
[2024-09-05 21:17:44Z INFO HostContext] Well known directory 'Bin': '/home/spinoandraptos/Documents/assignment-1-spinoandraptos/actions-runner/bin'
[2024-09-05 21:17:44Z INFO HostContext] Well known directory 'Root': '/home/spinoandraptos/Documents/assignment-1-spinoandraptos/actions-runner'
[2024-09-05 21:17:44Z INFO HostContext] Well known config file 'Credentials': '/home/spinoandraptos/Documents/assignment-1-spinoandraptos/actions-runner/.credentials'
[2024-09-05 21:17:44Z INFO HostContext] Well known directory 'Bin': '/home/spinoandraptos/Documents/assignment-1-spinoandraptos/actions-runner/bin'
[2024-09-05 21:17:44Z INFO HostContext] Well known directory 'Root': '/home/spinoandraptos/Documents/assignment-1-spinoandraptos/actions-runner'
[2024-09-05 21:17:44Z INFO HostContext] Well known config file 'Runner': '/home/spinoandraptos/Documents/assignment-1-spinoandraptos/actions-runner/.runner'
[2024-09-05 21:17:44Z INFO Listener] Runner is built for Linux (X64) - linux-x64.
[2024-09-05 21:17:44Z INFO Listener] RuntimeInformation: Linux 6.8.0-40-generic #40~22.04.3-Ubuntu SMP PREEMPT_DYNAMIC Tue Jul 30 17:30:19 UTC 2.
[2024-09-05 21:17:44Z INFO Listener] Version: 2.319.1
[2024-09-05 21:17:44Z INFO Listener] Commit: bc6614c04d3ddc20e5ca5d5a87ae2b58dda322ec
[2024-09-05 21:17:44Z INFO Listener] Culture: en-SG
[2024-09-05 21:17:44Z INFO Listener] UI Culture: en-SG
[2024-09-05 21:17:44Z INFO HostContext] Well known directory 'Bin': '/home/spinoandraptos/Documents/assignment-1-spinoandraptos/actions-runner/bin'
[2024-09-05 21:17:44Z INFO HostContext] Well known directory 'Root': '/home/spinoandraptos/Documents/assignment-1-spinoandraptos/actions-runner'
[2024-09-05 21:17:44Z INFO Listener] Validating directory permissions for: '/home/spinoandraptos/Documents/assignment-1-spinoandraptos/actions-runner'
[2024-09-05 21:17:44Z INFO CommandLineParser] Parse
[2024-09-05 21:17:44Z INFO CommandLineParser] Parsing 1 args
[2024-09-05 21:17:44Z INFO CommandLineParser] parsing argument
[2024-09-05 21:17:44Z INFO CommandLineParser] HasArgs: False
[2024-09-05 21:17:44Z INFO CommandLineParser] Adding Command: remove
[2024-09-05 21:17:44Z INFO Listener] Arguments parsed
[2024-09-05 21:17:44Z INFO Runner] ExecuteCommand
[2024-09-05 21:17:44Z INFO ConfigurationStore] currentAssemblyLocation: /home/spinoandraptos/Documents/assignment-1-spinoandraptos/actions-runner/bin/Runner.Listener.dll
[2024-09-05 21:17:44Z INFO HostContext] Well known directory 'Bin': '/home/spinoandraptos/Documents/assignment-1-spinoandraptos/actions-runner/bin'
[2024-09-05 21:17:44Z INFO ConfigurationStore] binPath: /home/spinoandraptos/Documents/assignment-1-spinoandraptos/actions-runner/bin
[2024-09-05 21:17:44Z INFO HostContext] Well known directory 'Bin': '/home/spinoandraptos/Documents/assignment-1-spinoandraptos/actions-runner/bin'
[2024-09-05 21:17:44Z INFO HostContext] Well known directory 'Root': '/home/spinoandraptos/Documents/assignment-1-spinoandraptos/actions-runner'
[2024-09-05 21:17:44Z INFO ConfigurationStore] RootFolder: /home/spinoandraptos/Documents/assignment-1-spinoandraptos/actions-runner
[2024-09-05 21:17:44Z INFO HostContext] Well known directory 'Bin': '/home/spinoandraptos/Documents/assignment-1-spinoandraptos/actions-runner/bin'
[2024-09-05 21:17:44Z INFO HostContext] Well known directory 'Root': '/home/spinoandraptos/Documents/assignment-1-spinoandraptos/actions-runner'
[2024-09-05 21:17:44Z INFO HostContext] Well known config file 'Runner': '/home/spinoandraptos/Documents/assignment-1-spinoandraptos/actions-runner/.runner'
[2024-09-05 21:17:44Z INFO ConfigurationStore] ConfigFilePath: /home/spinoandraptos/Documents/assignment-1-spinoandraptos/actions-runner/.runner
[2024-09-05 21:17:44Z INFO HostContext] Well known directory 'Bin': '/home/spinoandraptos/Documents/assignment-1-spinoandraptos/actions-runner/bin'
[2024-09-05 21:17:44Z INFO HostContext] Well known directory 'Root': '/home/spinoandraptos/Documents/assignment-1-spinoandraptos/actions-runner'
[2024-09-05 21:17:44Z INFO HostContext] Well known config file 'Credentials': '/home/spinoandraptos/Documents/assignment-1-spinoandraptos/actions-runner/.credentials'
[2024-09-05 21:17:44Z INFO ConfigurationStore] CredFilePath: /home/spinoandraptos/Documents/assignment-1-spinoandraptos/actions-runner/.credentials
[2024-09-05 21:17:44Z INFO HostContext] Well known directory 'Bin': '/home/spinoandraptos/Documents/assignment-1-spinoandraptos/actions-runner/bin'
[2024-09-05 21:17:44Z INFO HostContext] Well known directory 'Root': '/home/spinoandraptos/Documents/assignment-1-spinoandraptos/actions-runner'
[2024-09-05 21:17:44Z INFO HostContext] Well known config file 'MigratedCredentials': '/home/spinoandraptos/Documents/assignment-1-spinoandraptos/actions-runner/.credentials_migrated'
[2024-09-05 21:17:44Z INFO ConfigurationStore] MigratedCredFilePath: /home/spinoandraptos/Documents/assignment-1-spinoandraptos/actions-runner/.credentials_migrated
[2024-09-05 21:17:44Z INFO HostContext] Well known directory 'Bin': '/home/spinoandraptos/Documents/assignment-1-spinoandraptos/actions-runner/bin'
[2024-09-05 21:17:44Z INFO HostContext] Well known directory 'Root': '/home/spinoandraptos/Documents/assignment-1-spinoandraptos/actions-runner'
[2024-09-05 21:17:44Z INFO HostContext] Well known config file 'Service': '/home/spinoandraptos/Documents/assignment-1-spinoandraptos/actions-runner/.service'
[2024-09-05 21:17:44Z INFO ConfigurationStore] ServiceConfigFilePath: /home/spinoandraptos/Documents/assignment-1-spinoandraptos/actions-runner/.service
[2024-09-05 21:17:44Z INFO CommandSettings] Flag 'help': 'False'
[2024-09-05 21:17:44Z INFO CommandSettings] Flag 'version': 'False'
[2024-09-05 21:17:44Z INFO CommandSettings] Flag 'commit': 'False'
[2024-09-05 21:17:44Z INFO CommandSettings] Flag 'check': 'False'
[2024-09-05 21:17:44Z INFO CommandSettings] Command 'configure': 'False'
[2024-09-05 21:17:44Z INFO CommandSettings] Command 'remove': 'True'
[2024-09-05 21:17:44Z INFO CommandSettings] Flag 'local': 'False'
[2024-09-05 21:17:44Z INFO ConfigurationStore] IsServiceConfigured()
[2024-09-05 21:17:44Z INFO ConfigurationStore] IsServiceConfigured: False
[2024-09-05 21:17:44Z INFO ConfigurationStore] IsConfigured()
[2024-09-05 21:17:44Z INFO ConfigurationStore] IsConfigured: True
[2024-09-05 21:17:44Z INFO ConfigurationStore] HasCredentials()
[2024-09-05 21:17:44Z INFO ConfigurationStore] stored True
[2024-09-05 21:17:44Z INFO ConfigurationStore] Read setting file: 312 chars
[2024-09-05 21:17:44Z INFO CommandSettings] Arg 'token': ''
[2024-09-05 21:17:44Z INFO CommandSettings] Flag 'unattended': 'False'
[2024-09-05 21:17:44Z INFO PromptManager] ReadValue
[2024-09-05 21:17:44Z INFO Terminal] WRITE: Enter runner remove token: 
[2024-09-05 21:17:44Z INFO Terminal] READ SECRET
[2024-09-05 21:18:24Z INFO Terminal] WRITE LINE: Exiting...
