[2024-09-08 23:47:56Z INFO HostContext] No proxy settings were found based on environmental variables (http_proxy/https_proxy/HTTP_PROXY/HTTPS_PROXY)
[2024-09-08 23:47:56Z INFO HostContext] Well known directory 'Bin': '/home/spinoandraptos/Documents/assignment-spinoandraptos/actions-runner/bin'
[2024-09-08 23:47:56Z INFO HostContext] Well known directory 'Root': '/home/spinoandraptos/Documents/assignment-spinoandraptos/actions-runner'
[2024-09-08 23:47:56Z INFO HostContext] Well known config file 'Credentials': '/home/spinoandraptos/Documents/assignment-spinoandraptos/actions-runner/.credentials'
[2024-09-08 23:47:56Z INFO HostContext] Well known directory 'Bin': '/home/spinoandraptos/Documents/assignment-spinoandraptos/actions-runner/bin'
[2024-09-08 23:47:56Z INFO HostContext] Well known directory 'Root': '/home/spinoandraptos/Documents/assignment-spinoandraptos/actions-runner'
[2024-09-08 23:47:56Z INFO HostContext] Well known config file 'Runner': '/home/spinoandraptos/Documents/assignment-spinoandraptos/actions-runner/.runner'
[2024-09-08 23:47:56Z INFO Listener] Runner is built for Linux (X64) - linux-x64.
[2024-09-08 23:47:56Z INFO Listener] RuntimeInformation: Linux 6.8.0-40-generic #40~22.04.3-Ubuntu SMP PREEMPT_DYNAMIC Tue Jul 30 17:30:19 UTC 2.
[2024-09-08 23:47:56Z INFO Listener] Version: 2.319.1
[2024-09-08 23:47:56Z INFO Listener] Commit: bc6614c04d3ddc20e5ca5d5a87ae2b58dda322ec
[2024-09-08 23:47:56Z INFO Listener] Culture: en-SG
[2024-09-08 23:47:56Z INFO Listener] UI Culture: en-SG
[2024-09-08 23:47:56Z INFO HostContext] Well known directory 'Bin': '/home/spinoandraptos/Documents/assignment-spinoandraptos/actions-runner/bin'
[2024-09-08 23:47:56Z INFO HostContext] Well known directory 'Root': '/home/spinoandraptos/Documents/assignment-spinoandraptos/actions-runner'
[2024-09-08 23:47:56Z INFO Listener] Validating directory permissions for: '/home/spinoandraptos/Documents/assignment-spinoandraptos/actions-runner'
[2024-09-08 23:47:56Z INFO CommandLineParser] Parse
[2024-09-08 23:47:56Z INFO CommandLineParser] Parsing 1 args
[2024-09-08 23:47:56Z INFO CommandLineParser] parsing argument
[2024-09-08 23:47:56Z INFO CommandLineParser] HasArgs: False
[2024-09-08 23:47:56Z INFO CommandLineParser] Adding Command: run
[2024-09-08 23:47:56Z INFO Listener] Arguments parsed
[2024-09-08 23:47:56Z INFO Runner] ExecuteCommand
[2024-09-08 23:47:56Z INFO ConfigurationStore] currentAssemblyLocation: /home/spinoandraptos/Documents/assignment-spinoandraptos/actions-runner/bin/Runner.Listener.dll
[2024-09-08 23:47:56Z INFO HostContext] Well known directory 'Bin': '/home/spinoandraptos/Documents/assignment-spinoandraptos/actions-runner/bin'
[2024-09-08 23:47:56Z INFO ConfigurationStore] binPath: /home/spinoandraptos/Documents/assignment-spinoandraptos/actions-runner/bin
[2024-09-08 23:47:56Z INFO HostContext] Well known directory 'Bin': '/home/spinoandraptos/Documents/assignment-spinoandraptos/actions-runner/bin'
[2024-09-08 23:47:56Z INFO HostContext] Well known directory 'Root': '/home/spinoandraptos/Documents/assignment-spinoandraptos/actions-runner'
[2024-09-08 23:47:56Z INFO ConfigurationStore] RootFolder: /home/spinoandraptos/Documents/assignment-spinoandraptos/actions-runner
[2024-09-08 23:47:56Z INFO HostContext] Well known directory 'Bin': '/home/spinoandraptos/Documents/assignment-spinoandraptos/actions-runner/bin'
[2024-09-08 23:47:56Z INFO HostContext] Well known directory 'Root': '/home/spinoandraptos/Documents/assignment-spinoandraptos/actions-runner'
[2024-09-08 23:47:56Z INFO HostContext] Well known config file 'Runner': '/home/spinoandraptos/Documents/assignment-spinoandraptos/actions-runner/.runner'
[2024-09-08 23:47:56Z INFO ConfigurationStore] ConfigFilePath: /home/spinoandraptos/Documents/assignment-spinoandraptos/actions-runner/.runner
[2024-09-08 23:47:56Z INFO HostContext] Well known directory 'Bin': '/home/spinoandraptos/Documents/assignment-spinoandraptos/actions-runner/bin'
[2024-09-08 23:47:56Z INFO HostContext] Well known directory 'Root': '/home/spinoandraptos/Documents/assignment-spinoandraptos/actions-runner'
[2024-09-08 23:47:56Z INFO HostContext] Well known config file 'Credentials': '/home/spinoandraptos/Documents/assignment-spinoandraptos/actions-runner/.credentials'
[2024-09-08 23:47:56Z INFO ConfigurationStore] CredFilePath: /home/spinoandraptos/Documents/assignment-spinoandraptos/actions-runner/.credentials
[2024-09-08 23:47:56Z INFO HostContext] Well known directory 'Bin': '/home/spinoandraptos/Documents/assignment-spinoandraptos/actions-runner/bin'
[2024-09-08 23:47:56Z INFO HostContext] Well known directory 'Root': '/home/spinoandraptos/Documents/assignment-spinoandraptos/actions-runner'
[2024-09-08 23:47:56Z INFO HostContext] Well known config file 'MigratedCredentials': '/home/spinoandraptos/Documents/assignment-spinoandraptos/actions-runner/.credentials_migrated'
[2024-09-08 23:47:56Z INFO ConfigurationStore] MigratedCredFilePath: /home/spinoandraptos/Documents/assignment-spinoandraptos/actions-runner/.credentials_migrated
[2024-09-08 23:47:56Z INFO HostContext] Well known directory 'Bin': '/home/spinoandraptos/Documents/assignment-spinoandraptos/actions-runner/bin'
[2024-09-08 23:47:56Z INFO HostContext] Well known directory 'Root': '/home/spinoandraptos/Documents/assignment-spinoandraptos/actions-runner'
[2024-09-08 23:47:56Z INFO HostContext] Well known config file 'Service': '/home/spinoandraptos/Documents/assignment-spinoandraptos/actions-runner/.service'
[2024-09-08 23:47:56Z INFO ConfigurationStore] ServiceConfigFilePath: /home/spinoandraptos/Documents/assignment-spinoandraptos/actions-runner/.service
[2024-09-08 23:47:56Z INFO CommandSettings] Flag 'help': 'False'
[2024-09-08 23:47:56Z INFO CommandSettings] Flag 'version': 'False'
[2024-09-08 23:47:56Z INFO CommandSettings] Flag 'commit': 'False'
[2024-09-08 23:47:56Z INFO CommandSettings] Flag 'check': 'False'
[2024-09-08 23:47:56Z INFO CommandSettings] Command 'configure': 'False'
[2024-09-08 23:47:56Z INFO CommandSettings] Command 'remove': 'False'
[2024-09-08 23:47:56Z INFO CommandSettings] Command 'warmup': 'False'
[2024-09-08 23:47:56Z INFO ConfigurationManager] LoadSettings
[2024-09-08 23:47:56Z INFO ConfigurationStore] IsConfigured()
[2024-09-08 23:47:56Z INFO ConfigurationStore] IsConfigured: True
[2024-09-08 23:47:56Z INFO ConfigurationManager] Is configured: True
[2024-09-08 23:47:56Z INFO ConfigurationStore] Read setting file: 313 chars
[2024-09-08 23:47:56Z INFO ConfigurationManager] Settings Loaded
[2024-09-08 23:47:56Z INFO ConfigurationStore] IsServiceConfigured()
[2024-09-08 23:47:56Z INFO ConfigurationStore] IsServiceConfigured: False
[2024-09-08 23:47:56Z INFO CommandSettings] Command 'run': 'True'
[2024-09-08 23:47:56Z INFO ConfigurationStore] IsConfigured()
[2024-09-08 23:47:56Z INFO ConfigurationStore] IsConfigured: True
[2024-09-08 23:47:56Z INFO ConfigurationManager] Is configured: True
[2024-09-08 23:47:56Z INFO Runner] Could not parse the argument value '' for StartupType. Defaulting to Manual
[2024-09-08 23:47:56Z INFO Runner] Set runner startup type - Manual
[2024-09-08 23:47:56Z INFO CommandSettings] Flag 'once': 'False'
[2024-09-08 23:47:56Z INFO CommandSettings] Flag 'once': 'False'
[2024-09-08 23:47:56Z INFO Runner] RunAsync
[2024-09-08 23:47:56Z INFO ConfigurationManager] LoadSettings
[2024-09-08 23:47:56Z INFO ConfigurationStore] IsConfigured()
[2024-09-08 23:47:56Z INFO ConfigurationStore] IsConfigured: True
[2024-09-08 23:47:56Z INFO ConfigurationManager] Is configured: True
[2024-09-08 23:47:56Z INFO ConfigurationManager] Settings Loaded
[2024-09-08 23:47:56Z INFO MessageListener] {
  "AgentId": 21,
  "AgentName": "Ubuntu",
  "PoolId": 1,
  "PoolName": "Default",
  "ServerUrl": "https://pipelinesghubeus8.actions.githubusercontent.com/ekeKTWsSAMJWxUSPQsNhkw3MCqY8wAdd4YmvNyi3f3Aw3tcY4T/",
  "GitHubUrl": "https://github.com/cu-ecen-aeld/assignment-2-spinoandraptos",
  "WorkFolder": "_work"
}
[2024-09-08 23:47:56Z INFO MessageListener] Loading Credentials
[2024-09-08 23:47:56Z INFO ConfigurationStore] HasCredentials()
[2024-09-08 23:47:56Z INFO ConfigurationStore] stored True
[2024-09-08 23:47:56Z INFO CredentialManager] GetCredentialProvider
[2024-09-08 23:47:56Z INFO CredentialManager] Creating type OAuth
[2024-09-08 23:47:56Z INFO CredentialManager] Creating credential type: OAuth
[2024-09-08 23:47:56Z INFO HostContext] Well known directory 'Bin': '/home/spinoandraptos/Documents/assignment-spinoandraptos/actions-runner/bin'
[2024-09-08 23:47:56Z INFO HostContext] Well known directory 'Root': '/home/spinoandraptos/Documents/assignment-spinoandraptos/actions-runner'
[2024-09-08 23:47:56Z INFO HostContext] Well known config file 'RSACredentials': '/home/spinoandraptos/Documents/assignment-spinoandraptos/actions-runner/.credentials_rsaparams'
[2024-09-08 23:47:56Z INFO RSAFileKeyManager] Loading RSA key parameters from file /home/spinoandraptos/Documents/assignment-spinoandraptos/actions-runner/.credentials_rsaparams
[2024-09-08 23:47:56Z INFO MessageListener] Attempt to create session.
[2024-09-08 23:47:56Z INFO MessageListener] Connecting to the Runner Server...
[2024-09-08 23:47:56Z INFO RunnerServer] EstablishVssConnection
[2024-09-08 23:47:56Z INFO RunnerServer] Establish connection with 100 seconds timeout.
[2024-09-08 23:47:56Z INFO GitHubActionsService] Starting operation Location.GetConnectionData
[2024-09-08 23:47:56Z INFO RunnerServer] EstablishVssConnection
[2024-09-08 23:47:56Z INFO RunnerServer] Establish connection with 60 seconds timeout.
[2024-09-08 23:47:56Z INFO GitHubActionsService] Starting operation Location.GetConnectionData
[2024-09-08 23:47:56Z INFO RunnerServer] EstablishVssConnection
[2024-09-08 23:47:56Z INFO RunnerServer] Establish connection with 60 seconds timeout.
[2024-09-08 23:47:56Z INFO GitHubActionsService] Starting operation Location.GetConnectionData
[2024-09-08 23:47:57Z INFO GitHubActionsService] Finished operation Location.GetConnectionData
[2024-09-08 23:47:57Z INFO GitHubActionsService] Finished operation Location.GetConnectionData
[2024-09-08 23:47:57Z INFO GitHubActionsService] Finished operation Location.GetConnectionData
[2024-09-08 23:47:57Z INFO MessageListener] VssConnection created
[2024-09-08 23:47:57Z INFO Terminal] WRITE LINE: 
[2024-09-08 23:47:57Z INFO Terminal] WRITE LINE: 
[2024-09-08 23:47:57Z INFO RSAFileKeyManager] Loading RSA key parameters from file /home/spinoandraptos/Documents/assignment-spinoandraptos/actions-runner/.credentials_rsaparams
[2024-09-08 23:47:57Z INFO RSAFileKeyManager] Loading RSA key parameters from file /home/spinoandraptos/Documents/assignment-spinoandraptos/actions-runner/.credentials_rsaparams
[2024-09-08 23:47:57Z INFO GitHubActionsService] AAD Correlation ID for this token request: Unknown
[2024-09-08 23:47:58Z INFO MessageListener] Session created.
[2024-09-08 23:47:58Z INFO Terminal] WRITE LINE: Current runner version: '2.319.1'
[2024-09-08 23:47:58Z INFO Terminal] WRITE LINE: 2024-09-08 23:47:58Z: Listening for Jobs
[2024-09-08 23:47:58Z INFO JobDispatcher] Set runner/worker IPC timeout to 30 seconds.
[2024-09-08 23:47:58Z INFO MessageListener] BrokerMigration message received. Polling Broker for messages...
[2024-09-08 23:47:58Z INFO RSAFileKeyManager] Loading RSA key parameters from file /home/spinoandraptos/Documents/assignment-spinoandraptos/actions-runner/.credentials_rsaparams
[2024-09-08 23:47:58Z INFO GitHubActionsService] AAD Correlation ID for this token request: Unknown
