[2024-08-31 21:53:17Z INFO HostContext] No proxy settings were found based on environmental variables (http_proxy/https_proxy/HTTP_PROXY/HTTPS_PROXY)
[2024-08-31 21:53:17Z INFO HostContext] Well known directory 'Bin': '/home/spinoandraptos/Documents/assignment-1-spinoandraptos/actions-runner/bin'
[2024-08-31 21:53:17Z INFO HostContext] Well known directory 'Root': '/home/spinoandraptos/Documents/assignment-1-spinoandraptos/actions-runner'
[2024-08-31 21:53:17Z INFO HostContext] Well known config file 'Credentials': '/home/spinoandraptos/Documents/assignment-1-spinoandraptos/actions-runner/.credentials'
[2024-08-31 21:53:17Z INFO HostContext] Well known directory 'Bin': '/home/spinoandraptos/Documents/assignment-1-spinoandraptos/actions-runner/bin'
[2024-08-31 21:53:17Z INFO HostContext] Well known directory 'Root': '/home/spinoandraptos/Documents/assignment-1-spinoandraptos/actions-runner'
[2024-08-31 21:53:17Z INFO HostContext] Well known config file 'Runner': '/home/spinoandraptos/Documents/assignment-1-spinoandraptos/actions-runner/.runner'
[2024-08-31 21:53:17Z INFO Listener] Runner is built for Linux (X64) - linux-x64.
[2024-08-31 21:53:17Z INFO Listener] RuntimeInformation: Linux 6.8.0-40-generic #40~22.04.3-Ubuntu SMP PREEMPT_DYNAMIC Tue Jul 30 17:30:19 UTC 2.
[2024-08-31 21:53:17Z INFO Listener] Version: 2.319.1
[2024-08-31 21:53:17Z INFO Listener] Commit: bc6614c04d3ddc20e5ca5d5a87ae2b58dda322ec
[2024-08-31 21:53:17Z INFO Listener] Culture: en-SG
[2024-08-31 21:53:17Z INFO Listener] UI Culture: en-SG
[2024-08-31 21:53:17Z INFO HostContext] Well known directory 'Bin': '/home/spinoandraptos/Documents/assignment-1-spinoandraptos/actions-runner/bin'
[2024-08-31 21:53:17Z INFO HostContext] Well known directory 'Root': '/home/spinoandraptos/Documents/assignment-1-spinoandraptos/actions-runner'
[2024-08-31 21:53:17Z INFO Listener] Validating directory permissions for: '/home/spinoandraptos/Documents/assignment-1-spinoandraptos/actions-runner'
[2024-08-31 21:53:17Z INFO CommandLineParser] Parse
[2024-08-31 21:53:17Z INFO CommandLineParser] Parsing 5 args
[2024-08-31 21:53:17Z INFO CommandLineParser] parsing argument
[2024-08-31 21:53:17Z INFO CommandLineParser] HasArgs: False
[2024-08-31 21:53:17Z INFO CommandLineParser] Adding Command: configure
[2024-08-31 21:53:17Z INFO CommandLineParser] parsing argument
[2024-08-31 21:53:17Z INFO CommandLineParser] HasArgs: True
[2024-08-31 21:53:17Z INFO CommandLineParser] arg: url
[2024-08-31 21:53:17Z INFO CommandLineParser] parsing argument
[2024-08-31 21:53:17Z INFO CommandLineParser] HasArgs: True
[2024-08-31 21:53:17Z INFO CommandLineParser] Adding option 'url': 'https://github.com/cu-ecen-aeld/assignment-1-spinoandraptos'
[2024-08-31 21:53:17Z INFO CommandLineParser] parsing argument
[2024-08-31 21:53:17Z INFO CommandLineParser] HasArgs: True
[2024-08-31 21:53:17Z INFO CommandLineParser] arg: token
[2024-08-31 21:53:17Z INFO CommandLineParser] parsing argument
[2024-08-31 21:53:17Z INFO CommandLineParser] HasArgs: True
[2024-08-31 21:53:17Z INFO CommandLineParser] Adding option 'token': '***'
[2024-08-31 21:53:17Z INFO Listener] Arguments parsed
[2024-08-31 21:53:18Z INFO Runner] ExecuteCommand
[2024-08-31 21:53:18Z INFO ConfigurationStore] currentAssemblyLocation: /home/spinoandraptos/Documents/assignment-1-spinoandraptos/actions-runner/bin/Runner.Listener.dll
[2024-08-31 21:53:18Z INFO HostContext] Well known directory 'Bin': '/home/spinoandraptos/Documents/assignment-1-spinoandraptos/actions-runner/bin'
[2024-08-31 21:53:18Z INFO ConfigurationStore] binPath: /home/spinoandraptos/Documents/assignment-1-spinoandraptos/actions-runner/bin
[2024-08-31 21:53:18Z INFO HostContext] Well known directory 'Bin': '/home/spinoandraptos/Documents/assignment-1-spinoandraptos/actions-runner/bin'
[2024-08-31 21:53:18Z INFO HostContext] Well known directory 'Root': '/home/spinoandraptos/Documents/assignment-1-spinoandraptos/actions-runner'
[2024-08-31 21:53:18Z INFO ConfigurationStore] RootFolder: /home/spinoandraptos/Documents/assignment-1-spinoandraptos/actions-runner
[2024-08-31 21:53:18Z INFO HostContext] Well known directory 'Bin': '/home/spinoandraptos/Documents/assignment-1-spinoandraptos/actions-runner/bin'
[2024-08-31 21:53:18Z INFO HostContext] Well known directory 'Root': '/home/spinoandraptos/Documents/assignment-1-spinoandraptos/actions-runner'
[2024-08-31 21:53:18Z INFO HostContext] Well known config file 'Runner': '/home/spinoandraptos/Documents/assignment-1-spinoandraptos/actions-runner/.runner'
[2024-08-31 21:53:18Z INFO ConfigurationStore] ConfigFilePath: /home/spinoandraptos/Documents/assignment-1-spinoandraptos/actions-runner/.runner
[2024-08-31 21:53:18Z INFO HostContext] Well known directory 'Bin': '/home/spinoandraptos/Documents/assignment-1-spinoandraptos/actions-runner/bin'
[2024-08-31 21:53:18Z INFO HostContext] Well known directory 'Root': '/home/spinoandraptos/Documents/assignment-1-spinoandraptos/actions-runner'
[2024-08-31 21:53:18Z INFO HostContext] Well known config file 'Credentials': '/home/spinoandraptos/Documents/assignment-1-spinoandraptos/actions-runner/.credentials'
[2024-08-31 21:53:18Z INFO ConfigurationStore] CredFilePath: /home/spinoandraptos/Documents/assignment-1-spinoandraptos/actions-runner/.credentials
[2024-08-31 21:53:18Z INFO HostContext] Well known directory 'Bin': '/home/spinoandraptos/Documents/assignment-1-spinoandraptos/actions-runner/bin'
[2024-08-31 21:53:18Z INFO HostContext] Well known directory 'Root': '/home/spinoandraptos/Documents/assignment-1-spinoandraptos/actions-runner'
[2024-08-31 21:53:18Z INFO HostContext] Well known config file 'MigratedCredentials': '/home/spinoandraptos/Documents/assignment-1-spinoandraptos/actions-runner/.credentials_migrated'
[2024-08-31 21:53:18Z INFO ConfigurationStore] MigratedCredFilePath: /home/spinoandraptos/Documents/assignment-1-spinoandraptos/actions-runner/.credentials_migrated
[2024-08-31 21:53:18Z INFO HostContext] Well known directory 'Bin': '/home/spinoandraptos/Documents/assignment-1-spinoandraptos/actions-runner/bin'
[2024-08-31 21:53:18Z INFO HostContext] Well known directory 'Root': '/home/spinoandraptos/Documents/assignment-1-spinoandraptos/actions-runner'
[2024-08-31 21:53:18Z INFO HostContext] Well known config file 'Service': '/home/spinoandraptos/Documents/assignment-1-spinoandraptos/actions-runner/.service'
[2024-08-31 21:53:18Z INFO ConfigurationStore] ServiceConfigFilePath: /home/spinoandraptos/Documents/assignment-1-spinoandraptos/actions-runner/.service
[2024-08-31 21:53:18Z INFO CommandSettings] Flag 'help': 'False'
[2024-08-31 21:53:18Z INFO CommandSettings] Flag 'version': 'False'
[2024-08-31 21:53:18Z INFO CommandSettings] Flag 'commit': 'False'
[2024-08-31 21:53:18Z INFO CommandSettings] Flag 'check': 'False'
[2024-08-31 21:53:18Z INFO CommandSettings] Command 'configure': 'True'
[2024-08-31 21:53:18Z INFO Terminal] WRITE LINE: 
[2024-08-31 21:53:18Z INFO Terminal] WRITE LINE: --------------------------------------------------------------------------------
[2024-08-31 21:53:18Z INFO Terminal] WRITE LINE: |        ____ _ _   _   _       _          _        _   _                      |
[2024-08-31 21:53:18Z INFO Terminal] WRITE LINE: |       / ___(_) |_| | | |_   _| |__      / \   ___| |_(_) ___  _ __  ___      |
[2024-08-31 21:53:18Z INFO Terminal] WRITE LINE: |      | |  _| | __| |_| | | | | '_ \    / _ \ / __| __| |/ _ \| '_ \/ __|     |
[2024-08-31 21:53:18Z INFO Terminal] WRITE LINE: |      | |_| | | |_|  _  | |_| | |_) |  / ___ \ (__| |_| | (_) | | | \__ \     |
[2024-08-31 21:53:18Z INFO Terminal] WRITE LINE: |       \____|_|\__|_| |_|\__,_|_.__/  /_/   \_\___|\__|_|\___/|_| |_|___/     |
[2024-08-31 21:53:18Z INFO Terminal] WRITE LINE: |                                                                              |
[2024-08-31 21:53:18Z INFO Terminal] WRITE: |                       
[2024-08-31 21:53:18Z INFO Terminal] WRITE: Self-hosted runner registration
[2024-08-31 21:53:18Z INFO Terminal] WRITE LINE:                         |
[2024-08-31 21:53:18Z INFO Terminal] WRITE LINE: |                                                                              |
[2024-08-31 21:53:18Z INFO Terminal] WRITE LINE: --------------------------------------------------------------------------------
[2024-08-31 21:53:18Z INFO ConfigurationManager] ConfigureAsync
[2024-08-31 21:53:18Z INFO CommandSettings] Flag 'generateServiceConfig': 'False'
[2024-08-31 21:53:18Z INFO ConfigurationStore] IsConfigured()
[2024-08-31 21:53:18Z INFO ConfigurationStore] IsConfigured: False
[2024-08-31 21:53:18Z INFO ConfigurationManager] Is configured: False
[2024-08-31 21:53:18Z INFO CommandSettings] Arg 'url': 'https://github.com/cu-ecen-aeld/assignment-1-spinoandraptos'
[2024-08-31 21:53:18Z INFO CommandSettings] Remove url from Arg dictionary.
[2024-08-31 21:53:18Z INFO CommandSettings] Arg 'token': '***'
[2024-08-31 21:53:18Z INFO CommandSettings] Remove token from Arg dictionary.
[2024-08-31 21:53:18Z INFO ConfigurationManager] Http response code: OK from 'POST https://api.github.com/actions/runner-registration' (CF5F:1A0EF7:29A3CF8:500BDAD:66D39107)
[2024-08-31 21:53:18Z INFO ConfigurationManager] Using V2 flow: False
[2024-08-31 21:53:18Z INFO ConfigurationManager] cred retrieved via GitHub auth
[2024-08-31 21:53:18Z INFO RunnerServer] EstablishVssConnection
[2024-08-31 21:53:18Z INFO RunnerServer] Establish connection with 100 seconds timeout.
[2024-08-31 21:53:18Z INFO GitHubActionsService] Starting operation Location.GetConnectionData
[2024-08-31 21:53:18Z INFO RunnerServer] EstablishVssConnection
[2024-08-31 21:53:18Z INFO RunnerServer] Establish connection with 60 seconds timeout.
[2024-08-31 21:53:18Z INFO GitHubActionsService] Starting operation Location.GetConnectionData
[2024-08-31 21:53:18Z INFO RunnerServer] EstablishVssConnection
[2024-08-31 21:53:18Z INFO RunnerServer] Establish connection with 60 seconds timeout.
[2024-08-31 21:53:18Z INFO GitHubActionsService] Starting operation Location.GetConnectionData
[2024-08-31 21:53:19Z INFO GitHubActionsService] Finished operation Location.GetConnectionData
[2024-08-31 21:53:19Z INFO GitHubActionsService] Finished operation Location.GetConnectionData
[2024-08-31 21:53:19Z INFO GitHubActionsService] Finished operation Location.GetConnectionData
[2024-08-31 21:53:19Z INFO Terminal] WRITE LINE: 
[2024-08-31 21:53:19Z INFO ConfigurationManager] Test Connection complete.
[2024-08-31 21:53:19Z INFO HostContext] Well known directory 'Bin': '/home/spinoandraptos/Documents/assignment-1-spinoandraptos/actions-runner/bin'
[2024-08-31 21:53:19Z INFO HostContext] Well known directory 'Root': '/home/spinoandraptos/Documents/assignment-1-spinoandraptos/actions-runner'
[2024-08-31 21:53:19Z INFO HostContext] Well known config file 'RSACredentials': '/home/spinoandraptos/Documents/assignment-1-spinoandraptos/actions-runner/.credentials_rsaparams'
[2024-08-31 21:53:19Z INFO RSAFileKeyManager] Creating new RSA key using 2048-bit key length
[2024-08-31 21:53:19Z INFO RSAFileKeyManager] Successfully saved RSA key parameters to file /home/spinoandraptos/Documents/assignment-1-spinoandraptos/actions-runner/.credentials_rsaparams
[2024-08-31 21:53:19Z INFO RSAFileKeyManager] Which2: 'chmod'
[2024-08-31 21:53:19Z INFO RSAFileKeyManager] Location: '/usr/bin/chmod'
[2024-08-31 21:53:19Z INFO HostContext] Well known directory 'Bin': '/home/spinoandraptos/Documents/assignment-1-spinoandraptos/actions-runner/bin'
[2024-08-31 21:53:19Z INFO HostContext] Well known directory 'Root': '/home/spinoandraptos/Documents/assignment-1-spinoandraptos/actions-runner'
[2024-08-31 21:53:19Z INFO ProcessInvokerWrapper] Starting process:
[2024-08-31 21:53:19Z INFO ProcessInvokerWrapper]   File name: '/usr/bin/chmod'
[2024-08-31 21:53:19Z INFO ProcessInvokerWrapper]   Arguments: '600 /home/spinoandraptos/Documents/assignment-1-spinoandraptos/actions-runner/.credentials_rsaparams'
[2024-08-31 21:53:19Z INFO ProcessInvokerWrapper]   Working directory: '/home/spinoandraptos/Documents/assignment-1-spinoandraptos/actions-runner'
[2024-08-31 21:53:19Z INFO ProcessInvokerWrapper]   Require exit code zero: 'False'
[2024-08-31 21:53:19Z INFO ProcessInvokerWrapper]   Encoding web name:  ; code page: ''
[2024-08-31 21:53:19Z INFO ProcessInvokerWrapper]   Force kill process on cancellation: 'False'
[2024-08-31 21:53:19Z INFO ProcessInvokerWrapper]   Redirected STDIN: 'False'
[2024-08-31 21:53:19Z INFO ProcessInvokerWrapper]   Persist current code page: 'False'
[2024-08-31 21:53:19Z INFO ProcessInvokerWrapper]   Keep redirected STDIN open: 'False'
[2024-08-31 21:53:19Z INFO ProcessInvokerWrapper]   High priority process: 'False'
[2024-08-31 21:53:19Z INFO ProcessInvokerWrapper] Process started with process id 6822, waiting for process exit.
[2024-08-31 21:53:19Z INFO ProcessInvokerWrapper] STDOUT/STDERR stream read finished.
[2024-08-31 21:53:19Z INFO ProcessInvokerWrapper] STDOUT/STDERR stream read finished.
[2024-08-31 21:53:19Z INFO ProcessInvokerWrapper] Finished process 6822 with exit code 0, and elapsed time 00:00:00.0059898.
[2024-08-31 21:53:19Z INFO RSAFileKeyManager] Successfully set permissions for RSA key parameters file /home/spinoandraptos/Documents/assignment-1-spinoandraptos/actions-runner/.credentials_rsaparams
[2024-08-31 21:53:19Z INFO CommandSettings] Arg 'runnergroup': ''
[2024-08-31 21:53:19Z INFO CommandSettings] Flag 'unattended': 'False'
[2024-08-31 21:53:19Z INFO PromptManager] ReadValue
[2024-08-31 21:53:19Z INFO Terminal] WRITE: Enter the name of the runner group to add this runner to: 
[2024-08-31 21:53:19Z INFO Terminal] WRITE: [press Enter for Default] 
[2024-08-31 21:53:19Z INFO Terminal] READ LINE
[2024-08-31 21:53:50Z INFO Terminal] Read value: ''
[2024-08-31 21:53:50Z INFO PromptManager] Falling back to the default: 'Default'
[2024-08-31 21:53:50Z INFO Terminal] WRITE LINE: 
[2024-08-31 21:53:50Z INFO ConfigurationManager] Found a self-hosted runner group with id 1 and name Default
[2024-08-31 21:53:50Z INFO CommandSettings] Flag 'disableupdate': 'False'
[2024-08-31 21:53:50Z INFO CommandSettings] Flag 'ephemeral': 'False'
[2024-08-31 21:53:50Z INFO CommandSettings] Arg 'name': ''
[2024-08-31 21:53:50Z INFO CommandSettings] Flag 'unattended': 'False'
[2024-08-31 21:53:50Z INFO PromptManager] ReadValue
[2024-08-31 21:53:50Z INFO Terminal] WRITE: Enter the name of runner: 
[2024-08-31 21:53:50Z INFO Terminal] WRITE: [press Enter for Ubuntu] 
[2024-08-31 21:53:50Z INFO Terminal] READ LINE
[2024-08-31 21:53:53Z INFO Terminal] Read value: ''
[2024-08-31 21:53:53Z INFO PromptManager] Falling back to the default: 'Ubuntu'
[2024-08-31 21:53:53Z INFO Terminal] WRITE LINE: 
[2024-08-31 21:53:53Z INFO CommandSettings] Arg 'labels': ''
[2024-08-31 21:53:53Z INFO CommandSettings] Flag 'unattended': 'False'
[2024-08-31 21:53:53Z INFO PromptManager] ReadValue
[2024-08-31 21:53:53Z INFO Terminal] WRITE: This runner will have the following labels: 'self-hosted', 'Linux', 'X64' 
Enter any additional labels (ex. label-1,label-2): 
[2024-08-31 21:53:53Z INFO Terminal] WRITE: [press Enter to skip] 
[2024-08-31 21:53:53Z INFO Terminal] READ LINE
[2024-08-31 21:53:58Z INFO Terminal] Read value: ''
[2024-08-31 21:53:58Z INFO Terminal] WRITE LINE: 
[2024-08-31 21:53:58Z INFO CommandSettings] Flag 'disableupdate': 'False'
[2024-08-31 21:53:58Z INFO CommandSettings] Flag 'no-default-labels': 'False'
[2024-08-31 21:53:58Z INFO CommandSettings] Flag 'disableupdate': 'False'
[2024-08-31 21:53:58Z INFO CommandSettings] Flag 'ephemeral': 'False'
[2024-08-31 21:53:58Z INFO ConfigurationStore] Saving OAuth credential @ /home/spinoandraptos/Documents/assignment-1-spinoandraptos/actions-runner/.credentials
[2024-08-31 21:53:58Z INFO ConfigurationStore] Credentials Saved.
[2024-08-31 21:53:58Z INFO ConfigurationStore] HasCredentials()
[2024-08-31 21:53:58Z INFO ConfigurationStore] stored True
[2024-08-31 21:53:58Z INFO CredentialManager] GetCredentialProvider
[2024-08-31 21:53:58Z INFO CredentialManager] Creating type OAuth
[2024-08-31 21:53:58Z INFO CredentialManager] Creating credential type: OAuth
[2024-08-31 21:53:58Z INFO RSAFileKeyManager] Loading RSA key parameters from file /home/spinoandraptos/Documents/assignment-1-spinoandraptos/actions-runner/.credentials_rsaparams
[2024-08-31 21:53:58Z INFO RunnerServer] EstablishVssConnection
[2024-08-31 21:53:58Z INFO RunnerServer] Establish connection with 100 seconds timeout.
[2024-08-31 21:53:58Z INFO GitHubActionsService] Starting operation Location.GetConnectionData
[2024-08-31 21:53:58Z INFO RunnerServer] EstablishVssConnection
[2024-08-31 21:53:58Z INFO RunnerServer] Establish connection with 60 seconds timeout.
[2024-08-31 21:53:58Z INFO GitHubActionsService] Starting operation Location.GetConnectionData
[2024-08-31 21:53:58Z INFO RunnerServer] EstablishVssConnection
[2024-08-31 21:53:58Z INFO RunnerServer] Establish connection with 60 seconds timeout.
[2024-08-31 21:53:58Z INFO GitHubActionsService] Starting operation Location.GetConnectionData
[2024-08-31 21:53:58Z INFO GitHubActionsService] Finished operation Location.GetConnectionData
[2024-08-31 21:53:58Z INFO GitHubActionsService] Finished operation Location.GetConnectionData
[2024-08-31 21:53:59Z INFO GitHubActionsService] Finished operation Location.GetConnectionData
[2024-08-31 21:53:59Z INFO RSAFileKeyManager] Loading RSA key parameters from file /home/spinoandraptos/Documents/assignment-1-spinoandraptos/actions-runner/.credentials_rsaparams
[2024-08-31 21:53:59Z INFO RSAFileKeyManager] Loading RSA key parameters from file /home/spinoandraptos/Documents/assignment-1-spinoandraptos/actions-runner/.credentials_rsaparams
[2024-08-31 21:53:59Z INFO GitHubActionsService] AAD Correlation ID for this token request: Unknown
[2024-08-31 21:53:59Z INFO CommandSettings] Arg 'work': ''
[2024-08-31 21:53:59Z INFO CommandSettings] Flag 'unattended': 'False'
[2024-08-31 21:53:59Z INFO PromptManager] ReadValue
[2024-08-31 21:53:59Z INFO Terminal] WRITE: Enter name of work folder: 
[2024-08-31 21:53:59Z INFO Terminal] WRITE: [press Enter for _work] 
[2024-08-31 21:53:59Z INFO Terminal] READ LINE
[2024-08-31 21:54:08Z INFO Terminal] Read value: ''
[2024-08-31 21:54:08Z INFO PromptManager] Falling back to the default: '_work'
[2024-08-31 21:54:08Z INFO ConfigurationStore] Saving runner settings.
[2024-08-31 21:54:08Z INFO ConfigurationStore] Settings Saved.
[2024-08-31 21:54:08Z INFO Terminal] WRITE LINE: 
[2024-08-31 21:54:08Z INFO Terminal] WRITE LINE: 
[2024-08-31 21:54:08Z INFO SystemDControlManager] Service name 'actions.runner.cu-ecen-aeld-assignment-1-spinoandraptos.Ubuntu.service' display name 'GitHub Actions Runner (cu-ecen-aeld-assignment-1-spinoandraptos.Ubuntu)' will be used for service configuration.
[2024-08-31 21:54:08Z INFO HostContext] Well known directory 'Bin': '/home/spinoandraptos/Documents/assignment-1-spinoandraptos/actions-runner/bin'
[2024-08-31 21:54:08Z INFO HostContext] Well known directory 'Root': '/home/spinoandraptos/Documents/assignment-1-spinoandraptos/actions-runner'
[2024-08-31 21:54:08Z INFO HostContext] Well known directory 'Bin': '/home/spinoandraptos/Documents/assignment-1-spinoandraptos/actions-runner/bin'
[2024-08-31 21:54:08Z INFO HostContext] Well known directory 'Bin': '/home/spinoandraptos/Documents/assignment-1-spinoandraptos/actions-runner/bin'
[2024-08-31 21:54:08Z INFO HostContext] Well known directory 'Root': '/home/spinoandraptos/Documents/assignment-1-spinoandraptos/actions-runner'
[2024-08-31 21:54:08Z INFO UnixUtil] Which2: 'chmod'
[2024-08-31 21:54:08Z INFO UnixUtil] Location: '/usr/bin/chmod'
[2024-08-31 21:54:08Z INFO UnixUtil] Running /usr/bin/chmod 755 "/home/spinoandraptos/Documents/assignment-1-spinoandraptos/actions-runner/svc.sh"
[2024-08-31 21:54:08Z INFO ProcessInvokerWrapper] Starting process:
[2024-08-31 21:54:08Z INFO ProcessInvokerWrapper]   File name: '/usr/bin/chmod'
[2024-08-31 21:54:08Z INFO ProcessInvokerWrapper]   Arguments: '755 "/home/spinoandraptos/Documents/assignment-1-spinoandraptos/actions-runner/svc.sh"'
[2024-08-31 21:54:08Z INFO ProcessInvokerWrapper]   Working directory: '/home/spinoandraptos/Documents/assignment-1-spinoandraptos/actions-runner'
[2024-08-31 21:54:08Z INFO ProcessInvokerWrapper]   Require exit code zero: 'True'
[2024-08-31 21:54:08Z INFO ProcessInvokerWrapper]   Encoding web name:  ; code page: ''
[2024-08-31 21:54:08Z INFO ProcessInvokerWrapper]   Force kill process on cancellation: 'False'
[2024-08-31 21:54:08Z INFO ProcessInvokerWrapper]   Redirected STDIN: 'False'
[2024-08-31 21:54:08Z INFO ProcessInvokerWrapper]   Persist current code page: 'False'
[2024-08-31 21:54:08Z INFO ProcessInvokerWrapper]   Keep redirected STDIN open: 'False'
[2024-08-31 21:54:08Z INFO ProcessInvokerWrapper]   High priority process: 'False'
[2024-08-31 21:54:08Z INFO ProcessInvokerWrapper] Updated oom_score_adj to 500 for PID: 6831.
[2024-08-31 21:54:08Z INFO ProcessInvokerWrapper] Process started with process id 6831, waiting for process exit.
[2024-08-31 21:54:08Z INFO ProcessInvokerWrapper] STDOUT/STDERR stream read finished.
[2024-08-31 21:54:08Z INFO ProcessInvokerWrapper] STDOUT/STDERR stream read finished.
[2024-08-31 21:54:08Z INFO ProcessInvokerWrapper] Finished process 6831 with exit code 0, and elapsed time 00:00:00.0015900.
[2024-08-31 21:54:08Z INFO Listener] Runner execution has finished with return code 0
