[2024-09-08 23:14:25Z INFO HostContext] No proxy settings were found based on environmental variables (http_proxy/https_proxy/HTTP_PROXY/HTTPS_PROXY)
[2024-09-08 23:14:25Z INFO HostContext] Well known directory 'Bin': '/home/spinoandraptos/Documents/assignment-spinoandraptos/actions-runner/bin'
[2024-09-08 23:14:25Z INFO HostContext] Well known directory 'Root': '/home/spinoandraptos/Documents/assignment-spinoandraptos/actions-runner'
[2024-09-08 23:14:25Z INFO HostContext] Well known config file 'Credentials': '/home/spinoandraptos/Documents/assignment-spinoandraptos/actions-runner/.credentials'
[2024-09-08 23:14:26Z INFO HostContext] Well known directory 'Bin': '/home/spinoandraptos/Documents/assignment-spinoandraptos/actions-runner/bin'
[2024-09-08 23:14:26Z INFO HostContext] Well known directory 'Root': '/home/spinoandraptos/Documents/assignment-spinoandraptos/actions-runner'
[2024-09-08 23:14:26Z INFO HostContext] Well known config file 'Runner': '/home/spinoandraptos/Documents/assignment-spinoandraptos/actions-runner/.runner'
[2024-09-08 23:14:26Z INFO Listener] Runner is built for Linux (X64) - linux-x64.
[2024-09-08 23:14:26Z INFO Listener] RuntimeInformation: Linux 6.8.0-40-generic #40~22.04.3-Ubuntu SMP PREEMPT_DYNAMIC Tue Jul 30 17:30:19 UTC 2.
[2024-09-08 23:14:26Z INFO Listener] Version: 2.319.1
[2024-09-08 23:14:26Z INFO Listener] Commit: bc6614c04d3ddc20e5ca5d5a87ae2b58dda322ec
[2024-09-08 23:14:26Z INFO Listener] Culture: en-SG
[2024-09-08 23:14:26Z INFO Listener] UI Culture: en-SG
[2024-09-08 23:14:26Z INFO HostContext] Well known directory 'Bin': '/home/spinoandraptos/Documents/assignment-spinoandraptos/actions-runner/bin'
[2024-09-08 23:14:26Z INFO HostContext] Well known directory 'Root': '/home/spinoandraptos/Documents/assignment-spinoandraptos/actions-runner'
[2024-09-08 23:14:26Z INFO Listener] Validating directory permissions for: '/home/spinoandraptos/Documents/assignment-spinoandraptos/actions-runner'
[2024-09-08 23:14:26Z INFO CommandLineParser] Parse
[2024-09-08 23:14:26Z INFO CommandLineParser] Parsing 1 args
[2024-09-08 23:14:26Z INFO CommandLineParser] parsing argument
[2024-09-08 23:14:26Z INFO CommandLineParser] HasArgs: False
[2024-09-08 23:14:26Z INFO CommandLineParser] Adding Command: run
[2024-09-08 23:14:26Z INFO Listener] Arguments parsed
[2024-09-08 23:14:26Z INFO Runner] ExecuteCommand
[2024-09-08 23:14:26Z INFO ConfigurationStore] currentAssemblyLocation: /home/spinoandraptos/Documents/assignment-spinoandraptos/actions-runner/bin/Runner.Listener.dll
[2024-09-08 23:14:26Z INFO HostContext] Well known directory 'Bin': '/home/spinoandraptos/Documents/assignment-spinoandraptos/actions-runner/bin'
[2024-09-08 23:14:26Z INFO ConfigurationStore] binPath: /home/spinoandraptos/Documents/assignment-spinoandraptos/actions-runner/bin
[2024-09-08 23:14:26Z INFO HostContext] Well known directory 'Bin': '/home/spinoandraptos/Documents/assignment-spinoandraptos/actions-runner/bin'
[2024-09-08 23:14:26Z INFO HostContext] Well known directory 'Root': '/home/spinoandraptos/Documents/assignment-spinoandraptos/actions-runner'
[2024-09-08 23:14:26Z INFO ConfigurationStore] RootFolder: /home/spinoandraptos/Documents/assignment-spinoandraptos/actions-runner
[2024-09-08 23:14:26Z INFO HostContext] Well known directory 'Bin': '/home/spinoandraptos/Documents/assignment-spinoandraptos/actions-runner/bin'
[2024-09-08 23:14:26Z INFO HostContext] Well known directory 'Root': '/home/spinoandraptos/Documents/assignment-spinoandraptos/actions-runner'
[2024-09-08 23:14:26Z INFO HostContext] Well known config file 'Runner': '/home/spinoandraptos/Documents/assignment-spinoandraptos/actions-runner/.runner'
[2024-09-08 23:14:26Z INFO ConfigurationStore] ConfigFilePath: /home/spinoandraptos/Documents/assignment-spinoandraptos/actions-runner/.runner
[2024-09-08 23:14:26Z INFO HostContext] Well known directory 'Bin': '/home/spinoandraptos/Documents/assignment-spinoandraptos/actions-runner/bin'
[2024-09-08 23:14:26Z INFO HostContext] Well known directory 'Root': '/home/spinoandraptos/Documents/assignment-spinoandraptos/actions-runner'
[2024-09-08 23:14:26Z INFO HostContext] Well known config file 'Credentials': '/home/spinoandraptos/Documents/assignment-spinoandraptos/actions-runner/.credentials'
[2024-09-08 23:14:26Z INFO ConfigurationStore] CredFilePath: /home/spinoandraptos/Documents/assignment-spinoandraptos/actions-runner/.credentials
[2024-09-08 23:14:26Z INFO HostContext] Well known directory 'Bin': '/home/spinoandraptos/Documents/assignment-spinoandraptos/actions-runner/bin'
[2024-09-08 23:14:26Z INFO HostContext] Well known directory 'Root': '/home/spinoandraptos/Documents/assignment-spinoandraptos/actions-runner'
[2024-09-08 23:14:26Z INFO HostContext] Well known config file 'MigratedCredentials': '/home/spinoandraptos/Documents/assignment-spinoandraptos/actions-runner/.credentials_migrated'
[2024-09-08 23:14:26Z INFO ConfigurationStore] MigratedCredFilePath: /home/spinoandraptos/Documents/assignment-spinoandraptos/actions-runner/.credentials_migrated
[2024-09-08 23:14:26Z INFO HostContext] Well known directory 'Bin': '/home/spinoandraptos/Documents/assignment-spinoandraptos/actions-runner/bin'
[2024-09-08 23:14:26Z INFO HostContext] Well known directory 'Root': '/home/spinoandraptos/Documents/assignment-spinoandraptos/actions-runner'
[2024-09-08 23:14:26Z INFO HostContext] Well known config file 'Service': '/home/spinoandraptos/Documents/assignment-spinoandraptos/actions-runner/.service'
[2024-09-08 23:14:26Z INFO ConfigurationStore] ServiceConfigFilePath: /home/spinoandraptos/Documents/assignment-spinoandraptos/actions-runner/.service
[2024-09-08 23:14:26Z INFO CommandSettings] Flag 'help': 'False'
[2024-09-08 23:14:26Z INFO CommandSettings] Flag 'version': 'False'
[2024-09-08 23:14:26Z INFO CommandSettings] Flag 'commit': 'False'
[2024-09-08 23:14:26Z INFO CommandSettings] Flag 'check': 'False'
[2024-09-08 23:14:26Z INFO CommandSettings] Command 'configure': 'False'
[2024-09-08 23:14:26Z INFO CommandSettings] Command 'remove': 'False'
[2024-09-08 23:14:26Z INFO CommandSettings] Command 'warmup': 'False'
[2024-09-08 23:14:26Z INFO ConfigurationManager] LoadSettings
[2024-09-08 23:14:26Z INFO ConfigurationStore] IsConfigured()
[2024-09-08 23:14:26Z INFO ConfigurationStore] IsConfigured: True
[2024-09-08 23:14:26Z INFO ConfigurationManager] Is configured: True
[2024-09-08 23:14:26Z INFO ConfigurationStore] Read setting file: 313 chars
[2024-09-08 23:14:26Z INFO ConfigurationManager] Settings Loaded
[2024-09-08 23:14:26Z INFO ConfigurationStore] IsServiceConfigured()
[2024-09-08 23:14:26Z INFO ConfigurationStore] IsServiceConfigured: False
[2024-09-08 23:14:26Z INFO CommandSettings] Command 'run': 'True'
[2024-09-08 23:14:26Z INFO ConfigurationStore] IsConfigured()
[2024-09-08 23:14:26Z INFO ConfigurationStore] IsConfigured: True
[2024-09-08 23:14:26Z INFO ConfigurationManager] Is configured: True
[2024-09-08 23:14:26Z INFO Runner] Could not parse the argument value '' for StartupType. Defaulting to Manual
[2024-09-08 23:14:26Z INFO Runner] Set runner startup type - Manual
[2024-09-08 23:14:26Z INFO CommandSettings] Flag 'once': 'False'
[2024-09-08 23:14:26Z INFO CommandSettings] Flag 'once': 'False'
[2024-09-08 23:14:26Z INFO Runner] RunAsync
[2024-09-08 23:14:26Z INFO ConfigurationManager] LoadSettings
[2024-09-08 23:14:26Z INFO ConfigurationStore] IsConfigured()
[2024-09-08 23:14:26Z INFO ConfigurationStore] IsConfigured: True
[2024-09-08 23:14:26Z INFO ConfigurationManager] Is configured: True
[2024-09-08 23:14:26Z INFO ConfigurationManager] Settings Loaded
[2024-09-08 23:14:26Z INFO MessageListener] {
  "AgentId": 21,
  "AgentName": "Ubuntu",
  "PoolId": 1,
  "PoolName": "Default",
  "ServerUrl": "https://pipelinesghubeus8.actions.githubusercontent.com/ekeKTWsSAMJWxUSPQsNhkw3MCqY8wAdd4YmvNyi3f3Aw3tcY4T/",
  "GitHubUrl": "https://github.com/cu-ecen-aeld/assignment-2-spinoandraptos",
  "WorkFolder": "_work"
}
[2024-09-08 23:14:26Z INFO MessageListener] Loading Credentials
[2024-09-08 23:14:26Z INFO ConfigurationStore] HasCredentials()
[2024-09-08 23:14:26Z INFO ConfigurationStore] stored True
[2024-09-08 23:14:26Z INFO CredentialManager] GetCredentialProvider
[2024-09-08 23:14:26Z INFO CredentialManager] Creating type OAuth
[2024-09-08 23:14:26Z INFO CredentialManager] Creating credential type: OAuth
[2024-09-08 23:14:26Z INFO HostContext] Well known directory 'Bin': '/home/spinoandraptos/Documents/assignment-spinoandraptos/actions-runner/bin'
[2024-09-08 23:14:26Z INFO HostContext] Well known directory 'Root': '/home/spinoandraptos/Documents/assignment-spinoandraptos/actions-runner'
[2024-09-08 23:14:26Z INFO HostContext] Well known config file 'RSACredentials': '/home/spinoandraptos/Documents/assignment-spinoandraptos/actions-runner/.credentials_rsaparams'
[2024-09-08 23:14:26Z INFO RSAFileKeyManager] Loading RSA key parameters from file /home/spinoandraptos/Documents/assignment-spinoandraptos/actions-runner/.credentials_rsaparams
[2024-09-08 23:14:26Z INFO MessageListener] Attempt to create session.
[2024-09-08 23:14:26Z INFO MessageListener] Connecting to the Runner Server...
[2024-09-08 23:14:26Z INFO RunnerServer] EstablishVssConnection
[2024-09-08 23:14:26Z INFO RunnerServer] Establish connection with 100 seconds timeout.
[2024-09-08 23:14:26Z INFO GitHubActionsService] Starting operation Location.GetConnectionData
[2024-09-08 23:14:26Z INFO RunnerServer] EstablishVssConnection
[2024-09-08 23:14:26Z INFO RunnerServer] Establish connection with 60 seconds timeout.
[2024-09-08 23:14:26Z INFO GitHubActionsService] Starting operation Location.GetConnectionData
[2024-09-08 23:14:26Z INFO RunnerServer] EstablishVssConnection
[2024-09-08 23:14:26Z INFO RunnerServer] Establish connection with 60 seconds timeout.
[2024-09-08 23:14:26Z INFO GitHubActionsService] Starting operation Location.GetConnectionData
[2024-09-08 23:14:26Z INFO GitHubActionsService] Finished operation Location.GetConnectionData
[2024-09-08 23:14:27Z INFO GitHubActionsService] Finished operation Location.GetConnectionData
[2024-09-08 23:14:27Z INFO GitHubActionsService] Finished operation Location.GetConnectionData
[2024-09-08 23:14:27Z INFO MessageListener] VssConnection created
[2024-09-08 23:14:27Z INFO Terminal] WRITE LINE: 
[2024-09-08 23:14:27Z INFO Terminal] WRITE LINE: 
[2024-09-08 23:14:27Z INFO RSAFileKeyManager] Loading RSA key parameters from file /home/spinoandraptos/Documents/assignment-spinoandraptos/actions-runner/.credentials_rsaparams
[2024-09-08 23:14:27Z INFO RSAFileKeyManager] Loading RSA key parameters from file /home/spinoandraptos/Documents/assignment-spinoandraptos/actions-runner/.credentials_rsaparams
[2024-09-08 23:14:27Z INFO GitHubActionsService] AAD Correlation ID for this token request: Unknown
[2024-09-08 23:14:27Z INFO MessageListener] Session created.
[2024-09-08 23:14:27Z INFO Terminal] WRITE LINE: Current runner version: '2.319.1'
[2024-09-08 23:14:27Z INFO Terminal] WRITE LINE: 2024-09-08 23:14:27Z: Listening for Jobs
[2024-09-08 23:14:27Z INFO JobDispatcher] Set runner/worker IPC timeout to 30 seconds.
[2024-09-08 23:14:27Z INFO MessageListener] BrokerMigration message received. Polling Broker for messages...
[2024-09-08 23:14:27Z INFO RSAFileKeyManager] Loading RSA key parameters from file /home/spinoandraptos/Documents/assignment-spinoandraptos/actions-runner/.credentials_rsaparams
[2024-09-08 23:14:28Z INFO GitHubActionsService] AAD Correlation ID for this token request: Unknown
[2024-09-08 23:14:30Z INFO MessageListener] Message '3858905232441670414' received from session '068921fc-e062-4795-bf52-dc1e6b2a5814'.
[2024-09-08 23:14:30Z INFO ConfigurationStore] HasCredentials()
[2024-09-08 23:14:30Z INFO ConfigurationStore] stored True
[2024-09-08 23:14:30Z INFO CredentialManager] GetCredentialProvider
[2024-09-08 23:14:30Z INFO CredentialManager] Creating type OAuth
[2024-09-08 23:14:30Z INFO CredentialManager] Creating credential type: OAuth
[2024-09-08 23:14:30Z INFO RSAFileKeyManager] Loading RSA key parameters from file /home/spinoandraptos/Documents/assignment-spinoandraptos/actions-runner/.credentials_rsaparams
[2024-09-08 23:14:30Z INFO ActionsRunServer] EstablishVssConnection
[2024-09-08 23:14:30Z INFO ActionsRunServer] Establish connection with 100 seconds timeout.
[2024-09-08 23:14:30Z INFO GitHubActionsService] Starting operation Location.GetConnectionData
[2024-09-08 23:14:30Z INFO GitHubActionsService] Finished operation Location.GetConnectionData
[2024-09-08 23:14:30Z INFO RSAFileKeyManager] Loading RSA key parameters from file /home/spinoandraptos/Documents/assignment-spinoandraptos/actions-runner/.credentials_rsaparams
[2024-09-08 23:14:30Z INFO RSAFileKeyManager] Loading RSA key parameters from file /home/spinoandraptos/Documents/assignment-spinoandraptos/actions-runner/.credentials_rsaparams
[2024-09-08 23:14:30Z INFO GitHubActionsService] AAD Correlation ID for this token request: Unknown
[2024-09-08 23:14:31Z INFO JobDispatcher] Job request 3 for plan d12753b7-efa0-4041-a14c-9f7e8b6e37a0 job a047640a-23da-5e9b-1ef8-917a09b3753a received.
[2024-09-08 23:14:31Z INFO JobDispatcher] Pull OrchestrationId d12753b7-efa0-4041-a14c-9f7e8b6e37a0.full-test.__default from JWT claims
[2024-09-08 23:14:31Z INFO MessageListener] Received job status event. JobState: Busy
[2024-09-08 23:14:31Z INFO MessageListener] _getMessagesTokenSource is already disposed.
[2024-09-08 23:14:31Z INFO Terminal] WRITE LINE: 2024-09-08 23:14:31Z: Running job: full-test
[2024-09-08 23:14:31Z INFO JobDispatcher] Start renew job request 3 for job a047640a-23da-5e9b-1ef8-917a09b3753a.
[2024-09-08 23:14:31Z INFO JobDispatcher] Successfully renew job request 3, job is valid till 8/9/2024 11:24:42 pm
[2024-09-08 23:14:31Z INFO HostContext] Well known directory 'Bin': '/home/spinoandraptos/Documents/assignment-spinoandraptos/actions-runner/bin'
[2024-09-08 23:14:31Z INFO ProcessInvokerWrapper] Starting process:
[2024-09-08 23:14:31Z INFO ProcessInvokerWrapper]   File name: '/home/spinoandraptos/Documents/assignment-spinoandraptos/actions-runner/bin/Runner.Worker'
[2024-09-08 23:14:31Z INFO ProcessInvokerWrapper]   Arguments: 'spawnclient 109 112'
[2024-09-08 23:14:31Z INFO ProcessInvokerWrapper]   Working directory: '/home/spinoandraptos/Documents/assignment-spinoandraptos/actions-runner/bin'
[2024-09-08 23:14:31Z INFO ProcessInvokerWrapper]   Require exit code zero: 'False'
[2024-09-08 23:14:31Z INFO ProcessInvokerWrapper]   Encoding web name:  ; code page: ''
[2024-09-08 23:14:31Z INFO ProcessInvokerWrapper]   Force kill process on cancellation: 'True'
[2024-09-08 23:14:31Z INFO ProcessInvokerWrapper]   Redirected STDIN: 'False'
[2024-09-08 23:14:31Z INFO ProcessInvokerWrapper]   Persist current code page: 'False'
[2024-09-08 23:14:31Z INFO ProcessInvokerWrapper]   Keep redirected STDIN open: 'False'
[2024-09-08 23:14:31Z INFO ProcessInvokerWrapper]   High priority process: 'True'
[2024-09-08 23:14:31Z INFO ProcessInvokerWrapper] Process started with process id 8452, waiting for process exit.
[2024-09-08 23:14:31Z INFO JobDispatcher] Send job request message to worker for job a047640a-23da-5e9b-1ef8-917a09b3753a.
[2024-09-08 23:14:31Z INFO ProcessChannel] Sending message of length 26344, with hash 'fc92976c7ed6f2490e48d303c52e610eb06ab38ce5e8412f685304ef1c7c2e4d'
[2024-09-08 23:14:31Z INFO JobNotification] Entering JobStarted Notification
[2024-09-08 23:14:31Z INFO JobNotification] Entering StartMonitor
[2024-09-08 23:14:32Z INFO MessageListener] BrokerMigration message received. Polling Broker for messages...
[2024-09-08 23:14:40Z INFO ProcessInvokerWrapper] STDOUT/STDERR stream read finished.
[2024-09-08 23:14:40Z INFO ProcessInvokerWrapper] STDOUT/STDERR stream read finished.
[2024-09-08 23:14:40Z INFO ProcessInvokerWrapper] Finished process 8452 with exit code 102, and elapsed time 00:00:09.3930657.
[2024-09-08 23:14:40Z INFO JobDispatcher] Worker finished for job a047640a-23da-5e9b-1ef8-917a09b3753a. Code: 102
[2024-09-08 23:14:40Z INFO JobDispatcher] finish job request for job a047640a-23da-5e9b-1ef8-917a09b3753a with result: Failed
[2024-09-08 23:14:40Z INFO Terminal] WRITE LINE: 2024-09-08 23:14:40Z: Job full-test completed with result: Failed
[2024-09-08 23:14:40Z INFO JobDispatcher] Stop renew job request for job a047640a-23da-5e9b-1ef8-917a09b3753a.
[2024-09-08 23:14:40Z INFO JobDispatcher] job renew has been cancelled, stop renew job request 3.
[2024-09-08 23:14:40Z INFO JobNotification] Entering JobCompleted Notification
[2024-09-08 23:14:40Z INFO JobNotification] Entering EndMonitor
[2024-09-08 23:14:40Z INFO MessageListener] Received job status event. JobState: Online
[2024-09-08 23:14:41Z INFO MessageListener] Message '7561044023910631603' received from session '068921fc-e062-4795-bf52-dc1e6b2a5814'.
[2024-09-08 23:14:41Z INFO ConfigurationStore] HasCredentials()
[2024-09-08 23:14:41Z INFO ConfigurationStore] stored True
[2024-09-08 23:14:41Z INFO CredentialManager] GetCredentialProvider
[2024-09-08 23:14:41Z INFO CredentialManager] Creating type OAuth
[2024-09-08 23:14:41Z INFO CredentialManager] Creating credential type: OAuth
[2024-09-08 23:14:41Z INFO RSAFileKeyManager] Loading RSA key parameters from file /home/spinoandraptos/Documents/assignment-spinoandraptos/actions-runner/.credentials_rsaparams
[2024-09-08 23:14:41Z INFO ActionsRunServer] EstablishVssConnection
[2024-09-08 23:14:41Z INFO ActionsRunServer] Establish connection with 100 seconds timeout.
[2024-09-08 23:14:41Z INFO GitHubActionsService] Starting operation Location.GetConnectionData
[2024-09-08 23:14:41Z INFO GitHubActionsService] Finished operation Location.GetConnectionData
[2024-09-08 23:14:41Z INFO RSAFileKeyManager] Loading RSA key parameters from file /home/spinoandraptos/Documents/assignment-spinoandraptos/actions-runner/.credentials_rsaparams
[2024-09-08 23:14:41Z INFO RSAFileKeyManager] Loading RSA key parameters from file /home/spinoandraptos/Documents/assignment-spinoandraptos/actions-runner/.credentials_rsaparams
[2024-09-08 23:14:41Z INFO GitHubActionsService] AAD Correlation ID for this token request: Unknown
[2024-09-08 23:14:42Z INFO JobDispatcher] Job request 4 for plan d12753b7-efa0-4041-a14c-9f7e8b6e37a0 job 0e10f8dd-85b5-5bee-19c6-47fc7db6f171 received.
[2024-09-08 23:14:42Z INFO JobDispatcher] Pull OrchestrationId d12753b7-efa0-4041-a14c-9f7e8b6e37a0.unit-test.__default from JWT claims
[2024-09-08 23:14:42Z INFO MessageListener] Received job status event. JobState: Busy
[2024-09-08 23:14:42Z INFO MessageListener] _getMessagesTokenSource is already disposed.
[2024-09-08 23:14:42Z INFO JobDispatcher] Job request a047640a-23da-5e9b-1ef8-917a09b3753a processed succeed.
[2024-09-08 23:14:42Z INFO Terminal] WRITE LINE: 2024-09-08 23:14:42Z: Running job: unit-test
[2024-09-08 23:14:42Z INFO JobDispatcher] Start renew job request 4 for job 0e10f8dd-85b5-5bee-19c6-47fc7db6f171.
[2024-09-08 23:14:42Z INFO JobDispatcher] Successfully renew job request 4, job is valid till 8/9/2024 11:24:53 pm
[2024-09-08 23:14:42Z INFO HostContext] Well known directory 'Bin': '/home/spinoandraptos/Documents/assignment-spinoandraptos/actions-runner/bin'
[2024-09-08 23:14:42Z INFO ProcessInvokerWrapper] Starting process:
[2024-09-08 23:14:42Z INFO ProcessInvokerWrapper]   File name: '/home/spinoandraptos/Documents/assignment-spinoandraptos/actions-runner/bin/Runner.Worker'
[2024-09-08 23:14:42Z INFO ProcessInvokerWrapper]   Arguments: 'spawnclient 110 114'
[2024-09-08 23:14:42Z INFO ProcessInvokerWrapper]   Working directory: '/home/spinoandraptos/Documents/assignment-spinoandraptos/actions-runner/bin'
[2024-09-08 23:14:42Z INFO ProcessInvokerWrapper]   Require exit code zero: 'False'
[2024-09-08 23:14:42Z INFO ProcessInvokerWrapper]   Encoding web name:  ; code page: ''
[2024-09-08 23:14:42Z INFO ProcessInvokerWrapper]   Force kill process on cancellation: 'True'
[2024-09-08 23:14:42Z INFO ProcessInvokerWrapper]   Redirected STDIN: 'False'
[2024-09-08 23:14:42Z INFO ProcessInvokerWrapper]   Persist current code page: 'False'
[2024-09-08 23:14:42Z INFO ProcessInvokerWrapper]   Keep redirected STDIN open: 'False'
[2024-09-08 23:14:42Z INFO ProcessInvokerWrapper]   High priority process: 'True'
[2024-09-08 23:14:42Z INFO ProcessInvokerWrapper] Process started with process id 9068, waiting for process exit.
[2024-09-08 23:14:42Z INFO JobDispatcher] Send job request message to worker for job 0e10f8dd-85b5-5bee-19c6-47fc7db6f171.
[2024-09-08 23:14:42Z INFO ProcessChannel] Sending message of length 26342, with hash 'dc63e48463350464bdfb15feccae40f7fe87c1ca1c30d24dab4d13f004b3329a'
[2024-09-08 23:14:42Z INFO JobNotification] Entering JobStarted Notification
[2024-09-08 23:14:42Z INFO JobNotification] Entering StartMonitor
[2024-09-08 23:14:43Z INFO MessageListener] BrokerMigration message received. Polling Broker for messages...
[2024-09-08 23:14:49Z INFO ProcessInvokerWrapper] STDOUT/STDERR stream read finished.
[2024-09-08 23:14:49Z INFO ProcessInvokerWrapper] STDOUT/STDERR stream read finished.
[2024-09-08 23:14:49Z INFO ProcessInvokerWrapper] Finished process 9068 with exit code 102, and elapsed time 00:00:07.7137132.
[2024-09-08 23:14:49Z INFO JobDispatcher] Worker finished for job 0e10f8dd-85b5-5bee-19c6-47fc7db6f171. Code: 102
[2024-09-08 23:14:49Z INFO JobDispatcher] finish job request for job 0e10f8dd-85b5-5bee-19c6-47fc7db6f171 with result: Failed
[2024-09-08 23:14:49Z INFO Terminal] WRITE LINE: 2024-09-08 23:14:49Z: Job unit-test completed with result: Failed
[2024-09-08 23:14:49Z INFO JobDispatcher] Stop renew job request for job 0e10f8dd-85b5-5bee-19c6-47fc7db6f171.
[2024-09-08 23:14:49Z INFO JobDispatcher] job renew has been cancelled, stop renew job request 4.
[2024-09-08 23:14:49Z INFO JobNotification] Entering JobCompleted Notification
[2024-09-08 23:14:49Z INFO JobNotification] Entering EndMonitor
[2024-09-08 23:14:49Z INFO MessageListener] Received job status event. JobState: Online
[2024-09-08 23:15:33Z INFO MessageListener] BrokerMigration message received. Polling Broker for messages...
[2024-09-08 23:16:23Z INFO MessageListener] BrokerMigration message received. Polling Broker for messages...
[2024-09-08 23:17:14Z INFO MessageListener] BrokerMigration message received. Polling Broker for messages...
[2024-09-08 23:18:04Z INFO MessageListener] BrokerMigration message received. Polling Broker for messages...
[2024-09-08 23:18:55Z INFO MessageListener] BrokerMigration message received. Polling Broker for messages...
[2024-09-08 23:19:45Z INFO MessageListener] BrokerMigration message received. Polling Broker for messages...
[2024-09-08 23:20:36Z INFO MessageListener] BrokerMigration message received. Polling Broker for messages...
[2024-09-08 23:21:27Z INFO MessageListener] BrokerMigration message received. Polling Broker for messages...
[2024-09-08 23:22:17Z INFO MessageListener] BrokerMigration message received. Polling Broker for messages...
[2024-09-08 23:23:08Z INFO MessageListener] BrokerMigration message received. Polling Broker for messages...
[2024-09-08 23:23:58Z INFO MessageListener] BrokerMigration message received. Polling Broker for messages...
[2024-09-08 23:24:49Z INFO MessageListener] BrokerMigration message received. Polling Broker for messages...
[2024-09-08 23:25:39Z INFO MessageListener] BrokerMigration message received. Polling Broker for messages...
[2024-09-08 23:26:30Z INFO MessageListener] BrokerMigration message received. Polling Broker for messages...
[2024-09-08 23:27:20Z INFO MessageListener] BrokerMigration message received. Polling Broker for messages...
[2024-09-08 23:28:10Z INFO MessageListener] BrokerMigration message received. Polling Broker for messages...
[2024-09-08 23:29:01Z INFO MessageListener] BrokerMigration message received. Polling Broker for messages...
[2024-09-08 23:29:51Z INFO MessageListener] BrokerMigration message received. Polling Broker for messages...
[2024-09-08 23:30:41Z INFO MessageListener] BrokerMigration message received. Polling Broker for messages...
[2024-09-08 23:31:32Z INFO MessageListener] BrokerMigration message received. Polling Broker for messages...
[2024-09-08 23:32:22Z INFO MessageListener] BrokerMigration message received. Polling Broker for messages...
[2024-09-08 23:33:13Z INFO MessageListener] BrokerMigration message received. Polling Broker for messages...
[2024-09-08 23:34:03Z INFO MessageListener] BrokerMigration message received. Polling Broker for messages...
[2024-09-08 23:34:54Z INFO MessageListener] BrokerMigration message received. Polling Broker for messages...
[2024-09-08 23:35:44Z INFO MessageListener] BrokerMigration message received. Polling Broker for messages...
[2024-09-08 23:36:34Z INFO MessageListener] BrokerMigration message received. Polling Broker for messages...
[2024-09-08 23:37:25Z INFO MessageListener] BrokerMigration message received. Polling Broker for messages...
[2024-09-08 23:38:15Z INFO MessageListener] BrokerMigration message received. Polling Broker for messages...
[2024-09-08 23:39:06Z INFO MessageListener] BrokerMigration message received. Polling Broker for messages...
[2024-09-08 23:39:56Z INFO MessageListener] BrokerMigration message received. Polling Broker for messages...
[2024-09-08 23:40:47Z INFO MessageListener] BrokerMigration message received. Polling Broker for messages...
[2024-09-08 23:41:37Z INFO MessageListener] BrokerMigration message received. Polling Broker for messages...
[2024-09-08 23:42:04Z INFO Terminal] WRITE LINE: Exiting...
[2024-09-08 23:42:04Z INFO ConfigurationStore] IsServiceConfigured()
[2024-09-08 23:42:04Z INFO ConfigurationStore] IsServiceConfigured: False
[2024-09-08 23:42:04Z INFO HostContext] Runner will be shutdown for UserCancelled
[2024-09-08 23:42:04Z WARN GitHubActionsService] GET request to https://broker.actions.githubusercontent.com/message?sessionId=068921fc-e062-4795-bf52-dc1e6b2a5814&status=Online&runnerVersion=2.319.1&os=Linux&architecture=X64&disableUpdate=false has been cancelled.
[2024-09-08 23:42:04Z ERR  BrokerServer] Catch exception during request
[2024-09-08 23:42:04Z ERR  BrokerServer] System.Threading.Tasks.TaskCanceledException: The operation was canceled.
 ---> System.IO.IOException: Unable to read data from the transport connection: Operation canceled.
 ---> System.Net.Sockets.SocketException (125): Operation canceled
   --- End of inner exception stack trace ---
   at System.Net.Sockets.Socket.AwaitableSocketAsyncEventArgs.ThrowException(SocketError error, CancellationToken cancellationToken)
   at System.Net.Sockets.Socket.AwaitableSocketAsyncEventArgs.System.Threading.Tasks.Sources.IValueTaskSource<System.Int32>.GetResult(Int16 token)
   at System.Net.Security.SslStream.EnsureFullTlsFrameAsync[TIOAdapter](TIOAdapter adapter)
   at System.Net.Security.SslStream.ReadAsyncInternal[TIOAdapter](TIOAdapter adapter, Memory`1 buffer)
   at System.Net.Http.HttpConnection.SendAsyncCore(HttpRequestMessage request, Boolean async, CancellationToken cancellationToken)
   --- End of inner exception stack trace ---
   at System.Net.Http.HttpClient.HandleFailure(Exception e, Boolean telemetryStarted, HttpResponseMessage response, CancellationTokenSource cts, CancellationToken cancellationToken, CancellationTokenSource pendingRequestsCts)
   at System.Net.Http.HttpClient.<SendAsync>g__Core|83_0(HttpRequestMessage request, HttpCompletionOption completionOption, CancellationTokenSource cts, Boolean disposeCts, CancellationTokenSource pendingRequestsCts, CancellationToken originalCancellationToken)
   at Sdk.WebApi.WebApi.RawHttpClientBase.SendAsync(HttpRequestMessage message, HttpCompletionOption completionOption, Object userState, CancellationToken cancellationToken)
   at Sdk.WebApi.WebApi.RawHttpClientBase.SendAsync[T](HttpRequestMessage message, Boolean readErrorBody, Object userState, CancellationToken cancellationToken)
   at Sdk.WebApi.WebApi.RawHttpClientBase.SendAsync[T](HttpMethod method, IEnumerable`1 additionalHeaders, Uri requestUri, HttpContent content, IEnumerable`1 queryParameters, Boolean readErrorBody, Object userState, CancellationToken cancellationToken)
   at GitHub.Actions.RunService.WebApi.BrokerHttpClient.GetRunnerMessageAsync(Nullable`1 sessionId, String runnerVersion, Nullable`1 status, String os, String architecture, Nullable`1 disableUpdate, CancellationToken cancellationToken)
   at GitHub.Runner.Common.BrokerServer.<>c__DisplayClass7_0.<<GetRunnerMessageAsync>b__0>d.MoveNext()
--- End of stack trace from previous location ---
   at GitHub.Runner.Common.RunnerService.RetryRequest[T](Func`1 func, CancellationToken cancellationToken, Int32 maxRetryAttemptsCount, Func`2 shouldRetry)
[2024-09-08 23:42:04Z ERR  BrokerServer] #####################################################
[2024-09-08 23:42:04Z ERR  BrokerServer] System.IO.IOException: Unable to read data from the transport connection: Operation canceled.
 ---> System.Net.Sockets.SocketException (125): Operation canceled
   --- End of inner exception stack trace ---
   at System.Net.Sockets.Socket.AwaitableSocketAsyncEventArgs.ThrowException(SocketError error, CancellationToken cancellationToken)
   at System.Net.Sockets.Socket.AwaitableSocketAsyncEventArgs.System.Threading.Tasks.Sources.IValueTaskSource<System.Int32>.GetResult(Int16 token)
   at System.Net.Security.SslStream.EnsureFullTlsFrameAsync[TIOAdapter](TIOAdapter adapter)
   at System.Net.Security.SslStream.ReadAsyncInternal[TIOAdapter](TIOAdapter adapter, Memory`1 buffer)
   at System.Net.Http.HttpConnection.SendAsyncCore(HttpRequestMessage request, Boolean async, CancellationToken cancellationToken)
[2024-09-08 23:42:04Z ERR  BrokerServer] #####################################################
[2024-09-08 23:42:04Z ERR  BrokerServer] System.Net.Sockets.SocketException (125): Operation canceled
[2024-09-08 23:42:04Z WARN BrokerServer] Back off 5.124 seconds before next retry. 4 attempt left.
[2024-09-08 23:42:04Z INFO MessageListener] Get next message has been cancelled.
[2024-09-08 23:42:04Z INFO JobDispatcher] Shutting down JobDispatcher. Make sure all WorkerDispatcher has finished.
[2024-09-08 23:42:04Z INFO JobDispatcher] Ensure WorkerDispatcher for job 0e10f8dd-85b5-5bee-19c6-47fc7db6f171 run to finish, cancel any running job.
[2024-09-08 23:42:04Z INFO JobDispatcher] Job request 0e10f8dd-85b5-5bee-19c6-47fc7db6f171 processed succeed.
[2024-09-08 23:42:04Z INFO Runner] Deleting Runner Session...
[2024-09-08 23:42:04Z INFO Listener] Runner execution been cancelled.
