[2024-09-01 05:39:32Z INFO HostContext] No proxy settings were found based on environmental variables (http_proxy/https_proxy/HTTP_PROXY/HTTPS_PROXY)
[2024-09-01 05:39:32Z INFO HostContext] Well known directory 'Bin': '/home/spinoandraptos/Documents/assignment-1-spinoandraptos/actions-runner/bin'
[2024-09-01 05:39:32Z INFO HostContext] Well known directory 'Root': '/home/spinoandraptos/Documents/assignment-1-spinoandraptos/actions-runner'
[2024-09-01 05:39:32Z INFO HostContext] Well known config file 'Credentials': '/home/spinoandraptos/Documents/assignment-1-spinoandraptos/actions-runner/.credentials'
[2024-09-01 05:39:33Z INFO HostContext] Well known directory 'Bin': '/home/spinoandraptos/Documents/assignment-1-spinoandraptos/actions-runner/bin'
[2024-09-01 05:39:33Z INFO HostContext] Well known directory 'Root': '/home/spinoandraptos/Documents/assignment-1-spinoandraptos/actions-runner'
[2024-09-01 05:39:33Z INFO HostContext] Well known config file 'Runner': '/home/spinoandraptos/Documents/assignment-1-spinoandraptos/actions-runner/.runner'
[2024-09-01 05:39:33Z INFO Listener] Runner is built for Linux (X64) - linux-x64.
[2024-09-01 05:39:33Z INFO Listener] RuntimeInformation: Linux 6.8.0-40-generic #40~22.04.3-Ubuntu SMP PREEMPT_DYNAMIC Tue Jul 30 17:30:19 UTC 2.
[2024-09-01 05:39:33Z INFO Listener] Version: 2.319.1
[2024-09-01 05:39:33Z INFO Listener] Commit: bc6614c04d3ddc20e5ca5d5a87ae2b58dda322ec
[2024-09-01 05:39:33Z INFO Listener] Culture: en-SG
[2024-09-01 05:39:33Z INFO Listener] UI Culture: en-SG
[2024-09-01 05:39:33Z INFO HostContext] Well known directory 'Bin': '/home/spinoandraptos/Documents/assignment-1-spinoandraptos/actions-runner/bin'
[2024-09-01 05:39:33Z INFO HostContext] Well known directory 'Root': '/home/spinoandraptos/Documents/assignment-1-spinoandraptos/actions-runner'
[2024-09-01 05:39:33Z INFO Listener] Validating directory permissions for: '/home/spinoandraptos/Documents/assignment-1-spinoandraptos/actions-runner'
[2024-09-01 05:39:33Z INFO CommandLineParser] Parse
[2024-09-01 05:39:33Z INFO CommandLineParser] Parsing 1 args
[2024-09-01 05:39:33Z INFO CommandLineParser] parsing argument
[2024-09-01 05:39:33Z INFO CommandLineParser] HasArgs: False
[2024-09-01 05:39:33Z INFO CommandLineParser] Adding Command: run
[2024-09-01 05:39:33Z INFO Listener] Arguments parsed
[2024-09-01 05:39:33Z INFO Runner] ExecuteCommand
[2024-09-01 05:39:33Z INFO ConfigurationStore] currentAssemblyLocation: /home/spinoandraptos/Documents/assignment-1-spinoandraptos/actions-runner/bin/Runner.Listener.dll
[2024-09-01 05:39:33Z INFO HostContext] Well known directory 'Bin': '/home/spinoandraptos/Documents/assignment-1-spinoandraptos/actions-runner/bin'
[2024-09-01 05:39:33Z INFO ConfigurationStore] binPath: /home/spinoandraptos/Documents/assignment-1-spinoandraptos/actions-runner/bin
[2024-09-01 05:39:33Z INFO HostContext] Well known directory 'Bin': '/home/spinoandraptos/Documents/assignment-1-spinoandraptos/actions-runner/bin'
[2024-09-01 05:39:33Z INFO HostContext] Well known directory 'Root': '/home/spinoandraptos/Documents/assignment-1-spinoandraptos/actions-runner'
[2024-09-01 05:39:33Z INFO ConfigurationStore] RootFolder: /home/spinoandraptos/Documents/assignment-1-spinoandraptos/actions-runner
[2024-09-01 05:39:33Z INFO HostContext] Well known directory 'Bin': '/home/spinoandraptos/Documents/assignment-1-spinoandraptos/actions-runner/bin'
[2024-09-01 05:39:33Z INFO HostContext] Well known directory 'Root': '/home/spinoandraptos/Documents/assignment-1-spinoandraptos/actions-runner'
[2024-09-01 05:39:33Z INFO HostContext] Well known config file 'Runner': '/home/spinoandraptos/Documents/assignment-1-spinoandraptos/actions-runner/.runner'
[2024-09-01 05:39:33Z INFO ConfigurationStore] ConfigFilePath: /home/spinoandraptos/Documents/assignment-1-spinoandraptos/actions-runner/.runner
[2024-09-01 05:39:33Z INFO HostContext] Well known directory 'Bin': '/home/spinoandraptos/Documents/assignment-1-spinoandraptos/actions-runner/bin'
[2024-09-01 05:39:33Z INFO HostContext] Well known directory 'Root': '/home/spinoandraptos/Documents/assignment-1-spinoandraptos/actions-runner'
[2024-09-01 05:39:33Z INFO HostContext] Well known config file 'Credentials': '/home/spinoandraptos/Documents/assignment-1-spinoandraptos/actions-runner/.credentials'
[2024-09-01 05:39:33Z INFO ConfigurationStore] CredFilePath: /home/spinoandraptos/Documents/assignment-1-spinoandraptos/actions-runner/.credentials
[2024-09-01 05:39:33Z INFO HostContext] Well known directory 'Bin': '/home/spinoandraptos/Documents/assignment-1-spinoandraptos/actions-runner/bin'
[2024-09-01 05:39:33Z INFO HostContext] Well known directory 'Root': '/home/spinoandraptos/Documents/assignment-1-spinoandraptos/actions-runner'
[2024-09-01 05:39:33Z INFO HostContext] Well known config file 'MigratedCredentials': '/home/spinoandraptos/Documents/assignment-1-spinoandraptos/actions-runner/.credentials_migrated'
[2024-09-01 05:39:33Z INFO ConfigurationStore] MigratedCredFilePath: /home/spinoandraptos/Documents/assignment-1-spinoandraptos/actions-runner/.credentials_migrated
[2024-09-01 05:39:33Z INFO HostContext] Well known directory 'Bin': '/home/spinoandraptos/Documents/assignment-1-spinoandraptos/actions-runner/bin'
[2024-09-01 05:39:33Z INFO HostContext] Well known directory 'Root': '/home/spinoandraptos/Documents/assignment-1-spinoandraptos/actions-runner'
[2024-09-01 05:39:33Z INFO HostContext] Well known config file 'Service': '/home/spinoandraptos/Documents/assignment-1-spinoandraptos/actions-runner/.service'
[2024-09-01 05:39:33Z INFO ConfigurationStore] ServiceConfigFilePath: /home/spinoandraptos/Documents/assignment-1-spinoandraptos/actions-runner/.service
[2024-09-01 05:39:33Z INFO CommandSettings] Flag 'help': 'False'
[2024-09-01 05:39:33Z INFO CommandSettings] Flag 'version': 'False'
[2024-09-01 05:39:33Z INFO CommandSettings] Flag 'commit': 'False'
[2024-09-01 05:39:33Z INFO CommandSettings] Flag 'check': 'False'
[2024-09-01 05:39:33Z INFO CommandSettings] Command 'configure': 'False'
[2024-09-01 05:39:33Z INFO CommandSettings] Command 'remove': 'False'
[2024-09-01 05:39:33Z INFO CommandSettings] Command 'warmup': 'False'
[2024-09-01 05:39:33Z INFO ConfigurationManager] LoadSettings
[2024-09-01 05:39:33Z INFO ConfigurationStore] IsConfigured()
[2024-09-01 05:39:33Z INFO ConfigurationStore] IsConfigured: True
[2024-09-01 05:39:33Z INFO ConfigurationManager] Is configured: True
[2024-09-01 05:39:33Z INFO ConfigurationStore] Read setting file: 312 chars
[2024-09-01 05:39:33Z INFO ConfigurationManager] Settings Loaded
[2024-09-01 05:39:33Z INFO ConfigurationStore] IsServiceConfigured()
[2024-09-01 05:39:33Z INFO ConfigurationStore] IsServiceConfigured: False
[2024-09-01 05:39:33Z INFO CommandSettings] Command 'run': 'True'
[2024-09-01 05:39:33Z INFO ConfigurationStore] IsConfigured()
[2024-09-01 05:39:33Z INFO ConfigurationStore] IsConfigured: True
[2024-09-01 05:39:33Z INFO ConfigurationManager] Is configured: True
[2024-09-01 05:39:33Z INFO Runner] Could not parse the argument value '' for StartupType. Defaulting to Manual
[2024-09-01 05:39:33Z INFO Runner] Set runner startup type - Manual
[2024-09-01 05:39:33Z INFO CommandSettings] Flag 'once': 'False'
[2024-09-01 05:39:33Z INFO CommandSettings] Flag 'once': 'False'
[2024-09-01 05:39:33Z INFO Runner] RunAsync
[2024-09-01 05:39:33Z INFO ConfigurationManager] LoadSettings
[2024-09-01 05:39:33Z INFO ConfigurationStore] IsConfigured()
[2024-09-01 05:39:33Z INFO ConfigurationStore] IsConfigured: True
[2024-09-01 05:39:33Z INFO ConfigurationManager] Is configured: True
[2024-09-01 05:39:33Z INFO ConfigurationManager] Settings Loaded
[2024-09-01 05:39:33Z INFO MessageListener] {
  "AgentId": 2,
  "AgentName": "Ubuntu",
  "PoolId": 1,
  "PoolName": "Default",
  "ServerUrl": "https://pipelinesghubeus8.actions.githubusercontent.com/Y56YBF5KJ33FuMFWHvGDkHow1ze6lsmVxzxQLSD2H9W9HmvCKf/",
  "GitHubUrl": "https://github.com/cu-ecen-aeld/assignment-1-spinoandraptos",
  "WorkFolder": "_work"
}
[2024-09-01 05:39:33Z INFO MessageListener] Loading Credentials
[2024-09-01 05:39:33Z INFO ConfigurationStore] HasCredentials()
[2024-09-01 05:39:33Z INFO ConfigurationStore] stored True
[2024-09-01 05:39:33Z INFO CredentialManager] GetCredentialProvider
[2024-09-01 05:39:33Z INFO CredentialManager] Creating type OAuth
[2024-09-01 05:39:33Z INFO CredentialManager] Creating credential type: OAuth
[2024-09-01 05:39:33Z INFO HostContext] Well known directory 'Bin': '/home/spinoandraptos/Documents/assignment-1-spinoandraptos/actions-runner/bin'
[2024-09-01 05:39:33Z INFO HostContext] Well known directory 'Root': '/home/spinoandraptos/Documents/assignment-1-spinoandraptos/actions-runner'
[2024-09-01 05:39:33Z INFO HostContext] Well known config file 'RSACredentials': '/home/spinoandraptos/Documents/assignment-1-spinoandraptos/actions-runner/.credentials_rsaparams'
[2024-09-01 05:39:33Z INFO RSAFileKeyManager] Loading RSA key parameters from file /home/spinoandraptos/Documents/assignment-1-spinoandraptos/actions-runner/.credentials_rsaparams
[2024-09-01 05:39:33Z INFO MessageListener] Attempt to create session.
[2024-09-01 05:39:33Z INFO MessageListener] Connecting to the Runner Server...
[2024-09-01 05:39:33Z INFO RunnerServer] EstablishVssConnection
[2024-09-01 05:39:33Z INFO RunnerServer] Establish connection with 100 seconds timeout.
[2024-09-01 05:39:33Z INFO GitHubActionsService] Starting operation Location.GetConnectionData
[2024-09-01 05:39:33Z INFO RunnerServer] EstablishVssConnection
[2024-09-01 05:39:33Z INFO RunnerServer] Establish connection with 60 seconds timeout.
[2024-09-01 05:39:33Z INFO GitHubActionsService] Starting operation Location.GetConnectionData
[2024-09-01 05:39:33Z INFO RunnerServer] EstablishVssConnection
[2024-09-01 05:39:33Z INFO RunnerServer] Establish connection with 60 seconds timeout.
[2024-09-01 05:39:33Z INFO GitHubActionsService] Starting operation Location.GetConnectionData
[2024-09-01 05:39:33Z INFO GitHubActionsService] Finished operation Location.GetConnectionData
[2024-09-01 05:39:33Z INFO GitHubActionsService] Finished operation Location.GetConnectionData
[2024-09-01 05:39:34Z INFO GitHubActionsService] Finished operation Location.GetConnectionData
[2024-09-01 05:39:34Z INFO MessageListener] VssConnection created
[2024-09-01 05:39:34Z INFO Terminal] WRITE LINE: 
[2024-09-01 05:39:34Z INFO Terminal] WRITE LINE: 
[2024-09-01 05:39:34Z INFO RSAFileKeyManager] Loading RSA key parameters from file /home/spinoandraptos/Documents/assignment-1-spinoandraptos/actions-runner/.credentials_rsaparams
[2024-09-01 05:39:34Z INFO RSAFileKeyManager] Loading RSA key parameters from file /home/spinoandraptos/Documents/assignment-1-spinoandraptos/actions-runner/.credentials_rsaparams
[2024-09-01 05:39:34Z INFO GitHubActionsService] AAD Correlation ID for this token request: Unknown
[2024-09-01 05:39:34Z INFO MessageListener] Session created.
[2024-09-01 05:39:34Z INFO Terminal] WRITE LINE: Current runner version: '2.319.1'
[2024-09-01 05:39:34Z INFO Terminal] WRITE LINE: 2024-09-01 05:39:34Z: Listening for Jobs
[2024-09-01 05:39:34Z INFO JobDispatcher] Set runner/worker IPC timeout to 30 seconds.
[2024-09-01 05:39:34Z INFO MessageListener] BrokerMigration message received. Polling Broker for messages...
[2024-09-01 05:39:34Z INFO RSAFileKeyManager] Loading RSA key parameters from file /home/spinoandraptos/Documents/assignment-1-spinoandraptos/actions-runner/.credentials_rsaparams
[2024-09-01 05:39:35Z INFO GitHubActionsService] AAD Correlation ID for this token request: Unknown
[2024-09-01 05:40:25Z INFO MessageListener] BrokerMigration message received. Polling Broker for messages...
[2024-09-01 05:41:15Z INFO MessageListener] BrokerMigration message received. Polling Broker for messages...
[2024-09-01 05:42:06Z INFO MessageListener] BrokerMigration message received. Polling Broker for messages...
[2024-09-01 05:42:56Z INFO MessageListener] BrokerMigration message received. Polling Broker for messages...
[2024-09-01 05:43:47Z INFO MessageListener] BrokerMigration message received. Polling Broker for messages...
[2024-09-01 05:44:12Z INFO Terminal] WRITE LINE: Exiting...
[2024-09-01 05:44:12Z INFO ConfigurationStore] IsServiceConfigured()
[2024-09-01 05:44:12Z INFO ConfigurationStore] IsServiceConfigured: False
[2024-09-01 05:44:12Z INFO HostContext] Runner will be shutdown for UserCancelled
[2024-09-01 05:44:12Z WARN GitHubActionsService] GET request to https://broker.actions.githubusercontent.com/message?sessionId=87ec1bfc-def2-4be4-a795-d8487de63482&status=Online&runnerVersion=2.319.1&os=Linux&architecture=X64&disableUpdate=false has been cancelled.
[2024-09-01 05:44:12Z ERR  BrokerServer] Catch exception during request
[2024-09-01 05:44:12Z ERR  BrokerServer] System.Threading.Tasks.TaskCanceledException: The operation was canceled.
 ---> System.IO.IOException: Unable to read data from the transport connection: Operation canceled.
 ---> System.Net.Sockets.SocketException (125): Operation canceled
   --- End of inner exception stack trace ---
   at System.Net.Sockets.Socket.AwaitableSocketAsyncEventArgs.ThrowException(SocketError error, CancellationToken cancellationToken)
   at System.Net.Sockets.Socket.AwaitableSocketAsyncEventArgs.System.Threading.Tasks.Sources.IValueTaskSource<System.Int32>.GetResult(Int16 token)
   at System.Net.Security.SslStream.EnsureFullTlsFrameAsync[TIOAdapter](TIOAdapter adapter)
   at System.Net.Security.SslStream.ReadAsyncInternal[TIOAdapter](TIOAdapter adapter, Memory`1 buffer)
   at System.Net.Http.HttpConnection.SendAsyncCore(HttpRequestMessage request, Boolean async, CancellationToken cancellationToken)
   --- End of inner exception stack trace ---
   at System.Net.Http.HttpClient.HandleFailure(Exception e, Boolean telemetryStarted, HttpResponseMessage response, CancellationTokenSource cts, CancellationToken cancellationToken, CancellationTokenSource pendingRequestsCts)
   at System.Net.Http.HttpClient.<SendAsync>g__Core|83_0(HttpRequestMessage request, HttpCompletionOption completionOption, CancellationTokenSource cts, Boolean disposeCts, CancellationTokenSource pendingRequestsCts, CancellationToken originalCancellationToken)
   at Sdk.WebApi.WebApi.RawHttpClientBase.SendAsync(HttpRequestMessage message, HttpCompletionOption completionOption, Object userState, CancellationToken cancellationToken)
   at Sdk.WebApi.WebApi.RawHttpClientBase.SendAsync[T](HttpRequestMessage message, Boolean readErrorBody, Object userState, CancellationToken cancellationToken)
   at Sdk.WebApi.WebApi.RawHttpClientBase.SendAsync[T](HttpMethod method, IEnumerable`1 additionalHeaders, Uri requestUri, HttpContent content, IEnumerable`1 queryParameters, Boolean readErrorBody, Object userState, CancellationToken cancellationToken)
   at GitHub.Actions.RunService.WebApi.BrokerHttpClient.GetRunnerMessageAsync(Nullable`1 sessionId, String runnerVersion, Nullable`1 status, String os, String architecture, Nullable`1 disableUpdate, CancellationToken cancellationToken)
   at GitHub.Runner.Common.BrokerServer.<>c__DisplayClass7_0.<<GetRunnerMessageAsync>b__0>d.MoveNext()
--- End of stack trace from previous location ---
   at GitHub.Runner.Common.RunnerService.RetryRequest[T](Func`1 func, CancellationToken cancellationToken, Int32 maxRetryAttemptsCount, Func`2 shouldRetry)
[2024-09-01 05:44:12Z ERR  BrokerServer] #####################################################
[2024-09-01 05:44:12Z ERR  BrokerServer] System.IO.IOException: Unable to read data from the transport connection: Operation canceled.
 ---> System.Net.Sockets.SocketException (125): Operation canceled
   --- End of inner exception stack trace ---
   at System.Net.Sockets.Socket.AwaitableSocketAsyncEventArgs.ThrowException(SocketError error, CancellationToken cancellationToken)
   at System.Net.Sockets.Socket.AwaitableSocketAsyncEventArgs.System.Threading.Tasks.Sources.IValueTaskSource<System.Int32>.GetResult(Int16 token)
   at System.Net.Security.SslStream.EnsureFullTlsFrameAsync[TIOAdapter](TIOAdapter adapter)
   at System.Net.Security.SslStream.ReadAsyncInternal[TIOAdapter](TIOAdapter adapter, Memory`1 buffer)
   at System.Net.Http.HttpConnection.SendAsyncCore(HttpRequestMessage request, Boolean async, CancellationToken cancellationToken)
[2024-09-01 05:44:12Z ERR  BrokerServer] #####################################################
[2024-09-01 05:44:12Z ERR  BrokerServer] System.Net.Sockets.SocketException (125): Operation canceled
[2024-09-01 05:44:12Z WARN BrokerServer] Back off 5.943 seconds before next retry. 4 attempt left.
[2024-09-01 05:44:12Z INFO MessageListener] Get next message has been cancelled.
[2024-09-01 05:44:12Z INFO JobDispatcher] Shutting down JobDispatcher. Make sure all WorkerDispatcher has finished.
[2024-09-01 05:44:12Z INFO Runner] Deleting Runner Session...
[2024-09-01 05:44:12Z INFO Listener] Runner execution been cancelled.
