[2024-09-01 05:15:14Z INFO HostContext] No proxy settings were found based on environmental variables (http_proxy/https_proxy/HTTP_PROXY/HTTPS_PROXY)
[2024-09-01 05:15:14Z INFO HostContext] Well known directory 'Bin': '/home/spinoandraptos/Documents/actions-runner/bin'
[2024-09-01 05:15:14Z INFO HostContext] Well known directory 'Root': '/home/spinoandraptos/Documents/actions-runner'
[2024-09-01 05:15:14Z INFO HostContext] Well known config file 'Credentials': '/home/spinoandraptos/Documents/actions-runner/.credentials'
[2024-09-01 05:15:14Z INFO HostContext] Well known directory 'Bin': '/home/spinoandraptos/Documents/actions-runner/bin'
[2024-09-01 05:15:14Z INFO HostContext] Well known directory 'Root': '/home/spinoandraptos/Documents/actions-runner'
[2024-09-01 05:15:14Z INFO HostContext] Well known config file 'Runner': '/home/spinoandraptos/Documents/actions-runner/.runner'
[2024-09-01 05:15:14Z INFO Listener] Runner is built for Linux (X64) - linux-x64.
[2024-09-01 05:15:14Z INFO Listener] RuntimeInformation: Linux 6.8.0-40-generic #40~22.04.3-Ubuntu SMP PREEMPT_DYNAMIC Tue Jul 30 17:30:19 UTC 2.
[2024-09-01 05:15:14Z INFO Listener] Version: 2.319.1
[2024-09-01 05:15:14Z INFO Listener] Commit: bc6614c04d3ddc20e5ca5d5a87ae2b58dda322ec
[2024-09-01 05:15:14Z INFO Listener] Culture: en-SG
[2024-09-01 05:15:14Z INFO Listener] UI Culture: en-SG
[2024-09-01 05:15:14Z INFO HostContext] Well known directory 'Bin': '/home/spinoandraptos/Documents/actions-runner/bin'
[2024-09-01 05:15:14Z INFO HostContext] Well known directory 'Root': '/home/spinoandraptos/Documents/actions-runner'
[2024-09-01 05:15:14Z INFO Listener] Validating directory permissions for: '/home/spinoandraptos/Documents/actions-runner'
[2024-09-01 05:15:14Z INFO CommandLineParser] Parse
[2024-09-01 05:15:14Z INFO CommandLineParser] Parsing 1 args
[2024-09-01 05:15:14Z INFO CommandLineParser] parsing argument
[2024-09-01 05:15:14Z INFO CommandLineParser] HasArgs: False
[2024-09-01 05:15:14Z INFO CommandLineParser] Adding Command: run
[2024-09-01 05:15:14Z INFO Listener] Arguments parsed
[2024-09-01 05:15:14Z INFO Runner] ExecuteCommand
[2024-09-01 05:15:14Z INFO ConfigurationStore] currentAssemblyLocation: /home/spinoandraptos/Documents/actions-runner/bin/Runner.Listener.dll
[2024-09-01 05:15:14Z INFO HostContext] Well known directory 'Bin': '/home/spinoandraptos/Documents/actions-runner/bin'
[2024-09-01 05:15:14Z INFO ConfigurationStore] binPath: /home/spinoandraptos/Documents/actions-runner/bin
[2024-09-01 05:15:14Z INFO HostContext] Well known directory 'Bin': '/home/spinoandraptos/Documents/actions-runner/bin'
[2024-09-01 05:15:14Z INFO HostContext] Well known directory 'Root': '/home/spinoandraptos/Documents/actions-runner'
[2024-09-01 05:15:14Z INFO ConfigurationStore] RootFolder: /home/spinoandraptos/Documents/actions-runner
[2024-09-01 05:15:14Z INFO HostContext] Well known directory 'Bin': '/home/spinoandraptos/Documents/actions-runner/bin'
[2024-09-01 05:15:14Z INFO HostContext] Well known directory 'Root': '/home/spinoandraptos/Documents/actions-runner'
[2024-09-01 05:15:14Z INFO HostContext] Well known config file 'Runner': '/home/spinoandraptos/Documents/actions-runner/.runner'
[2024-09-01 05:15:14Z INFO ConfigurationStore] ConfigFilePath: /home/spinoandraptos/Documents/actions-runner/.runner
[2024-09-01 05:15:14Z INFO HostContext] Well known directory 'Bin': '/home/spinoandraptos/Documents/actions-runner/bin'
[2024-09-01 05:15:14Z INFO HostContext] Well known directory 'Root': '/home/spinoandraptos/Documents/actions-runner'
[2024-09-01 05:15:14Z INFO HostContext] Well known config file 'Credentials': '/home/spinoandraptos/Documents/actions-runner/.credentials'
[2024-09-01 05:15:14Z INFO ConfigurationStore] CredFilePath: /home/spinoandraptos/Documents/actions-runner/.credentials
[2024-09-01 05:15:14Z INFO HostContext] Well known directory 'Bin': '/home/spinoandraptos/Documents/actions-runner/bin'
[2024-09-01 05:15:14Z INFO HostContext] Well known directory 'Root': '/home/spinoandraptos/Documents/actions-runner'
[2024-09-01 05:15:14Z INFO HostContext] Well known config file 'MigratedCredentials': '/home/spinoandraptos/Documents/actions-runner/.credentials_migrated'
[2024-09-01 05:15:14Z INFO ConfigurationStore] MigratedCredFilePath: /home/spinoandraptos/Documents/actions-runner/.credentials_migrated
[2024-09-01 05:15:14Z INFO HostContext] Well known directory 'Bin': '/home/spinoandraptos/Documents/actions-runner/bin'
[2024-09-01 05:15:14Z INFO HostContext] Well known directory 'Root': '/home/spinoandraptos/Documents/actions-runner'
[2024-09-01 05:15:14Z INFO HostContext] Well known config file 'Service': '/home/spinoandraptos/Documents/actions-runner/.service'
[2024-09-01 05:15:14Z INFO ConfigurationStore] ServiceConfigFilePath: /home/spinoandraptos/Documents/actions-runner/.service
[2024-09-01 05:15:14Z INFO CommandSettings] Flag 'help': 'False'
[2024-09-01 05:15:14Z INFO CommandSettings] Flag 'version': 'False'
[2024-09-01 05:15:14Z INFO CommandSettings] Flag 'commit': 'False'
[2024-09-01 05:15:14Z INFO CommandSettings] Flag 'check': 'False'
[2024-09-01 05:15:14Z INFO CommandSettings] Command 'configure': 'False'
[2024-09-01 05:15:14Z INFO CommandSettings] Command 'remove': 'False'
[2024-09-01 05:15:14Z INFO CommandSettings] Command 'warmup': 'False'
[2024-09-01 05:15:14Z INFO ConfigurationManager] LoadSettings
[2024-09-01 05:15:14Z INFO ConfigurationStore] IsConfigured()
[2024-09-01 05:15:14Z INFO ConfigurationStore] IsConfigured: True
[2024-09-01 05:15:14Z INFO ConfigurationManager] Is configured: True
[2024-09-01 05:15:14Z INFO ConfigurationStore] Read setting file: 312 chars
[2024-09-01 05:15:14Z INFO ConfigurationManager] Settings Loaded
[2024-09-01 05:15:14Z INFO ConfigurationStore] IsServiceConfigured()
[2024-09-01 05:15:14Z INFO ConfigurationStore] IsServiceConfigured: False
[2024-09-01 05:15:14Z INFO CommandSettings] Command 'run': 'True'
[2024-09-01 05:15:14Z INFO ConfigurationStore] IsConfigured()
[2024-09-01 05:15:14Z INFO ConfigurationStore] IsConfigured: True
[2024-09-01 05:15:14Z INFO ConfigurationManager] Is configured: True
[2024-09-01 05:15:14Z INFO Runner] Could not parse the argument value '' for StartupType. Defaulting to Manual
[2024-09-01 05:15:14Z INFO Runner] Set runner startup type - Manual
[2024-09-01 05:15:14Z INFO CommandSettings] Flag 'once': 'False'
[2024-09-01 05:15:14Z INFO CommandSettings] Flag 'once': 'False'
[2024-09-01 05:15:14Z INFO Runner] RunAsync
[2024-09-01 05:15:14Z INFO ConfigurationManager] LoadSettings
[2024-09-01 05:15:14Z INFO ConfigurationStore] IsConfigured()
[2024-09-01 05:15:14Z INFO ConfigurationStore] IsConfigured: True
[2024-09-01 05:15:14Z INFO ConfigurationManager] Is configured: True
[2024-09-01 05:15:14Z INFO ConfigurationManager] Settings Loaded
[2024-09-01 05:15:14Z INFO MessageListener] {
  "AgentId": 2,
  "AgentName": "Ubuntu",
  "PoolId": 1,
  "PoolName": "Default",
  "ServerUrl": "https://pipelinesghubeus8.actions.githubusercontent.com/Y56YBF5KJ33FuMFWHvGDkHow1ze6lsmVxzxQLSD2H9W9HmvCKf/",
  "GitHubUrl": "https://github.com/cu-ecen-aeld/assignment-1-spinoandraptos",
  "WorkFolder": "_work"
}
[2024-09-01 05:15:14Z INFO MessageListener] Loading Credentials
[2024-09-01 05:15:14Z INFO ConfigurationStore] HasCredentials()
[2024-09-01 05:15:14Z INFO ConfigurationStore] stored True
[2024-09-01 05:15:14Z INFO CredentialManager] GetCredentialProvider
[2024-09-01 05:15:14Z INFO CredentialManager] Creating type OAuth
[2024-09-01 05:15:14Z INFO CredentialManager] Creating credential type: OAuth
[2024-09-01 05:15:14Z INFO HostContext] Well known directory 'Bin': '/home/spinoandraptos/Documents/actions-runner/bin'
[2024-09-01 05:15:14Z INFO HostContext] Well known directory 'Root': '/home/spinoandraptos/Documents/actions-runner'
[2024-09-01 05:15:14Z INFO HostContext] Well known config file 'RSACredentials': '/home/spinoandraptos/Documents/actions-runner/.credentials_rsaparams'
[2024-09-01 05:15:14Z INFO RSAFileKeyManager] Loading RSA key parameters from file /home/spinoandraptos/Documents/actions-runner/.credentials_rsaparams
[2024-09-01 05:15:14Z INFO MessageListener] Attempt to create session.
[2024-09-01 05:15:14Z INFO MessageListener] Connecting to the Runner Server...
[2024-09-01 05:15:14Z INFO RunnerServer] EstablishVssConnection
[2024-09-01 05:15:14Z INFO RunnerServer] Establish connection with 100 seconds timeout.
[2024-09-01 05:15:14Z INFO GitHubActionsService] Starting operation Location.GetConnectionData
[2024-09-01 05:15:14Z INFO RunnerServer] EstablishVssConnection
[2024-09-01 05:15:14Z INFO RunnerServer] Establish connection with 60 seconds timeout.
[2024-09-01 05:15:14Z INFO GitHubActionsService] Starting operation Location.GetConnectionData
[2024-09-01 05:15:14Z INFO RunnerServer] EstablishVssConnection
[2024-09-01 05:15:14Z INFO RunnerServer] Establish connection with 60 seconds timeout.
[2024-09-01 05:15:14Z INFO GitHubActionsService] Starting operation Location.GetConnectionData
[2024-09-01 05:15:15Z INFO GitHubActionsService] Finished operation Location.GetConnectionData
[2024-09-01 05:15:15Z INFO GitHubActionsService] Finished operation Location.GetConnectionData
[2024-09-01 05:15:15Z INFO GitHubActionsService] Finished operation Location.GetConnectionData
[2024-09-01 05:15:15Z INFO MessageListener] VssConnection created
[2024-09-01 05:15:15Z INFO Terminal] WRITE LINE: 
[2024-09-01 05:15:15Z INFO Terminal] WRITE LINE: 
[2024-09-01 05:15:15Z INFO RSAFileKeyManager] Loading RSA key parameters from file /home/spinoandraptos/Documents/actions-runner/.credentials_rsaparams
[2024-09-01 05:15:15Z INFO RSAFileKeyManager] Loading RSA key parameters from file /home/spinoandraptos/Documents/actions-runner/.credentials_rsaparams
[2024-09-01 05:15:15Z INFO GitHubActionsService] AAD Correlation ID for this token request: Unknown
[2024-09-01 05:15:15Z INFO MessageListener] Session created.
[2024-09-01 05:15:15Z INFO Terminal] WRITE LINE: Current runner version: '2.319.1'
[2024-09-01 05:15:15Z INFO Terminal] WRITE LINE: 2024-09-01 05:15:15Z: Listening for Jobs
[2024-09-01 05:15:15Z INFO JobDispatcher] Set runner/worker IPC timeout to 30 seconds.
[2024-09-01 05:15:16Z INFO MessageListener] BrokerMigration message received. Polling Broker for messages...
[2024-09-01 05:15:16Z INFO RSAFileKeyManager] Loading RSA key parameters from file /home/spinoandraptos/Documents/actions-runner/.credentials_rsaparams
[2024-09-01 05:15:16Z INFO GitHubActionsService] AAD Correlation ID for this token request: Unknown
[2024-09-01 05:16:07Z INFO MessageListener] BrokerMigration message received. Polling Broker for messages...
[2024-09-01 05:16:57Z INFO MessageListener] BrokerMigration message received. Polling Broker for messages...
[2024-09-01 05:17:47Z INFO MessageListener] BrokerMigration message received. Polling Broker for messages...
[2024-09-01 05:18:38Z INFO MessageListener] BrokerMigration message received. Polling Broker for messages...
[2024-09-01 05:19:28Z INFO MessageListener] BrokerMigration message received. Polling Broker for messages...
[2024-09-01 05:20:19Z INFO MessageListener] BrokerMigration message received. Polling Broker for messages...
[2024-09-01 05:21:09Z INFO MessageListener] BrokerMigration message received. Polling Broker for messages...
[2024-09-01 05:22:00Z INFO MessageListener] BrokerMigration message received. Polling Broker for messages...
[2024-09-01 05:22:50Z INFO MessageListener] BrokerMigration message received. Polling Broker for messages...
[2024-09-01 05:23:41Z INFO MessageListener] BrokerMigration message received. Polling Broker for messages...
[2024-09-01 05:24:31Z INFO MessageListener] BrokerMigration message received. Polling Broker for messages...
[2024-09-01 05:25:22Z INFO MessageListener] BrokerMigration message received. Polling Broker for messages...
[2024-09-01 05:26:12Z INFO MessageListener] BrokerMigration message received. Polling Broker for messages...
[2024-09-01 05:27:02Z INFO MessageListener] BrokerMigration message received. Polling Broker for messages...
[2024-09-01 05:27:53Z INFO MessageListener] BrokerMigration message received. Polling Broker for messages...
[2024-09-01 05:28:43Z INFO MessageListener] BrokerMigration message received. Polling Broker for messages...
[2024-09-01 05:29:34Z INFO MessageListener] BrokerMigration message received. Polling Broker for messages...
[2024-09-01 05:30:24Z INFO MessageListener] BrokerMigration message received. Polling Broker for messages...
[2024-09-01 05:31:15Z INFO MessageListener] BrokerMigration message received. Polling Broker for messages...
[2024-09-01 05:32:05Z INFO MessageListener] BrokerMigration message received. Polling Broker for messages...
[2024-09-01 05:32:55Z INFO MessageListener] BrokerMigration message received. Polling Broker for messages...
[2024-09-01 05:33:46Z INFO MessageListener] BrokerMigration message received. Polling Broker for messages...
[2024-09-01 05:34:36Z INFO MessageListener] BrokerMigration message received. Polling Broker for messages...
[2024-09-01 05:35:27Z INFO MessageListener] BrokerMigration message received. Polling Broker for messages...
[2024-09-01 05:36:17Z INFO MessageListener] BrokerMigration message received. Polling Broker for messages...
[2024-09-01 05:37:08Z INFO MessageListener] BrokerMigration message received. Polling Broker for messages...
[2024-09-01 05:37:58Z INFO MessageListener] BrokerMigration message received. Polling Broker for messages...
[2024-09-01 05:38:07Z INFO MessageListener] Message '5095485048257528496' received from session 'e9fbe37f-7d3c-4b64-975c-8c7d27e06661'.
[2024-09-01 05:38:07Z INFO ConfigurationStore] HasCredentials()
[2024-09-01 05:38:07Z INFO ConfigurationStore] stored True
[2024-09-01 05:38:07Z INFO CredentialManager] GetCredentialProvider
[2024-09-01 05:38:07Z INFO CredentialManager] Creating type OAuth
[2024-09-01 05:38:07Z INFO CredentialManager] Creating credential type: OAuth
[2024-09-01 05:38:07Z INFO RSAFileKeyManager] Loading RSA key parameters from file /home/spinoandraptos/Documents/actions-runner/.credentials_rsaparams
[2024-09-01 05:38:07Z INFO ActionsRunServer] EstablishVssConnection
[2024-09-01 05:38:07Z INFO ActionsRunServer] Establish connection with 100 seconds timeout.
[2024-09-01 05:38:07Z INFO GitHubActionsService] Starting operation Location.GetConnectionData
[2024-09-01 05:38:07Z INFO GitHubActionsService] Finished operation Location.GetConnectionData
[2024-09-01 05:38:07Z INFO RSAFileKeyManager] Loading RSA key parameters from file /home/spinoandraptos/Documents/actions-runner/.credentials_rsaparams
[2024-09-01 05:38:07Z INFO RSAFileKeyManager] Loading RSA key parameters from file /home/spinoandraptos/Documents/actions-runner/.credentials_rsaparams
[2024-09-01 05:38:07Z INFO GitHubActionsService] AAD Correlation ID for this token request: Unknown
[2024-09-01 05:38:08Z INFO JobDispatcher] Job request 1 for plan a0b51871-4429-444a-ac04-04aeac772a67 job a047640a-23da-5e9b-1ef8-917a09b3753a received.
[2024-09-01 05:38:08Z INFO JobDispatcher] Pull OrchestrationId a0b51871-4429-444a-ac04-04aeac772a67.full-test.__default from JWT claims
[2024-09-01 05:38:08Z INFO MessageListener] Received job status event. JobState: Busy
[2024-09-01 05:38:08Z INFO MessageListener] _getMessagesTokenSource is already disposed.
[2024-09-01 05:38:08Z INFO Terminal] WRITE LINE: 2024-09-01 05:38:08Z: Running job: full-test
[2024-09-01 05:38:08Z INFO JobDispatcher] Start renew job request 1 for job a047640a-23da-5e9b-1ef8-917a09b3753a.
[2024-09-01 05:38:08Z INFO JobDispatcher] Successfully renew job request 1, job is valid till 1/9/2024 5:48:51 am
[2024-09-01 05:38:08Z INFO HostContext] Well known directory 'Bin': '/home/spinoandraptos/Documents/actions-runner/bin'
[2024-09-01 05:38:08Z INFO ProcessInvokerWrapper] Starting process:
[2024-09-01 05:38:08Z INFO ProcessInvokerWrapper]   File name: '/home/spinoandraptos/Documents/actions-runner/bin/Runner.Worker'
[2024-09-01 05:38:08Z INFO ProcessInvokerWrapper]   Arguments: 'spawnclient 108 111'
[2024-09-01 05:38:08Z INFO ProcessInvokerWrapper]   Working directory: '/home/spinoandraptos/Documents/actions-runner/bin'
[2024-09-01 05:38:08Z INFO ProcessInvokerWrapper]   Require exit code zero: 'False'
[2024-09-01 05:38:08Z INFO ProcessInvokerWrapper]   Encoding web name:  ; code page: ''
[2024-09-01 05:38:08Z INFO ProcessInvokerWrapper]   Force kill process on cancellation: 'True'
[2024-09-01 05:38:08Z INFO ProcessInvokerWrapper]   Redirected STDIN: 'False'
[2024-09-01 05:38:08Z INFO ProcessInvokerWrapper]   Persist current code page: 'False'
[2024-09-01 05:38:08Z INFO ProcessInvokerWrapper]   Keep redirected STDIN open: 'False'
[2024-09-01 05:38:08Z INFO ProcessInvokerWrapper]   High priority process: 'True'
[2024-09-01 05:38:08Z INFO ProcessInvokerWrapper] Process started with process id 56408, waiting for process exit.
[2024-09-01 05:38:08Z INFO JobDispatcher] Send job request message to worker for job a047640a-23da-5e9b-1ef8-917a09b3753a.
[2024-09-01 05:38:08Z INFO ProcessChannel] Sending message of length 39981, with hash 'd921f7179bf2a1c3296c7854dd30c8334dab8389f173c08ca6372feb8990353c'
[2024-09-01 05:38:08Z INFO JobNotification] Entering JobStarted Notification
[2024-09-01 05:38:08Z INFO JobNotification] Entering StartMonitor
[2024-09-01 05:38:09Z INFO MessageListener] BrokerMigration message received. Polling Broker for messages...
[2024-09-01 05:38:14Z INFO ProcessInvokerWrapper] STDOUT/STDERR stream read finished.
[2024-09-01 05:38:14Z INFO ProcessInvokerWrapper] STDOUT/STDERR stream read finished.
[2024-09-01 05:38:14Z INFO ProcessInvokerWrapper] Finished process 56408 with exit code 102, and elapsed time 00:00:06.3447882.
[2024-09-01 05:38:14Z INFO JobDispatcher] Worker finished for job a047640a-23da-5e9b-1ef8-917a09b3753a. Code: 102
[2024-09-01 05:38:14Z INFO JobDispatcher] finish job request for job a047640a-23da-5e9b-1ef8-917a09b3753a with result: Failed
[2024-09-01 05:38:14Z INFO Terminal] WRITE LINE: 2024-09-01 05:38:14Z: Job full-test completed with result: Failed
[2024-09-01 05:38:14Z INFO JobDispatcher] Stop renew job request for job a047640a-23da-5e9b-1ef8-917a09b3753a.
[2024-09-01 05:38:14Z INFO JobDispatcher] job renew has been cancelled, stop renew job request 1.
[2024-09-01 05:38:14Z INFO JobNotification] Entering JobCompleted Notification
[2024-09-01 05:38:14Z INFO JobNotification] Entering EndMonitor
[2024-09-01 05:38:14Z INFO MessageListener] Received job status event. JobState: Online
[2024-09-01 05:38:15Z INFO MessageListener] Message '6944372384269364053' received from session 'e9fbe37f-7d3c-4b64-975c-8c7d27e06661'.
[2024-09-01 05:38:15Z INFO ConfigurationStore] HasCredentials()
[2024-09-01 05:38:15Z INFO ConfigurationStore] stored True
[2024-09-01 05:38:15Z INFO CredentialManager] GetCredentialProvider
[2024-09-01 05:38:15Z INFO CredentialManager] Creating type OAuth
[2024-09-01 05:38:15Z INFO CredentialManager] Creating credential type: OAuth
[2024-09-01 05:38:15Z INFO RSAFileKeyManager] Loading RSA key parameters from file /home/spinoandraptos/Documents/actions-runner/.credentials_rsaparams
[2024-09-01 05:38:15Z INFO ActionsRunServer] EstablishVssConnection
[2024-09-01 05:38:15Z INFO ActionsRunServer] Establish connection with 100 seconds timeout.
[2024-09-01 05:38:15Z INFO GitHubActionsService] Starting operation Location.GetConnectionData
[2024-09-01 05:38:16Z INFO GitHubActionsService] Finished operation Location.GetConnectionData
[2024-09-01 05:38:16Z INFO RSAFileKeyManager] Loading RSA key parameters from file /home/spinoandraptos/Documents/actions-runner/.credentials_rsaparams
[2024-09-01 05:38:16Z INFO RSAFileKeyManager] Loading RSA key parameters from file /home/spinoandraptos/Documents/actions-runner/.credentials_rsaparams
[2024-09-01 05:38:16Z INFO GitHubActionsService] AAD Correlation ID for this token request: Unknown
[2024-09-01 05:38:16Z INFO JobDispatcher] Job request 2 for plan a0b51871-4429-444a-ac04-04aeac772a67 job 0e10f8dd-85b5-5bee-19c6-47fc7db6f171 received.
[2024-09-01 05:38:16Z INFO JobDispatcher] Pull OrchestrationId a0b51871-4429-444a-ac04-04aeac772a67.unit-test.__default from JWT claims
[2024-09-01 05:38:16Z INFO MessageListener] Received job status event. JobState: Busy
[2024-09-01 05:38:16Z INFO MessageListener] _getMessagesTokenSource is already disposed.
[2024-09-01 05:38:16Z INFO JobDispatcher] Job request a047640a-23da-5e9b-1ef8-917a09b3753a processed succeed.
[2024-09-01 05:38:16Z INFO Terminal] WRITE LINE: 2024-09-01 05:38:16Z: Running job: unit-test
[2024-09-01 05:38:16Z INFO JobDispatcher] Start renew job request 2 for job 0e10f8dd-85b5-5bee-19c6-47fc7db6f171.
[2024-09-01 05:38:16Z INFO JobDispatcher] Successfully renew job request 2, job is valid till 1/9/2024 5:49:00 am
[2024-09-01 05:38:16Z INFO HostContext] Well known directory 'Bin': '/home/spinoandraptos/Documents/actions-runner/bin'
[2024-09-01 05:38:16Z INFO ProcessInvokerWrapper] Starting process:
[2024-09-01 05:38:16Z INFO ProcessInvokerWrapper]   File name: '/home/spinoandraptos/Documents/actions-runner/bin/Runner.Worker'
[2024-09-01 05:38:16Z INFO ProcessInvokerWrapper]   Arguments: 'spawnclient 109 113'
[2024-09-01 05:38:16Z INFO ProcessInvokerWrapper]   Working directory: '/home/spinoandraptos/Documents/actions-runner/bin'
[2024-09-01 05:38:16Z INFO ProcessInvokerWrapper]   Require exit code zero: 'False'
[2024-09-01 05:38:16Z INFO ProcessInvokerWrapper]   Encoding web name:  ; code page: ''
[2024-09-01 05:38:16Z INFO ProcessInvokerWrapper]   Force kill process on cancellation: 'True'
[2024-09-01 05:38:16Z INFO ProcessInvokerWrapper]   Redirected STDIN: 'False'
[2024-09-01 05:38:16Z INFO ProcessInvokerWrapper]   Persist current code page: 'False'
[2024-09-01 05:38:16Z INFO ProcessInvokerWrapper]   Keep redirected STDIN open: 'False'
[2024-09-01 05:38:16Z INFO ProcessInvokerWrapper]   High priority process: 'True'
[2024-09-01 05:38:16Z INFO ProcessInvokerWrapper] Process started with process id 56469, waiting for process exit.
[2024-09-01 05:38:16Z INFO JobDispatcher] Send job request message to worker for job 0e10f8dd-85b5-5bee-19c6-47fc7db6f171.
[2024-09-01 05:38:16Z INFO ProcessChannel] Sending message of length 39979, with hash '5aa1fd339673f84b9e92ccf8612436698fbf5606a6256aeeb91e18c8912292ad'
[2024-09-01 05:38:17Z INFO JobNotification] Entering JobStarted Notification
[2024-09-01 05:38:17Z INFO JobNotification] Entering StartMonitor
[2024-09-01 05:38:17Z INFO MessageListener] BrokerMigration message received. Polling Broker for messages...
[2024-09-01 05:38:22Z INFO ProcessInvokerWrapper] STDOUT/STDERR stream read finished.
[2024-09-01 05:38:22Z INFO ProcessInvokerWrapper] STDOUT/STDERR stream read finished.
[2024-09-01 05:38:22Z INFO ProcessInvokerWrapper] Finished process 56469 with exit code 102, and elapsed time 00:00:05.4032890.
[2024-09-01 05:38:22Z INFO JobDispatcher] Worker finished for job 0e10f8dd-85b5-5bee-19c6-47fc7db6f171. Code: 102
[2024-09-01 05:38:22Z INFO JobDispatcher] finish job request for job 0e10f8dd-85b5-5bee-19c6-47fc7db6f171 with result: Failed
[2024-09-01 05:38:22Z INFO Terminal] WRITE LINE: 2024-09-01 05:38:22Z: Job unit-test completed with result: Failed
[2024-09-01 05:38:22Z INFO JobDispatcher] Stop renew job request for job 0e10f8dd-85b5-5bee-19c6-47fc7db6f171.
[2024-09-01 05:38:22Z INFO JobDispatcher] job renew has been cancelled, stop renew job request 2.
[2024-09-01 05:38:22Z INFO JobNotification] Entering JobCompleted Notification
[2024-09-01 05:38:22Z INFO JobNotification] Entering EndMonitor
[2024-09-01 05:38:22Z INFO MessageListener] Received job status event. JobState: Online
[2024-09-01 05:39:08Z INFO MessageListener] BrokerMigration message received. Polling Broker for messages...
[2024-09-01 05:39:29Z INFO Terminal] WRITE LINE: Exiting...
[2024-09-01 05:39:29Z INFO ConfigurationStore] IsServiceConfigured()
[2024-09-01 05:39:29Z INFO ConfigurationStore] IsServiceConfigured: False
[2024-09-01 05:39:29Z INFO HostContext] Runner will be shutdown for UserCancelled
[2024-09-01 05:39:29Z WARN GitHubActionsService] GET request to https://broker.actions.githubusercontent.com/message?sessionId=e9fbe37f-7d3c-4b64-975c-8c7d27e06661&status=Online&runnerVersion=2.319.1&os=Linux&architecture=X64&disableUpdate=false has been cancelled.
[2024-09-01 05:39:29Z ERR  BrokerServer] Catch exception during request
[2024-09-01 05:39:29Z ERR  BrokerServer] System.Threading.Tasks.TaskCanceledException: The operation was canceled.
 ---> System.IO.IOException: Unable to read data from the transport connection: Operation canceled.
 ---> System.Net.Sockets.SocketException (125): Operation canceled
   --- End of inner exception stack trace ---
   at System.Net.Sockets.Socket.AwaitableSocketAsyncEventArgs.ThrowException(SocketError error, CancellationToken cancellationToken)
   at System.Net.Sockets.Socket.AwaitableSocketAsyncEventArgs.System.Threading.Tasks.Sources.IValueTaskSource<System.Int32>.GetResult(Int16 token)
   at System.Net.Security.SslStream.EnsureFullTlsFrameAsync[TIOAdapter](TIOAdapter adapter)
   at System.Net.Security.SslStream.ReadAsyncInternal[TIOAdapter](TIOAdapter adapter, Memory`1 buffer)
   at System.Net.Http.HttpConnection.SendAsyncCore(HttpRequestMessage request, Boolean async, CancellationToken cancellationToken)
   --- End of inner exception stack trace ---
   at System.Net.Http.HttpClient.HandleFailure(Exception e, Boolean telemetryStarted, HttpResponseMessage response, CancellationTokenSource cts, CancellationToken cancellationToken, CancellationTokenSource pendingRequestsCts)
   at System.Net.Http.HttpClient.<SendAsync>g__Core|83_0(HttpRequestMessage request, HttpCompletionOption completionOption, CancellationTokenSource cts, Boolean disposeCts, CancellationTokenSource pendingRequestsCts, CancellationToken originalCancellationToken)
   at Sdk.WebApi.WebApi.RawHttpClientBase.SendAsync(HttpRequestMessage message, HttpCompletionOption completionOption, Object userState, CancellationToken cancellationToken)
   at Sdk.WebApi.WebApi.RawHttpClientBase.SendAsync[T](HttpRequestMessage message, Boolean readErrorBody, Object userState, CancellationToken cancellationToken)
   at Sdk.WebApi.WebApi.RawHttpClientBase.SendAsync[T](HttpMethod method, IEnumerable`1 additionalHeaders, Uri requestUri, HttpContent content, IEnumerable`1 queryParameters, Boolean readErrorBody, Object userState, CancellationToken cancellationToken)
   at GitHub.Actions.RunService.WebApi.BrokerHttpClient.GetRunnerMessageAsync(Nullable`1 sessionId, String runnerVersion, Nullable`1 status, String os, String architecture, Nullable`1 disableUpdate, CancellationToken cancellationToken)
   at GitHub.Runner.Common.BrokerServer.<>c__DisplayClass7_0.<<GetRunnerMessageAsync>b__0>d.MoveNext()
--- End of stack trace from previous location ---
   at GitHub.Runner.Common.RunnerService.RetryRequest[T](Func`1 func, CancellationToken cancellationToken, Int32 maxRetryAttemptsCount, Func`2 shouldRetry)
[2024-09-01 05:39:29Z ERR  BrokerServer] #####################################################
[2024-09-01 05:39:29Z ERR  BrokerServer] System.IO.IOException: Unable to read data from the transport connection: Operation canceled.
 ---> System.Net.Sockets.SocketException (125): Operation canceled
   --- End of inner exception stack trace ---
   at System.Net.Sockets.Socket.AwaitableSocketAsyncEventArgs.ThrowException(SocketError error, CancellationToken cancellationToken)
   at System.Net.Sockets.Socket.AwaitableSocketAsyncEventArgs.System.Threading.Tasks.Sources.IValueTaskSource<System.Int32>.GetResult(Int16 token)
   at System.Net.Security.SslStream.EnsureFullTlsFrameAsync[TIOAdapter](TIOAdapter adapter)
   at System.Net.Security.SslStream.ReadAsyncInternal[TIOAdapter](TIOAdapter adapter, Memory`1 buffer)
   at System.Net.Http.HttpConnection.SendAsyncCore(HttpRequestMessage request, Boolean async, CancellationToken cancellationToken)
[2024-09-01 05:39:29Z ERR  BrokerServer] #####################################################
[2024-09-01 05:39:29Z ERR  BrokerServer] System.Net.Sockets.SocketException (125): Operation canceled
[2024-09-01 05:39:29Z WARN BrokerServer] Back off 6.037 seconds before next retry. 4 attempt left.
[2024-09-01 05:39:29Z INFO MessageListener] Get next message has been cancelled.
[2024-09-01 05:39:29Z INFO JobDispatcher] Shutting down JobDispatcher. Make sure all WorkerDispatcher has finished.
[2024-09-01 05:39:29Z INFO JobDispatcher] Ensure WorkerDispatcher for job 0e10f8dd-85b5-5bee-19c6-47fc7db6f171 run to finish, cancel any running job.
[2024-09-01 05:39:29Z INFO JobDispatcher] Job request 0e10f8dd-85b5-5bee-19c6-47fc7db6f171 processed succeed.
[2024-09-01 05:39:29Z INFO Runner] Deleting Runner Session...
[2024-09-01 05:39:29Z INFO Listener] Runner execution been cancelled.
