[2024-09-01 05:50:32Z INFO HostContext] No proxy settings were found based on environmental variables (http_proxy/https_proxy/HTTP_PROXY/HTTPS_PROXY)
[2024-09-01 05:50:32Z INFO HostContext] Well known directory 'Bin': '/home/spinoandraptos/Documents/assignment-1-spinoandraptos/actions-runner/bin'
[2024-09-01 05:50:32Z INFO HostContext] Well known directory 'Root': '/home/spinoandraptos/Documents/assignment-1-spinoandraptos/actions-runner'
[2024-09-01 05:50:32Z INFO HostContext] Well known config file 'Credentials': '/home/spinoandraptos/Documents/assignment-1-spinoandraptos/actions-runner/.credentials'
[2024-09-01 05:50:32Z INFO HostContext] Well known directory 'Bin': '/home/spinoandraptos/Documents/assignment-1-spinoandraptos/actions-runner/bin'
[2024-09-01 05:50:32Z INFO HostContext] Well known directory 'Root': '/home/spinoandraptos/Documents/assignment-1-spinoandraptos/actions-runner'
[2024-09-01 05:50:32Z INFO HostContext] Well known config file 'Runner': '/home/spinoandraptos/Documents/assignment-1-spinoandraptos/actions-runner/.runner'
[2024-09-01 05:50:32Z INFO Listener] Runner is built for Linux (X64) - linux-x64.
[2024-09-01 05:50:32Z INFO Listener] RuntimeInformation: Linux 6.8.0-40-generic #40~22.04.3-Ubuntu SMP PREEMPT_DYNAMIC Tue Jul 30 17:30:19 UTC 2.
[2024-09-01 05:50:32Z INFO Listener] Version: 2.319.1
[2024-09-01 05:50:32Z INFO Listener] Commit: bc6614c04d3ddc20e5ca5d5a87ae2b58dda322ec
[2024-09-01 05:50:32Z INFO Listener] Culture: en-SG
[2024-09-01 05:50:32Z INFO Listener] UI Culture: en-SG
[2024-09-01 05:50:32Z INFO HostContext] Well known directory 'Bin': '/home/spinoandraptos/Documents/assignment-1-spinoandraptos/actions-runner/bin'
[2024-09-01 05:50:32Z INFO HostContext] Well known directory 'Root': '/home/spinoandraptos/Documents/assignment-1-spinoandraptos/actions-runner'
[2024-09-01 05:50:32Z INFO Listener] Validating directory permissions for: '/home/spinoandraptos/Documents/assignment-1-spinoandraptos/actions-runner'
[2024-09-01 05:50:32Z INFO CommandLineParser] Parse
[2024-09-01 05:50:32Z INFO CommandLineParser] Parsing 1 args
[2024-09-01 05:50:32Z INFO CommandLineParser] parsing argument
[2024-09-01 05:50:32Z INFO CommandLineParser] HasArgs: False
[2024-09-01 05:50:32Z INFO CommandLineParser] Adding Command: run
[2024-09-01 05:50:32Z INFO Listener] Arguments parsed
[2024-09-01 05:50:32Z INFO Runner] ExecuteCommand
[2024-09-01 05:50:32Z INFO ConfigurationStore] currentAssemblyLocation: /home/spinoandraptos/Documents/assignment-1-spinoandraptos/actions-runner/bin/Runner.Listener.dll
[2024-09-01 05:50:32Z INFO HostContext] Well known directory 'Bin': '/home/spinoandraptos/Documents/assignment-1-spinoandraptos/actions-runner/bin'
[2024-09-01 05:50:32Z INFO ConfigurationStore] binPath: /home/spinoandraptos/Documents/assignment-1-spinoandraptos/actions-runner/bin
[2024-09-01 05:50:32Z INFO HostContext] Well known directory 'Bin': '/home/spinoandraptos/Documents/assignment-1-spinoandraptos/actions-runner/bin'
[2024-09-01 05:50:32Z INFO HostContext] Well known directory 'Root': '/home/spinoandraptos/Documents/assignment-1-spinoandraptos/actions-runner'
[2024-09-01 05:50:32Z INFO ConfigurationStore] RootFolder: /home/spinoandraptos/Documents/assignment-1-spinoandraptos/actions-runner
[2024-09-01 05:50:32Z INFO HostContext] Well known directory 'Bin': '/home/spinoandraptos/Documents/assignment-1-spinoandraptos/actions-runner/bin'
[2024-09-01 05:50:32Z INFO HostContext] Well known directory 'Root': '/home/spinoandraptos/Documents/assignment-1-spinoandraptos/actions-runner'
[2024-09-01 05:50:32Z INFO HostContext] Well known config file 'Runner': '/home/spinoandraptos/Documents/assignment-1-spinoandraptos/actions-runner/.runner'
[2024-09-01 05:50:32Z INFO ConfigurationStore] ConfigFilePath: /home/spinoandraptos/Documents/assignment-1-spinoandraptos/actions-runner/.runner
[2024-09-01 05:50:32Z INFO HostContext] Well known directory 'Bin': '/home/spinoandraptos/Documents/assignment-1-spinoandraptos/actions-runner/bin'
[2024-09-01 05:50:32Z INFO HostContext] Well known directory 'Root': '/home/spinoandraptos/Documents/assignment-1-spinoandraptos/actions-runner'
[2024-09-01 05:50:32Z INFO HostContext] Well known config file 'Credentials': '/home/spinoandraptos/Documents/assignment-1-spinoandraptos/actions-runner/.credentials'
[2024-09-01 05:50:32Z INFO ConfigurationStore] CredFilePath: /home/spinoandraptos/Documents/assignment-1-spinoandraptos/actions-runner/.credentials
[2024-09-01 05:50:32Z INFO HostContext] Well known directory 'Bin': '/home/spinoandraptos/Documents/assignment-1-spinoandraptos/actions-runner/bin'
[2024-09-01 05:50:32Z INFO HostContext] Well known directory 'Root': '/home/spinoandraptos/Documents/assignment-1-spinoandraptos/actions-runner'
[2024-09-01 05:50:32Z INFO HostContext] Well known config file 'MigratedCredentials': '/home/spinoandraptos/Documents/assignment-1-spinoandraptos/actions-runner/.credentials_migrated'
[2024-09-01 05:50:32Z INFO ConfigurationStore] MigratedCredFilePath: /home/spinoandraptos/Documents/assignment-1-spinoandraptos/actions-runner/.credentials_migrated
[2024-09-01 05:50:32Z INFO HostContext] Well known directory 'Bin': '/home/spinoandraptos/Documents/assignment-1-spinoandraptos/actions-runner/bin'
[2024-09-01 05:50:32Z INFO HostContext] Well known directory 'Root': '/home/spinoandraptos/Documents/assignment-1-spinoandraptos/actions-runner'
[2024-09-01 05:50:32Z INFO HostContext] Well known config file 'Service': '/home/spinoandraptos/Documents/assignment-1-spinoandraptos/actions-runner/.service'
[2024-09-01 05:50:32Z INFO ConfigurationStore] ServiceConfigFilePath: /home/spinoandraptos/Documents/assignment-1-spinoandraptos/actions-runner/.service
[2024-09-01 05:50:32Z INFO CommandSettings] Flag 'help': 'False'
[2024-09-01 05:50:32Z INFO CommandSettings] Flag 'version': 'False'
[2024-09-01 05:50:32Z INFO CommandSettings] Flag 'commit': 'False'
[2024-09-01 05:50:32Z INFO CommandSettings] Flag 'check': 'False'
[2024-09-01 05:50:32Z INFO CommandSettings] Command 'configure': 'False'
[2024-09-01 05:50:32Z INFO CommandSettings] Command 'remove': 'False'
[2024-09-01 05:50:32Z INFO CommandSettings] Command 'warmup': 'False'
[2024-09-01 05:50:32Z INFO ConfigurationManager] LoadSettings
[2024-09-01 05:50:32Z INFO ConfigurationStore] IsConfigured()
[2024-09-01 05:50:32Z INFO ConfigurationStore] IsConfigured: True
[2024-09-01 05:50:32Z INFO ConfigurationManager] Is configured: True
[2024-09-01 05:50:32Z INFO ConfigurationStore] Read setting file: 312 chars
[2024-09-01 05:50:32Z INFO ConfigurationManager] Settings Loaded
[2024-09-01 05:50:32Z INFO ConfigurationStore] IsServiceConfigured()
[2024-09-01 05:50:32Z INFO ConfigurationStore] IsServiceConfigured: False
[2024-09-01 05:50:32Z INFO CommandSettings] Command 'run': 'True'
[2024-09-01 05:50:32Z INFO ConfigurationStore] IsConfigured()
[2024-09-01 05:50:32Z INFO ConfigurationStore] IsConfigured: True
[2024-09-01 05:50:32Z INFO ConfigurationManager] Is configured: True
[2024-09-01 05:50:32Z INFO Runner] Could not parse the argument value '' for StartupType. Defaulting to Manual
[2024-09-01 05:50:32Z INFO Runner] Set runner startup type - Manual
[2024-09-01 05:50:32Z INFO CommandSettings] Flag 'once': 'False'
[2024-09-01 05:50:32Z INFO CommandSettings] Flag 'once': 'False'
[2024-09-01 05:50:32Z INFO Runner] RunAsync
[2024-09-01 05:50:32Z INFO ConfigurationManager] LoadSettings
[2024-09-01 05:50:32Z INFO ConfigurationStore] IsConfigured()
[2024-09-01 05:50:32Z INFO ConfigurationStore] IsConfigured: True
[2024-09-01 05:50:32Z INFO ConfigurationManager] Is configured: True
[2024-09-01 05:50:32Z INFO ConfigurationManager] Settings Loaded
[2024-09-01 05:50:32Z INFO MessageListener] {
  "AgentId": 2,
  "AgentName": "Ubuntu",
  "PoolId": 1,
  "PoolName": "Default",
  "ServerUrl": "https://pipelinesghubeus8.actions.githubusercontent.com/Y56YBF5KJ33FuMFWHvGDkHow1ze6lsmVxzxQLSD2H9W9HmvCKf/",
  "GitHubUrl": "https://github.com/cu-ecen-aeld/assignment-1-spinoandraptos",
  "WorkFolder": "_work"
}
[2024-09-01 05:50:32Z INFO MessageListener] Loading Credentials
[2024-09-01 05:50:32Z INFO ConfigurationStore] HasCredentials()
[2024-09-01 05:50:32Z INFO ConfigurationStore] stored True
[2024-09-01 05:50:32Z INFO CredentialManager] GetCredentialProvider
[2024-09-01 05:50:32Z INFO CredentialManager] Creating type OAuth
[2024-09-01 05:50:32Z INFO CredentialManager] Creating credential type: OAuth
[2024-09-01 05:50:32Z INFO HostContext] Well known directory 'Bin': '/home/spinoandraptos/Documents/assignment-1-spinoandraptos/actions-runner/bin'
[2024-09-01 05:50:32Z INFO HostContext] Well known directory 'Root': '/home/spinoandraptos/Documents/assignment-1-spinoandraptos/actions-runner'
[2024-09-01 05:50:32Z INFO HostContext] Well known config file 'RSACredentials': '/home/spinoandraptos/Documents/assignment-1-spinoandraptos/actions-runner/.credentials_rsaparams'
[2024-09-01 05:50:32Z INFO RSAFileKeyManager] Loading RSA key parameters from file /home/spinoandraptos/Documents/assignment-1-spinoandraptos/actions-runner/.credentials_rsaparams
[2024-09-01 05:50:32Z INFO MessageListener] Attempt to create session.
[2024-09-01 05:50:32Z INFO MessageListener] Connecting to the Runner Server...
[2024-09-01 05:50:32Z INFO RunnerServer] EstablishVssConnection
[2024-09-01 05:50:32Z INFO RunnerServer] Establish connection with 100 seconds timeout.
[2024-09-01 05:50:33Z INFO GitHubActionsService] Starting operation Location.GetConnectionData
[2024-09-01 05:50:33Z INFO RunnerServer] EstablishVssConnection
[2024-09-01 05:50:33Z INFO RunnerServer] Establish connection with 60 seconds timeout.
[2024-09-01 05:50:33Z INFO GitHubActionsService] Starting operation Location.GetConnectionData
[2024-09-01 05:50:33Z INFO RunnerServer] EstablishVssConnection
[2024-09-01 05:50:33Z INFO RunnerServer] Establish connection with 60 seconds timeout.
[2024-09-01 05:50:33Z INFO GitHubActionsService] Starting operation Location.GetConnectionData
[2024-09-01 05:50:33Z INFO GitHubActionsService] Finished operation Location.GetConnectionData
[2024-09-01 05:50:33Z INFO GitHubActionsService] Finished operation Location.GetConnectionData
[2024-09-01 05:50:33Z INFO GitHubActionsService] Finished operation Location.GetConnectionData
[2024-09-01 05:50:33Z INFO MessageListener] VssConnection created
[2024-09-01 05:50:33Z INFO Terminal] WRITE LINE: 
[2024-09-01 05:50:33Z INFO Terminal] WRITE LINE: 
[2024-09-01 05:50:34Z INFO RSAFileKeyManager] Loading RSA key parameters from file /home/spinoandraptos/Documents/assignment-1-spinoandraptos/actions-runner/.credentials_rsaparams
[2024-09-01 05:50:34Z INFO RSAFileKeyManager] Loading RSA key parameters from file /home/spinoandraptos/Documents/assignment-1-spinoandraptos/actions-runner/.credentials_rsaparams
[2024-09-01 05:50:34Z INFO GitHubActionsService] AAD Correlation ID for this token request: Unknown
[2024-09-01 05:50:34Z INFO MessageListener] Session created.
[2024-09-01 05:50:34Z INFO Terminal] WRITE LINE: Current runner version: '2.319.1'
[2024-09-01 05:50:34Z INFO Terminal] WRITE LINE: 2024-09-01 05:50:34Z: Listening for Jobs
[2024-09-01 05:50:34Z INFO JobDispatcher] Set runner/worker IPC timeout to 30 seconds.
[2024-09-01 05:50:34Z INFO MessageListener] BrokerMigration message received. Polling Broker for messages...
[2024-09-01 05:50:34Z INFO RSAFileKeyManager] Loading RSA key parameters from file /home/spinoandraptos/Documents/assignment-1-spinoandraptos/actions-runner/.credentials_rsaparams
[2024-09-01 05:50:34Z INFO GitHubActionsService] AAD Correlation ID for this token request: Unknown
[2024-09-01 05:51:25Z INFO MessageListener] BrokerMigration message received. Polling Broker for messages...
[2024-09-01 05:51:34Z INFO MessageListener] Message '4398632586030124619' received from session 'e6743c42-9627-46f5-a77d-532fca6fb53e'.
[2024-09-01 05:51:34Z INFO ConfigurationStore] HasCredentials()
[2024-09-01 05:51:34Z INFO ConfigurationStore] stored True
[2024-09-01 05:51:34Z INFO CredentialManager] GetCredentialProvider
[2024-09-01 05:51:34Z INFO CredentialManager] Creating type OAuth
[2024-09-01 05:51:34Z INFO CredentialManager] Creating credential type: OAuth
[2024-09-01 05:51:34Z INFO RSAFileKeyManager] Loading RSA key parameters from file /home/spinoandraptos/Documents/assignment-1-spinoandraptos/actions-runner/.credentials_rsaparams
[2024-09-01 05:51:34Z INFO ActionsRunServer] EstablishVssConnection
[2024-09-01 05:51:34Z INFO ActionsRunServer] Establish connection with 100 seconds timeout.
[2024-09-01 05:51:34Z INFO GitHubActionsService] Starting operation Location.GetConnectionData
[2024-09-01 05:51:34Z INFO GitHubActionsService] Finished operation Location.GetConnectionData
[2024-09-01 05:51:34Z INFO RSAFileKeyManager] Loading RSA key parameters from file /home/spinoandraptos/Documents/assignment-1-spinoandraptos/actions-runner/.credentials_rsaparams
[2024-09-01 05:51:34Z INFO RSAFileKeyManager] Loading RSA key parameters from file /home/spinoandraptos/Documents/assignment-1-spinoandraptos/actions-runner/.credentials_rsaparams
[2024-09-01 05:51:35Z INFO GitHubActionsService] AAD Correlation ID for this token request: Unknown
[2024-09-01 05:51:35Z INFO JobDispatcher] Job request 5 for plan 5e43cb4d-89ca-432d-ba7e-04908038ac3a job 0e10f8dd-85b5-5bee-19c6-47fc7db6f171 received.
[2024-09-01 05:51:35Z INFO JobDispatcher] Pull OrchestrationId 5e43cb4d-89ca-432d-ba7e-04908038ac3a.unit-test.__default from JWT claims
[2024-09-01 05:51:35Z INFO MessageListener] Received job status event. JobState: Busy
[2024-09-01 05:51:35Z INFO MessageListener] _getMessagesTokenSource is already disposed.
[2024-09-01 05:51:35Z INFO Terminal] WRITE LINE: 2024-09-01 05:51:35Z: Running job: unit-test
[2024-09-01 05:51:35Z INFO JobDispatcher] Start renew job request 5 for job 0e10f8dd-85b5-5bee-19c6-47fc7db6f171.
[2024-09-01 05:51:35Z INFO JobDispatcher] Successfully renew job request 5, job is valid till 1/9/2024 6:02:35 am
[2024-09-01 05:51:35Z INFO HostContext] Well known directory 'Bin': '/home/spinoandraptos/Documents/assignment-1-spinoandraptos/actions-runner/bin'
[2024-09-01 05:51:35Z INFO ProcessInvokerWrapper] Starting process:
[2024-09-01 05:51:35Z INFO ProcessInvokerWrapper]   File name: '/home/spinoandraptos/Documents/assignment-1-spinoandraptos/actions-runner/bin/Runner.Worker'
[2024-09-01 05:51:35Z INFO ProcessInvokerWrapper]   Arguments: 'spawnclient 109 112'
[2024-09-01 05:51:35Z INFO ProcessInvokerWrapper]   Working directory: '/home/spinoandraptos/Documents/assignment-1-spinoandraptos/actions-runner/bin'
[2024-09-01 05:51:35Z INFO ProcessInvokerWrapper]   Require exit code zero: 'False'
[2024-09-01 05:51:35Z INFO ProcessInvokerWrapper]   Encoding web name:  ; code page: ''
[2024-09-01 05:51:35Z INFO ProcessInvokerWrapper]   Force kill process on cancellation: 'True'
[2024-09-01 05:51:35Z INFO ProcessInvokerWrapper]   Redirected STDIN: 'False'
[2024-09-01 05:51:35Z INFO ProcessInvokerWrapper]   Persist current code page: 'False'
[2024-09-01 05:51:35Z INFO ProcessInvokerWrapper]   Keep redirected STDIN open: 'False'
[2024-09-01 05:51:35Z INFO ProcessInvokerWrapper]   High priority process: 'True'
[2024-09-01 05:51:35Z INFO ProcessInvokerWrapper] Process started with process id 4381, waiting for process exit.
[2024-09-01 05:51:35Z INFO JobDispatcher] Send job request message to worker for job 0e10f8dd-85b5-5bee-19c6-47fc7db6f171.
[2024-09-01 05:51:35Z INFO ProcessChannel] Sending message of length 26300, with hash 'aad501baf2aa38c68254d98c56f4164820435b41fc121eca826a589a5d900ae2'
[2024-09-01 05:51:35Z INFO JobNotification] Entering JobStarted Notification
[2024-09-01 05:51:35Z INFO JobNotification] Entering StartMonitor
[2024-09-01 05:51:36Z INFO MessageListener] BrokerMigration message received. Polling Broker for messages...
[2024-09-01 05:51:41Z INFO ProcessInvokerWrapper] STDOUT/STDERR stream read finished.
[2024-09-01 05:51:41Z INFO ProcessInvokerWrapper] STDOUT/STDERR stream read finished.
[2024-09-01 05:51:41Z INFO ProcessInvokerWrapper] Finished process 4381 with exit code 102, and elapsed time 00:00:05.9833431.
[2024-09-01 05:51:41Z INFO JobDispatcher] Worker finished for job 0e10f8dd-85b5-5bee-19c6-47fc7db6f171. Code: 102
[2024-09-01 05:51:41Z INFO JobDispatcher] finish job request for job 0e10f8dd-85b5-5bee-19c6-47fc7db6f171 with result: Failed
[2024-09-01 05:51:41Z INFO Terminal] WRITE LINE: 2024-09-01 05:51:41Z: Job unit-test completed with result: Failed
[2024-09-01 05:51:41Z INFO JobDispatcher] Stop renew job request for job 0e10f8dd-85b5-5bee-19c6-47fc7db6f171.
[2024-09-01 05:51:41Z INFO JobDispatcher] job renew has been cancelled, stop renew job request 5.
[2024-09-01 05:51:41Z INFO JobNotification] Entering JobCompleted Notification
[2024-09-01 05:51:41Z INFO JobNotification] Entering EndMonitor
[2024-09-01 05:51:41Z INFO MessageListener] Received job status event. JobState: Online
[2024-09-01 05:51:42Z INFO MessageListener] Message '3075377693344513450' received from session 'e6743c42-9627-46f5-a77d-532fca6fb53e'.
[2024-09-01 05:51:42Z INFO ConfigurationStore] HasCredentials()
[2024-09-01 05:51:42Z INFO ConfigurationStore] stored True
[2024-09-01 05:51:42Z INFO CredentialManager] GetCredentialProvider
[2024-09-01 05:51:42Z INFO CredentialManager] Creating type OAuth
[2024-09-01 05:51:42Z INFO CredentialManager] Creating credential type: OAuth
[2024-09-01 05:51:42Z INFO RSAFileKeyManager] Loading RSA key parameters from file /home/spinoandraptos/Documents/assignment-1-spinoandraptos/actions-runner/.credentials_rsaparams
[2024-09-01 05:51:42Z INFO ActionsRunServer] EstablishVssConnection
[2024-09-01 05:51:42Z INFO ActionsRunServer] Establish connection with 100 seconds timeout.
[2024-09-01 05:51:42Z INFO GitHubActionsService] Starting operation Location.GetConnectionData
[2024-09-01 05:51:42Z INFO GitHubActionsService] Finished operation Location.GetConnectionData
[2024-09-01 05:51:42Z INFO RSAFileKeyManager] Loading RSA key parameters from file /home/spinoandraptos/Documents/assignment-1-spinoandraptos/actions-runner/.credentials_rsaparams
[2024-09-01 05:51:42Z INFO RSAFileKeyManager] Loading RSA key parameters from file /home/spinoandraptos/Documents/assignment-1-spinoandraptos/actions-runner/.credentials_rsaparams
[2024-09-01 05:51:42Z INFO GitHubActionsService] AAD Correlation ID for this token request: Unknown
[2024-09-01 05:51:43Z INFO JobDispatcher] Job request 6 for plan 5e43cb4d-89ca-432d-ba7e-04908038ac3a job a047640a-23da-5e9b-1ef8-917a09b3753a received.
[2024-09-01 05:51:43Z INFO JobDispatcher] Pull OrchestrationId 5e43cb4d-89ca-432d-ba7e-04908038ac3a.full-test.__default from JWT claims
[2024-09-01 05:51:43Z INFO MessageListener] Received job status event. JobState: Busy
[2024-09-01 05:51:43Z INFO MessageListener] _getMessagesTokenSource is already disposed.
[2024-09-01 05:51:43Z INFO JobDispatcher] Job request 0e10f8dd-85b5-5bee-19c6-47fc7db6f171 processed succeed.
[2024-09-01 05:51:43Z INFO Terminal] WRITE LINE: 2024-09-01 05:51:43Z: Running job: full-test
[2024-09-01 05:51:43Z INFO JobDispatcher] Start renew job request 6 for job a047640a-23da-5e9b-1ef8-917a09b3753a.
[2024-09-01 05:51:43Z INFO JobDispatcher] Successfully renew job request 6, job is valid till 1/9/2024 6:02:43 am
[2024-09-01 05:51:43Z INFO HostContext] Well known directory 'Bin': '/home/spinoandraptos/Documents/assignment-1-spinoandraptos/actions-runner/bin'
[2024-09-01 05:51:43Z INFO ProcessInvokerWrapper] Starting process:
[2024-09-01 05:51:43Z INFO ProcessInvokerWrapper]   File name: '/home/spinoandraptos/Documents/assignment-1-spinoandraptos/actions-runner/bin/Runner.Worker'
[2024-09-01 05:51:43Z INFO ProcessInvokerWrapper]   Arguments: 'spawnclient 110 114'
[2024-09-01 05:51:43Z INFO ProcessInvokerWrapper]   Working directory: '/home/spinoandraptos/Documents/assignment-1-spinoandraptos/actions-runner/bin'
[2024-09-01 05:51:43Z INFO ProcessInvokerWrapper]   Require exit code zero: 'False'
[2024-09-01 05:51:43Z INFO ProcessInvokerWrapper]   Encoding web name:  ; code page: ''
[2024-09-01 05:51:43Z INFO ProcessInvokerWrapper]   Force kill process on cancellation: 'True'
[2024-09-01 05:51:43Z INFO ProcessInvokerWrapper]   Redirected STDIN: 'False'
[2024-09-01 05:51:43Z INFO ProcessInvokerWrapper]   Persist current code page: 'False'
[2024-09-01 05:51:43Z INFO ProcessInvokerWrapper]   Keep redirected STDIN open: 'False'
[2024-09-01 05:51:43Z INFO ProcessInvokerWrapper]   High priority process: 'True'
[2024-09-01 05:51:43Z INFO ProcessInvokerWrapper] Process started with process id 4425, waiting for process exit.
[2024-09-01 05:51:43Z INFO JobDispatcher] Send job request message to worker for job a047640a-23da-5e9b-1ef8-917a09b3753a.
[2024-09-01 05:51:43Z INFO ProcessChannel] Sending message of length 26302, with hash '296e8dbbce57816647cb88c8208763687cd19359f34ff9fe256099634108944e'
[2024-09-01 05:51:43Z INFO JobNotification] Entering JobStarted Notification
[2024-09-01 05:51:43Z INFO JobNotification] Entering StartMonitor
[2024-09-01 05:51:44Z INFO MessageListener] BrokerMigration message received. Polling Broker for messages...
[2024-09-01 05:51:48Z INFO ProcessInvokerWrapper] STDOUT/STDERR stream read finished.
[2024-09-01 05:51:48Z INFO ProcessInvokerWrapper] STDOUT/STDERR stream read finished.
[2024-09-01 05:51:48Z INFO ProcessInvokerWrapper] Finished process 4425 with exit code 102, and elapsed time 00:00:05.4994108.
[2024-09-01 05:51:48Z INFO JobDispatcher] Worker finished for job a047640a-23da-5e9b-1ef8-917a09b3753a. Code: 102
[2024-09-01 05:51:48Z INFO JobDispatcher] finish job request for job a047640a-23da-5e9b-1ef8-917a09b3753a with result: Failed
[2024-09-01 05:51:48Z INFO Terminal] WRITE LINE: 2024-09-01 05:51:48Z: Job full-test completed with result: Failed
[2024-09-01 05:51:48Z INFO JobDispatcher] Stop renew job request for job a047640a-23da-5e9b-1ef8-917a09b3753a.
[2024-09-01 05:51:48Z INFO JobDispatcher] job renew has been cancelled, stop renew job request 6.
[2024-09-01 05:51:48Z INFO JobNotification] Entering JobCompleted Notification
[2024-09-01 05:51:48Z INFO JobNotification] Entering EndMonitor
[2024-09-01 05:51:48Z INFO MessageListener] Received job status event. JobState: Online
[2024-09-01 05:52:06Z INFO MessageListener] Message '969537555754443514' received from session 'e6743c42-9627-46f5-a77d-532fca6fb53e'.
[2024-09-01 05:52:06Z INFO ConfigurationStore] HasCredentials()
[2024-09-01 05:52:06Z INFO ConfigurationStore] stored True
[2024-09-01 05:52:06Z INFO CredentialManager] GetCredentialProvider
[2024-09-01 05:52:06Z INFO CredentialManager] Creating type OAuth
[2024-09-01 05:52:06Z INFO CredentialManager] Creating credential type: OAuth
[2024-09-01 05:52:06Z INFO RSAFileKeyManager] Loading RSA key parameters from file /home/spinoandraptos/Documents/assignment-1-spinoandraptos/actions-runner/.credentials_rsaparams
[2024-09-01 05:52:06Z INFO ActionsRunServer] EstablishVssConnection
[2024-09-01 05:52:06Z INFO ActionsRunServer] Establish connection with 100 seconds timeout.
[2024-09-01 05:52:06Z INFO GitHubActionsService] Starting operation Location.GetConnectionData
[2024-09-01 05:52:06Z INFO GitHubActionsService] Finished operation Location.GetConnectionData
[2024-09-01 05:52:06Z INFO RSAFileKeyManager] Loading RSA key parameters from file /home/spinoandraptos/Documents/assignment-1-spinoandraptos/actions-runner/.credentials_rsaparams
[2024-09-01 05:52:06Z INFO RSAFileKeyManager] Loading RSA key parameters from file /home/spinoandraptos/Documents/assignment-1-spinoandraptos/actions-runner/.credentials_rsaparams
[2024-09-01 05:52:07Z INFO GitHubActionsService] AAD Correlation ID for this token request: Unknown
[2024-09-01 05:52:07Z INFO JobDispatcher] Job request 7 for plan 89d995db-ab18-4571-9a0f-1327234bb4ae job a047640a-23da-5e9b-1ef8-917a09b3753a received.
[2024-09-01 05:52:07Z INFO JobDispatcher] Pull OrchestrationId 89d995db-ab18-4571-9a0f-1327234bb4ae.full-test.__default from JWT claims
[2024-09-01 05:52:07Z INFO MessageListener] Received job status event. JobState: Busy
[2024-09-01 05:52:07Z INFO MessageListener] _getMessagesTokenSource is already disposed.
[2024-09-01 05:52:07Z INFO JobDispatcher] Job request a047640a-23da-5e9b-1ef8-917a09b3753a processed succeed.
[2024-09-01 05:52:07Z INFO Terminal] WRITE LINE: 2024-09-01 05:52:07Z: Running job: full-test
[2024-09-01 05:52:07Z INFO JobDispatcher] Start renew job request 7 for job a047640a-23da-5e9b-1ef8-917a09b3753a.
[2024-09-01 05:52:07Z INFO JobDispatcher] Successfully renew job request 7, job is valid till 1/9/2024 6:03:07 am
[2024-09-01 05:52:07Z INFO HostContext] Well known directory 'Bin': '/home/spinoandraptos/Documents/assignment-1-spinoandraptos/actions-runner/bin'
[2024-09-01 05:52:07Z INFO ProcessInvokerWrapper] Starting process:
[2024-09-01 05:52:07Z INFO ProcessInvokerWrapper]   File name: '/home/spinoandraptos/Documents/assignment-1-spinoandraptos/actions-runner/bin/Runner.Worker'
[2024-09-01 05:52:07Z INFO ProcessInvokerWrapper]   Arguments: 'spawnclient 110 114'
[2024-09-01 05:52:07Z INFO ProcessInvokerWrapper]   Working directory: '/home/spinoandraptos/Documents/assignment-1-spinoandraptos/actions-runner/bin'
[2024-09-01 05:52:07Z INFO ProcessInvokerWrapper]   Require exit code zero: 'False'
[2024-09-01 05:52:07Z INFO ProcessInvokerWrapper]   Encoding web name:  ; code page: ''
[2024-09-01 05:52:07Z INFO ProcessInvokerWrapper]   Force kill process on cancellation: 'True'
[2024-09-01 05:52:07Z INFO ProcessInvokerWrapper]   Redirected STDIN: 'False'
[2024-09-01 05:52:07Z INFO ProcessInvokerWrapper]   Persist current code page: 'False'
[2024-09-01 05:52:07Z INFO ProcessInvokerWrapper]   Keep redirected STDIN open: 'False'
[2024-09-01 05:52:07Z INFO ProcessInvokerWrapper]   High priority process: 'True'
[2024-09-01 05:52:07Z INFO ProcessInvokerWrapper] Process started with process id 4479, waiting for process exit.
[2024-09-01 05:52:07Z INFO JobDispatcher] Send job request message to worker for job a047640a-23da-5e9b-1ef8-917a09b3753a.
[2024-09-01 05:52:07Z INFO ProcessChannel] Sending message of length 39981, with hash '93a1a019418469f79a9720187a608c57ba45bb429ee311a16ff1623ec22ee2d4'
[2024-09-01 05:52:07Z INFO JobNotification] Entering JobStarted Notification
[2024-09-01 05:52:07Z INFO JobNotification] Entering StartMonitor
[2024-09-01 05:52:08Z INFO MessageListener] BrokerMigration message received. Polling Broker for messages...
[2024-09-01 05:52:12Z INFO ProcessInvokerWrapper] STDOUT/STDERR stream read finished.
[2024-09-01 05:52:12Z INFO ProcessInvokerWrapper] STDOUT/STDERR stream read finished.
[2024-09-01 05:52:12Z INFO ProcessInvokerWrapper] Finished process 4479 with exit code 102, and elapsed time 00:00:05.5317976.
[2024-09-01 05:52:12Z INFO JobDispatcher] Worker finished for job a047640a-23da-5e9b-1ef8-917a09b3753a. Code: 102
[2024-09-01 05:52:12Z INFO JobDispatcher] finish job request for job a047640a-23da-5e9b-1ef8-917a09b3753a with result: Failed
[2024-09-01 05:52:12Z INFO Terminal] WRITE LINE: 2024-09-01 05:52:12Z: Job full-test completed with result: Failed
[2024-09-01 05:52:12Z INFO JobDispatcher] Stop renew job request for job a047640a-23da-5e9b-1ef8-917a09b3753a.
[2024-09-01 05:52:12Z INFO JobDispatcher] job renew has been cancelled, stop renew job request 7.
[2024-09-01 05:52:12Z INFO JobNotification] Entering JobCompleted Notification
[2024-09-01 05:52:12Z INFO JobNotification] Entering EndMonitor
[2024-09-01 05:52:12Z INFO MessageListener] Received job status event. JobState: Online
[2024-09-01 05:52:13Z INFO MessageListener] Message '4650185506036285435' received from session 'e6743c42-9627-46f5-a77d-532fca6fb53e'.
[2024-09-01 05:52:13Z INFO ConfigurationStore] HasCredentials()
[2024-09-01 05:52:13Z INFO ConfigurationStore] stored True
[2024-09-01 05:52:13Z INFO CredentialManager] GetCredentialProvider
[2024-09-01 05:52:13Z INFO CredentialManager] Creating type OAuth
[2024-09-01 05:52:13Z INFO CredentialManager] Creating credential type: OAuth
[2024-09-01 05:52:13Z INFO RSAFileKeyManager] Loading RSA key parameters from file /home/spinoandraptos/Documents/assignment-1-spinoandraptos/actions-runner/.credentials_rsaparams
[2024-09-01 05:52:13Z INFO ActionsRunServer] EstablishVssConnection
[2024-09-01 05:52:13Z INFO ActionsRunServer] Establish connection with 100 seconds timeout.
[2024-09-01 05:52:13Z INFO GitHubActionsService] Starting operation Location.GetConnectionData
[2024-09-01 05:52:14Z INFO GitHubActionsService] Finished operation Location.GetConnectionData
[2024-09-01 05:52:14Z INFO RSAFileKeyManager] Loading RSA key parameters from file /home/spinoandraptos/Documents/assignment-1-spinoandraptos/actions-runner/.credentials_rsaparams
[2024-09-01 05:52:14Z INFO RSAFileKeyManager] Loading RSA key parameters from file /home/spinoandraptos/Documents/assignment-1-spinoandraptos/actions-runner/.credentials_rsaparams
[2024-09-01 05:52:14Z INFO GitHubActionsService] AAD Correlation ID for this token request: Unknown
[2024-09-01 05:52:14Z INFO JobDispatcher] Job request 8 for plan 89d995db-ab18-4571-9a0f-1327234bb4ae job 0e10f8dd-85b5-5bee-19c6-47fc7db6f171 received.
[2024-09-01 05:52:14Z INFO JobDispatcher] Pull OrchestrationId 89d995db-ab18-4571-9a0f-1327234bb4ae.unit-test.__default from JWT claims
[2024-09-01 05:52:14Z INFO MessageListener] Received job status event. JobState: Busy
[2024-09-01 05:52:14Z INFO MessageListener] _getMessagesTokenSource is already disposed.
[2024-09-01 05:52:14Z INFO JobDispatcher] Job request a047640a-23da-5e9b-1ef8-917a09b3753a processed succeed.
[2024-09-01 05:52:14Z INFO Terminal] WRITE LINE: 2024-09-01 05:52:14Z: Running job: unit-test
[2024-09-01 05:52:14Z INFO JobDispatcher] Start renew job request 8 for job 0e10f8dd-85b5-5bee-19c6-47fc7db6f171.
[2024-09-01 05:52:14Z INFO JobDispatcher] Successfully renew job request 8, job is valid till 1/9/2024 6:03:14 am
[2024-09-01 05:52:14Z INFO HostContext] Well known directory 'Bin': '/home/spinoandraptos/Documents/assignment-1-spinoandraptos/actions-runner/bin'
[2024-09-01 05:52:14Z INFO ProcessInvokerWrapper] Starting process:
[2024-09-01 05:52:14Z INFO ProcessInvokerWrapper]   File name: '/home/spinoandraptos/Documents/assignment-1-spinoandraptos/actions-runner/bin/Runner.Worker'
[2024-09-01 05:52:14Z INFO ProcessInvokerWrapper]   Arguments: 'spawnclient 111 115'
[2024-09-01 05:52:14Z INFO ProcessInvokerWrapper]   Working directory: '/home/spinoandraptos/Documents/assignment-1-spinoandraptos/actions-runner/bin'
[2024-09-01 05:52:14Z INFO ProcessInvokerWrapper]   Require exit code zero: 'False'
[2024-09-01 05:52:14Z INFO ProcessInvokerWrapper]   Encoding web name:  ; code page: ''
[2024-09-01 05:52:14Z INFO ProcessInvokerWrapper]   Force kill process on cancellation: 'True'
[2024-09-01 05:52:14Z INFO ProcessInvokerWrapper]   Redirected STDIN: 'False'
[2024-09-01 05:52:14Z INFO ProcessInvokerWrapper]   Persist current code page: 'False'
[2024-09-01 05:52:14Z INFO ProcessInvokerWrapper]   Keep redirected STDIN open: 'False'
[2024-09-01 05:52:14Z INFO ProcessInvokerWrapper]   High priority process: 'True'
[2024-09-01 05:52:14Z INFO ProcessInvokerWrapper] Process started with process id 4522, waiting for process exit.
[2024-09-01 05:52:14Z INFO JobDispatcher] Send job request message to worker for job 0e10f8dd-85b5-5bee-19c6-47fc7db6f171.
[2024-09-01 05:52:14Z INFO ProcessChannel] Sending message of length 39979, with hash 'a7aa10cc335065092070645337e08c78670479bd7e9acfcb1c6f0710917a8205'
[2024-09-01 05:52:15Z INFO JobNotification] Entering JobStarted Notification
[2024-09-01 05:52:15Z INFO JobNotification] Entering StartMonitor
[2024-09-01 05:52:15Z INFO MessageListener] BrokerMigration message received. Polling Broker for messages...
[2024-09-01 05:52:20Z INFO ProcessInvokerWrapper] STDOUT/STDERR stream read finished.
[2024-09-01 05:52:20Z INFO ProcessInvokerWrapper] STDOUT/STDERR stream read finished.
[2024-09-01 05:52:20Z INFO ProcessInvokerWrapper] Finished process 4522 with exit code 102, and elapsed time 00:00:05.8069946.
[2024-09-01 05:52:20Z INFO JobDispatcher] Worker finished for job 0e10f8dd-85b5-5bee-19c6-47fc7db6f171. Code: 102
[2024-09-01 05:52:20Z INFO JobDispatcher] finish job request for job 0e10f8dd-85b5-5bee-19c6-47fc7db6f171 with result: Failed
[2024-09-01 05:52:20Z INFO Terminal] WRITE LINE: 2024-09-01 05:52:20Z: Job unit-test completed with result: Failed
[2024-09-01 05:52:20Z INFO JobDispatcher] Stop renew job request for job 0e10f8dd-85b5-5bee-19c6-47fc7db6f171.
[2024-09-01 05:52:20Z INFO JobDispatcher] job renew has been cancelled, stop renew job request 8.
[2024-09-01 05:52:20Z INFO JobNotification] Entering JobCompleted Notification
[2024-09-01 05:52:20Z INFO JobNotification] Entering EndMonitor
[2024-09-01 05:52:20Z INFO MessageListener] Received job status event. JobState: Online
[2024-09-01 05:53:06Z INFO MessageListener] BrokerMigration message received. Polling Broker for messages...
[2024-09-01 05:53:39Z INFO Terminal] WRITE LINE: Exiting...
[2024-09-01 05:53:39Z INFO ConfigurationStore] IsServiceConfigured()
[2024-09-01 05:53:39Z INFO ConfigurationStore] IsServiceConfigured: False
[2024-09-01 05:53:39Z INFO HostContext] Runner will be shutdown for UserCancelled
[2024-09-01 05:53:39Z WARN GitHubActionsService] GET request to https://broker.actions.githubusercontent.com/message?sessionId=e6743c42-9627-46f5-a77d-532fca6fb53e&status=Online&runnerVersion=2.319.1&os=Linux&architecture=X64&disableUpdate=false has been cancelled.
[2024-09-01 05:53:39Z ERR  BrokerServer] Catch exception during request
[2024-09-01 05:53:39Z ERR  BrokerServer] System.Threading.Tasks.TaskCanceledException: The operation was canceled.
 ---> System.IO.IOException: Unable to read data from the transport connection: Operation canceled.
 ---> System.Net.Sockets.SocketException (125): Operation canceled
   --- End of inner exception stack trace ---
   at System.Net.Sockets.Socket.AwaitableSocketAsyncEventArgs.ThrowException(SocketError error, CancellationToken cancellationToken)
   at System.Net.Sockets.Socket.AwaitableSocketAsyncEventArgs.System.Threading.Tasks.Sources.IValueTaskSource<System.Int32>.GetResult(Int16 token)
   at System.Net.Security.SslStream.EnsureFullTlsFrameAsync[TIOAdapter](TIOAdapter adapter)
   at System.Net.Security.SslStream.ReadAsyncInternal[TIOAdapter](TIOAdapter adapter, Memory`1 buffer)
   at System.Net.Http.HttpConnection.SendAsyncCore(HttpRequestMessage request, Boolean async, CancellationToken cancellationToken)
   --- End of inner exception stack trace ---
   at System.Net.Http.HttpClient.HandleFailure(Exception e, Boolean telemetryStarted, HttpResponseMessage response, CancellationTokenSource cts, CancellationToken cancellationToken, CancellationTokenSource pendingRequestsCts)
   at System.Net.Http.HttpClient.<SendAsync>g__Core|83_0(HttpRequestMessage request, HttpCompletionOption completionOption, CancellationTokenSource cts, Boolean disposeCts, CancellationTokenSource pendingRequestsCts, CancellationToken originalCancellationToken)
   at Sdk.WebApi.WebApi.RawHttpClientBase.SendAsync(HttpRequestMessage message, HttpCompletionOption completionOption, Object userState, CancellationToken cancellationToken)
   at Sdk.WebApi.WebApi.RawHttpClientBase.SendAsync[T](HttpRequestMessage message, Boolean readErrorBody, Object userState, CancellationToken cancellationToken)
   at Sdk.WebApi.WebApi.RawHttpClientBase.SendAsync[T](HttpMethod method, IEnumerable`1 additionalHeaders, Uri requestUri, HttpContent content, IEnumerable`1 queryParameters, Boolean readErrorBody, Object userState, CancellationToken cancellationToken)
   at GitHub.Actions.RunService.WebApi.BrokerHttpClient.GetRunnerMessageAsync(Nullable`1 sessionId, String runnerVersion, Nullable`1 status, String os, String architecture, Nullable`1 disableUpdate, CancellationToken cancellationToken)
   at GitHub.Runner.Common.BrokerServer.<>c__DisplayClass7_0.<<GetRunnerMessageAsync>b__0>d.MoveNext()
--- End of stack trace from previous location ---
   at GitHub.Runner.Common.RunnerService.RetryRequest[T](Func`1 func, CancellationToken cancellationToken, Int32 maxRetryAttemptsCount, Func`2 shouldRetry)
[2024-09-01 05:53:39Z ERR  BrokerServer] #####################################################
[2024-09-01 05:53:39Z ERR  BrokerServer] System.IO.IOException: Unable to read data from the transport connection: Operation canceled.
 ---> System.Net.Sockets.SocketException (125): Operation canceled
   --- End of inner exception stack trace ---
   at System.Net.Sockets.Socket.AwaitableSocketAsyncEventArgs.ThrowException(SocketError error, CancellationToken cancellationToken)
   at System.Net.Sockets.Socket.AwaitableSocketAsyncEventArgs.System.Threading.Tasks.Sources.IValueTaskSource<System.Int32>.GetResult(Int16 token)
   at System.Net.Security.SslStream.EnsureFullTlsFrameAsync[TIOAdapter](TIOAdapter adapter)
   at System.Net.Security.SslStream.ReadAsyncInternal[TIOAdapter](TIOAdapter adapter, Memory`1 buffer)
   at System.Net.Http.HttpConnection.SendAsyncCore(HttpRequestMessage request, Boolean async, CancellationToken cancellationToken)
[2024-09-01 05:53:39Z ERR  BrokerServer] #####################################################
[2024-09-01 05:53:39Z ERR  BrokerServer] System.Net.Sockets.SocketException (125): Operation canceled
[2024-09-01 05:53:39Z WARN BrokerServer] Back off 10.42 seconds before next retry. 4 attempt left.
[2024-09-01 05:53:39Z INFO MessageListener] Get next message has been cancelled.
[2024-09-01 05:53:39Z INFO JobDispatcher] Shutting down JobDispatcher. Make sure all WorkerDispatcher has finished.
[2024-09-01 05:53:39Z INFO JobDispatcher] Ensure WorkerDispatcher for job 0e10f8dd-85b5-5bee-19c6-47fc7db6f171 run to finish, cancel any running job.
[2024-09-01 05:53:39Z INFO JobDispatcher] Job request 0e10f8dd-85b5-5bee-19c6-47fc7db6f171 processed succeed.
[2024-09-01 05:53:39Z INFO Runner] Deleting Runner Session...
[2024-09-01 05:53:39Z INFO Listener] Runner execution been cancelled.
