[2024-09-01 05:45:42Z INFO HostContext] No proxy settings were found based on environmental variables (http_proxy/https_proxy/HTTP_PROXY/HTTPS_PROXY)
[2024-09-01 05:45:42Z INFO HostContext] Well known directory 'Bin': '/home/spinoandraptos/Documents/assignment-1-spinoandraptos/actions-runner/bin'
[2024-09-01 05:45:42Z INFO HostContext] Well known directory 'Root': '/home/spinoandraptos/Documents/assignment-1-spinoandraptos/actions-runner'
[2024-09-01 05:45:42Z INFO HostContext] Well known config file 'Credentials': '/home/spinoandraptos/Documents/assignment-1-spinoandraptos/actions-runner/.credentials'
[2024-09-01 05:45:42Z INFO HostContext] Well known directory 'Bin': '/home/spinoandraptos/Documents/assignment-1-spinoandraptos/actions-runner/bin'
[2024-09-01 05:45:42Z INFO HostContext] Well known directory 'Root': '/home/spinoandraptos/Documents/assignment-1-spinoandraptos/actions-runner'
[2024-09-01 05:45:42Z INFO HostContext] Well known config file 'Runner': '/home/spinoandraptos/Documents/assignment-1-spinoandraptos/actions-runner/.runner'
[2024-09-01 05:45:42Z INFO Listener] Runner is built for Linux (X64) - linux-x64.
[2024-09-01 05:45:42Z INFO Listener] RuntimeInformation: Linux 6.8.0-40-generic #40~22.04.3-Ubuntu SMP PREEMPT_DYNAMIC Tue Jul 30 17:30:19 UTC 2.
[2024-09-01 05:45:42Z INFO Listener] Version: 2.319.1
[2024-09-01 05:45:42Z INFO Listener] Commit: bc6614c04d3ddc20e5ca5d5a87ae2b58dda322ec
[2024-09-01 05:45:42Z INFO Listener] Culture: en-SG
[2024-09-01 05:45:42Z INFO Listener] UI Culture: en-SG
[2024-09-01 05:45:42Z INFO HostContext] Well known directory 'Bin': '/home/spinoandraptos/Documents/assignment-1-spinoandraptos/actions-runner/bin'
[2024-09-01 05:45:42Z INFO HostContext] Well known directory 'Root': '/home/spinoandraptos/Documents/assignment-1-spinoandraptos/actions-runner'
[2024-09-01 05:45:42Z INFO Listener] Validating directory permissions for: '/home/spinoandraptos/Documents/assignment-1-spinoandraptos/actions-runner'
[2024-09-01 05:45:42Z INFO CommandLineParser] Parse
[2024-09-01 05:45:42Z INFO CommandLineParser] Parsing 1 args
[2024-09-01 05:45:42Z INFO CommandLineParser] parsing argument
[2024-09-01 05:45:42Z INFO CommandLineParser] HasArgs: False
[2024-09-01 05:45:42Z INFO CommandLineParser] Adding Command: run
[2024-09-01 05:45:42Z INFO Listener] Arguments parsed
[2024-09-01 05:45:42Z INFO Runner] ExecuteCommand
[2024-09-01 05:45:42Z INFO ConfigurationStore] currentAssemblyLocation: /home/spinoandraptos/Documents/assignment-1-spinoandraptos/actions-runner/bin/Runner.Listener.dll
[2024-09-01 05:45:42Z INFO HostContext] Well known directory 'Bin': '/home/spinoandraptos/Documents/assignment-1-spinoandraptos/actions-runner/bin'
[2024-09-01 05:45:42Z INFO ConfigurationStore] binPath: /home/spinoandraptos/Documents/assignment-1-spinoandraptos/actions-runner/bin
[2024-09-01 05:45:42Z INFO HostContext] Well known directory 'Bin': '/home/spinoandraptos/Documents/assignment-1-spinoandraptos/actions-runner/bin'
[2024-09-01 05:45:42Z INFO HostContext] Well known directory 'Root': '/home/spinoandraptos/Documents/assignment-1-spinoandraptos/actions-runner'
[2024-09-01 05:45:42Z INFO ConfigurationStore] RootFolder: /home/spinoandraptos/Documents/assignment-1-spinoandraptos/actions-runner
[2024-09-01 05:45:42Z INFO HostContext] Well known directory 'Bin': '/home/spinoandraptos/Documents/assignment-1-spinoandraptos/actions-runner/bin'
[2024-09-01 05:45:42Z INFO HostContext] Well known directory 'Root': '/home/spinoandraptos/Documents/assignment-1-spinoandraptos/actions-runner'
[2024-09-01 05:45:42Z INFO HostContext] Well known config file 'Runner': '/home/spinoandraptos/Documents/assignment-1-spinoandraptos/actions-runner/.runner'
[2024-09-01 05:45:42Z INFO ConfigurationStore] ConfigFilePath: /home/spinoandraptos/Documents/assignment-1-spinoandraptos/actions-runner/.runner
[2024-09-01 05:45:42Z INFO HostContext] Well known directory 'Bin': '/home/spinoandraptos/Documents/assignment-1-spinoandraptos/actions-runner/bin'
[2024-09-01 05:45:42Z INFO HostContext] Well known directory 'Root': '/home/spinoandraptos/Documents/assignment-1-spinoandraptos/actions-runner'
[2024-09-01 05:45:42Z INFO HostContext] Well known config file 'Credentials': '/home/spinoandraptos/Documents/assignment-1-spinoandraptos/actions-runner/.credentials'
[2024-09-01 05:45:42Z INFO ConfigurationStore] CredFilePath: /home/spinoandraptos/Documents/assignment-1-spinoandraptos/actions-runner/.credentials
[2024-09-01 05:45:42Z INFO HostContext] Well known directory 'Bin': '/home/spinoandraptos/Documents/assignment-1-spinoandraptos/actions-runner/bin'
[2024-09-01 05:45:42Z INFO HostContext] Well known directory 'Root': '/home/spinoandraptos/Documents/assignment-1-spinoandraptos/actions-runner'
[2024-09-01 05:45:42Z INFO HostContext] Well known config file 'MigratedCredentials': '/home/spinoandraptos/Documents/assignment-1-spinoandraptos/actions-runner/.credentials_migrated'
[2024-09-01 05:45:42Z INFO ConfigurationStore] MigratedCredFilePath: /home/spinoandraptos/Documents/assignment-1-spinoandraptos/actions-runner/.credentials_migrated
[2024-09-01 05:45:42Z INFO HostContext] Well known directory 'Bin': '/home/spinoandraptos/Documents/assignment-1-spinoandraptos/actions-runner/bin'
[2024-09-01 05:45:42Z INFO HostContext] Well known directory 'Root': '/home/spinoandraptos/Documents/assignment-1-spinoandraptos/actions-runner'
[2024-09-01 05:45:42Z INFO HostContext] Well known config file 'Service': '/home/spinoandraptos/Documents/assignment-1-spinoandraptos/actions-runner/.service'
[2024-09-01 05:45:42Z INFO ConfigurationStore] ServiceConfigFilePath: /home/spinoandraptos/Documents/assignment-1-spinoandraptos/actions-runner/.service
[2024-09-01 05:45:42Z INFO CommandSettings] Flag 'help': 'False'
[2024-09-01 05:45:42Z INFO CommandSettings] Flag 'version': 'False'
[2024-09-01 05:45:42Z INFO CommandSettings] Flag 'commit': 'False'
[2024-09-01 05:45:42Z INFO CommandSettings] Flag 'check': 'False'
[2024-09-01 05:45:42Z INFO CommandSettings] Command 'configure': 'False'
[2024-09-01 05:45:42Z INFO CommandSettings] Command 'remove': 'False'
[2024-09-01 05:45:42Z INFO CommandSettings] Command 'warmup': 'False'
[2024-09-01 05:45:42Z INFO ConfigurationManager] LoadSettings
[2024-09-01 05:45:42Z INFO ConfigurationStore] IsConfigured()
[2024-09-01 05:45:42Z INFO ConfigurationStore] IsConfigured: True
[2024-09-01 05:45:42Z INFO ConfigurationManager] Is configured: True
[2024-09-01 05:45:42Z INFO ConfigurationStore] Read setting file: 312 chars
[2024-09-01 05:45:42Z INFO ConfigurationManager] Settings Loaded
[2024-09-01 05:45:42Z INFO ConfigurationStore] IsServiceConfigured()
[2024-09-01 05:45:42Z INFO ConfigurationStore] IsServiceConfigured: False
[2024-09-01 05:45:42Z INFO CommandSettings] Command 'run': 'True'
[2024-09-01 05:45:42Z INFO ConfigurationStore] IsConfigured()
[2024-09-01 05:45:42Z INFO ConfigurationStore] IsConfigured: True
[2024-09-01 05:45:42Z INFO ConfigurationManager] Is configured: True
[2024-09-01 05:45:42Z INFO Runner] Could not parse the argument value '' for StartupType. Defaulting to Manual
[2024-09-01 05:45:42Z INFO Runner] Set runner startup type - Manual
[2024-09-01 05:45:42Z INFO CommandSettings] Flag 'once': 'False'
[2024-09-01 05:45:42Z INFO CommandSettings] Flag 'once': 'False'
[2024-09-01 05:45:42Z INFO Runner] RunAsync
[2024-09-01 05:45:42Z INFO ConfigurationManager] LoadSettings
[2024-09-01 05:45:42Z INFO ConfigurationStore] IsConfigured()
[2024-09-01 05:45:42Z INFO ConfigurationStore] IsConfigured: True
[2024-09-01 05:45:42Z INFO ConfigurationManager] Is configured: True
[2024-09-01 05:45:42Z INFO ConfigurationManager] Settings Loaded
[2024-09-01 05:45:42Z INFO MessageListener] {
  "AgentId": 2,
  "AgentName": "Ubuntu",
  "PoolId": 1,
  "PoolName": "Default",
  "ServerUrl": "https://pipelinesghubeus8.actions.githubusercontent.com/Y56YBF5KJ33FuMFWHvGDkHow1ze6lsmVxzxQLSD2H9W9HmvCKf/",
  "GitHubUrl": "https://github.com/cu-ecen-aeld/assignment-1-spinoandraptos",
  "WorkFolder": "_work"
}
[2024-09-01 05:45:42Z INFO MessageListener] Loading Credentials
[2024-09-01 05:45:42Z INFO ConfigurationStore] HasCredentials()
[2024-09-01 05:45:42Z INFO ConfigurationStore] stored True
[2024-09-01 05:45:42Z INFO CredentialManager] GetCredentialProvider
[2024-09-01 05:45:42Z INFO CredentialManager] Creating type OAuth
[2024-09-01 05:45:42Z INFO CredentialManager] Creating credential type: OAuth
[2024-09-01 05:45:42Z INFO HostContext] Well known directory 'Bin': '/home/spinoandraptos/Documents/assignment-1-spinoandraptos/actions-runner/bin'
[2024-09-01 05:45:42Z INFO HostContext] Well known directory 'Root': '/home/spinoandraptos/Documents/assignment-1-spinoandraptos/actions-runner'
[2024-09-01 05:45:42Z INFO HostContext] Well known config file 'RSACredentials': '/home/spinoandraptos/Documents/assignment-1-spinoandraptos/actions-runner/.credentials_rsaparams'
[2024-09-01 05:45:42Z INFO RSAFileKeyManager] Loading RSA key parameters from file /home/spinoandraptos/Documents/assignment-1-spinoandraptos/actions-runner/.credentials_rsaparams
[2024-09-01 05:45:42Z INFO MessageListener] Attempt to create session.
[2024-09-01 05:45:42Z INFO MessageListener] Connecting to the Runner Server...
[2024-09-01 05:45:42Z INFO RunnerServer] EstablishVssConnection
[2024-09-01 05:45:42Z INFO RunnerServer] Establish connection with 100 seconds timeout.
[2024-09-01 05:45:42Z INFO GitHubActionsService] Starting operation Location.GetConnectionData
[2024-09-01 05:45:42Z INFO RunnerServer] EstablishVssConnection
[2024-09-01 05:45:42Z INFO RunnerServer] Establish connection with 60 seconds timeout.
[2024-09-01 05:45:42Z INFO GitHubActionsService] Starting operation Location.GetConnectionData
[2024-09-01 05:45:42Z INFO RunnerServer] EstablishVssConnection
[2024-09-01 05:45:42Z INFO RunnerServer] Establish connection with 60 seconds timeout.
[2024-09-01 05:45:42Z INFO GitHubActionsService] Starting operation Location.GetConnectionData
[2024-09-01 05:45:42Z INFO GitHubActionsService] Finished operation Location.GetConnectionData
[2024-09-01 05:45:43Z INFO GitHubActionsService] Finished operation Location.GetConnectionData
[2024-09-01 05:45:43Z INFO GitHubActionsService] Finished operation Location.GetConnectionData
[2024-09-01 05:45:43Z INFO MessageListener] VssConnection created
[2024-09-01 05:45:43Z INFO Terminal] WRITE LINE: 
[2024-09-01 05:45:43Z INFO Terminal] WRITE LINE: 
[2024-09-01 05:45:43Z INFO RSAFileKeyManager] Loading RSA key parameters from file /home/spinoandraptos/Documents/assignment-1-spinoandraptos/actions-runner/.credentials_rsaparams
[2024-09-01 05:45:43Z INFO RSAFileKeyManager] Loading RSA key parameters from file /home/spinoandraptos/Documents/assignment-1-spinoandraptos/actions-runner/.credentials_rsaparams
[2024-09-01 05:45:43Z INFO GitHubActionsService] AAD Correlation ID for this token request: Unknown
[2024-09-01 05:45:43Z INFO MessageListener] Session created.
[2024-09-01 05:45:43Z INFO Terminal] WRITE LINE: Current runner version: '2.319.1'
[2024-09-01 05:45:43Z INFO Terminal] WRITE LINE: 2024-09-01 05:45:43Z: Listening for Jobs
[2024-09-01 05:45:43Z INFO JobDispatcher] Set runner/worker IPC timeout to 30 seconds.
[2024-09-01 05:45:43Z INFO MessageListener] BrokerMigration message received. Polling Broker for messages...
[2024-09-01 05:45:44Z INFO RSAFileKeyManager] Loading RSA key parameters from file /home/spinoandraptos/Documents/assignment-1-spinoandraptos/actions-runner/.credentials_rsaparams
[2024-09-01 05:45:44Z INFO GitHubActionsService] AAD Correlation ID for this token request: Unknown
[2024-09-01 05:46:34Z INFO MessageListener] BrokerMigration message received. Polling Broker for messages...
[2024-09-01 05:47:25Z INFO MessageListener] BrokerMigration message received. Polling Broker for messages...
[2024-09-01 05:48:09Z INFO MessageListener] Message '5728832141459950957' received from session '039ede99-18a7-4379-b4cc-310a7106dd75'.
[2024-09-01 05:48:09Z INFO ConfigurationStore] HasCredentials()
[2024-09-01 05:48:09Z INFO ConfigurationStore] stored True
[2024-09-01 05:48:09Z INFO CredentialManager] GetCredentialProvider
[2024-09-01 05:48:09Z INFO CredentialManager] Creating type OAuth
[2024-09-01 05:48:09Z INFO CredentialManager] Creating credential type: OAuth
[2024-09-01 05:48:09Z INFO RSAFileKeyManager] Loading RSA key parameters from file /home/spinoandraptos/Documents/assignment-1-spinoandraptos/actions-runner/.credentials_rsaparams
[2024-09-01 05:48:09Z INFO ActionsRunServer] EstablishVssConnection
[2024-09-01 05:48:09Z INFO ActionsRunServer] Establish connection with 100 seconds timeout.
[2024-09-01 05:48:09Z INFO GitHubActionsService] Starting operation Location.GetConnectionData
[2024-09-01 05:48:09Z INFO GitHubActionsService] Finished operation Location.GetConnectionData
[2024-09-01 05:48:09Z INFO RSAFileKeyManager] Loading RSA key parameters from file /home/spinoandraptos/Documents/assignment-1-spinoandraptos/actions-runner/.credentials_rsaparams
[2024-09-01 05:48:09Z INFO RSAFileKeyManager] Loading RSA key parameters from file /home/spinoandraptos/Documents/assignment-1-spinoandraptos/actions-runner/.credentials_rsaparams
[2024-09-01 05:48:09Z INFO GitHubActionsService] AAD Correlation ID for this token request: Unknown
[2024-09-01 05:48:10Z INFO JobDispatcher] Job request 3 for plan 78c8577d-18dc-4c4c-a5b5-a7e5cfb6a35d job 0e10f8dd-85b5-5bee-19c6-47fc7db6f171 received.
[2024-09-01 05:48:10Z INFO JobDispatcher] Pull OrchestrationId 78c8577d-18dc-4c4c-a5b5-a7e5cfb6a35d.unit-test.__default from JWT claims
[2024-09-01 05:48:10Z INFO MessageListener] Received job status event. JobState: Busy
[2024-09-01 05:48:10Z INFO MessageListener] _getMessagesTokenSource is already disposed.
[2024-09-01 05:48:10Z INFO Terminal] WRITE LINE: 2024-09-01 05:48:10Z: Running job: unit-test
[2024-09-01 05:48:10Z INFO JobDispatcher] Start renew job request 3 for job 0e10f8dd-85b5-5bee-19c6-47fc7db6f171.
[2024-09-01 05:48:10Z INFO JobDispatcher] Successfully renew job request 3, job is valid till 1/9/2024 5:58:53 am
[2024-09-01 05:48:10Z INFO HostContext] Well known directory 'Bin': '/home/spinoandraptos/Documents/assignment-1-spinoandraptos/actions-runner/bin'
[2024-09-01 05:48:10Z INFO ProcessInvokerWrapper] Starting process:
[2024-09-01 05:48:10Z INFO ProcessInvokerWrapper]   File name: '/home/spinoandraptos/Documents/assignment-1-spinoandraptos/actions-runner/bin/Runner.Worker'
[2024-09-01 05:48:10Z INFO ProcessInvokerWrapper]   Arguments: 'spawnclient 108 111'
[2024-09-01 05:48:10Z INFO ProcessInvokerWrapper]   Working directory: '/home/spinoandraptos/Documents/assignment-1-spinoandraptos/actions-runner/bin'
[2024-09-01 05:48:10Z INFO ProcessInvokerWrapper]   Require exit code zero: 'False'
[2024-09-01 05:48:10Z INFO ProcessInvokerWrapper]   Encoding web name:  ; code page: ''
[2024-09-01 05:48:10Z INFO ProcessInvokerWrapper]   Force kill process on cancellation: 'True'
[2024-09-01 05:48:10Z INFO ProcessInvokerWrapper]   Redirected STDIN: 'False'
[2024-09-01 05:48:10Z INFO ProcessInvokerWrapper]   Persist current code page: 'False'
[2024-09-01 05:48:10Z INFO ProcessInvokerWrapper]   Keep redirected STDIN open: 'False'
[2024-09-01 05:48:10Z INFO ProcessInvokerWrapper]   High priority process: 'True'
[2024-09-01 05:48:10Z INFO ProcessInvokerWrapper] Process started with process id 56976, waiting for process exit.
[2024-09-01 05:48:10Z INFO JobDispatcher] Send job request message to worker for job 0e10f8dd-85b5-5bee-19c6-47fc7db6f171.
[2024-09-01 05:48:10Z INFO ProcessChannel] Sending message of length 26300, with hash '50034eed30932f0bca879a90aea86d9f1133952b521a32663ab6f5ff34712fa2'
[2024-09-01 05:48:10Z INFO JobNotification] Entering JobStarted Notification
[2024-09-01 05:48:10Z INFO JobNotification] Entering StartMonitor
[2024-09-01 05:48:11Z INFO MessageListener] BrokerMigration message received. Polling Broker for messages...
[2024-09-01 05:48:15Z INFO ProcessInvokerWrapper] STDOUT/STDERR stream read finished.
[2024-09-01 05:48:15Z INFO ProcessInvokerWrapper] STDOUT/STDERR stream read finished.
[2024-09-01 05:48:15Z INFO ProcessInvokerWrapper] Finished process 56976 with exit code 102, and elapsed time 00:00:05.4624723.
[2024-09-01 05:48:15Z INFO JobDispatcher] Worker finished for job 0e10f8dd-85b5-5bee-19c6-47fc7db6f171. Code: 102
[2024-09-01 05:48:15Z INFO JobDispatcher] finish job request for job 0e10f8dd-85b5-5bee-19c6-47fc7db6f171 with result: Failed
[2024-09-01 05:48:15Z INFO Terminal] WRITE LINE: 2024-09-01 05:48:15Z: Job unit-test completed with result: Failed
[2024-09-01 05:48:15Z INFO JobDispatcher] Stop renew job request for job 0e10f8dd-85b5-5bee-19c6-47fc7db6f171.
[2024-09-01 05:48:15Z INFO JobDispatcher] job renew has been cancelled, stop renew job request 3.
[2024-09-01 05:48:15Z INFO JobNotification] Entering JobCompleted Notification
[2024-09-01 05:48:15Z INFO JobNotification] Entering EndMonitor
[2024-09-01 05:48:15Z INFO MessageListener] Received job status event. JobState: Online
[2024-09-01 05:48:16Z INFO MessageListener] Message '6549049105679481584' received from session '039ede99-18a7-4379-b4cc-310a7106dd75'.
[2024-09-01 05:48:16Z INFO ConfigurationStore] HasCredentials()
[2024-09-01 05:48:16Z INFO ConfigurationStore] stored True
[2024-09-01 05:48:16Z INFO CredentialManager] GetCredentialProvider
[2024-09-01 05:48:16Z INFO CredentialManager] Creating type OAuth
[2024-09-01 05:48:16Z INFO CredentialManager] Creating credential type: OAuth
[2024-09-01 05:48:16Z INFO RSAFileKeyManager] Loading RSA key parameters from file /home/spinoandraptos/Documents/assignment-1-spinoandraptos/actions-runner/.credentials_rsaparams
[2024-09-01 05:48:16Z INFO ActionsRunServer] EstablishVssConnection
[2024-09-01 05:48:16Z INFO ActionsRunServer] Establish connection with 100 seconds timeout.
[2024-09-01 05:48:16Z INFO GitHubActionsService] Starting operation Location.GetConnectionData
[2024-09-01 05:48:16Z INFO GitHubActionsService] Finished operation Location.GetConnectionData
[2024-09-01 05:48:16Z INFO RSAFileKeyManager] Loading RSA key parameters from file /home/spinoandraptos/Documents/assignment-1-spinoandraptos/actions-runner/.credentials_rsaparams
[2024-09-01 05:48:17Z INFO RSAFileKeyManager] Loading RSA key parameters from file /home/spinoandraptos/Documents/assignment-1-spinoandraptos/actions-runner/.credentials_rsaparams
[2024-09-01 05:48:17Z INFO GitHubActionsService] AAD Correlation ID for this token request: Unknown
[2024-09-01 05:48:17Z INFO JobDispatcher] Job request 4 for plan 78c8577d-18dc-4c4c-a5b5-a7e5cfb6a35d job a047640a-23da-5e9b-1ef8-917a09b3753a received.
[2024-09-01 05:48:17Z INFO JobDispatcher] Pull OrchestrationId 78c8577d-18dc-4c4c-a5b5-a7e5cfb6a35d.full-test.__default from JWT claims
[2024-09-01 05:48:17Z INFO MessageListener] Received job status event. JobState: Busy
[2024-09-01 05:48:17Z INFO MessageListener] _getMessagesTokenSource is already disposed.
[2024-09-01 05:48:17Z INFO JobDispatcher] Job request 0e10f8dd-85b5-5bee-19c6-47fc7db6f171 processed succeed.
[2024-09-01 05:48:17Z INFO Terminal] WRITE LINE: 2024-09-01 05:48:17Z: Running job: full-test
[2024-09-01 05:48:17Z INFO JobDispatcher] Start renew job request 4 for job a047640a-23da-5e9b-1ef8-917a09b3753a.
[2024-09-01 05:48:17Z INFO JobDispatcher] Successfully renew job request 4, job is valid till 1/9/2024 5:59:00 am
[2024-09-01 05:48:17Z INFO HostContext] Well known directory 'Bin': '/home/spinoandraptos/Documents/assignment-1-spinoandraptos/actions-runner/bin'
[2024-09-01 05:48:17Z INFO ProcessInvokerWrapper] Starting process:
[2024-09-01 05:48:17Z INFO ProcessInvokerWrapper]   File name: '/home/spinoandraptos/Documents/assignment-1-spinoandraptos/actions-runner/bin/Runner.Worker'
[2024-09-01 05:48:17Z INFO ProcessInvokerWrapper]   Arguments: 'spawnclient 109 113'
[2024-09-01 05:48:17Z INFO ProcessInvokerWrapper]   Working directory: '/home/spinoandraptos/Documents/assignment-1-spinoandraptos/actions-runner/bin'
[2024-09-01 05:48:17Z INFO ProcessInvokerWrapper]   Require exit code zero: 'False'
[2024-09-01 05:48:17Z INFO ProcessInvokerWrapper]   Encoding web name:  ; code page: ''
[2024-09-01 05:48:17Z INFO ProcessInvokerWrapper]   Force kill process on cancellation: 'True'
[2024-09-01 05:48:17Z INFO ProcessInvokerWrapper]   Redirected STDIN: 'False'
[2024-09-01 05:48:17Z INFO ProcessInvokerWrapper]   Persist current code page: 'False'
[2024-09-01 05:48:17Z INFO ProcessInvokerWrapper]   Keep redirected STDIN open: 'False'
[2024-09-01 05:48:17Z INFO ProcessInvokerWrapper]   High priority process: 'True'
[2024-09-01 05:48:17Z INFO ProcessInvokerWrapper] Process started with process id 57019, waiting for process exit.
[2024-09-01 05:48:17Z INFO JobDispatcher] Send job request message to worker for job a047640a-23da-5e9b-1ef8-917a09b3753a.
[2024-09-01 05:48:17Z INFO ProcessChannel] Sending message of length 26302, with hash '4cc66afc278b17a7de4196bfef172affcf1289d86b7e441d737ed926c57a196f'
[2024-09-01 05:48:17Z INFO JobNotification] Entering JobStarted Notification
[2024-09-01 05:48:17Z INFO JobNotification] Entering StartMonitor
[2024-09-01 05:48:18Z INFO MessageListener] BrokerMigration message received. Polling Broker for messages...
[2024-09-01 05:48:23Z INFO ProcessInvokerWrapper] STDOUT/STDERR stream read finished.
[2024-09-01 05:48:23Z INFO ProcessInvokerWrapper] STDOUT/STDERR stream read finished.
[2024-09-01 05:48:23Z INFO ProcessInvokerWrapper] Finished process 57019 with exit code 102, and elapsed time 00:00:05.7187967.
[2024-09-01 05:48:23Z INFO JobDispatcher] Worker finished for job a047640a-23da-5e9b-1ef8-917a09b3753a. Code: 102
[2024-09-01 05:48:23Z INFO JobDispatcher] finish job request for job a047640a-23da-5e9b-1ef8-917a09b3753a with result: Failed
[2024-09-01 05:48:23Z INFO Terminal] WRITE LINE: 2024-09-01 05:48:23Z: Job full-test completed with result: Failed
[2024-09-01 05:48:23Z INFO JobDispatcher] Stop renew job request for job a047640a-23da-5e9b-1ef8-917a09b3753a.
[2024-09-01 05:48:23Z INFO JobDispatcher] job renew has been cancelled, stop renew job request 4.
[2024-09-01 05:48:23Z INFO JobNotification] Entering JobCompleted Notification
[2024-09-01 05:48:23Z INFO JobNotification] Entering EndMonitor
[2024-09-01 05:48:23Z INFO MessageListener] Received job status event. JobState: Online
[2024-09-01 05:49:08Z INFO MessageListener] BrokerMigration message received. Polling Broker for messages...
