[2024-09-05 21:19:12Z INFO HostContext] No proxy settings were found based on environmental variables (http_proxy/https_proxy/HTTP_PROXY/HTTPS_PROXY)
[2024-09-05 21:19:12Z INFO HostContext] Well known directory 'Bin': '/home/spinoandraptos/Documents/assignment-1-spinoandraptos/actions-runner/bin'
[2024-09-05 21:19:12Z INFO HostContext] Well known directory 'Root': '/home/spinoandraptos/Documents/assignment-1-spinoandraptos/actions-runner'
[2024-09-05 21:19:12Z INFO HostContext] Well known config file 'Credentials': '/home/spinoandraptos/Documents/assignment-1-spinoandraptos/actions-runner/.credentials'
[2024-09-05 21:19:13Z INFO HostContext] Well known directory 'Bin': '/home/spinoandraptos/Documents/assignment-1-spinoandraptos/actions-runner/bin'
[2024-09-05 21:19:13Z INFO HostContext] Well known directory 'Root': '/home/spinoandraptos/Documents/assignment-1-spinoandraptos/actions-runner'
[2024-09-05 21:19:13Z INFO HostContext] Well known config file 'Runner': '/home/spinoandraptos/Documents/assignment-1-spinoandraptos/actions-runner/.runner'
[2024-09-05 21:19:13Z INFO Listener] Runner is built for Linux (X64) - linux-x64.
[2024-09-05 21:19:13Z INFO Listener] RuntimeInformation: Linux 6.8.0-40-generic #40~22.04.3-Ubuntu SMP PREEMPT_DYNAMIC Tue Jul 30 17:30:19 UTC 2.
[2024-09-05 21:19:13Z INFO Listener] Version: 2.319.1
[2024-09-05 21:19:13Z INFO Listener] Commit: bc6614c04d3ddc20e5ca5d5a87ae2b58dda322ec
[2024-09-05 21:19:13Z INFO Listener] Culture: en-SG
[2024-09-05 21:19:13Z INFO Listener] UI Culture: en-SG
[2024-09-05 21:19:13Z INFO HostContext] Well known directory 'Bin': '/home/spinoandraptos/Documents/assignment-1-spinoandraptos/actions-runner/bin'
[2024-09-05 21:19:13Z INFO HostContext] Well known directory 'Root': '/home/spinoandraptos/Documents/assignment-1-spinoandraptos/actions-runner'
[2024-09-05 21:19:13Z INFO Listener] Validating directory permissions for: '/home/spinoandraptos/Documents/assignment-1-spinoandraptos/actions-runner'
[2024-09-05 21:19:13Z INFO CommandLineParser] Parse
[2024-09-05 21:19:13Z INFO CommandLineParser] Parsing 1 args
[2024-09-05 21:19:13Z INFO CommandLineParser] parsing argument
[2024-09-05 21:19:13Z INFO CommandLineParser] HasArgs: False
[2024-09-05 21:19:13Z INFO CommandLineParser] Adding Command: run
[2024-09-05 21:19:13Z INFO Listener] Arguments parsed
[2024-09-05 21:19:13Z INFO Runner] ExecuteCommand
[2024-09-05 21:19:13Z INFO ConfigurationStore] currentAssemblyLocation: /home/spinoandraptos/Documents/assignment-1-spinoandraptos/actions-runner/bin/Runner.Listener.dll
[2024-09-05 21:19:13Z INFO HostContext] Well known directory 'Bin': '/home/spinoandraptos/Documents/assignment-1-spinoandraptos/actions-runner/bin'
[2024-09-05 21:19:13Z INFO ConfigurationStore] binPath: /home/spinoandraptos/Documents/assignment-1-spinoandraptos/actions-runner/bin
[2024-09-05 21:19:13Z INFO HostContext] Well known directory 'Bin': '/home/spinoandraptos/Documents/assignment-1-spinoandraptos/actions-runner/bin'
[2024-09-05 21:19:13Z INFO HostContext] Well known directory 'Root': '/home/spinoandraptos/Documents/assignment-1-spinoandraptos/actions-runner'
[2024-09-05 21:19:13Z INFO ConfigurationStore] RootFolder: /home/spinoandraptos/Documents/assignment-1-spinoandraptos/actions-runner
[2024-09-05 21:19:13Z INFO HostContext] Well known directory 'Bin': '/home/spinoandraptos/Documents/assignment-1-spinoandraptos/actions-runner/bin'
[2024-09-05 21:19:13Z INFO HostContext] Well known directory 'Root': '/home/spinoandraptos/Documents/assignment-1-spinoandraptos/actions-runner'
[2024-09-05 21:19:13Z INFO HostContext] Well known config file 'Runner': '/home/spinoandraptos/Documents/assignment-1-spinoandraptos/actions-runner/.runner'
[2024-09-05 21:19:13Z INFO ConfigurationStore] ConfigFilePath: /home/spinoandraptos/Documents/assignment-1-spinoandraptos/actions-runner/.runner
[2024-09-05 21:19:13Z INFO HostContext] Well known directory 'Bin': '/home/spinoandraptos/Documents/assignment-1-spinoandraptos/actions-runner/bin'
[2024-09-05 21:19:13Z INFO HostContext] Well known directory 'Root': '/home/spinoandraptos/Documents/assignment-1-spinoandraptos/actions-runner'
[2024-09-05 21:19:13Z INFO HostContext] Well known config file 'Credentials': '/home/spinoandraptos/Documents/assignment-1-spinoandraptos/actions-runner/.credentials'
[2024-09-05 21:19:13Z INFO ConfigurationStore] CredFilePath: /home/spinoandraptos/Documents/assignment-1-spinoandraptos/actions-runner/.credentials
[2024-09-05 21:19:13Z INFO HostContext] Well known directory 'Bin': '/home/spinoandraptos/Documents/assignment-1-spinoandraptos/actions-runner/bin'
[2024-09-05 21:19:13Z INFO HostContext] Well known directory 'Root': '/home/spinoandraptos/Documents/assignment-1-spinoandraptos/actions-runner'
[2024-09-05 21:19:13Z INFO HostContext] Well known config file 'MigratedCredentials': '/home/spinoandraptos/Documents/assignment-1-spinoandraptos/actions-runner/.credentials_migrated'
[2024-09-05 21:19:13Z INFO ConfigurationStore] MigratedCredFilePath: /home/spinoandraptos/Documents/assignment-1-spinoandraptos/actions-runner/.credentials_migrated
[2024-09-05 21:19:13Z INFO HostContext] Well known directory 'Bin': '/home/spinoandraptos/Documents/assignment-1-spinoandraptos/actions-runner/bin'
[2024-09-05 21:19:13Z INFO HostContext] Well known directory 'Root': '/home/spinoandraptos/Documents/assignment-1-spinoandraptos/actions-runner'
[2024-09-05 21:19:13Z INFO HostContext] Well known config file 'Service': '/home/spinoandraptos/Documents/assignment-1-spinoandraptos/actions-runner/.service'
[2024-09-05 21:19:13Z INFO ConfigurationStore] ServiceConfigFilePath: /home/spinoandraptos/Documents/assignment-1-spinoandraptos/actions-runner/.service
[2024-09-05 21:19:13Z INFO CommandSettings] Flag 'help': 'False'
[2024-09-05 21:19:13Z INFO CommandSettings] Flag 'version': 'False'
[2024-09-05 21:19:13Z INFO CommandSettings] Flag 'commit': 'False'
[2024-09-05 21:19:13Z INFO CommandSettings] Flag 'check': 'False'
[2024-09-05 21:19:13Z INFO CommandSettings] Command 'configure': 'False'
[2024-09-05 21:19:13Z INFO CommandSettings] Command 'remove': 'False'
[2024-09-05 21:19:13Z INFO CommandSettings] Command 'warmup': 'False'
[2024-09-05 21:19:13Z INFO ConfigurationManager] LoadSettings
[2024-09-05 21:19:13Z INFO ConfigurationStore] IsConfigured()
[2024-09-05 21:19:13Z INFO ConfigurationStore] IsConfigured: True
[2024-09-05 21:19:13Z INFO ConfigurationManager] Is configured: True
[2024-09-05 21:19:13Z INFO ConfigurationStore] Read setting file: 313 chars
[2024-09-05 21:19:13Z INFO ConfigurationManager] Settings Loaded
[2024-09-05 21:19:13Z INFO ConfigurationStore] IsServiceConfigured()
[2024-09-05 21:19:13Z INFO ConfigurationStore] IsServiceConfigured: False
[2024-09-05 21:19:13Z INFO CommandSettings] Command 'run': 'True'
[2024-09-05 21:19:13Z INFO ConfigurationStore] IsConfigured()
[2024-09-05 21:19:13Z INFO ConfigurationStore] IsConfigured: True
[2024-09-05 21:19:13Z INFO ConfigurationManager] Is configured: True
[2024-09-05 21:19:13Z INFO Runner] Could not parse the argument value '' for StartupType. Defaulting to Manual
[2024-09-05 21:19:13Z INFO Runner] Set runner startup type - Manual
[2024-09-05 21:19:13Z INFO CommandSettings] Flag 'once': 'False'
[2024-09-05 21:19:13Z INFO CommandSettings] Flag 'once': 'False'
[2024-09-05 21:19:13Z INFO Runner] RunAsync
[2024-09-05 21:19:13Z INFO ConfigurationManager] LoadSettings
[2024-09-05 21:19:13Z INFO ConfigurationStore] IsConfigured()
[2024-09-05 21:19:13Z INFO ConfigurationStore] IsConfigured: True
[2024-09-05 21:19:13Z INFO ConfigurationManager] Is configured: True
[2024-09-05 21:19:13Z INFO ConfigurationManager] Settings Loaded
[2024-09-05 21:19:13Z INFO MessageListener] {
  "AgentId": 21,
  "AgentName": "Ubuntu",
  "PoolId": 1,
  "PoolName": "Default",
  "ServerUrl": "https://pipelinesghubeus8.actions.githubusercontent.com/ekeKTWsSAMJWxUSPQsNhkw3MCqY8wAdd4YmvNyi3f3Aw3tcY4T/",
  "GitHubUrl": "https://github.com/cu-ecen-aeld/assignment-2-spinoandraptos",
  "WorkFolder": "_work"
}
[2024-09-05 21:19:13Z INFO MessageListener] Loading Credentials
[2024-09-05 21:19:13Z INFO ConfigurationStore] HasCredentials()
[2024-09-05 21:19:13Z INFO ConfigurationStore] stored True
[2024-09-05 21:19:13Z INFO CredentialManager] GetCredentialProvider
[2024-09-05 21:19:13Z INFO CredentialManager] Creating type OAuth
[2024-09-05 21:19:13Z INFO CredentialManager] Creating credential type: OAuth
[2024-09-05 21:19:13Z INFO HostContext] Well known directory 'Bin': '/home/spinoandraptos/Documents/assignment-1-spinoandraptos/actions-runner/bin'
[2024-09-05 21:19:13Z INFO HostContext] Well known directory 'Root': '/home/spinoandraptos/Documents/assignment-1-spinoandraptos/actions-runner'
[2024-09-05 21:19:13Z INFO HostContext] Well known config file 'RSACredentials': '/home/spinoandraptos/Documents/assignment-1-spinoandraptos/actions-runner/.credentials_rsaparams'
[2024-09-05 21:19:13Z INFO RSAFileKeyManager] Loading RSA key parameters from file /home/spinoandraptos/Documents/assignment-1-spinoandraptos/actions-runner/.credentials_rsaparams
[2024-09-05 21:19:13Z INFO MessageListener] Attempt to create session.
[2024-09-05 21:19:13Z INFO MessageListener] Connecting to the Runner Server...
[2024-09-05 21:19:13Z INFO RunnerServer] EstablishVssConnection
[2024-09-05 21:19:13Z INFO RunnerServer] Establish connection with 100 seconds timeout.
[2024-09-05 21:19:13Z INFO GitHubActionsService] Starting operation Location.GetConnectionData
[2024-09-05 21:19:13Z INFO RunnerServer] EstablishVssConnection
[2024-09-05 21:19:13Z INFO RunnerServer] Establish connection with 60 seconds timeout.
[2024-09-05 21:19:13Z INFO GitHubActionsService] Starting operation Location.GetConnectionData
[2024-09-05 21:19:13Z INFO RunnerServer] EstablishVssConnection
[2024-09-05 21:19:13Z INFO RunnerServer] Establish connection with 60 seconds timeout.
[2024-09-05 21:19:13Z INFO GitHubActionsService] Starting operation Location.GetConnectionData
[2024-09-05 21:19:14Z INFO GitHubActionsService] Finished operation Location.GetConnectionData
[2024-09-05 21:19:14Z INFO GitHubActionsService] Finished operation Location.GetConnectionData
[2024-09-05 21:19:14Z INFO GitHubActionsService] Finished operation Location.GetConnectionData
[2024-09-05 21:19:14Z INFO MessageListener] VssConnection created
[2024-09-05 21:19:14Z INFO Terminal] WRITE LINE: 
[2024-09-05 21:19:14Z INFO Terminal] WRITE LINE: 
[2024-09-05 21:19:15Z INFO RSAFileKeyManager] Loading RSA key parameters from file /home/spinoandraptos/Documents/assignment-1-spinoandraptos/actions-runner/.credentials_rsaparams
[2024-09-05 21:19:15Z INFO RSAFileKeyManager] Loading RSA key parameters from file /home/spinoandraptos/Documents/assignment-1-spinoandraptos/actions-runner/.credentials_rsaparams
[2024-09-05 21:19:15Z INFO GitHubActionsService] AAD Correlation ID for this token request: Unknown
[2024-09-05 21:19:15Z INFO MessageListener] Session created.
[2024-09-05 21:19:15Z INFO Terminal] WRITE LINE: Current runner version: '2.319.1'
[2024-09-05 21:19:15Z INFO Terminal] WRITE LINE: 2024-09-05 21:19:15Z: Listening for Jobs
[2024-09-05 21:19:15Z INFO JobDispatcher] Set runner/worker IPC timeout to 30 seconds.
[2024-09-05 21:19:15Z INFO MessageListener] BrokerMigration message received. Polling Broker for messages...
[2024-09-05 21:19:15Z INFO RSAFileKeyManager] Loading RSA key parameters from file /home/spinoandraptos/Documents/assignment-1-spinoandraptos/actions-runner/.credentials_rsaparams
[2024-09-05 21:19:16Z INFO GitHubActionsService] AAD Correlation ID for this token request: Unknown
[2024-09-05 21:19:19Z INFO MessageListener] Message '8037016343532351844' received from session 'f55af3e3-a77e-4c58-a616-cfa33aa1c9a6'.
[2024-09-05 21:19:19Z INFO ConfigurationStore] HasCredentials()
[2024-09-05 21:19:19Z INFO ConfigurationStore] stored True
[2024-09-05 21:19:19Z INFO CredentialManager] GetCredentialProvider
[2024-09-05 21:19:19Z INFO CredentialManager] Creating type OAuth
[2024-09-05 21:19:19Z INFO CredentialManager] Creating credential type: OAuth
[2024-09-05 21:19:19Z INFO RSAFileKeyManager] Loading RSA key parameters from file /home/spinoandraptos/Documents/assignment-1-spinoandraptos/actions-runner/.credentials_rsaparams
[2024-09-05 21:19:19Z INFO ActionsRunServer] EstablishVssConnection
[2024-09-05 21:19:19Z INFO ActionsRunServer] Establish connection with 100 seconds timeout.
[2024-09-05 21:19:19Z INFO GitHubActionsService] Starting operation Location.GetConnectionData
[2024-09-05 21:19:19Z INFO GitHubActionsService] Finished operation Location.GetConnectionData
[2024-09-05 21:19:19Z INFO RSAFileKeyManager] Loading RSA key parameters from file /home/spinoandraptos/Documents/assignment-1-spinoandraptos/actions-runner/.credentials_rsaparams
[2024-09-05 21:19:19Z INFO RSAFileKeyManager] Loading RSA key parameters from file /home/spinoandraptos/Documents/assignment-1-spinoandraptos/actions-runner/.credentials_rsaparams
[2024-09-05 21:19:20Z INFO GitHubActionsService] AAD Correlation ID for this token request: Unknown
[2024-09-05 21:19:20Z INFO JobDispatcher] Job request 1 for plan 2747f44f-1baa-4985-8c8a-c8b202c39b7e job 0e10f8dd-85b5-5bee-19c6-47fc7db6f171 received.
[2024-09-05 21:19:20Z INFO JobDispatcher] Pull OrchestrationId 2747f44f-1baa-4985-8c8a-c8b202c39b7e.unit-test.__default from JWT claims
[2024-09-05 21:19:20Z INFO MessageListener] Received job status event. JobState: Busy
[2024-09-05 21:19:20Z INFO MessageListener] _getMessagesTokenSource is already disposed.
[2024-09-05 21:19:20Z INFO Terminal] WRITE LINE: 2024-09-05 21:19:20Z: Running job: unit-test
[2024-09-05 21:19:20Z INFO JobDispatcher] Start renew job request 1 for job 0e10f8dd-85b5-5bee-19c6-47fc7db6f171.
[2024-09-05 21:19:21Z INFO JobDispatcher] Successfully renew job request 1, job is valid till 5/9/2024 9:29:20 pm
[2024-09-05 21:19:21Z INFO HostContext] Well known directory 'Bin': '/home/spinoandraptos/Documents/assignment-1-spinoandraptos/actions-runner/bin'
[2024-09-05 21:19:21Z INFO ProcessInvokerWrapper] Starting process:
[2024-09-05 21:19:21Z INFO ProcessInvokerWrapper]   File name: '/home/spinoandraptos/Documents/assignment-1-spinoandraptos/actions-runner/bin/Runner.Worker'
[2024-09-05 21:19:21Z INFO ProcessInvokerWrapper]   Arguments: 'spawnclient 109 112'
[2024-09-05 21:19:21Z INFO ProcessInvokerWrapper]   Working directory: '/home/spinoandraptos/Documents/assignment-1-spinoandraptos/actions-runner/bin'
[2024-09-05 21:19:21Z INFO ProcessInvokerWrapper]   Require exit code zero: 'False'
[2024-09-05 21:19:21Z INFO ProcessInvokerWrapper]   Encoding web name:  ; code page: ''
[2024-09-05 21:19:21Z INFO ProcessInvokerWrapper]   Force kill process on cancellation: 'True'
[2024-09-05 21:19:21Z INFO ProcessInvokerWrapper]   Redirected STDIN: 'False'
[2024-09-05 21:19:21Z INFO ProcessInvokerWrapper]   Persist current code page: 'False'
[2024-09-05 21:19:21Z INFO ProcessInvokerWrapper]   Keep redirected STDIN open: 'False'
[2024-09-05 21:19:21Z INFO ProcessInvokerWrapper]   High priority process: 'True'
[2024-09-05 21:19:21Z INFO ProcessInvokerWrapper] Process started with process id 4185, waiting for process exit.
[2024-09-05 21:19:21Z INFO JobDispatcher] Send job request message to worker for job 0e10f8dd-85b5-5bee-19c6-47fc7db6f171.
[2024-09-05 21:19:21Z INFO ProcessChannel] Sending message of length 40393, with hash 'c884d8d0e69cb23a425cea031fa764dab8b33e446cf1555415a31c50278f49b0'
[2024-09-05 21:19:21Z INFO JobNotification] Entering JobStarted Notification
[2024-09-05 21:19:21Z INFO JobNotification] Entering StartMonitor
[2024-09-05 21:19:22Z INFO MessageListener] BrokerMigration message received. Polling Broker for messages...
[2024-09-05 21:19:52Z INFO ProcessInvokerWrapper] STDOUT/STDERR stream read finished.
[2024-09-05 21:19:52Z INFO ProcessInvokerWrapper] STDOUT/STDERR stream read finished.
[2024-09-05 21:19:52Z INFO ProcessInvokerWrapper] Finished process 4185 with exit code 102, and elapsed time 00:00:31.1655642.
[2024-09-05 21:19:52Z INFO JobDispatcher] Worker finished for job 0e10f8dd-85b5-5bee-19c6-47fc7db6f171. Code: 102
[2024-09-05 21:19:52Z INFO JobDispatcher] finish job request for job 0e10f8dd-85b5-5bee-19c6-47fc7db6f171 with result: Failed
[2024-09-05 21:19:52Z INFO Terminal] WRITE LINE: 2024-09-05 21:19:52Z: Job unit-test completed with result: Failed
[2024-09-05 21:19:52Z INFO JobDispatcher] Stop renew job request for job 0e10f8dd-85b5-5bee-19c6-47fc7db6f171.
[2024-09-05 21:19:52Z INFO JobDispatcher] job renew has been cancelled, stop renew job request 1.
[2024-09-05 21:19:52Z INFO JobNotification] Entering JobCompleted Notification
[2024-09-05 21:19:52Z INFO JobNotification] Entering EndMonitor
[2024-09-05 21:19:52Z INFO MessageListener] Received job status event. JobState: Online
[2024-09-05 21:19:53Z INFO MessageListener] Message '3795459071998954302' received from session 'f55af3e3-a77e-4c58-a616-cfa33aa1c9a6'.
[2024-09-05 21:19:53Z INFO ConfigurationStore] HasCredentials()
[2024-09-05 21:19:53Z INFO ConfigurationStore] stored True
[2024-09-05 21:19:53Z INFO CredentialManager] GetCredentialProvider
[2024-09-05 21:19:53Z INFO CredentialManager] Creating type OAuth
[2024-09-05 21:19:53Z INFO CredentialManager] Creating credential type: OAuth
[2024-09-05 21:19:53Z INFO RSAFileKeyManager] Loading RSA key parameters from file /home/spinoandraptos/Documents/assignment-1-spinoandraptos/actions-runner/.credentials_rsaparams
[2024-09-05 21:19:53Z INFO ActionsRunServer] EstablishVssConnection
[2024-09-05 21:19:53Z INFO ActionsRunServer] Establish connection with 100 seconds timeout.
[2024-09-05 21:19:53Z INFO GitHubActionsService] Starting operation Location.GetConnectionData
[2024-09-05 21:19:53Z INFO GitHubActionsService] Finished operation Location.GetConnectionData
[2024-09-05 21:19:53Z INFO RSAFileKeyManager] Loading RSA key parameters from file /home/spinoandraptos/Documents/assignment-1-spinoandraptos/actions-runner/.credentials_rsaparams
[2024-09-05 21:19:53Z INFO RSAFileKeyManager] Loading RSA key parameters from file /home/spinoandraptos/Documents/assignment-1-spinoandraptos/actions-runner/.credentials_rsaparams
[2024-09-05 21:19:53Z INFO GitHubActionsService] AAD Correlation ID for this token request: Unknown
[2024-09-05 21:19:54Z INFO JobDispatcher] Job request 2 for plan 2747f44f-1baa-4985-8c8a-c8b202c39b7e job a047640a-23da-5e9b-1ef8-917a09b3753a received.
[2024-09-05 21:19:54Z INFO JobDispatcher] Pull OrchestrationId 2747f44f-1baa-4985-8c8a-c8b202c39b7e.full-test.__default from JWT claims
[2024-09-05 21:19:54Z INFO MessageListener] Received job status event. JobState: Busy
[2024-09-05 21:19:54Z INFO MessageListener] _getMessagesTokenSource is already disposed.
[2024-09-05 21:19:54Z INFO JobDispatcher] Job request 0e10f8dd-85b5-5bee-19c6-47fc7db6f171 processed succeed.
[2024-09-05 21:19:54Z INFO Terminal] WRITE LINE: 2024-09-05 21:19:54Z: Running job: full-test
[2024-09-05 21:19:54Z INFO JobDispatcher] Start renew job request 2 for job a047640a-23da-5e9b-1ef8-917a09b3753a.
[2024-09-05 21:19:54Z INFO JobDispatcher] Successfully renew job request 2, job is valid till 5/9/2024 9:29:54 pm
[2024-09-05 21:19:54Z INFO HostContext] Well known directory 'Bin': '/home/spinoandraptos/Documents/assignment-1-spinoandraptos/actions-runner/bin'
[2024-09-05 21:19:54Z INFO ProcessInvokerWrapper] Starting process:
[2024-09-05 21:19:54Z INFO ProcessInvokerWrapper]   File name: '/home/spinoandraptos/Documents/assignment-1-spinoandraptos/actions-runner/bin/Runner.Worker'
[2024-09-05 21:19:54Z INFO ProcessInvokerWrapper]   Arguments: 'spawnclient 110 114'
[2024-09-05 21:19:54Z INFO ProcessInvokerWrapper]   Working directory: '/home/spinoandraptos/Documents/assignment-1-spinoandraptos/actions-runner/bin'
[2024-09-05 21:19:54Z INFO ProcessInvokerWrapper]   Require exit code zero: 'False'
[2024-09-05 21:19:54Z INFO ProcessInvokerWrapper]   Encoding web name:  ; code page: ''
[2024-09-05 21:19:54Z INFO ProcessInvokerWrapper]   Force kill process on cancellation: 'True'
[2024-09-05 21:19:54Z INFO ProcessInvokerWrapper]   Redirected STDIN: 'False'
[2024-09-05 21:19:54Z INFO ProcessInvokerWrapper]   Persist current code page: 'False'
[2024-09-05 21:19:54Z INFO ProcessInvokerWrapper]   Keep redirected STDIN open: 'False'
[2024-09-05 21:19:54Z INFO ProcessInvokerWrapper]   High priority process: 'True'
[2024-09-05 21:19:54Z INFO ProcessInvokerWrapper] Process started with process id 4913, waiting for process exit.
[2024-09-05 21:19:54Z INFO JobDispatcher] Send job request message to worker for job a047640a-23da-5e9b-1ef8-917a09b3753a.
[2024-09-05 21:19:54Z INFO ProcessChannel] Sending message of length 40395, with hash '8c9d73239cecc01f3387b20ed9772da5f2e6ad3fc6d7d39908d7be1c31207914'
[2024-09-05 21:19:54Z INFO JobNotification] Entering JobStarted Notification
[2024-09-05 21:19:54Z INFO JobNotification] Entering StartMonitor
[2024-09-05 21:19:55Z INFO MessageListener] BrokerMigration message received. Polling Broker for messages...
[2024-09-05 21:20:04Z INFO ProcessInvokerWrapper] STDOUT/STDERR stream read finished.
[2024-09-05 21:20:04Z INFO ProcessInvokerWrapper] STDOUT/STDERR stream read finished.
[2024-09-05 21:20:04Z INFO ProcessInvokerWrapper] Finished process 4913 with exit code 102, and elapsed time 00:00:10.2840658.
[2024-09-05 21:20:04Z INFO JobDispatcher] Worker finished for job a047640a-23da-5e9b-1ef8-917a09b3753a. Code: 102
[2024-09-05 21:20:04Z INFO JobDispatcher] finish job request for job a047640a-23da-5e9b-1ef8-917a09b3753a with result: Failed
[2024-09-05 21:20:04Z INFO Terminal] WRITE LINE: 2024-09-05 21:20:04Z: Job full-test completed with result: Failed
[2024-09-05 21:20:04Z INFO JobDispatcher] Stop renew job request for job a047640a-23da-5e9b-1ef8-917a09b3753a.
[2024-09-05 21:20:04Z INFO JobDispatcher] job renew has been cancelled, stop renew job request 2.
[2024-09-05 21:20:04Z INFO JobNotification] Entering JobCompleted Notification
[2024-09-05 21:20:04Z INFO JobNotification] Entering EndMonitor
[2024-09-05 21:20:04Z INFO MessageListener] Received job status event. JobState: Online
[2024-09-05 21:20:45Z INFO MessageListener] BrokerMigration message received. Polling Broker for messages...
[2024-09-05 21:21:36Z INFO MessageListener] BrokerMigration message received. Polling Broker for messages...
[2024-09-05 21:22:26Z INFO MessageListener] BrokerMigration message received. Polling Broker for messages...
[2024-09-05 21:23:17Z INFO MessageListener] BrokerMigration message received. Polling Broker for messages...
[2024-09-05 21:24:08Z INFO MessageListener] BrokerMigration message received. Polling Broker for messages...
[2024-09-05 21:24:58Z INFO MessageListener] BrokerMigration message received. Polling Broker for messages...
[2024-09-05 21:25:49Z INFO MessageListener] BrokerMigration message received. Polling Broker for messages...
[2024-09-05 21:26:39Z INFO MessageListener] BrokerMigration message received. Polling Broker for messages...
[2024-09-05 21:27:30Z INFO MessageListener] BrokerMigration message received. Polling Broker for messages...
[2024-09-05 21:28:20Z INFO MessageListener] BrokerMigration message received. Polling Broker for messages...
[2024-09-05 21:29:11Z INFO MessageListener] BrokerMigration message received. Polling Broker for messages...
[2024-09-05 21:30:02Z INFO MessageListener] BrokerMigration message received. Polling Broker for messages...
[2024-09-05 21:30:53Z INFO MessageListener] BrokerMigration message received. Polling Broker for messages...
[2024-09-05 21:31:44Z INFO MessageListener] BrokerMigration message received. Polling Broker for messages...
[2024-09-05 21:32:35Z INFO MessageListener] BrokerMigration message received. Polling Broker for messages...
[2024-09-05 21:33:25Z INFO MessageListener] BrokerMigration message received. Polling Broker for messages...
[2024-09-05 21:34:16Z INFO MessageListener] BrokerMigration message received. Polling Broker for messages...
[2024-09-05 21:35:06Z INFO MessageListener] BrokerMigration message received. Polling Broker for messages...
[2024-09-05 21:35:57Z INFO MessageListener] BrokerMigration message received. Polling Broker for messages...
[2024-09-05 21:36:48Z INFO MessageListener] BrokerMigration message received. Polling Broker for messages...
[2024-09-05 21:37:38Z INFO MessageListener] BrokerMigration message received. Polling Broker for messages...
[2024-09-05 21:38:29Z INFO MessageListener] BrokerMigration message received. Polling Broker for messages...
[2024-09-05 21:39:20Z INFO MessageListener] BrokerMigration message received. Polling Broker for messages...
[2024-09-05 21:40:10Z INFO MessageListener] BrokerMigration message received. Polling Broker for messages...
[2024-09-05 21:41:01Z INFO MessageListener] BrokerMigration message received. Polling Broker for messages...
[2024-09-05 21:41:52Z INFO MessageListener] BrokerMigration message received. Polling Broker for messages...
[2024-09-05 21:42:42Z INFO MessageListener] BrokerMigration message received. Polling Broker for messages...
[2024-09-05 21:43:33Z INFO MessageListener] BrokerMigration message received. Polling Broker for messages...
[2024-09-05 21:44:24Z INFO MessageListener] BrokerMigration message received. Polling Broker for messages...
[2024-09-05 21:45:15Z INFO MessageListener] BrokerMigration message received. Polling Broker for messages...
[2024-09-05 21:46:06Z INFO MessageListener] BrokerMigration message received. Polling Broker for messages...
[2024-09-05 21:46:56Z INFO MessageListener] BrokerMigration message received. Polling Broker for messages...
[2024-09-05 21:47:47Z INFO MessageListener] BrokerMigration message received. Polling Broker for messages...
[2024-09-05 21:48:37Z INFO MessageListener] BrokerMigration message received. Polling Broker for messages...
[2024-09-05 21:49:28Z INFO MessageListener] BrokerMigration message received. Polling Broker for messages...
[2024-09-05 21:50:19Z INFO MessageListener] No message retrieved from session 'f55af3e3-a77e-4c58-a616-cfa33aa1c9a6' within last 30 minutes.
[2024-09-05 21:50:19Z INFO MessageListener] BrokerMigration message received. Polling Broker for messages...
[2024-09-05 21:51:09Z INFO MessageListener] BrokerMigration message received. Polling Broker for messages...
[2024-09-05 21:51:56Z INFO Terminal] WRITE LINE: Exiting...
[2024-09-05 21:51:56Z INFO ConfigurationStore] IsServiceConfigured()
[2024-09-05 21:51:56Z INFO ConfigurationStore] IsServiceConfigured: False
[2024-09-05 21:51:56Z INFO HostContext] Runner will be shutdown for UserCancelled
[2024-09-05 21:51:56Z WARN GitHubActionsService] GET request to https://broker.actions.githubusercontent.com/message?sessionId=f55af3e3-a77e-4c58-a616-cfa33aa1c9a6&status=Online&runnerVersion=2.319.1&os=Linux&architecture=X64&disableUpdate=false has been cancelled.
[2024-09-05 21:51:56Z ERR  BrokerServer] Catch exception during request
[2024-09-05 21:51:56Z ERR  BrokerServer] System.Threading.Tasks.TaskCanceledException: The operation was canceled.
 ---> System.IO.IOException: Unable to read data from the transport connection: Operation canceled.
 ---> System.Net.Sockets.SocketException (125): Operation canceled
   --- End of inner exception stack trace ---
   at System.Net.Sockets.Socket.AwaitableSocketAsyncEventArgs.ThrowException(SocketError error, CancellationToken cancellationToken)
   at System.Net.Sockets.Socket.AwaitableSocketAsyncEventArgs.System.Threading.Tasks.Sources.IValueTaskSource<System.Int32>.GetResult(Int16 token)
   at System.Net.Security.SslStream.EnsureFullTlsFrameAsync[TIOAdapter](TIOAdapter adapter)
   at System.Net.Security.SslStream.ReadAsyncInternal[TIOAdapter](TIOAdapter adapter, Memory`1 buffer)
   at System.Net.Http.HttpConnection.SendAsyncCore(HttpRequestMessage request, Boolean async, CancellationToken cancellationToken)
   --- End of inner exception stack trace ---
   at System.Net.Http.HttpClient.HandleFailure(Exception e, Boolean telemetryStarted, HttpResponseMessage response, CancellationTokenSource cts, CancellationToken cancellationToken, CancellationTokenSource pendingRequestsCts)
   at System.Net.Http.HttpClient.<SendAsync>g__Core|83_0(HttpRequestMessage request, HttpCompletionOption completionOption, CancellationTokenSource cts, Boolean disposeCts, CancellationTokenSource pendingRequestsCts, CancellationToken originalCancellationToken)
   at Sdk.WebApi.WebApi.RawHttpClientBase.SendAsync(HttpRequestMessage message, HttpCompletionOption completionOption, Object userState, CancellationToken cancellationToken)
   at Sdk.WebApi.WebApi.RawHttpClientBase.SendAsync[T](HttpRequestMessage message, Boolean readErrorBody, Object userState, CancellationToken cancellationToken)
   at Sdk.WebApi.WebApi.RawHttpClientBase.SendAsync[T](HttpMethod method, IEnumerable`1 additionalHeaders, Uri requestUri, HttpContent content, IEnumerable`1 queryParameters, Boolean readErrorBody, Object userState, CancellationToken cancellationToken)
   at GitHub.Actions.RunService.WebApi.BrokerHttpClient.GetRunnerMessageAsync(Nullable`1 sessionId, String runnerVersion, Nullable`1 status, String os, String architecture, Nullable`1 disableUpdate, CancellationToken cancellationToken)
   at GitHub.Runner.Common.BrokerServer.<>c__DisplayClass7_0.<<GetRunnerMessageAsync>b__0>d.MoveNext()
--- End of stack trace from previous location ---
   at GitHub.Runner.Common.RunnerService.RetryRequest[T](Func`1 func, CancellationToken cancellationToken, Int32 maxRetryAttemptsCount, Func`2 shouldRetry)
[2024-09-05 21:51:56Z ERR  BrokerServer] #####################################################
[2024-09-05 21:51:56Z ERR  BrokerServer] System.IO.IOException: Unable to read data from the transport connection: Operation canceled.
 ---> System.Net.Sockets.SocketException (125): Operation canceled
   --- End of inner exception stack trace ---
   at System.Net.Sockets.Socket.AwaitableSocketAsyncEventArgs.ThrowException(SocketError error, CancellationToken cancellationToken)
   at System.Net.Sockets.Socket.AwaitableSocketAsyncEventArgs.System.Threading.Tasks.Sources.IValueTaskSource<System.Int32>.GetResult(Int16 token)
   at System.Net.Security.SslStream.EnsureFullTlsFrameAsync[TIOAdapter](TIOAdapter adapter)
   at System.Net.Security.SslStream.ReadAsyncInternal[TIOAdapter](TIOAdapter adapter, Memory`1 buffer)
   at System.Net.Http.HttpConnection.SendAsyncCore(HttpRequestMessage request, Boolean async, CancellationToken cancellationToken)
[2024-09-05 21:51:56Z ERR  BrokerServer] #####################################################
[2024-09-05 21:51:56Z ERR  BrokerServer] System.Net.Sockets.SocketException (125): Operation canceled
[2024-09-05 21:51:56Z WARN BrokerServer] Back off 8.489 seconds before next retry. 4 attempt left.
[2024-09-05 21:51:56Z INFO MessageListener] Get next message has been cancelled.
[2024-09-05 21:51:56Z INFO JobDispatcher] Shutting down JobDispatcher. Make sure all WorkerDispatcher has finished.
[2024-09-05 21:51:56Z INFO JobDispatcher] Ensure WorkerDispatcher for job a047640a-23da-5e9b-1ef8-917a09b3753a run to finish, cancel any running job.
[2024-09-05 21:51:56Z INFO JobDispatcher] Job request a047640a-23da-5e9b-1ef8-917a09b3753a processed succeed.
[2024-09-05 21:51:56Z INFO Runner] Deleting Runner Session...
[2024-09-05 21:51:56Z INFO Listener] Runner execution been cancelled.
