[2024-08-31 21:54:29Z INFO HostContext] No proxy settings were found based on environmental variables (http_proxy/https_proxy/HTTP_PROXY/HTTPS_PROXY)
[2024-08-31 21:54:29Z INFO HostContext] Well known directory 'Bin': '/home/spinoandraptos/Documents/assignment-1-spinoandraptos/actions-runner/bin'
[2024-08-31 21:54:29Z INFO HostContext] Well known directory 'Root': '/home/spinoandraptos/Documents/assignment-1-spinoandraptos/actions-runner'
[2024-08-31 21:54:29Z INFO HostContext] Well known config file 'Credentials': '/home/spinoandraptos/Documents/assignment-1-spinoandraptos/actions-runner/.credentials'
[2024-08-31 21:54:29Z INFO HostContext] Well known directory 'Bin': '/home/spinoandraptos/Documents/assignment-1-spinoandraptos/actions-runner/bin'
[2024-08-31 21:54:29Z INFO HostContext] Well known directory 'Root': '/home/spinoandraptos/Documents/assignment-1-spinoandraptos/actions-runner'
[2024-08-31 21:54:29Z INFO HostContext] Well known config file 'Runner': '/home/spinoandraptos/Documents/assignment-1-spinoandraptos/actions-runner/.runner'
[2024-08-31 21:54:29Z INFO Listener] Runner is built for Linux (X64) - linux-x64.
[2024-08-31 21:54:29Z INFO Listener] RuntimeInformation: Linux 6.8.0-40-generic #40~22.04.3-Ubuntu SMP PREEMPT_DYNAMIC Tue Jul 30 17:30:19 UTC 2.
[2024-08-31 21:54:29Z INFO Listener] Version: 2.319.1
[2024-08-31 21:54:29Z INFO Listener] Commit: bc6614c04d3ddc20e5ca5d5a87ae2b58dda322ec
[2024-08-31 21:54:29Z INFO Listener] Culture: en-SG
[2024-08-31 21:54:29Z INFO Listener] UI Culture: en-SG
[2024-08-31 21:54:29Z INFO HostContext] Well known directory 'Bin': '/home/spinoandraptos/Documents/assignment-1-spinoandraptos/actions-runner/bin'
[2024-08-31 21:54:29Z INFO HostContext] Well known directory 'Root': '/home/spinoandraptos/Documents/assignment-1-spinoandraptos/actions-runner'
[2024-08-31 21:54:29Z INFO Listener] Validating directory permissions for: '/home/spinoandraptos/Documents/assignment-1-spinoandraptos/actions-runner'
[2024-08-31 21:54:29Z INFO CommandLineParser] Parse
[2024-08-31 21:54:29Z INFO CommandLineParser] Parsing 1 args
[2024-08-31 21:54:29Z INFO CommandLineParser] parsing argument
[2024-08-31 21:54:29Z INFO CommandLineParser] HasArgs: False
[2024-08-31 21:54:29Z INFO CommandLineParser] Adding Command: run
[2024-08-31 21:54:29Z INFO Listener] Arguments parsed
[2024-08-31 21:54:29Z INFO Runner] ExecuteCommand
[2024-08-31 21:54:29Z INFO ConfigurationStore] currentAssemblyLocation: /home/spinoandraptos/Documents/assignment-1-spinoandraptos/actions-runner/bin/Runner.Listener.dll
[2024-08-31 21:54:29Z INFO HostContext] Well known directory 'Bin': '/home/spinoandraptos/Documents/assignment-1-spinoandraptos/actions-runner/bin'
[2024-08-31 21:54:29Z INFO ConfigurationStore] binPath: /home/spinoandraptos/Documents/assignment-1-spinoandraptos/actions-runner/bin
[2024-08-31 21:54:29Z INFO HostContext] Well known directory 'Bin': '/home/spinoandraptos/Documents/assignment-1-spinoandraptos/actions-runner/bin'
[2024-08-31 21:54:29Z INFO HostContext] Well known directory 'Root': '/home/spinoandraptos/Documents/assignment-1-spinoandraptos/actions-runner'
[2024-08-31 21:54:29Z INFO ConfigurationStore] RootFolder: /home/spinoandraptos/Documents/assignment-1-spinoandraptos/actions-runner
[2024-08-31 21:54:29Z INFO HostContext] Well known directory 'Bin': '/home/spinoandraptos/Documents/assignment-1-spinoandraptos/actions-runner/bin'
[2024-08-31 21:54:29Z INFO HostContext] Well known directory 'Root': '/home/spinoandraptos/Documents/assignment-1-spinoandraptos/actions-runner'
[2024-08-31 21:54:29Z INFO HostContext] Well known config file 'Runner': '/home/spinoandraptos/Documents/assignment-1-spinoandraptos/actions-runner/.runner'
[2024-08-31 21:54:29Z INFO ConfigurationStore] ConfigFilePath: /home/spinoandraptos/Documents/assignment-1-spinoandraptos/actions-runner/.runner
[2024-08-31 21:54:29Z INFO HostContext] Well known directory 'Bin': '/home/spinoandraptos/Documents/assignment-1-spinoandraptos/actions-runner/bin'
[2024-08-31 21:54:29Z INFO HostContext] Well known directory 'Root': '/home/spinoandraptos/Documents/assignment-1-spinoandraptos/actions-runner'
[2024-08-31 21:54:29Z INFO HostContext] Well known config file 'Credentials': '/home/spinoandraptos/Documents/assignment-1-spinoandraptos/actions-runner/.credentials'
[2024-08-31 21:54:29Z INFO ConfigurationStore] CredFilePath: /home/spinoandraptos/Documents/assignment-1-spinoandraptos/actions-runner/.credentials
[2024-08-31 21:54:29Z INFO HostContext] Well known directory 'Bin': '/home/spinoandraptos/Documents/assignment-1-spinoandraptos/actions-runner/bin'
[2024-08-31 21:54:29Z INFO HostContext] Well known directory 'Root': '/home/spinoandraptos/Documents/assignment-1-spinoandraptos/actions-runner'
[2024-08-31 21:54:29Z INFO HostContext] Well known config file 'MigratedCredentials': '/home/spinoandraptos/Documents/assignment-1-spinoandraptos/actions-runner/.credentials_migrated'
[2024-08-31 21:54:29Z INFO ConfigurationStore] MigratedCredFilePath: /home/spinoandraptos/Documents/assignment-1-spinoandraptos/actions-runner/.credentials_migrated
[2024-08-31 21:54:29Z INFO HostContext] Well known directory 'Bin': '/home/spinoandraptos/Documents/assignment-1-spinoandraptos/actions-runner/bin'
[2024-08-31 21:54:29Z INFO HostContext] Well known directory 'Root': '/home/spinoandraptos/Documents/assignment-1-spinoandraptos/actions-runner'
[2024-08-31 21:54:29Z INFO HostContext] Well known config file 'Service': '/home/spinoandraptos/Documents/assignment-1-spinoandraptos/actions-runner/.service'
[2024-08-31 21:54:29Z INFO ConfigurationStore] ServiceConfigFilePath: /home/spinoandraptos/Documents/assignment-1-spinoandraptos/actions-runner/.service
[2024-08-31 21:54:29Z INFO CommandSettings] Flag 'help': 'False'
[2024-08-31 21:54:29Z INFO CommandSettings] Flag 'version': 'False'
[2024-08-31 21:54:29Z INFO CommandSettings] Flag 'commit': 'False'
[2024-08-31 21:54:29Z INFO CommandSettings] Flag 'check': 'False'
[2024-08-31 21:54:29Z INFO CommandSettings] Command 'configure': 'False'
[2024-08-31 21:54:29Z INFO CommandSettings] Command 'remove': 'False'
[2024-08-31 21:54:29Z INFO CommandSettings] Command 'warmup': 'False'
[2024-08-31 21:54:29Z INFO ConfigurationManager] LoadSettings
[2024-08-31 21:54:29Z INFO ConfigurationStore] IsConfigured()
[2024-08-31 21:54:29Z INFO ConfigurationStore] IsConfigured: True
[2024-08-31 21:54:29Z INFO ConfigurationManager] Is configured: True
[2024-08-31 21:54:29Z INFO ConfigurationStore] Read setting file: 312 chars
[2024-08-31 21:54:29Z INFO ConfigurationManager] Settings Loaded
[2024-08-31 21:54:29Z INFO ConfigurationStore] IsServiceConfigured()
[2024-08-31 21:54:29Z INFO ConfigurationStore] IsServiceConfigured: False
[2024-08-31 21:54:29Z INFO CommandSettings] Command 'run': 'True'
[2024-08-31 21:54:29Z INFO ConfigurationStore] IsConfigured()
[2024-08-31 21:54:29Z INFO ConfigurationStore] IsConfigured: True
[2024-08-31 21:54:29Z INFO ConfigurationManager] Is configured: True
[2024-08-31 21:54:29Z INFO Runner] Could not parse the argument value '' for StartupType. Defaulting to Manual
[2024-08-31 21:54:29Z INFO Runner] Set runner startup type - Manual
[2024-08-31 21:54:29Z INFO CommandSettings] Flag 'once': 'False'
[2024-08-31 21:54:29Z INFO CommandSettings] Flag 'once': 'False'
[2024-08-31 21:54:30Z INFO Runner] RunAsync
[2024-08-31 21:54:30Z INFO ConfigurationManager] LoadSettings
[2024-08-31 21:54:30Z INFO ConfigurationStore] IsConfigured()
[2024-08-31 21:54:30Z INFO ConfigurationStore] IsConfigured: True
[2024-08-31 21:54:30Z INFO ConfigurationManager] Is configured: True
[2024-08-31 21:54:30Z INFO ConfigurationManager] Settings Loaded
[2024-08-31 21:54:30Z INFO MessageListener] {
  "AgentId": 2,
  "AgentName": "Ubuntu",
  "PoolId": 1,
  "PoolName": "Default",
  "ServerUrl": "https://pipelinesghubeus8.actions.githubusercontent.com/Y56YBF5KJ33FuMFWHvGDkHow1ze6lsmVxzxQLSD2H9W9HmvCKf/",
  "GitHubUrl": "https://github.com/cu-ecen-aeld/assignment-1-spinoandraptos",
  "WorkFolder": "_work"
}
[2024-08-31 21:54:30Z INFO MessageListener] Loading Credentials
[2024-08-31 21:54:30Z INFO ConfigurationStore] HasCredentials()
[2024-08-31 21:54:30Z INFO ConfigurationStore] stored True
[2024-08-31 21:54:30Z INFO CredentialManager] GetCredentialProvider
[2024-08-31 21:54:30Z INFO CredentialManager] Creating type OAuth
[2024-08-31 21:54:30Z INFO CredentialManager] Creating credential type: OAuth
[2024-08-31 21:54:30Z INFO HostContext] Well known directory 'Bin': '/home/spinoandraptos/Documents/assignment-1-spinoandraptos/actions-runner/bin'
[2024-08-31 21:54:30Z INFO HostContext] Well known directory 'Root': '/home/spinoandraptos/Documents/assignment-1-spinoandraptos/actions-runner'
[2024-08-31 21:54:30Z INFO HostContext] Well known config file 'RSACredentials': '/home/spinoandraptos/Documents/assignment-1-spinoandraptos/actions-runner/.credentials_rsaparams'
[2024-08-31 21:54:30Z INFO RSAFileKeyManager] Loading RSA key parameters from file /home/spinoandraptos/Documents/assignment-1-spinoandraptos/actions-runner/.credentials_rsaparams
[2024-08-31 21:54:30Z INFO MessageListener] Attempt to create session.
[2024-08-31 21:54:30Z INFO MessageListener] Connecting to the Runner Server...
[2024-08-31 21:54:30Z INFO RunnerServer] EstablishVssConnection
[2024-08-31 21:54:30Z INFO RunnerServer] Establish connection with 100 seconds timeout.
[2024-08-31 21:54:30Z INFO GitHubActionsService] Starting operation Location.GetConnectionData
[2024-08-31 21:54:30Z INFO RunnerServer] EstablishVssConnection
[2024-08-31 21:54:30Z INFO RunnerServer] Establish connection with 60 seconds timeout.
[2024-08-31 21:54:30Z INFO GitHubActionsService] Starting operation Location.GetConnectionData
[2024-08-31 21:54:30Z INFO RunnerServer] EstablishVssConnection
[2024-08-31 21:54:30Z INFO RunnerServer] Establish connection with 60 seconds timeout.
[2024-08-31 21:54:30Z INFO GitHubActionsService] Starting operation Location.GetConnectionData
[2024-08-31 21:54:30Z INFO GitHubActionsService] Finished operation Location.GetConnectionData
[2024-08-31 21:54:30Z INFO GitHubActionsService] Finished operation Location.GetConnectionData
[2024-08-31 21:54:30Z INFO GitHubActionsService] Finished operation Location.GetConnectionData
[2024-08-31 21:54:30Z INFO MessageListener] VssConnection created
[2024-08-31 21:54:30Z INFO Terminal] WRITE LINE: 
[2024-08-31 21:54:30Z INFO Terminal] WRITE LINE: 
[2024-08-31 21:54:31Z INFO RSAFileKeyManager] Loading RSA key parameters from file /home/spinoandraptos/Documents/assignment-1-spinoandraptos/actions-runner/.credentials_rsaparams
[2024-08-31 21:54:31Z INFO RSAFileKeyManager] Loading RSA key parameters from file /home/spinoandraptos/Documents/assignment-1-spinoandraptos/actions-runner/.credentials_rsaparams
[2024-08-31 21:54:31Z INFO GitHubActionsService] AAD Correlation ID for this token request: Unknown
[2024-08-31 21:54:31Z INFO MessageListener] Session created.
[2024-08-31 21:54:31Z INFO Terminal] WRITE LINE: Current runner version: '2.319.1'
[2024-08-31 21:54:31Z INFO Terminal] WRITE LINE: 2024-08-31 21:54:31Z: Listening for Jobs
[2024-08-31 21:54:31Z INFO JobDispatcher] Set runner/worker IPC timeout to 30 seconds.
[2024-08-31 21:54:31Z INFO MessageListener] BrokerMigration message received. Polling Broker for messages...
[2024-08-31 21:54:31Z INFO RSAFileKeyManager] Loading RSA key parameters from file /home/spinoandraptos/Documents/assignment-1-spinoandraptos/actions-runner/.credentials_rsaparams
[2024-08-31 21:54:31Z INFO GitHubActionsService] AAD Correlation ID for this token request: Unknown
[2024-08-31 21:55:22Z INFO MessageListener] BrokerMigration message received. Polling Broker for messages...
[2024-08-31 21:56:12Z INFO MessageListener] BrokerMigration message received. Polling Broker for messages...
[2024-08-31 21:57:03Z INFO MessageListener] BrokerMigration message received. Polling Broker for messages...
[2024-08-31 21:57:53Z INFO MessageListener] BrokerMigration message received. Polling Broker for messages...
[2024-08-31 21:58:43Z INFO MessageListener] BrokerMigration message received. Polling Broker for messages...
[2024-08-31 21:59:34Z INFO MessageListener] BrokerMigration message received. Polling Broker for messages...
[2024-08-31 22:00:24Z INFO MessageListener] BrokerMigration message received. Polling Broker for messages...
[2024-08-31 22:01:15Z INFO MessageListener] BrokerMigration message received. Polling Broker for messages...
[2024-08-31 22:02:05Z INFO MessageListener] BrokerMigration message received. Polling Broker for messages...
[2024-08-31 22:02:55Z INFO MessageListener] BrokerMigration message received. Polling Broker for messages...
[2024-08-31 22:03:46Z INFO MessageListener] BrokerMigration message received. Polling Broker for messages...
[2024-08-31 22:04:36Z INFO MessageListener] BrokerMigration message received. Polling Broker for messages...
[2024-08-31 22:05:27Z INFO MessageListener] BrokerMigration message received. Polling Broker for messages...
[2024-08-31 22:06:17Z INFO MessageListener] BrokerMigration message received. Polling Broker for messages...
[2024-08-31 22:07:08Z INFO MessageListener] BrokerMigration message received. Polling Broker for messages...
[2024-08-31 22:07:58Z INFO MessageListener] BrokerMigration message received. Polling Broker for messages...
[2024-08-31 22:08:48Z INFO MessageListener] BrokerMigration message received. Polling Broker for messages...
[2024-08-31 22:09:39Z INFO MessageListener] BrokerMigration message received. Polling Broker for messages...
[2024-08-31 22:10:30Z INFO MessageListener] BrokerMigration message received. Polling Broker for messages...
[2024-08-31 22:11:20Z INFO MessageListener] BrokerMigration message received. Polling Broker for messages...
[2024-08-31 22:12:10Z INFO MessageListener] BrokerMigration message received. Polling Broker for messages...
[2024-08-31 22:13:01Z INFO MessageListener] BrokerMigration message received. Polling Broker for messages...
[2024-08-31 22:13:51Z INFO MessageListener] BrokerMigration message received. Polling Broker for messages...
[2024-08-31 22:14:42Z INFO MessageListener] BrokerMigration message received. Polling Broker for messages...
[2024-08-31 22:15:32Z INFO MessageListener] BrokerMigration message received. Polling Broker for messages...
[2024-08-31 22:16:23Z INFO MessageListener] BrokerMigration message received. Polling Broker for messages...
[2024-08-31 22:17:13Z INFO MessageListener] BrokerMigration message received. Polling Broker for messages...
[2024-08-31 22:18:03Z INFO MessageListener] BrokerMigration message received. Polling Broker for messages...
[2024-08-31 22:18:54Z INFO MessageListener] BrokerMigration message received. Polling Broker for messages...
[2024-08-31 22:19:44Z INFO MessageListener] BrokerMigration message received. Polling Broker for messages...
[2024-08-31 22:20:35Z INFO MessageListener] BrokerMigration message received. Polling Broker for messages...
[2024-08-31 22:21:28Z INFO MessageListener] BrokerMigration message received. Polling Broker for messages...
[2024-08-31 22:22:19Z INFO MessageListener] BrokerMigration message received. Polling Broker for messages...
[2024-08-31 22:23:09Z INFO MessageListener] BrokerMigration message received. Polling Broker for messages...
[2024-08-31 22:24:00Z INFO MessageListener] BrokerMigration message received. Polling Broker for messages...
[2024-08-31 22:24:50Z INFO MessageListener] No message retrieved from session 'cdcf2e81-aee6-4c03-8676-8f61be2358cb' within last 30 minutes.
[2024-08-31 22:24:50Z INFO MessageListener] BrokerMigration message received. Polling Broker for messages...
[2024-08-31 22:25:41Z INFO MessageListener] BrokerMigration message received. Polling Broker for messages...
[2024-08-31 22:26:31Z INFO MessageListener] BrokerMigration message received. Polling Broker for messages...
[2024-08-31 22:27:25Z INFO MessageListener] BrokerMigration message received. Polling Broker for messages...
[2024-08-31 22:28:15Z INFO MessageListener] BrokerMigration message received. Polling Broker for messages...
[2024-08-31 22:29:06Z INFO MessageListener] BrokerMigration message received. Polling Broker for messages...
[2024-08-31 22:29:56Z INFO MessageListener] BrokerMigration message received. Polling Broker for messages...
[2024-08-31 22:30:47Z INFO MessageListener] BrokerMigration message received. Polling Broker for messages...
[2024-08-31 22:31:37Z INFO MessageListener] BrokerMigration message received. Polling Broker for messages...
[2024-08-31 22:32:27Z INFO MessageListener] BrokerMigration message received. Polling Broker for messages...
[2024-08-31 22:33:18Z INFO MessageListener] BrokerMigration message received. Polling Broker for messages...
[2024-08-31 22:34:08Z INFO MessageListener] BrokerMigration message received. Polling Broker for messages...
[2024-08-31 22:34:59Z INFO MessageListener] BrokerMigration message received. Polling Broker for messages...
[2024-08-31 22:35:49Z INFO MessageListener] BrokerMigration message received. Polling Broker for messages...
[2024-08-31 22:36:40Z INFO MessageListener] BrokerMigration message received. Polling Broker for messages...
[2024-08-31 22:37:30Z INFO MessageListener] BrokerMigration message received. Polling Broker for messages...
[2024-08-31 22:38:20Z INFO MessageListener] BrokerMigration message received. Polling Broker for messages...
[2024-08-31 22:39:11Z INFO MessageListener] BrokerMigration message received. Polling Broker for messages...
[2024-08-31 22:40:01Z INFO MessageListener] BrokerMigration message received. Polling Broker for messages...
[2024-08-31 22:40:52Z INFO MessageListener] BrokerMigration message received. Polling Broker for messages...
[2024-08-31 22:41:42Z INFO MessageListener] BrokerMigration message received. Polling Broker for messages...
[2024-08-31 22:42:33Z INFO MessageListener] BrokerMigration message received. Polling Broker for messages...
[2024-08-31 22:43:24Z INFO MessageListener] BrokerMigration message received. Polling Broker for messages...
[2024-08-31 22:44:14Z INFO MessageListener] BrokerMigration message received. Polling Broker for messages...
[2024-08-31 22:45:04Z INFO MessageListener] BrokerMigration message received. Polling Broker for messages...
[2024-08-31 22:45:04Z INFO RSAFileKeyManager] Loading RSA key parameters from file /home/spinoandraptos/Documents/assignment-1-spinoandraptos/actions-runner/.credentials_rsaparams
[2024-08-31 22:45:05Z INFO GitHubActionsService] AAD Correlation ID for this token request: Unknown
[2024-08-31 22:45:55Z INFO MessageListener] BrokerMigration message received. Polling Broker for messages...
[2024-08-31 22:46:46Z INFO MessageListener] BrokerMigration message received. Polling Broker for messages...
[2024-08-31 22:47:36Z INFO MessageListener] BrokerMigration message received. Polling Broker for messages...
[2024-08-31 22:48:27Z INFO MessageListener] BrokerMigration message received. Polling Broker for messages...
[2024-08-31 22:49:17Z INFO MessageListener] BrokerMigration message received. Polling Broker for messages...
[2024-08-31 22:50:07Z INFO RSAFileKeyManager] Loading RSA key parameters from file /home/spinoandraptos/Documents/assignment-1-spinoandraptos/actions-runner/.credentials_rsaparams
[2024-08-31 22:50:08Z INFO GitHubActionsService] AAD Correlation ID for this token request: Unknown
[2024-08-31 22:50:08Z INFO MessageListener] BrokerMigration message received. Polling Broker for messages...
[2024-08-31 22:50:58Z INFO MessageListener] BrokerMigration message received. Polling Broker for messages...
[2024-08-31 22:51:49Z INFO MessageListener] BrokerMigration message received. Polling Broker for messages...
[2024-08-31 22:52:39Z INFO MessageListener] BrokerMigration message received. Polling Broker for messages...
[2024-08-31 22:53:29Z INFO MessageListener] BrokerMigration message received. Polling Broker for messages...
[2024-08-31 22:54:20Z INFO MessageListener] BrokerMigration message received. Polling Broker for messages...
[2024-08-31 22:55:10Z INFO MessageListener] No message retrieved from session 'cdcf2e81-aee6-4c03-8676-8f61be2358cb' within last 30 minutes.
[2024-08-31 22:55:10Z INFO MessageListener] BrokerMigration message received. Polling Broker for messages...
[2024-08-31 22:56:01Z INFO MessageListener] BrokerMigration message received. Polling Broker for messages...
[2024-08-31 22:56:51Z INFO MessageListener] BrokerMigration message received. Polling Broker for messages...
[2024-08-31 22:57:41Z INFO MessageListener] BrokerMigration message received. Polling Broker for messages...
[2024-08-31 22:58:32Z INFO MessageListener] BrokerMigration message received. Polling Broker for messages...
[2024-08-31 22:59:22Z INFO MessageListener] BrokerMigration message received. Polling Broker for messages...
[2024-08-31 23:00:13Z INFO MessageListener] BrokerMigration message received. Polling Broker for messages...
[2024-08-31 23:01:03Z INFO MessageListener] BrokerMigration message received. Polling Broker for messages...
[2024-08-31 23:01:54Z INFO MessageListener] BrokerMigration message received. Polling Broker for messages...
[2024-08-31 23:02:44Z INFO MessageListener] BrokerMigration message received. Polling Broker for messages...
[2024-08-31 23:03:34Z INFO MessageListener] BrokerMigration message received. Polling Broker for messages...
[2024-08-31 23:04:25Z INFO MessageListener] BrokerMigration message received. Polling Broker for messages...
[2024-08-31 23:05:15Z INFO MessageListener] BrokerMigration message received. Polling Broker for messages...
[2024-08-31 23:06:06Z INFO MessageListener] BrokerMigration message received. Polling Broker for messages...
[2024-08-31 23:06:56Z INFO MessageListener] BrokerMigration message received. Polling Broker for messages...
[2024-08-31 23:07:47Z INFO MessageListener] BrokerMigration message received. Polling Broker for messages...
[2024-08-31 23:08:37Z INFO MessageListener] BrokerMigration message received. Polling Broker for messages...
[2024-08-31 23:09:28Z INFO MessageListener] BrokerMigration message received. Polling Broker for messages...
[2024-08-31 23:10:19Z INFO MessageListener] BrokerMigration message received. Polling Broker for messages...
[2024-08-31 23:11:09Z INFO MessageListener] BrokerMigration message received. Polling Broker for messages...
[2024-08-31 23:12:00Z INFO MessageListener] BrokerMigration message received. Polling Broker for messages...
[2024-08-31 23:12:50Z INFO MessageListener] BrokerMigration message received. Polling Broker for messages...
[2024-08-31 23:13:40Z INFO MessageListener] BrokerMigration message received. Polling Broker for messages...
[2024-08-31 23:14:31Z INFO MessageListener] BrokerMigration message received. Polling Broker for messages...
[2024-08-31 23:15:21Z INFO MessageListener] BrokerMigration message received. Polling Broker for messages...
[2024-08-31 23:16:12Z INFO MessageListener] BrokerMigration message received. Polling Broker for messages...
[2024-08-31 23:17:03Z INFO MessageListener] BrokerMigration message received. Polling Broker for messages...
[2024-08-31 23:17:53Z INFO MessageListener] BrokerMigration message received. Polling Broker for messages...
[2024-08-31 23:18:43Z INFO MessageListener] BrokerMigration message received. Polling Broker for messages...
[2024-08-31 23:19:34Z INFO MessageListener] BrokerMigration message received. Polling Broker for messages...
[2024-08-31 23:20:24Z INFO MessageListener] BrokerMigration message received. Polling Broker for messages...
[2024-08-31 23:21:15Z INFO MessageListener] BrokerMigration message received. Polling Broker for messages...
[2024-08-31 23:22:05Z INFO MessageListener] BrokerMigration message received. Polling Broker for messages...
[2024-08-31 23:22:56Z INFO MessageListener] BrokerMigration message received. Polling Broker for messages...
[2024-08-31 23:23:46Z INFO MessageListener] BrokerMigration message received. Polling Broker for messages...
[2024-08-31 23:24:36Z INFO MessageListener] BrokerMigration message received. Polling Broker for messages...
[2024-08-31 23:25:27Z INFO MessageListener] No message retrieved from session 'cdcf2e81-aee6-4c03-8676-8f61be2358cb' within last 30 minutes.
[2024-08-31 23:25:27Z INFO MessageListener] BrokerMigration message received. Polling Broker for messages...
[2024-08-31 23:26:17Z INFO MessageListener] BrokerMigration message received. Polling Broker for messages...
[2024-08-31 23:27:07Z INFO MessageListener] BrokerMigration message received. Polling Broker for messages...
[2024-08-31 23:27:58Z INFO MessageListener] BrokerMigration message received. Polling Broker for messages...
[2024-08-31 23:28:48Z INFO MessageListener] BrokerMigration message received. Polling Broker for messages...
[2024-08-31 23:29:39Z INFO MessageListener] BrokerMigration message received. Polling Broker for messages...
[2024-08-31 23:30:29Z INFO MessageListener] BrokerMigration message received. Polling Broker for messages...
[2024-08-31 23:31:19Z INFO MessageListener] BrokerMigration message received. Polling Broker for messages...
[2024-08-31 23:32:10Z INFO MessageListener] BrokerMigration message received. Polling Broker for messages...
[2024-08-31 23:33:00Z INFO MessageListener] BrokerMigration message received. Polling Broker for messages...
[2024-08-31 23:33:51Z INFO MessageListener] BrokerMigration message received. Polling Broker for messages...
[2024-08-31 23:34:41Z INFO MessageListener] BrokerMigration message received. Polling Broker for messages...
[2024-08-31 23:35:32Z INFO MessageListener] BrokerMigration message received. Polling Broker for messages...
[2024-08-31 23:35:32Z INFO RSAFileKeyManager] Loading RSA key parameters from file /home/spinoandraptos/Documents/assignment-1-spinoandraptos/actions-runner/.credentials_rsaparams
[2024-08-31 23:35:32Z INFO GitHubActionsService] AAD Correlation ID for this token request: Unknown
[2024-08-31 23:36:23Z INFO MessageListener] BrokerMigration message received. Polling Broker for messages...
[2024-08-31 23:37:13Z INFO MessageListener] BrokerMigration message received. Polling Broker for messages...
[2024-08-31 23:38:03Z INFO MessageListener] BrokerMigration message received. Polling Broker for messages...
[2024-08-31 23:38:57Z INFO MessageListener] BrokerMigration message received. Polling Broker for messages...
[2024-08-31 23:39:47Z INFO MessageListener] BrokerMigration message received. Polling Broker for messages...
[2024-08-31 23:40:37Z INFO MessageListener] BrokerMigration message received. Polling Broker for messages...
[2024-08-31 23:41:28Z INFO MessageListener] BrokerMigration message received. Polling Broker for messages...
[2024-08-31 23:42:18Z INFO MessageListener] BrokerMigration message received. Polling Broker for messages...
[2024-08-31 23:43:09Z INFO MessageListener] BrokerMigration message received. Polling Broker for messages...
[2024-08-31 23:43:59Z INFO MessageListener] BrokerMigration message received. Polling Broker for messages...
[2024-08-31 23:44:49Z INFO MessageListener] BrokerMigration message received. Polling Broker for messages...
[2024-08-31 23:45:40Z INFO RSAFileKeyManager] Loading RSA key parameters from file /home/spinoandraptos/Documents/assignment-1-spinoandraptos/actions-runner/.credentials_rsaparams
[2024-08-31 23:45:40Z INFO GitHubActionsService] AAD Correlation ID for this token request: Unknown
[2024-08-31 23:45:40Z INFO MessageListener] BrokerMigration message received. Polling Broker for messages...
[2024-08-31 23:46:31Z INFO MessageListener] BrokerMigration message received. Polling Broker for messages...
[2024-08-31 23:47:21Z INFO MessageListener] BrokerMigration message received. Polling Broker for messages...
[2024-08-31 23:48:11Z INFO MessageListener] BrokerMigration message received. Polling Broker for messages...
[2024-08-31 23:49:02Z INFO MessageListener] BrokerMigration message received. Polling Broker for messages...
[2024-08-31 23:49:52Z INFO MessageListener] BrokerMigration message received. Polling Broker for messages...
[2024-08-31 23:50:43Z INFO MessageListener] BrokerMigration message received. Polling Broker for messages...
[2024-08-31 23:51:33Z INFO MessageListener] BrokerMigration message received. Polling Broker for messages...
[2024-08-31 23:52:24Z INFO MessageListener] BrokerMigration message received. Polling Broker for messages...
[2024-08-31 23:53:14Z INFO MessageListener] BrokerMigration message received. Polling Broker for messages...
[2024-08-31 23:54:04Z INFO MessageListener] BrokerMigration message received. Polling Broker for messages...
[2024-08-31 23:54:55Z INFO MessageListener] BrokerMigration message received. Polling Broker for messages...
[2024-08-31 23:55:45Z INFO MessageListener] No message retrieved from session 'cdcf2e81-aee6-4c03-8676-8f61be2358cb' within last 30 minutes.
[2024-08-31 23:55:45Z INFO MessageListener] BrokerMigration message received. Polling Broker for messages...
[2024-08-31 23:56:36Z INFO MessageListener] BrokerMigration message received. Polling Broker for messages...
[2024-08-31 23:57:26Z INFO MessageListener] BrokerMigration message received. Polling Broker for messages...
[2024-08-31 23:58:16Z INFO MessageListener] BrokerMigration message received. Polling Broker for messages...
[2024-08-31 23:59:07Z INFO MessageListener] BrokerMigration message received. Polling Broker for messages...
[2024-08-31 23:59:57Z INFO MessageListener] BrokerMigration message received. Polling Broker for messages...
[2024-09-01 00:00:48Z INFO MessageListener] BrokerMigration message received. Polling Broker for messages...
[2024-09-01 00:01:39Z INFO MessageListener] BrokerMigration message received. Polling Broker for messages...
[2024-09-01 00:02:30Z INFO MessageListener] BrokerMigration message received. Polling Broker for messages...
[2024-09-01 00:03:20Z INFO MessageListener] BrokerMigration message received. Polling Broker for messages...
[2024-09-01 00:04:10Z INFO MessageListener] BrokerMigration message received. Polling Broker for messages...
[2024-09-01 00:05:04Z INFO MessageListener] BrokerMigration message received. Polling Broker for messages...
[2024-09-01 00:05:54Z INFO MessageListener] BrokerMigration message received. Polling Broker for messages...
[2024-09-01 00:06:45Z INFO MessageListener] BrokerMigration message received. Polling Broker for messages...
[2024-09-01 00:07:35Z INFO MessageListener] BrokerMigration message received. Polling Broker for messages...
[2024-09-01 00:08:26Z INFO MessageListener] BrokerMigration message received. Polling Broker for messages...
[2024-09-01 00:09:16Z INFO MessageListener] BrokerMigration message received. Polling Broker for messages...
[2024-09-01 00:10:06Z INFO MessageListener] BrokerMigration message received. Polling Broker for messages...
[2024-09-01 00:10:57Z INFO MessageListener] BrokerMigration message received. Polling Broker for messages...
[2024-09-01 00:11:47Z INFO MessageListener] BrokerMigration message received. Polling Broker for messages...
[2024-09-01 00:12:38Z INFO MessageListener] BrokerMigration message received. Polling Broker for messages...
[2024-09-01 00:13:29Z INFO MessageListener] BrokerMigration message received. Polling Broker for messages...
[2024-09-01 00:14:19Z INFO MessageListener] BrokerMigration message received. Polling Broker for messages...
[2024-09-01 00:15:09Z INFO MessageListener] BrokerMigration message received. Polling Broker for messages...
[2024-09-01 00:16:00Z INFO MessageListener] BrokerMigration message received. Polling Broker for messages...
[2024-09-01 00:16:50Z INFO MessageListener] BrokerMigration message received. Polling Broker for messages...
[2024-09-01 00:17:41Z INFO MessageListener] BrokerMigration message received. Polling Broker for messages...
[2024-09-01 00:18:31Z INFO MessageListener] BrokerMigration message received. Polling Broker for messages...
[2024-09-01 00:19:21Z INFO MessageListener] BrokerMigration message received. Polling Broker for messages...
[2024-09-01 00:20:12Z INFO MessageListener] BrokerMigration message received. Polling Broker for messages...
[2024-09-01 00:21:02Z INFO MessageListener] BrokerMigration message received. Polling Broker for messages...
[2024-09-01 00:21:53Z INFO MessageListener] BrokerMigration message received. Polling Broker for messages...
[2024-09-01 00:22:43Z INFO MessageListener] BrokerMigration message received. Polling Broker for messages...
[2024-09-01 00:23:34Z INFO MessageListener] BrokerMigration message received. Polling Broker for messages...
[2024-09-01 00:24:25Z INFO MessageListener] BrokerMigration message received. Polling Broker for messages...
[2024-09-01 00:25:15Z INFO MessageListener] BrokerMigration message received. Polling Broker for messages...
[2024-09-01 00:26:05Z INFO MessageListener] No message retrieved from session 'cdcf2e81-aee6-4c03-8676-8f61be2358cb' within last 30 minutes.
[2024-09-01 00:26:05Z INFO MessageListener] BrokerMigration message received. Polling Broker for messages...
[2024-09-01 00:26:06Z INFO RSAFileKeyManager] Loading RSA key parameters from file /home/spinoandraptos/Documents/assignment-1-spinoandraptos/actions-runner/.credentials_rsaparams
[2024-09-01 00:26:06Z INFO GitHubActionsService] AAD Correlation ID for this token request: Unknown
[2024-09-01 00:26:56Z INFO MessageListener] BrokerMigration message received. Polling Broker for messages...
[2024-09-01 00:27:47Z INFO MessageListener] BrokerMigration message received. Polling Broker for messages...
[2024-09-01 00:28:37Z INFO MessageListener] BrokerMigration message received. Polling Broker for messages...
[2024-09-01 00:29:27Z INFO MessageListener] BrokerMigration message received. Polling Broker for messages...
[2024-09-01 00:30:18Z INFO MessageListener] BrokerMigration message received. Polling Broker for messages...
[2024-09-01 00:31:08Z INFO MessageListener] BrokerMigration message received. Polling Broker for messages...
[2024-09-01 00:31:59Z INFO MessageListener] BrokerMigration message received. Polling Broker for messages...
[2024-09-01 00:32:49Z INFO MessageListener] BrokerMigration message received. Polling Broker for messages...
[2024-09-01 00:33:40Z INFO MessageListener] BrokerMigration message received. Polling Broker for messages...
[2024-09-01 00:34:30Z INFO MessageListener] BrokerMigration message received. Polling Broker for messages...
[2024-09-01 00:35:21Z INFO MessageListener] BrokerMigration message received. Polling Broker for messages...
[2024-09-01 00:36:11Z INFO MessageListener] BrokerMigration message received. Polling Broker for messages...
[2024-09-01 00:37:02Z INFO MessageListener] BrokerMigration message received. Polling Broker for messages...
[2024-09-01 00:37:52Z INFO MessageListener] BrokerMigration message received. Polling Broker for messages...
[2024-09-01 00:38:43Z INFO MessageListener] BrokerMigration message received. Polling Broker for messages...
[2024-09-01 00:39:33Z INFO MessageListener] BrokerMigration message received. Polling Broker for messages...
[2024-09-01 00:40:24Z INFO MessageListener] BrokerMigration message received. Polling Broker for messages...
[2024-09-01 00:41:14Z INFO RSAFileKeyManager] Loading RSA key parameters from file /home/spinoandraptos/Documents/assignment-1-spinoandraptos/actions-runner/.credentials_rsaparams
[2024-09-01 00:41:14Z INFO GitHubActionsService] AAD Correlation ID for this token request: Unknown
[2024-09-01 00:41:14Z INFO MessageListener] BrokerMigration message received. Polling Broker for messages...
[2024-09-01 00:42:05Z INFO MessageListener] BrokerMigration message received. Polling Broker for messages...
[2024-09-01 00:42:55Z INFO MessageListener] BrokerMigration message received. Polling Broker for messages...
[2024-09-01 00:43:46Z INFO MessageListener] BrokerMigration message received. Polling Broker for messages...
[2024-09-01 00:44:36Z INFO MessageListener] BrokerMigration message received. Polling Broker for messages...
[2024-09-01 00:45:27Z INFO MessageListener] BrokerMigration message received. Polling Broker for messages...
[2024-09-01 00:46:17Z INFO MessageListener] BrokerMigration message received. Polling Broker for messages...
[2024-09-01 00:47:07Z INFO MessageListener] BrokerMigration message received. Polling Broker for messages...
[2024-09-01 00:47:58Z INFO MessageListener] BrokerMigration message received. Polling Broker for messages...
[2024-09-01 00:48:48Z INFO MessageListener] BrokerMigration message received. Polling Broker for messages...
[2024-09-01 00:49:39Z INFO MessageListener] BrokerMigration message received. Polling Broker for messages...
[2024-09-01 00:50:29Z INFO MessageListener] BrokerMigration message received. Polling Broker for messages...
[2024-09-01 00:51:19Z INFO MessageListener] BrokerMigration message received. Polling Broker for messages...
[2024-09-01 00:52:10Z INFO MessageListener] BrokerMigration message received. Polling Broker for messages...
[2024-09-01 00:53:00Z INFO MessageListener] BrokerMigration message received. Polling Broker for messages...
[2024-09-01 00:53:51Z INFO MessageListener] BrokerMigration message received. Polling Broker for messages...
[2024-09-01 00:54:42Z INFO MessageListener] BrokerMigration message received. Polling Broker for messages...
[2024-09-01 00:55:32Z INFO MessageListener] BrokerMigration message received. Polling Broker for messages...
[2024-09-01 00:56:22Z INFO MessageListener] No message retrieved from session 'cdcf2e81-aee6-4c03-8676-8f61be2358cb' within last 30 minutes.
[2024-09-01 00:56:22Z INFO MessageListener] BrokerMigration message received. Polling Broker for messages...
[2024-09-01 00:57:13Z INFO MessageListener] BrokerMigration message received. Polling Broker for messages...
[2024-09-01 00:58:03Z INFO MessageListener] BrokerMigration message received. Polling Broker for messages...
[2024-09-01 00:58:54Z INFO MessageListener] BrokerMigration message received. Polling Broker for messages...
[2024-09-01 00:59:44Z INFO MessageListener] BrokerMigration message received. Polling Broker for messages...
[2024-09-01 01:00:35Z INFO MessageListener] BrokerMigration message received. Polling Broker for messages...
[2024-09-01 01:01:26Z INFO MessageListener] BrokerMigration message received. Polling Broker for messages...
[2024-09-01 01:02:16Z INFO MessageListener] BrokerMigration message received. Polling Broker for messages...
[2024-09-01 01:03:06Z INFO MessageListener] BrokerMigration message received. Polling Broker for messages...
[2024-09-01 01:03:57Z INFO MessageListener] BrokerMigration message received. Polling Broker for messages...
[2024-09-01 01:04:47Z INFO MessageListener] BrokerMigration message received. Polling Broker for messages...
[2024-09-01 01:05:38Z INFO MessageListener] BrokerMigration message received. Polling Broker for messages...
[2024-09-01 01:06:28Z INFO MessageListener] BrokerMigration message received. Polling Broker for messages...
[2024-09-01 01:07:19Z INFO MessageListener] BrokerMigration message received. Polling Broker for messages...
[2024-09-01 01:08:09Z INFO MessageListener] BrokerMigration message received. Polling Broker for messages...
[2024-09-01 01:08:59Z INFO MessageListener] BrokerMigration message received. Polling Broker for messages...
[2024-09-01 01:09:50Z INFO MessageListener] BrokerMigration message received. Polling Broker for messages...
[2024-09-01 01:10:40Z INFO MessageListener] BrokerMigration message received. Polling Broker for messages...
[2024-09-01 01:11:31Z INFO MessageListener] BrokerMigration message received. Polling Broker for messages...
[2024-09-01 01:12:21Z INFO MessageListener] BrokerMigration message received. Polling Broker for messages...
[2024-09-01 01:13:11Z INFO MessageListener] BrokerMigration message received. Polling Broker for messages...
[2024-09-01 01:14:02Z INFO MessageListener] BrokerMigration message received. Polling Broker for messages...
[2024-09-01 01:14:52Z INFO MessageListener] BrokerMigration message received. Polling Broker for messages...
[2024-09-01 01:16:32Z WARN GitHubActionsService] GET request to https://broker.actions.githubusercontent.com/message?sessionId=cdcf2e81-aee6-4c03-8676-8f61be2358cb&status=Online&runnerVersion=2.319.1&os=Linux&architecture=X64&disableUpdate=false timed out after 100 seconds.
[2024-09-01 01:16:32Z ERR  BrokerServer] Catch exception during request
[2024-09-01 01:16:32Z ERR  BrokerServer] System.TimeoutException: The HTTP request timed out after 00:01:40.
 ---> System.Threading.Tasks.TaskCanceledException: The operation was canceled.
 ---> System.IO.IOException: Unable to read data from the transport connection: Operation canceled.
 ---> System.Net.Sockets.SocketException (125): Operation canceled
   --- End of inner exception stack trace ---
   at System.Net.Sockets.Socket.AwaitableSocketAsyncEventArgs.ThrowException(SocketError error, CancellationToken cancellationToken)
   at System.Net.Sockets.Socket.AwaitableSocketAsyncEventArgs.System.Threading.Tasks.Sources.IValueTaskSource<System.Int32>.GetResult(Int16 token)
   at System.Net.Security.SslStream.EnsureFullTlsFrameAsync[TIOAdapter](TIOAdapter adapter)
   at System.Net.Security.SslStream.ReadAsyncInternal[TIOAdapter](TIOAdapter adapter, Memory`1 buffer)
   at System.Net.Http.HttpConnection.SendAsyncCore(HttpRequestMessage request, Boolean async, CancellationToken cancellationToken)
   --- End of inner exception stack trace ---
   at System.Net.Http.HttpConnection.SendAsyncCore(HttpRequestMessage request, Boolean async, CancellationToken cancellationToken)
   at System.Net.Http.AuthenticationHelper.SendWithNtAuthAsync(HttpRequestMessage request, Uri authUri, Boolean async, ICredentials credentials, Boolean isProxyAuth, HttpConnection connection, HttpConnectionPool connectionPool, CancellationToken cancellationToken)
   at System.Net.Http.HttpConnectionPool.SendWithVersionDetectionAndRetryAsync(HttpRequestMessage request, Boolean async, Boolean doRequestAuth, CancellationToken cancellationToken)
   at System.Net.Http.AuthenticationHelper.SendWithAuthAsync(HttpRequestMessage request, Uri authUri, Boolean async, ICredentials credentials, Boolean preAuthenticate, Boolean isProxyAuth, Boolean doRequestAuth, HttpConnectionPool pool, CancellationToken cancellationToken)
   at System.Net.Http.RedirectHandler.SendAsync(HttpRequestMessage request, Boolean async, CancellationToken cancellationToken)
   at GitHub.Services.Common.RawHttpMessageHandler.SendAsync(HttpRequestMessage request, CancellationToken cancellationToken)
   --- End of inner exception stack trace ---
   at GitHub.Services.Common.RawHttpMessageHandler.SendAsync(HttpRequestMessage request, CancellationToken cancellationToken)
   at GitHub.Services.Common.VssHttpRetryMessageHandler.SendAsync(HttpRequestMessage request, CancellationToken cancellationToken)
   at System.Net.Http.HttpClient.<SendAsync>g__Core|83_0(HttpRequestMessage request, HttpCompletionOption completionOption, CancellationTokenSource cts, Boolean disposeCts, CancellationTokenSource pendingRequestsCts, CancellationToken originalCancellationToken)
   at Sdk.WebApi.WebApi.RawHttpClientBase.SendAsync(HttpRequestMessage message, HttpCompletionOption completionOption, Object userState, CancellationToken cancellationToken)
   at Sdk.WebApi.WebApi.RawHttpClientBase.SendAsync[T](HttpRequestMessage message, Boolean readErrorBody, Object userState, CancellationToken cancellationToken)
   at Sdk.WebApi.WebApi.RawHttpClientBase.SendAsync[T](HttpMethod method, IEnumerable`1 additionalHeaders, Uri requestUri, HttpContent content, IEnumerable`1 queryParameters, Boolean readErrorBody, Object userState, CancellationToken cancellationToken)
   at GitHub.Actions.RunService.WebApi.BrokerHttpClient.GetRunnerMessageAsync(Nullable`1 sessionId, String runnerVersion, Nullable`1 status, String os, String architecture, Nullable`1 disableUpdate, CancellationToken cancellationToken)
   at GitHub.Runner.Common.BrokerServer.<>c__DisplayClass7_0.<<GetRunnerMessageAsync>b__0>d.MoveNext()
--- End of stack trace from previous location ---
   at GitHub.Runner.Common.RunnerService.RetryRequest[T](Func`1 func, CancellationToken cancellationToken, Int32 maxRetryAttemptsCount, Func`2 shouldRetry)
[2024-09-01 01:16:32Z ERR  BrokerServer] #####################################################
[2024-09-01 01:16:32Z ERR  BrokerServer] System.Threading.Tasks.TaskCanceledException: The operation was canceled.
 ---> System.IO.IOException: Unable to read data from the transport connection: Operation canceled.
 ---> System.Net.Sockets.SocketException (125): Operation canceled
   --- End of inner exception stack trace ---
   at System.Net.Sockets.Socket.AwaitableSocketAsyncEventArgs.ThrowException(SocketError error, CancellationToken cancellationToken)
   at System.Net.Sockets.Socket.AwaitableSocketAsyncEventArgs.System.Threading.Tasks.Sources.IValueTaskSource<System.Int32>.GetResult(Int16 token)
   at System.Net.Security.SslStream.EnsureFullTlsFrameAsync[TIOAdapter](TIOAdapter adapter)
   at System.Net.Security.SslStream.ReadAsyncInternal[TIOAdapter](TIOAdapter adapter, Memory`1 buffer)
   at System.Net.Http.HttpConnection.SendAsyncCore(HttpRequestMessage request, Boolean async, CancellationToken cancellationToken)
   --- End of inner exception stack trace ---
   at System.Net.Http.HttpConnection.SendAsyncCore(HttpRequestMessage request, Boolean async, CancellationToken cancellationToken)
   at System.Net.Http.AuthenticationHelper.SendWithNtAuthAsync(HttpRequestMessage request, Uri authUri, Boolean async, ICredentials credentials, Boolean isProxyAuth, HttpConnection connection, HttpConnectionPool connectionPool, CancellationToken cancellationToken)
   at System.Net.Http.HttpConnectionPool.SendWithVersionDetectionAndRetryAsync(HttpRequestMessage request, Boolean async, Boolean doRequestAuth, CancellationToken cancellationToken)
   at System.Net.Http.AuthenticationHelper.SendWithAuthAsync(HttpRequestMessage request, Uri authUri, Boolean async, ICredentials credentials, Boolean preAuthenticate, Boolean isProxyAuth, Boolean doRequestAuth, HttpConnectionPool pool, CancellationToken cancellationToken)
   at System.Net.Http.RedirectHandler.SendAsync(HttpRequestMessage request, Boolean async, CancellationToken cancellationToken)
   at GitHub.Services.Common.RawHttpMessageHandler.SendAsync(HttpRequestMessage request, CancellationToken cancellationToken)
[2024-09-01 01:16:32Z ERR  BrokerServer] #####################################################
[2024-09-01 01:16:32Z ERR  BrokerServer] System.IO.IOException: Unable to read data from the transport connection: Operation canceled.
 ---> System.Net.Sockets.SocketException (125): Operation canceled
   --- End of inner exception stack trace ---
   at System.Net.Sockets.Socket.AwaitableSocketAsyncEventArgs.ThrowException(SocketError error, CancellationToken cancellationToken)
   at System.Net.Sockets.Socket.AwaitableSocketAsyncEventArgs.System.Threading.Tasks.Sources.IValueTaskSource<System.Int32>.GetResult(Int16 token)
   at System.Net.Security.SslStream.EnsureFullTlsFrameAsync[TIOAdapter](TIOAdapter adapter)
   at System.Net.Security.SslStream.ReadAsyncInternal[TIOAdapter](TIOAdapter adapter, Memory`1 buffer)
   at System.Net.Http.HttpConnection.SendAsyncCore(HttpRequestMessage request, Boolean async, CancellationToken cancellationToken)
[2024-09-01 01:16:32Z ERR  BrokerServer] #####################################################
[2024-09-01 01:16:32Z ERR  BrokerServer] System.Net.Sockets.SocketException (125): Operation canceled
[2024-09-01 01:16:32Z WARN BrokerServer] Back off 6.108 seconds before next retry. 4 attempt left.
[2024-09-01 01:16:39Z INFO RSAFileKeyManager] Loading RSA key parameters from file /home/spinoandraptos/Documents/assignment-1-spinoandraptos/actions-runner/.credentials_rsaparams
[2024-09-01 01:16:39Z INFO GitHubActionsService] AAD Correlation ID for this token request: Unknown
[2024-09-01 01:17:31Z INFO MessageListener] BrokerMigration message received. Polling Broker for messages...
[2024-09-01 01:18:21Z INFO MessageListener] BrokerMigration message received. Polling Broker for messages...
[2024-09-01 01:19:12Z INFO MessageListener] BrokerMigration message received. Polling Broker for messages...
[2024-09-01 01:20:02Z INFO MessageListener] BrokerMigration message received. Polling Broker for messages...
[2024-09-01 01:20:53Z INFO MessageListener] BrokerMigration message received. Polling Broker for messages...
[2024-09-01 01:21:43Z INFO MessageListener] BrokerMigration message received. Polling Broker for messages...
[2024-09-01 01:22:33Z INFO MessageListener] BrokerMigration message received. Polling Broker for messages...
[2024-09-01 01:23:24Z INFO MessageListener] BrokerMigration message received. Polling Broker for messages...
[2024-09-01 01:24:14Z INFO MessageListener] BrokerMigration message received. Polling Broker for messages...
[2024-09-01 01:25:05Z INFO MessageListener] BrokerMigration message received. Polling Broker for messages...
[2024-09-01 01:25:55Z INFO MessageListener] BrokerMigration message received. Polling Broker for messages...
[2024-09-01 01:26:45Z INFO MessageListener] No message retrieved from session 'cdcf2e81-aee6-4c03-8676-8f61be2358cb' within last 30 minutes.
[2024-09-01 01:26:46Z INFO MessageListener] BrokerMigration message received. Polling Broker for messages...
[2024-09-01 01:27:36Z INFO MessageListener] BrokerMigration message received. Polling Broker for messages...
[2024-09-01 01:28:26Z INFO MessageListener] BrokerMigration message received. Polling Broker for messages...
[2024-09-01 01:29:17Z INFO MessageListener] BrokerMigration message received. Polling Broker for messages...
[2024-09-01 01:30:07Z INFO MessageListener] BrokerMigration message received. Polling Broker for messages...
[2024-09-01 01:30:58Z INFO MessageListener] BrokerMigration message received. Polling Broker for messages...
[2024-09-01 01:31:48Z INFO MessageListener] BrokerMigration message received. Polling Broker for messages...
[2024-09-01 01:32:38Z INFO MessageListener] BrokerMigration message received. Polling Broker for messages...
[2024-09-01 01:33:29Z INFO MessageListener] BrokerMigration message received. Polling Broker for messages...
[2024-09-01 01:34:19Z INFO MessageListener] BrokerMigration message received. Polling Broker for messages...
[2024-09-01 01:35:10Z INFO MessageListener] BrokerMigration message received. Polling Broker for messages...
[2024-09-01 01:36:00Z INFO MessageListener] BrokerMigration message received. Polling Broker for messages...
[2024-09-01 01:36:50Z INFO RSAFileKeyManager] Loading RSA key parameters from file /home/spinoandraptos/Documents/assignment-1-spinoandraptos/actions-runner/.credentials_rsaparams
[2024-09-01 01:36:51Z INFO GitHubActionsService] AAD Correlation ID for this token request: Unknown
[2024-09-01 01:36:51Z INFO MessageListener] BrokerMigration message received. Polling Broker for messages...
[2024-09-01 01:37:41Z INFO MessageListener] BrokerMigration message received. Polling Broker for messages...
[2024-09-01 01:38:32Z INFO MessageListener] BrokerMigration message received. Polling Broker for messages...
[2024-09-01 01:39:22Z INFO MessageListener] BrokerMigration message received. Polling Broker for messages...
[2024-09-01 01:40:12Z INFO MessageListener] BrokerMigration message received. Polling Broker for messages...
[2024-09-01 01:41:03Z INFO MessageListener] BrokerMigration message received. Polling Broker for messages...
[2024-09-01 01:41:53Z INFO MessageListener] BrokerMigration message received. Polling Broker for messages...
[2024-09-01 01:42:44Z INFO MessageListener] BrokerMigration message received. Polling Broker for messages...
[2024-09-01 01:43:34Z INFO MessageListener] BrokerMigration message received. Polling Broker for messages...
[2024-09-01 01:44:24Z INFO MessageListener] BrokerMigration message received. Polling Broker for messages...
[2024-09-01 01:45:15Z INFO MessageListener] BrokerMigration message received. Polling Broker for messages...
[2024-09-01 01:46:05Z INFO MessageListener] BrokerMigration message received. Polling Broker for messages...
[2024-09-01 01:46:56Z INFO MessageListener] BrokerMigration message received. Polling Broker for messages...
[2024-09-01 01:47:46Z INFO MessageListener] BrokerMigration message received. Polling Broker for messages...
[2024-09-01 01:48:37Z INFO MessageListener] BrokerMigration message received. Polling Broker for messages...
[2024-09-01 01:49:27Z INFO MessageListener] BrokerMigration message received. Polling Broker for messages...
[2024-09-01 01:50:17Z INFO MessageListener] BrokerMigration message received. Polling Broker for messages...
[2024-09-01 01:51:08Z INFO MessageListener] BrokerMigration message received. Polling Broker for messages...
[2024-09-01 01:51:58Z INFO MessageListener] BrokerMigration message received. Polling Broker for messages...
[2024-09-01 01:52:49Z INFO MessageListener] BrokerMigration message received. Polling Broker for messages...
[2024-09-01 01:53:39Z INFO MessageListener] BrokerMigration message received. Polling Broker for messages...
[2024-09-01 01:54:30Z INFO MessageListener] BrokerMigration message received. Polling Broker for messages...
[2024-09-01 01:55:20Z INFO MessageListener] BrokerMigration message received. Polling Broker for messages...
[2024-09-01 01:56:11Z INFO MessageListener] BrokerMigration message received. Polling Broker for messages...
[2024-09-01 01:57:01Z INFO MessageListener] No message retrieved from session 'cdcf2e81-aee6-4c03-8676-8f61be2358cb' within last 30 minutes.
[2024-09-01 01:57:01Z INFO MessageListener] BrokerMigration message received. Polling Broker for messages...
[2024-09-01 01:57:51Z INFO MessageListener] BrokerMigration message received. Polling Broker for messages...
[2024-09-01 01:58:42Z INFO MessageListener] BrokerMigration message received. Polling Broker for messages...
[2024-09-01 01:59:33Z INFO MessageListener] BrokerMigration message received. Polling Broker for messages...
[2024-09-01 02:00:23Z INFO MessageListener] BrokerMigration message received. Polling Broker for messages...
[2024-09-01 02:01:13Z INFO MessageListener] BrokerMigration message received. Polling Broker for messages...
[2024-09-01 02:02:04Z INFO MessageListener] BrokerMigration message received. Polling Broker for messages...
[2024-09-01 02:02:55Z INFO MessageListener] BrokerMigration message received. Polling Broker for messages...
[2024-09-01 02:03:46Z INFO MessageListener] BrokerMigration message received. Polling Broker for messages...
[2024-09-01 02:04:36Z INFO MessageListener] BrokerMigration message received. Polling Broker for messages...
[2024-09-01 02:05:27Z INFO MessageListener] BrokerMigration message received. Polling Broker for messages...
[2024-09-01 02:06:17Z INFO MessageListener] BrokerMigration message received. Polling Broker for messages...
[2024-09-01 02:07:07Z INFO MessageListener] BrokerMigration message received. Polling Broker for messages...
[2024-09-01 02:07:07Z INFO RSAFileKeyManager] Loading RSA key parameters from file /home/spinoandraptos/Documents/assignment-1-spinoandraptos/actions-runner/.credentials_rsaparams
[2024-09-01 02:07:08Z INFO GitHubActionsService] AAD Correlation ID for this token request: Unknown
[2024-09-01 02:07:58Z INFO MessageListener] BrokerMigration message received. Polling Broker for messages...
[2024-09-01 02:08:49Z INFO MessageListener] BrokerMigration message received. Polling Broker for messages...
[2024-09-01 02:09:39Z INFO MessageListener] BrokerMigration message received. Polling Broker for messages...
[2024-09-01 02:10:29Z INFO MessageListener] BrokerMigration message received. Polling Broker for messages...
[2024-09-01 02:11:20Z INFO MessageListener] BrokerMigration message received. Polling Broker for messages...
[2024-09-01 02:12:10Z INFO MessageListener] BrokerMigration message received. Polling Broker for messages...
[2024-09-01 02:13:01Z INFO MessageListener] BrokerMigration message received. Polling Broker for messages...
[2024-09-01 02:13:51Z INFO MessageListener] BrokerMigration message received. Polling Broker for messages...
[2024-09-01 02:14:41Z INFO MessageListener] BrokerMigration message received. Polling Broker for messages...
[2024-09-01 02:15:32Z INFO MessageListener] BrokerMigration message received. Polling Broker for messages...
[2024-09-01 02:16:22Z INFO MessageListener] BrokerMigration message received. Polling Broker for messages...
[2024-09-01 02:17:13Z INFO MessageListener] BrokerMigration message received. Polling Broker for messages...
[2024-09-01 02:18:03Z INFO MessageListener] BrokerMigration message received. Polling Broker for messages...
[2024-09-01 02:18:54Z INFO MessageListener] BrokerMigration message received. Polling Broker for messages...
[2024-09-01 02:19:44Z INFO MessageListener] BrokerMigration message received. Polling Broker for messages...
[2024-09-01 02:20:35Z INFO MessageListener] BrokerMigration message received. Polling Broker for messages...
[2024-09-01 02:21:25Z INFO MessageListener] BrokerMigration message received. Polling Broker for messages...
[2024-09-01 02:22:15Z INFO MessageListener] BrokerMigration message received. Polling Broker for messages...
[2024-09-01 02:23:06Z INFO MessageListener] BrokerMigration message received. Polling Broker for messages...
[2024-09-01 02:23:56Z INFO MessageListener] BrokerMigration message received. Polling Broker for messages...
[2024-09-01 02:24:47Z INFO MessageListener] BrokerMigration message received. Polling Broker for messages...
[2024-09-01 02:25:37Z INFO MessageListener] BrokerMigration message received. Polling Broker for messages...
[2024-09-01 02:26:28Z INFO MessageListener] BrokerMigration message received. Polling Broker for messages...
[2024-09-01 02:27:18Z INFO MessageListener] No message retrieved from session 'cdcf2e81-aee6-4c03-8676-8f61be2358cb' within last 30 minutes.
[2024-09-01 02:27:18Z INFO MessageListener] BrokerMigration message received. Polling Broker for messages...
[2024-09-01 02:28:08Z INFO MessageListener] BrokerMigration message received. Polling Broker for messages...
[2024-09-01 02:28:59Z INFO MessageListener] BrokerMigration message received. Polling Broker for messages...
[2024-09-01 02:29:49Z INFO MessageListener] BrokerMigration message received. Polling Broker for messages...
[2024-09-01 02:30:40Z INFO MessageListener] BrokerMigration message received. Polling Broker for messages...
[2024-09-01 02:31:30Z INFO MessageListener] BrokerMigration message received. Polling Broker for messages...
[2024-09-01 02:32:21Z INFO RSAFileKeyManager] Loading RSA key parameters from file /home/spinoandraptos/Documents/assignment-1-spinoandraptos/actions-runner/.credentials_rsaparams
[2024-09-01 02:32:21Z INFO GitHubActionsService] AAD Correlation ID for this token request: Unknown
[2024-09-01 02:32:21Z INFO MessageListener] BrokerMigration message received. Polling Broker for messages...
[2024-09-01 02:33:12Z INFO MessageListener] BrokerMigration message received. Polling Broker for messages...
[2024-09-01 02:34:02Z INFO MessageListener] BrokerMigration message received. Polling Broker for messages...
[2024-09-01 02:34:52Z INFO MessageListener] BrokerMigration message received. Polling Broker for messages...
[2024-09-01 02:35:43Z INFO MessageListener] BrokerMigration message received. Polling Broker for messages...
[2024-09-01 02:36:33Z INFO MessageListener] BrokerMigration message received. Polling Broker for messages...
[2024-09-01 02:37:23Z INFO MessageListener] BrokerMigration message received. Polling Broker for messages...
[2024-09-01 02:38:14Z INFO MessageListener] BrokerMigration message received. Polling Broker for messages...
[2024-09-01 02:39:04Z INFO MessageListener] BrokerMigration message received. Polling Broker for messages...
[2024-09-01 02:39:55Z INFO MessageListener] BrokerMigration message received. Polling Broker for messages...
[2024-09-01 02:40:45Z INFO MessageListener] BrokerMigration message received. Polling Broker for messages...
[2024-09-01 02:41:36Z INFO MessageListener] BrokerMigration message received. Polling Broker for messages...
[2024-09-01 02:42:26Z INFO MessageListener] BrokerMigration message received. Polling Broker for messages...
[2024-09-01 02:43:16Z INFO MessageListener] BrokerMigration message received. Polling Broker for messages...
[2024-09-01 02:44:07Z INFO MessageListener] BrokerMigration message received. Polling Broker for messages...
[2024-09-01 02:44:57Z INFO MessageListener] BrokerMigration message received. Polling Broker for messages...
[2024-09-01 02:45:48Z INFO MessageListener] BrokerMigration message received. Polling Broker for messages...
[2024-09-01 02:46:38Z INFO MessageListener] BrokerMigration message received. Polling Broker for messages...
[2024-09-01 02:47:29Z INFO MessageListener] BrokerMigration message received. Polling Broker for messages...
[2024-09-01 02:48:19Z INFO MessageListener] BrokerMigration message received. Polling Broker for messages...
[2024-09-01 02:49:10Z INFO MessageListener] BrokerMigration message received. Polling Broker for messages...
[2024-09-01 02:50:00Z INFO MessageListener] BrokerMigration message received. Polling Broker for messages...
[2024-09-01 02:51:00Z INFO MessageListener] BrokerMigration message received. Polling Broker for messages...
[2024-09-01 02:51:52Z INFO MessageListener] BrokerMigration message received. Polling Broker for messages...
[2024-09-01 02:52:43Z INFO MessageListener] BrokerMigration message received. Polling Broker for messages...
[2024-09-01 02:53:33Z INFO MessageListener] BrokerMigration message received. Polling Broker for messages...
[2024-09-01 02:54:24Z INFO MessageListener] BrokerMigration message received. Polling Broker for messages...
[2024-09-01 02:55:14Z INFO MessageListener] BrokerMigration message received. Polling Broker for messages...
[2024-09-01 02:56:05Z INFO MessageListener] BrokerMigration message received. Polling Broker for messages...
[2024-09-01 02:56:55Z INFO MessageListener] BrokerMigration message received. Polling Broker for messages...
[2024-09-01 02:57:45Z INFO MessageListener] No message retrieved from session 'cdcf2e81-aee6-4c03-8676-8f61be2358cb' within last 30 minutes.
[2024-09-01 02:57:45Z INFO MessageListener] BrokerMigration message received. Polling Broker for messages...
[2024-09-01 02:57:46Z INFO RSAFileKeyManager] Loading RSA key parameters from file /home/spinoandraptos/Documents/assignment-1-spinoandraptos/actions-runner/.credentials_rsaparams
[2024-09-01 02:57:46Z INFO GitHubActionsService] AAD Correlation ID for this token request: Unknown
[2024-09-01 02:58:36Z INFO MessageListener] BrokerMigration message received. Polling Broker for messages...
[2024-09-01 02:59:27Z INFO MessageListener] BrokerMigration message received. Polling Broker for messages...
[2024-09-01 03:00:17Z INFO MessageListener] BrokerMigration message received. Polling Broker for messages...
[2024-09-01 03:01:09Z INFO MessageListener] BrokerMigration message received. Polling Broker for messages...
[2024-09-01 03:02:00Z INFO MessageListener] BrokerMigration message received. Polling Broker for messages...
[2024-09-01 03:02:50Z INFO MessageListener] BrokerMigration message received. Polling Broker for messages...
[2024-09-01 03:03:40Z INFO MessageListener] BrokerMigration message received. Polling Broker for messages...
[2024-09-01 03:04:31Z INFO MessageListener] BrokerMigration message received. Polling Broker for messages...
[2024-09-01 03:05:21Z INFO MessageListener] BrokerMigration message received. Polling Broker for messages...
[2024-09-01 03:06:13Z INFO MessageListener] BrokerMigration message received. Polling Broker for messages...
[2024-09-01 03:07:03Z INFO MessageListener] BrokerMigration message received. Polling Broker for messages...
[2024-09-01 03:07:54Z INFO MessageListener] BrokerMigration message received. Polling Broker for messages...
[2024-09-01 03:08:44Z INFO MessageListener] BrokerMigration message received. Polling Broker for messages...
[2024-09-01 03:09:36Z INFO MessageListener] BrokerMigration message received. Polling Broker for messages...
[2024-09-01 03:10:26Z INFO MessageListener] BrokerMigration message received. Polling Broker for messages...
[2024-09-01 03:11:17Z INFO MessageListener] BrokerMigration message received. Polling Broker for messages...
[2024-09-01 03:12:07Z INFO MessageListener] BrokerMigration message received. Polling Broker for messages...
[2024-09-01 03:12:57Z INFO MessageListener] BrokerMigration message received. Polling Broker for messages...
[2024-09-01 03:13:48Z INFO MessageListener] BrokerMigration message received. Polling Broker for messages...
[2024-09-01 03:14:38Z INFO MessageListener] BrokerMigration message received. Polling Broker for messages...
[2024-09-01 03:15:29Z INFO MessageListener] BrokerMigration message received. Polling Broker for messages...
[2024-09-01 03:16:20Z INFO MessageListener] BrokerMigration message received. Polling Broker for messages...
[2024-09-01 03:17:10Z INFO MessageListener] BrokerMigration message received. Polling Broker for messages...
[2024-09-01 03:18:00Z INFO MessageListener] BrokerMigration message received. Polling Broker for messages...
[2024-09-01 03:18:51Z INFO MessageListener] BrokerMigration message received. Polling Broker for messages...
[2024-09-01 03:19:41Z INFO MessageListener] BrokerMigration message received. Polling Broker for messages...
[2024-09-01 03:20:32Z INFO MessageListener] BrokerMigration message received. Polling Broker for messages...
[2024-09-01 03:21:22Z INFO MessageListener] BrokerMigration message received. Polling Broker for messages...
[2024-09-01 03:22:12Z INFO MessageListener] BrokerMigration message received. Polling Broker for messages...
[2024-09-01 03:23:03Z INFO MessageListener] BrokerMigration message received. Polling Broker for messages...
[2024-09-01 03:23:53Z INFO MessageListener] BrokerMigration message received. Polling Broker for messages...
[2024-09-01 03:24:44Z INFO MessageListener] BrokerMigration message received. Polling Broker for messages...
[2024-09-01 03:25:34Z INFO MessageListener] BrokerMigration message received. Polling Broker for messages...
[2024-09-01 03:26:25Z INFO MessageListener] BrokerMigration message received. Polling Broker for messages...
[2024-09-01 03:27:15Z INFO MessageListener] BrokerMigration message received. Polling Broker for messages...
[2024-09-01 03:28:05Z INFO MessageListener] No message retrieved from session 'cdcf2e81-aee6-4c03-8676-8f61be2358cb' within last 30 minutes.
[2024-09-01 03:28:06Z INFO RSAFileKeyManager] Loading RSA key parameters from file /home/spinoandraptos/Documents/assignment-1-spinoandraptos/actions-runner/.credentials_rsaparams
[2024-09-01 03:28:06Z INFO GitHubActionsService] AAD Correlation ID for this token request: Unknown
[2024-09-01 03:28:06Z INFO MessageListener] BrokerMigration message received. Polling Broker for messages...
[2024-09-01 03:28:56Z INFO MessageListener] BrokerMigration message received. Polling Broker for messages...
[2024-09-01 03:29:47Z INFO MessageListener] BrokerMigration message received. Polling Broker for messages...
[2024-09-01 03:30:37Z INFO MessageListener] BrokerMigration message received. Polling Broker for messages...
[2024-09-01 03:31:28Z INFO MessageListener] BrokerMigration message received. Polling Broker for messages...
[2024-09-01 03:32:18Z INFO MessageListener] BrokerMigration message received. Polling Broker for messages...
[2024-09-01 03:33:08Z INFO MessageListener] BrokerMigration message received. Polling Broker for messages...
[2024-09-01 03:33:59Z INFO MessageListener] BrokerMigration message received. Polling Broker for messages...
[2024-09-01 03:34:49Z INFO MessageListener] BrokerMigration message received. Polling Broker for messages...
[2024-09-01 03:35:40Z INFO MessageListener] BrokerMigration message received. Polling Broker for messages...
[2024-09-01 03:36:30Z INFO MessageListener] BrokerMigration message received. Polling Broker for messages...
[2024-09-01 03:37:21Z INFO MessageListener] BrokerMigration message received. Polling Broker for messages...
[2024-09-01 03:38:11Z INFO MessageListener] BrokerMigration message received. Polling Broker for messages...
[2024-09-01 03:39:05Z INFO MessageListener] BrokerMigration message received. Polling Broker for messages...
[2024-09-01 03:39:55Z INFO MessageListener] BrokerMigration message received. Polling Broker for messages...
[2024-09-01 03:40:45Z INFO MessageListener] BrokerMigration message received. Polling Broker for messages...
[2024-09-01 03:41:36Z INFO MessageListener] BrokerMigration message received. Polling Broker for messages...
[2024-09-01 03:42:26Z INFO MessageListener] BrokerMigration message received. Polling Broker for messages...
[2024-09-01 03:43:17Z INFO MessageListener] BrokerMigration message received. Polling Broker for messages...
[2024-09-01 03:44:07Z INFO MessageListener] BrokerMigration message received. Polling Broker for messages...
[2024-09-01 03:44:58Z INFO MessageListener] BrokerMigration message received. Polling Broker for messages...
[2024-09-01 03:45:48Z INFO MessageListener] BrokerMigration message received. Polling Broker for messages...
[2024-09-01 03:46:42Z INFO MessageListener] BrokerMigration message received. Polling Broker for messages...
[2024-09-01 03:47:32Z INFO MessageListener] BrokerMigration message received. Polling Broker for messages...
[2024-09-01 03:48:22Z INFO MessageListener] BrokerMigration message received. Polling Broker for messages...
[2024-09-01 03:48:22Z INFO RSAFileKeyManager] Loading RSA key parameters from file /home/spinoandraptos/Documents/assignment-1-spinoandraptos/actions-runner/.credentials_rsaparams
[2024-09-01 03:48:23Z INFO GitHubActionsService] AAD Correlation ID for this token request: Unknown
[2024-09-01 03:49:13Z INFO MessageListener] BrokerMigration message received. Polling Broker for messages...
[2024-09-01 03:50:04Z INFO MessageListener] BrokerMigration message received. Polling Broker for messages...
[2024-09-01 03:50:54Z INFO MessageListener] BrokerMigration message received. Polling Broker for messages...
[2024-09-01 03:51:44Z INFO MessageListener] BrokerMigration message received. Polling Broker for messages...
[2024-09-01 03:52:35Z INFO MessageListener] BrokerMigration message received. Polling Broker for messages...
[2024-09-01 03:53:25Z INFO MessageListener] BrokerMigration message received. Polling Broker for messages...
[2024-09-01 03:54:16Z INFO MessageListener] BrokerMigration message received. Polling Broker for messages...
[2024-09-01 03:55:06Z INFO MessageListener] BrokerMigration message received. Polling Broker for messages...
[2024-09-01 03:55:57Z INFO MessageListener] BrokerMigration message received. Polling Broker for messages...
[2024-09-01 03:56:47Z INFO MessageListener] BrokerMigration message received. Polling Broker for messages...
[2024-09-01 03:57:37Z INFO MessageListener] BrokerMigration message received. Polling Broker for messages...
[2024-09-01 03:58:28Z INFO MessageListener] No message retrieved from session 'cdcf2e81-aee6-4c03-8676-8f61be2358cb' within last 30 minutes.
[2024-09-01 03:58:28Z INFO MessageListener] BrokerMigration message received. Polling Broker for messages...
[2024-09-01 03:59:18Z INFO MessageListener] BrokerMigration message received. Polling Broker for messages...
[2024-09-01 04:00:08Z INFO MessageListener] BrokerMigration message received. Polling Broker for messages...
[2024-09-01 04:00:59Z INFO MessageListener] BrokerMigration message received. Polling Broker for messages...
[2024-09-01 04:01:49Z INFO MessageListener] BrokerMigration message received. Polling Broker for messages...
[2024-09-01 04:02:40Z INFO MessageListener] BrokerMigration message received. Polling Broker for messages...
[2024-09-01 04:03:30Z INFO MessageListener] BrokerMigration message received. Polling Broker for messages...
[2024-09-01 04:04:21Z INFO MessageListener] BrokerMigration message received. Polling Broker for messages...
[2024-09-01 04:05:11Z INFO MessageListener] BrokerMigration message received. Polling Broker for messages...
[2024-09-01 04:06:01Z INFO MessageListener] BrokerMigration message received. Polling Broker for messages...
[2024-09-01 04:06:52Z INFO MessageListener] BrokerMigration message received. Polling Broker for messages...
[2024-09-01 04:07:42Z INFO MessageListener] BrokerMigration message received. Polling Broker for messages...
[2024-09-01 04:08:33Z INFO MessageListener] BrokerMigration message received. Polling Broker for messages...
[2024-09-01 04:09:23Z INFO MessageListener] BrokerMigration message received. Polling Broker for messages...
[2024-09-01 04:10:14Z INFO MessageListener] BrokerMigration message received. Polling Broker for messages...
[2024-09-01 04:11:04Z INFO MessageListener] BrokerMigration message received. Polling Broker for messages...
[2024-09-01 04:11:54Z INFO MessageListener] BrokerMigration message received. Polling Broker for messages...
[2024-09-01 04:12:45Z INFO MessageListener] BrokerMigration message received. Polling Broker for messages...
[2024-09-01 04:13:35Z INFO MessageListener] BrokerMigration message received. Polling Broker for messages...
[2024-09-01 04:14:26Z INFO MessageListener] BrokerMigration message received. Polling Broker for messages...
[2024-09-01 04:15:16Z INFO MessageListener] BrokerMigration message received. Polling Broker for messages...
[2024-09-01 04:16:06Z INFO MessageListener] BrokerMigration message received. Polling Broker for messages...
[2024-09-01 04:16:57Z INFO MessageListener] BrokerMigration message received. Polling Broker for messages...
[2024-09-01 04:17:47Z INFO MessageListener] BrokerMigration message received. Polling Broker for messages...
[2024-09-01 04:18:39Z INFO MessageListener] BrokerMigration message received. Polling Broker for messages...
[2024-09-01 04:19:29Z INFO MessageListener] BrokerMigration message received. Polling Broker for messages...
[2024-09-01 04:20:19Z INFO MessageListener] BrokerMigration message received. Polling Broker for messages...
[2024-09-01 04:21:10Z INFO MessageListener] BrokerMigration message received. Polling Broker for messages...
[2024-09-01 04:22:04Z INFO MessageListener] BrokerMigration message received. Polling Broker for messages...
[2024-09-01 04:22:55Z INFO MessageListener] BrokerMigration message received. Polling Broker for messages...
[2024-09-01 04:23:45Z INFO RSAFileKeyManager] Loading RSA key parameters from file /home/spinoandraptos/Documents/assignment-1-spinoandraptos/actions-runner/.credentials_rsaparams
[2024-09-01 04:23:46Z INFO GitHubActionsService] AAD Correlation ID for this token request: Unknown
[2024-09-01 04:23:46Z INFO MessageListener] BrokerMigration message received. Polling Broker for messages...
[2024-09-01 04:24:36Z INFO MessageListener] BrokerMigration message received. Polling Broker for messages...
[2024-09-01 04:25:27Z INFO MessageListener] BrokerMigration message received. Polling Broker for messages...
[2024-09-01 04:26:17Z INFO MessageListener] BrokerMigration message received. Polling Broker for messages...
[2024-09-01 04:27:08Z INFO MessageListener] BrokerMigration message received. Polling Broker for messages...
[2024-09-01 04:27:58Z INFO MessageListener] BrokerMigration message received. Polling Broker for messages...
[2024-09-01 04:28:48Z INFO MessageListener] No message retrieved from session 'cdcf2e81-aee6-4c03-8676-8f61be2358cb' within last 30 minutes.
[2024-09-01 04:28:48Z INFO MessageListener] BrokerMigration message received. Polling Broker for messages...
[2024-09-01 04:29:39Z INFO MessageListener] BrokerMigration message received. Polling Broker for messages...
[2024-09-01 04:30:29Z INFO MessageListener] BrokerMigration message received. Polling Broker for messages...
[2024-09-01 04:31:20Z INFO MessageListener] BrokerMigration message received. Polling Broker for messages...
[2024-09-01 04:32:10Z INFO MessageListener] BrokerMigration message received. Polling Broker for messages...
[2024-09-01 04:33:00Z INFO MessageListener] BrokerMigration message received. Polling Broker for messages...
[2024-09-01 04:33:51Z INFO MessageListener] BrokerMigration message received. Polling Broker for messages...
[2024-09-01 04:34:41Z INFO MessageListener] BrokerMigration message received. Polling Broker for messages...
[2024-09-01 04:35:32Z INFO MessageListener] BrokerMigration message received. Polling Broker for messages...
[2024-09-01 04:36:22Z INFO MessageListener] BrokerMigration message received. Polling Broker for messages...
[2024-09-01 04:37:12Z INFO MessageListener] BrokerMigration message received. Polling Broker for messages...
[2024-09-01 04:38:03Z INFO MessageListener] BrokerMigration message received. Polling Broker for messages...
[2024-09-01 04:38:53Z INFO MessageListener] BrokerMigration message received. Polling Broker for messages...
[2024-09-01 04:38:53Z INFO RSAFileKeyManager] Loading RSA key parameters from file /home/spinoandraptos/Documents/assignment-1-spinoandraptos/actions-runner/.credentials_rsaparams
[2024-09-01 04:38:54Z INFO GitHubActionsService] AAD Correlation ID for this token request: Unknown
[2024-09-01 04:39:44Z INFO MessageListener] BrokerMigration message received. Polling Broker for messages...
[2024-09-01 04:40:35Z INFO MessageListener] BrokerMigration message received. Polling Broker for messages...
[2024-09-01 04:41:25Z INFO MessageListener] BrokerMigration message received. Polling Broker for messages...
[2024-09-01 04:42:15Z INFO MessageListener] BrokerMigration message received. Polling Broker for messages...
[2024-09-01 04:43:06Z INFO MessageListener] BrokerMigration message received. Polling Broker for messages...
[2024-09-01 04:43:56Z INFO MessageListener] BrokerMigration message received. Polling Broker for messages...
[2024-09-01 04:44:47Z INFO MessageListener] BrokerMigration message received. Polling Broker for messages...
[2024-09-01 04:45:37Z INFO MessageListener] BrokerMigration message received. Polling Broker for messages...
[2024-09-01 04:46:27Z INFO MessageListener] BrokerMigration message received. Polling Broker for messages...
[2024-09-01 04:47:18Z INFO MessageListener] BrokerMigration message received. Polling Broker for messages...
[2024-09-01 04:48:08Z INFO MessageListener] BrokerMigration message received. Polling Broker for messages...
[2024-09-01 04:48:59Z INFO MessageListener] BrokerMigration message received. Polling Broker for messages...
[2024-09-01 04:49:49Z INFO MessageListener] BrokerMigration message received. Polling Broker for messages...
[2024-09-01 04:50:40Z INFO MessageListener] BrokerMigration message received. Polling Broker for messages...
[2024-09-01 04:51:30Z INFO MessageListener] BrokerMigration message received. Polling Broker for messages...
[2024-09-01 04:52:20Z INFO MessageListener] BrokerMigration message received. Polling Broker for messages...
[2024-09-01 04:53:11Z INFO MessageListener] BrokerMigration message received. Polling Broker for messages...
[2024-09-01 04:54:01Z INFO MessageListener] BrokerMigration message received. Polling Broker for messages...
[2024-09-01 04:54:52Z INFO MessageListener] BrokerMigration message received. Polling Broker for messages...
[2024-09-01 04:55:42Z INFO MessageListener] BrokerMigration message received. Polling Broker for messages...
[2024-09-01 04:56:32Z INFO MessageListener] BrokerMigration message received. Polling Broker for messages...
[2024-09-01 04:57:23Z INFO MessageListener] BrokerMigration message received. Polling Broker for messages...
[2024-09-01 04:58:13Z INFO MessageListener] BrokerMigration message received. Polling Broker for messages...
[2024-09-01 04:59:03Z INFO MessageListener] No message retrieved from session 'cdcf2e81-aee6-4c03-8676-8f61be2358cb' within last 30 minutes.
[2024-09-01 04:59:04Z INFO MessageListener] BrokerMigration message received. Polling Broker for messages...
[2024-09-01 04:59:54Z INFO MessageListener] BrokerMigration message received. Polling Broker for messages...
[2024-09-01 05:00:44Z INFO MessageListener] BrokerMigration message received. Polling Broker for messages...
[2024-09-01 05:01:35Z INFO MessageListener] BrokerMigration message received. Polling Broker for messages...
[2024-09-01 05:02:25Z INFO MessageListener] BrokerMigration message received. Polling Broker for messages...
[2024-09-01 05:03:16Z INFO MessageListener] BrokerMigration message received. Polling Broker for messages...
[2024-09-01 05:04:06Z INFO MessageListener] BrokerMigration message received. Polling Broker for messages...
[2024-09-01 05:04:57Z INFO MessageListener] BrokerMigration message received. Polling Broker for messages...
[2024-09-01 05:05:47Z INFO MessageListener] BrokerMigration message received. Polling Broker for messages...
[2024-09-01 05:06:37Z INFO MessageListener] BrokerMigration message received. Polling Broker for messages...
[2024-09-01 05:07:28Z INFO MessageListener] BrokerMigration message received. Polling Broker for messages...
[2024-09-01 05:08:18Z INFO MessageListener] BrokerMigration message received. Polling Broker for messages...
[2024-09-01 05:09:09Z INFO MessageListener] BrokerMigration message received. Polling Broker for messages...
[2024-09-01 05:09:59Z INFO MessageListener] BrokerMigration message received. Polling Broker for messages...
[2024-09-01 05:10:49Z INFO MessageListener] BrokerMigration message received. Polling Broker for messages...
[2024-09-01 05:11:40Z INFO MessageListener] BrokerMigration message received. Polling Broker for messages...
[2024-09-01 05:12:30Z INFO MessageListener] BrokerMigration message received. Polling Broker for messages...
[2024-09-01 05:13:21Z INFO MessageListener] BrokerMigration message received. Polling Broker for messages...
[2024-09-01 05:14:11Z INFO MessageListener] BrokerMigration message received. Polling Broker for messages...
[2024-09-01 05:14:56Z INFO Terminal] WRITE LINE: Exiting...
[2024-09-01 05:14:56Z INFO ConfigurationStore] IsServiceConfigured()
[2024-09-01 05:14:56Z INFO ConfigurationStore] IsServiceConfigured: False
[2024-09-01 05:14:56Z INFO HostContext] Runner will be shutdown for UserCancelled
[2024-09-01 05:14:56Z WARN GitHubActionsService] GET request to https://broker.actions.githubusercontent.com/message?sessionId=cdcf2e81-aee6-4c03-8676-8f61be2358cb&status=Online&runnerVersion=2.319.1&os=Linux&architecture=X64&disableUpdate=false has been cancelled.
[2024-09-01 05:14:56Z ERR  BrokerServer] Catch exception during request
[2024-09-01 05:14:56Z ERR  BrokerServer] System.Threading.Tasks.TaskCanceledException: The operation was canceled.
 ---> System.IO.IOException: Unable to read data from the transport connection: Operation canceled.
 ---> System.Net.Sockets.SocketException (125): Operation canceled
   --- End of inner exception stack trace ---
   at System.Net.Sockets.Socket.AwaitableSocketAsyncEventArgs.ThrowException(SocketError error, CancellationToken cancellationToken)
   at System.Net.Sockets.Socket.AwaitableSocketAsyncEventArgs.System.Threading.Tasks.Sources.IValueTaskSource<System.Int32>.GetResult(Int16 token)
   at System.Net.Security.SslStream.EnsureFullTlsFrameAsync[TIOAdapter](TIOAdapter adapter)
   at System.Net.Security.SslStream.ReadAsyncInternal[TIOAdapter](TIOAdapter adapter, Memory`1 buffer)
   at System.Net.Http.HttpConnection.SendAsyncCore(HttpRequestMessage request, Boolean async, CancellationToken cancellationToken)
   --- End of inner exception stack trace ---
   at System.Net.Http.HttpClient.HandleFailure(Exception e, Boolean telemetryStarted, HttpResponseMessage response, CancellationTokenSource cts, CancellationToken cancellationToken, CancellationTokenSource pendingRequestsCts)
   at System.Net.Http.HttpClient.<SendAsync>g__Core|83_0(HttpRequestMessage request, HttpCompletionOption completionOption, CancellationTokenSource cts, Boolean disposeCts, CancellationTokenSource pendingRequestsCts, CancellationToken originalCancellationToken)
   at Sdk.WebApi.WebApi.RawHttpClientBase.SendAsync(HttpRequestMessage message, HttpCompletionOption completionOption, Object userState, CancellationToken cancellationToken)
   at Sdk.WebApi.WebApi.RawHttpClientBase.SendAsync[T](HttpRequestMessage message, Boolean readErrorBody, Object userState, CancellationToken cancellationToken)
   at Sdk.WebApi.WebApi.RawHttpClientBase.SendAsync[T](HttpMethod method, IEnumerable`1 additionalHeaders, Uri requestUri, HttpContent content, IEnumerable`1 queryParameters, Boolean readErrorBody, Object userState, CancellationToken cancellationToken)
   at GitHub.Actions.RunService.WebApi.BrokerHttpClient.GetRunnerMessageAsync(Nullable`1 sessionId, String runnerVersion, Nullable`1 status, String os, String architecture, Nullable`1 disableUpdate, CancellationToken cancellationToken)
   at GitHub.Runner.Common.BrokerServer.<>c__DisplayClass7_0.<<GetRunnerMessageAsync>b__0>d.MoveNext()
--- End of stack trace from previous location ---
   at GitHub.Runner.Common.RunnerService.RetryRequest[T](Func`1 func, CancellationToken cancellationToken, Int32 maxRetryAttemptsCount, Func`2 shouldRetry)
[2024-09-01 05:14:56Z ERR  BrokerServer] #####################################################
[2024-09-01 05:14:56Z ERR  BrokerServer] System.IO.IOException: Unable to read data from the transport connection: Operation canceled.
 ---> System.Net.Sockets.SocketException (125): Operation canceled
   --- End of inner exception stack trace ---
   at System.Net.Sockets.Socket.AwaitableSocketAsyncEventArgs.ThrowException(SocketError error, CancellationToken cancellationToken)
   at System.Net.Sockets.Socket.AwaitableSocketAsyncEventArgs.System.Threading.Tasks.Sources.IValueTaskSource<System.Int32>.GetResult(Int16 token)
   at System.Net.Security.SslStream.EnsureFullTlsFrameAsync[TIOAdapter](TIOAdapter adapter)
   at System.Net.Security.SslStream.ReadAsyncInternal[TIOAdapter](TIOAdapter adapter, Memory`1 buffer)
   at System.Net.Http.HttpConnection.SendAsyncCore(HttpRequestMessage request, Boolean async, CancellationToken cancellationToken)
[2024-09-01 05:14:56Z ERR  BrokerServer] #####################################################
[2024-09-01 05:14:56Z ERR  BrokerServer] System.Net.Sockets.SocketException (125): Operation canceled
[2024-09-01 05:14:56Z WARN BrokerServer] Back off 13.39 seconds before next retry. 4 attempt left.
[2024-09-01 05:14:56Z INFO MessageListener] Get next message has been cancelled.
[2024-09-01 05:14:56Z INFO JobDispatcher] Shutting down JobDispatcher. Make sure all WorkerDispatcher has finished.
[2024-09-01 05:14:56Z INFO Runner] Deleting Runner Session...
[2024-09-01 05:14:56Z INFO Listener] Runner execution been cancelled.
