[2024-09-01 05:48:17Z INFO HostContext] No proxy settings were found based on environmental variables (http_proxy/https_proxy/HTTP_PROXY/HTTPS_PROXY)
[2024-09-01 05:48:17Z INFO HostContext] Well known directory 'Bin': '/home/spinoandraptos/Documents/assignment-1-spinoandraptos/actions-runner/bin'
[2024-09-01 05:48:17Z INFO HostContext] Well known directory 'Root': '/home/spinoandraptos/Documents/assignment-1-spinoandraptos/actions-runner'
[2024-09-01 05:48:17Z INFO HostContext] Well known config file 'Credentials': '/home/spinoandraptos/Documents/assignment-1-spinoandraptos/actions-runner/.credentials'
[2024-09-01 05:48:17Z INFO HostContext] Well known directory 'Bin': '/home/spinoandraptos/Documents/assignment-1-spinoandraptos/actions-runner/bin'
[2024-09-01 05:48:17Z INFO HostContext] Well known directory 'Root': '/home/spinoandraptos/Documents/assignment-1-spinoandraptos/actions-runner'
[2024-09-01 05:48:17Z INFO HostContext] Well known config file 'Runner': '/home/spinoandraptos/Documents/assignment-1-spinoandraptos/actions-runner/.runner'
[2024-09-01 05:48:17Z INFO Worker] Version: 2.319.1
[2024-09-01 05:48:17Z INFO Worker] Commit: bc6614c04d3ddc20e5ca5d5a87ae2b58dda322ec
[2024-09-01 05:48:17Z INFO Worker] Culture: en-SG
[2024-09-01 05:48:17Z INFO Worker] UI Culture: en-SG
[2024-09-01 05:48:17Z INFO Worker] Waiting to receive the job message from the channel.
[2024-09-01 05:48:17Z INFO ProcessChannel] Receiving message of length 26302, with hash '4cc66afc278b17a7de4196bfef172affcf1289d86b7e441d737ed926c57a196f'
[2024-09-01 05:48:17Z INFO Worker] Message received.
[2024-09-01 05:48:18Z INFO Worker] Job message:
 {
  "fileTable": [
    ".github/workflows/github-actions.yml"
  ],
  "mask": [
    {
      "type": "regex",
      "value": "***"
    },
    {
      "type": "regex",
      "value": "***"
    },
    {
      "type": "regex",
      "value": "***"
    },
    {
      "type": "regex",
      "value": "***"
    },
    {
      "type": "regex",
      "value": "***"
    },
    {
      "type": "regex",
      "value": "***"
    },
    {
      "type": "regex",
      "value": "***"
    },
    {
      "type": "regex",
      "value": "***"
    },
    {
      "type": "regex",
      "value": "***"
    },
    {
      "type": "regex",
      "value": "***"
    },
    {
      "type": "regex",
      "value": "***"
    },
    {
      "type": "regex",
      "value": "***"
    },
    {
      "type": "regex",
      "value": "***"
    },
    {
      "type": "regex",
      "value": "***"
    },
    {
      "type": "regex",
      "value": "***"
    },
    {
      "type": "regex",
      "value": "***"
    },
    {
      "type": "regex",
      "value": "***"
    },
    {
      "type": "regex",
      "value": "***"
    },
    {
      "type": "regex",
      "value": "***"
    }
  ],
  "steps": [
    {
      "type": "action",
      "reference": {
        "type": "repository",
        "name": "actions/checkout",
        "ref": "v2",
        "repositoryType": "GitHub",
        "path": ""
      },
      "contextName": "__actions_checkout",
      "condition": "success()",
      "id": "5ae3cfb7-d7d4-55cf-e765-f7829c54f157",
      "name": "__actions_checkout"
    },
    {
      "type": "action",
      "reference": {
        "type": "script"
      },
      "displayNameToken": {
        "type": 0,
        "file": 1,
        "line": 23,
        "col": 19,
        "lit": "Checkout submodules"
      },
      "contextName": "__run",
      "inputs": {
        "type": 2,
        "map": [
          {
            "key": "script",
            "value": {
              "type": 0,
              "file": 1,
              "line": 24,
              "col": 19,
              "lit": "git submodule update --init --recursive"
            }
          }
        ]
      },
      "condition": "success()",
      "id": "0358dd64-d4c6-52fe-1d1f-54fa3c1bbc5e",
      "name": "__run"
    },
    {
      "type": "action",
      "reference": {
        "type": "script"
      },
      "displayNameToken": {
        "type": 0,
        "file": 1,
        "line": 25,
        "col": 19,
        "lit": "Run full test"
      },
      "contextName": "__run_2",
      "inputs": {
        "type": 2,
        "map": [
          {
            "key": "script",
            "value": {
              "type": 0,
              "file": 1,
              "line": 26,
              "col": 18,
              "lit": "./full-test.sh"
            }
          }
        ]
      },
      "condition": "success()",
      "id": "65a7d644-3062-544f-df76-4b95bcf50146",
      "name": "__run_2"
    }
  ],
  "variables": {
    "system.isScheduled": {
      "value": "False"
    },
    "system.servertype": {
      "value": "Hosted"
    },
    "system.culture": {
      "value": ""
    },
    "system.pipelineStartTime": {
      "value": "2024-09-01 05:48:59+00:00"
    },
    "system.runner.lowdiskspacethreshold": {
      "value": "100"
    },
    "DistributedTask.NewActionMetadata": {
      "value": "true"
    },
    "DistributedTask.EnableCompositeActions": {
      "value": "true"
    },
    "DistributedTask.EnhancedAnnotations": {
      "value": "true"
    },
    "DistributedTask.UploadStepSummary": {
      "value": "true"
    },
    "DistributedTask.ForceGithubJavascriptActionsToNode16": {
      "value": "true"
    },
    "DistributedTask.ForceGithubJavascriptActionsToNode20": {
      "value": "true"
    },
    "DistributedTask.AddWarningToNode12Action": {
      "value": "true"
    },
    "DistributedTask.AddWarningToNode16Action": {
      "value": "true"
    },
    "DistributedTask.LogTemplateErrorsAsDebugMessages": {
      "value": "true"
    },
    "DistributedTask.AllowRunnerContainerHooks": {
      "value": "true"
    },
    "DistributedTask.DeprecateStepOutputCommands": {
      "value": "true"
    },
    "DistributedTask.UseWhich2": {
      "value": "true"
    },
    "DistributedTask.DetailUntarFailure": {
      "value": "true"
    },
    "DistributedTask.UseActionArchiveCache": {
      "value": "true"
    },
    "DistributedTask.EnableJobServerQueueTelemetry": {
      "value": "true"
    },
    "DistributedTask.MarkJobAsFailedOnWorkerCrash": {
      "value": "true"
    },
    "Actions.EnableHttpRedirects": {
      "value": "true"
    },
    "system.teamProjectId": {
      "value": "00000000-0000-0000-0000-000000000000"
    },
    "build.buildId": {
      "value": "2"
    },
    "build.containerId": {
      "value": "24886356"
    },
    "system.workflowFilePath": {
      "value": ".github/workflows/github-actions.yml"
    },
    "system.phaseDisplayName": {
      "value": "full-test"
    },
    "system.phaseId": {
      "value": "ab5579c2-8327-5dba-a8ef-b554bdd0f462"
    },
    "system.phaseName": {
      "value": "full-test"
    },
    "system.phaseAttempt": {
      "value": "1"
    },
    "system.jobIdentifier": {
      "value": "full-test.__default"
    },
    "system.jobAttempt": {
      "value": "1"
    },
    "System.JobPositionInPhase": {
      "value": "1"
    },
    "System.TotalJobsInPhase": {
      "value": "1"
    },
    "system.github.job": {
      "value": "full-test"
    },
    "system.jobDisplayName": {
      "value": "full-test"
    },
    "system.jobId": {
      "value": "a047640a-23da-5e9b-1ef8-917a09b3753a"
    },
    "system.jobName": {
      "value": "__default"
    },
    "system.github.token.permissions": {
      "value": "{\"Actions\":\"write\",\"Attestations\":\"write\",\"Checks\":\"write\",\"Contents\":\"write\",\"Deployments\":\"write\",\"Discussions\":\"write\",\"Issues\":\"write\",\"Metadata\":\"read\",\"Packages\":\"write\",\"Pages\":\"write\",\"PullRequests\":\"write\",\"RepositoryProjects\":\"write\",\"SecurityEvents\":\"write\",\"Statuses\":\"write\"}"
    },
    "system.github.token": {
      "value": "***",
      "isSecret": true
    },
    "system.runnerEnvironment": {
      "value": "self-hosted"
    },
    "system.github.results_endpoint": {
      "value": "https://results-receiver.actions.githubusercontent.com/"
    },
    "system.github.results_upload_with_sdk": {
      "value": "True"
    },
    "system.testDotNet8Compatibility": {
      "value": "true"
    },
    "system.dotNet8CompatibilityOutputLength": {
      "value": "200"
    },
    "system.dotNet8CompatibilityOutputPattern": {
      "value": "GLIBCXX"
    },
    "system.dotNet8CompatibilityWarning": {
      "value": "The Actions runner will no longer support your OS version on November 1, 2024. Please upgrade to a supported version. For information, refer https://github.blog/changelog/2024-08-19-notice-of-upcoming-deprecations-and-breaking-changes-in-github-actions-runners/"
    },
    "system.orchestrationId": {
      "value": "78c8577d-18dc-4c4c-a5b5-a7e5cfb6a35d.full-test.__default"
    },
    "system.runnerGroupName": {
      "value": "Default"
    }
  },
  "messageType": "PipelineAgentJobRequest",
  "plan": {
    "scopeIdentifier": "00000000-0000-0000-0000-000000000000",
    "planType": "Actions",
    "version": 41,
    "planId": "78c8577d-18dc-4c4c-a5b5-a7e5cfb6a35d",
    "planGroup": "Actions:00000000-0000-0000-0000-000000000000:1",
    "artifactUri": "vstfs:///Build/Build/2",
    "artifactLocation": null,
    "definition": {
      "_links": {},
      "id": 3,
      "name": "assignment-1-spinoandraptos"
    },
    "owner": {
      "_links": {},
      "id": 3,
      "name": "cu-ecen-aeld"
    }
  },
  "timeline": {
    "id": "78c8577d-18dc-4c4c-a5b5-a7e5cfb6a35d",
    "changeId": 0,
    "location": null
  },
  "jobId": "a047640a-23da-5e9b-1ef8-917a09b3753a",
  "jobDisplayName": "full-test",
  "jobName": "__default",
  "jobContainer": {
    "type": 0,
    "file": 1,
    "line": 19,
    "col": 20,
    "lit": "cuaesd/aesd-autotest:24-assignment1"
  },
  "requestId": 4,
  "lockedUntil": "0001-01-01T00:00:00",
  "resources": {
    "endpoints": [
      {
        "data": {
          "ServerId": "67991f1f-3a74-46f8-bef8-05c8166aed68",
          "ServerName": "Y56YBF5KJ33FuMFWHvGDkHow1ze6lsmVxzxQLSD2H9W9HmvCKf",
          "CacheServerUrl": "https://acghubeus1.actions.githubusercontent.com/Y56YBF5KJ33FuMFWHvGDkHow1ze6lsmVxzxQLSD2H9W9HmvCKf/",
          "FeedStreamUrl": "https://results-receiver.actions.githubusercontent.com/_ws/ingest.sock",
          "ResultsServiceUrl": "https://results-receiver.actions.githubusercontent.com/",
          "ConnectivityChecks": "[\"https://acghubeus0.actions.githubusercontent.com/_apis/health\",\"https://results-receiver.actions.githubusercontent.com/health\",\"https://actions-results-receiver-production.githubapp.com/health\",\"https://pipelinesghubeus8.actions.githubusercontent.com/_apis/health\"]"
        },
        "name": "SystemVssConnection",
        "url": "https://pipelinesghubeus8.actions.githubusercontent.com/Y56YBF5KJ33FuMFWHvGDkHow1ze6lsmVxzxQLSD2H9W9HmvCKf/",
        "authorization": {
          "parameters": {
            "AccessToken": ***
          },
          "scheme": "OAuth"
        },
        "isShared": false,
        "isReady": true
      }
    ]
  },
  "contextData": {
    "github": {
      "t": 2,
      "d": [
        {
          "k": "ref",
          "v": "refs/heads/main"
        },
        {
          "k": "sha",
          "v": "8c1aef1f1bd5ee92c77640251d28da2891ce6fcd"
        },
        {
          "k": "repository",
          "v": "cu-ecen-aeld/assignment-1-spinoandraptos"
        },
        {
          "k": "repository_owner",
          "v": "cu-ecen-aeld"
        },
        {
          "k": "repository_owner_id",
          "v": "49594950"
        },
        {
          "k": "repositoryUrl",
          "v": "git://github.com/cu-ecen-aeld/assignment-1-spinoandraptos.git"
        },
        {
          "k": "run_id",
          "v": "10651471510"
        },
        {
          "k": "run_number",
          "v": "2"
        },
        {
          "k": "retention_days",
          "v": "90"
        },
        {
          "k": "run_attempt",
          "v": "1"
        },
        {
          "k": "artifact_cache_size_limit",
          "v": "10"
        },
        {
          "k": "repository_visibility",
          "v": "public"
        },
        {
          "k": "repo-self-hosted-runners-disabled",
          "v": false
        },
        {
          "k": "enterprise-managed-business-id",
          "v": ""
        },
        {
          "k": "repository_id",
          "v": "845201492"
        },
        {
          "k": "actor_id",
          "v": "111041948"
        },
        {
          "k": "actor",
          "v": "spinoandraptos"
        },
        {
          "k": "triggering_actor",
          "v": "spinoandraptos"
        },
        {
          "k": "workflow",
          "v": "assignment-test"
        },
        {
          "k": "head_ref",
          "v": ""
        },
        {
          "k": "base_ref",
          "v": ""
        },
        {
          "k": "event_name",
          "v": "push"
        },
        {
          "k": "event",
          "v": {
            "t": 2,
            "d": [
              {
                "k": "after",
                "v": "8c1aef1f1bd5ee92c77640251d28da2891ce6fcd"
              },
              {
                "k": "base_ref",
                "v": null
              },
              {
                "k": "before",
                "v": "6e40c8ee2f394a63375d33c16aaba7a51b97b0ea"
              },
              {
                "k": "commits",
                "v": {
                  "t": 1,
                  "a": [
                    {
                      "t": 2,
                      "d": [
                        {
                          "k": "author",
                          "v": {
                            "t": 2,
                            "d": [
                              {
                                "k": "email",
                                "v": "spinoandraptos@gmail.com"
                              },
                              {
                                "k": "name",
                                "v": "spinoandraptos"
                              },
                              {
                                "k": "username",
                                "v": "spinoandraptos"
                              }
                            ]
                          }
                        },
                        {
                          "k": "committer",
                          "v": {
                            "t": 2,
                            "d": [
                              {
                                "k": "email",
                                "v": "spinoandraptos@gmail.com"
                              },
                              {
                                "k": "name",
                                "v": "spinoandraptos"
                              },
                              {
                                "k": "username",
                                "v": "spinoandraptos"
                              }
                            ]
                          }
                        },
                        {
                          "k": "distinct",
                          "v": true
                        },
                        {
                          "k": "id",
                          "v": "8c1aef1f1bd5ee92c77640251d28da2891ce6fcd"
                        },
                        {
                          "k": "message",
                          "v": "Testing runner and docker validity"
                        },
                        {
                          "k": "timestamp",
                          "v": "2024-09-01T13:47:40+08:00"
                        },
                        {
                          "k": "tree_id",
                          "v": "a9cb607b90f801f736d1284aea6fd734befba3c5"
                        },
                        {
                          "k": "url",
                          "v": "https://github.com/cu-ecen-aeld/assignment-1-spinoandraptos/commit/8c1aef1f1bd5ee92c77640251d28da2891ce6fcd"
                        }
                      ]
                    }
                  ]
                }
              },
              {
                "k": "compare",
                "v": "https://github.com/cu-ecen-aeld/assignment-1-spinoandraptos/compare/6e40c8ee2f39...8c1aef1f1bd5"
              },
              {
                "k": "created",
                "v": false
              },
              {
                "k": "deleted",
                "v": false
              },
              {
                "k": "forced",
                "v": false
              },
              {
                "k": "head_commit",
                "v": {
                  "t": 2,
                  "d": [
                    {
                      "k": "author",
                      "v": {
                        "t": 2,
                        "d": [
                          {
                            "k": "email",
                            "v": "spinoandraptos@gmail.com"
                          },
                          {
                            "k": "name",
                            "v": "spinoandraptos"
                          },
                          {
                            "k": "username",
                            "v": "spinoandraptos"
                          }
                        ]
                      }
                    },
                    {
                      "k": "committer",
                      "v": {
                        "t": 2,
                        "d": [
                          {
                            "k": "email",
                            "v": "spinoandraptos@gmail.com"
                          },
                          {
                            "k": "name",
                            "v": "spinoandraptos"
                          },
                          {
                            "k": "username",
                            "v": "spinoandraptos"
                          }
                        ]
                      }
                    },
                    {
                      "k": "distinct",
                      "v": true
                    },
                    {
                      "k": "id",
                      "v": "8c1aef1f1bd5ee92c77640251d28da2891ce6fcd"
                    },
                    {
                      "k": "message",
                      "v": "Testing runner and docker validity"
                    },
                    {
                      "k": "timestamp",
                      "v": "2024-09-01T13:47:40+08:00"
                    },
                    {
                      "k": "tree_id",
                      "v": "a9cb607b90f801f736d1284aea6fd734befba3c5"
                    },
                    {
                      "k": "url",
                      "v": "https://github.com/cu-ecen-aeld/assignment-1-spinoandraptos/commit/8c1aef1f1bd5ee92c77640251d28da2891ce6fcd"
                    }
                  ]
                }
              },
              {
                "k": "organization",
                "v": {
                  "t": 2,
                  "d": [
                    {
                      "k": "avatar_url",
                      "v": "https://avatars.githubusercontent.com/u/49594950?v=4"
                    },
                    {
                      "k": "description",
                      "v": "Course Github Organization for University of Colorado at Boulder ECEN 5713 Advanced Embedded Software Development (previously 5013-002)"
                    },
                    {
                      "k": "events_url",
                      "v": "https://api.github.com/orgs/cu-ecen-aeld/events"
                    },
                    {
                      "k": "hooks_url",
                      "v": "https://api.github.com/orgs/cu-ecen-aeld/hooks"
                    },
                    {
                      "k": "id",
                      "v": 49594950.0
                    },
                    {
                      "k": "issues_url",
                      "v": "https://api.github.com/orgs/cu-ecen-aeld/issues"
                    },
                    {
                      "k": "login",
                      "v": "cu-ecen-aeld"
                    },
                    {
                      "k": "members_url",
                      "v": "https://api.github.com/orgs/cu-ecen-aeld/members{/member}"
                    },
                    {
                      "k": "node_id",
                      "v": "MDEyOk9yZ2FuaXphdGlvbjQ5NTk0OTUw"
                    },
                    {
                      "k": "public_members_url",
                      "v": "https://api.github.com/orgs/cu-ecen-aeld/public_members{/member}"
                    },
                    {
                      "k": "repos_url",
                      "v": "https://api.github.com/orgs/cu-ecen-aeld/repos"
                    },
                    {
                      "k": "url",
                      "v": "https://api.github.com/orgs/cu-ecen-aeld"
                    }
                  ]
                }
              },
              {
                "k": "pusher",
                "v": {
                  "t": 2,
                  "d": [
                    {
                      "k": "email",
                      "v": "111041948+spinoandraptos@users.noreply.github.com"
                    },
                    {
                      "k": "name",
                      "v": "spinoandraptos"
                    }
                  ]
                }
              },
              {
                "k": "ref",
                "v": "refs/heads/main"
              },
              {
                "k": "repository",
                "v": {
                  "t": 2,
                  "d": [
                    {
                      "k": "allow_forking",
                      "v": true
                    },
                    {
                      "k": "archive_url",
                      "v": "https://api.github.com/repos/cu-ecen-aeld/assignment-1-spinoandraptos/{archive_format}{/ref}"
                    },
                    {
                      "k": "archived",
                      "v": false
                    },
                    {
                      "k": "assignees_url",
                      "v": "https://api.github.com/repos/cu-ecen-aeld/assignment-1-spinoandraptos/assignees{/user}"
                    },
                    {
                      "k": "blobs_url",
                      "v": "https://api.github.com/repos/cu-ecen-aeld/assignment-1-spinoandraptos/git/blobs{/sha}"
                    },
                    {
                      "k": "branches_url",
                      "v": "https://api.github.com/repos/cu-ecen-aeld/assignment-1-spinoandraptos/branches{/branch}"
                    },
                    {
                      "k": "clone_url",
                      "v": "https://github.com/cu-ecen-aeld/assignment-1-spinoandraptos.git"
                    },
                    {
                      "k": "collaborators_url",
                      "v": "https://api.github.com/repos/cu-ecen-aeld/assignment-1-spinoandraptos/collaborators{/collaborator}"
                    },
                    {
                      "k": "comments_url",
                      "v": "https://api.github.com/repos/cu-ecen-aeld/assignment-1-spinoandraptos/comments{/number}"
                    },
                    {
                      "k": "commits_url",
                      "v": "https://api.github.com/repos/cu-ecen-aeld/assignment-1-spinoandraptos/commits{/sha}"
                    },
                    {
                      "k": "compare_url",
                      "v": "https://api.github.com/repos/cu-ecen-aeld/assignment-1-spinoandraptos/compare/{base}...{head}"
                    },
                    {
                      "k": "contents_url",
                      "v": "https://api.github.com/repos/cu-ecen-aeld/assignment-1-spinoandraptos/contents/{+path}"
                    },
                    {
                      "k": "contributors_url",
                      "v": "https://api.github.com/repos/cu-ecen-aeld/assignment-1-spinoandraptos/contributors"
                    },
                    {
                      "k": "created_at",
                      "v": 1724182249.0
                    },
                    {
                      "k": "custom_properties",
                      "v": {
                        "t": 2
                      }
                    },
                    {
                      "k": "default_branch",
                      "v": "main"
                    },
                    {
                      "k": "deployments_url",
                      "v": "https://api.github.com/repos/cu-ecen-aeld/assignment-1-spinoandraptos/deployments"
                    },
                    {
                      "k": "description",
                      "v": "assignment-1-spinoandraptos created by GitHub Classroom"
                    },
                    {
                      "k": "disabled",
                      "v": false
                    },
                    {
                      "k": "downloads_url",
                      "v": "https://api.github.com/repos/cu-ecen-aeld/assignment-1-spinoandraptos/downloads"
                    },
                    {
                      "k": "events_url",
                      "v": "https://api.github.com/repos/cu-ecen-aeld/assignment-1-spinoandraptos/events"
                    },
                    {
                      "k": "fork",
                      "v": false
                    },
                    {
                      "k": "forks",
                      "v": 0.0
                    },
                    {
                      "k": "forks_count",
                      "v": 0.0
                    },
                    {
                      "k": "forks_url",
                      "v": "https://api.github.com/repos/cu-ecen-aeld/assignment-1-spinoandraptos/forks"
                    },
                    {
                      "k": "full_name",
                      "v": "cu-ecen-aeld/assignment-1-spinoandraptos"
                    },
                    {
                      "k": "git_commits_url",
                      "v": "https://api.github.com/repos/cu-ecen-aeld/assignment-1-spinoandraptos/git/commits{/sha}"
                    },
                    {
                      "k": "git_refs_url",
                      "v": "https://api.github.com/repos/cu-ecen-aeld/assignment-1-spinoandraptos/git/refs{/sha}"
                    },
                    {
                      "k": "git_tags_url",
                      "v": "https://api.github.com/repos/cu-ecen-aeld/assignment-1-spinoandraptos/git/tags{/sha}"
                    },
                    {
                      "k": "git_url",
                      "v": "git://github.com/cu-ecen-aeld/assignment-1-spinoandraptos.git"
                    },
                    {
                      "k": "has_discussions",
                      "v": false
                    },
                    {
                      "k": "has_downloads",
                      "v": true
                    },
                    {
                      "k": "has_issues",
                      "v": true
                    },
                    {
                      "k": "has_pages",
                      "v": false
                    },
                    {
                      "k": "has_projects",
                      "v": true
                    },
                    {
                      "k": "has_wiki",
                      "v": true
                    },
                    {
                      "k": "homepage",
                      "v": null
                    },
                    {
                      "k": "hooks_url",
                      "v": "https://api.github.com/repos/cu-ecen-aeld/assignment-1-spinoandraptos/hooks"
                    },
                    {
                      "k": "html_url",
                      "v": "https://github.com/cu-ecen-aeld/assignment-1-spinoandraptos"
                    },
                    {
                      "k": "id",
                      "v": 845201492.0
                    },
                    {
                      "k": "is_template",
                      "v": false
                    },
                    {
                      "k": "issue_comment_url",
                      "v": "https://api.github.com/repos/cu-ecen-aeld/assignment-1-spinoandraptos/issues/comments{/number}"
                    },
                    {
                      "k": "issue_events_url",
                      "v": "https://api.github.com/repos/cu-ecen-aeld/assignment-1-spinoandraptos/issues/events{/number}"
                    },
                    {
                      "k": "issues_url",
                      "v": "https://api.github.com/repos/cu-ecen-aeld/assignment-1-spinoandraptos/issues{/number}"
                    },
                    {
                      "k": "keys_url",
                      "v": "https://api.github.com/repos/cu-ecen-aeld/assignment-1-spinoandraptos/keys{/key_id}"
                    },
                    {
                      "k": "labels_url",
                      "v": "https://api.github.com/repos/cu-ecen-aeld/assignment-1-spinoandraptos/labels{/name}"
                    },
                    {
                      "k": "language",
                      "v": "Shell"
                    },
                    {
                      "k": "languages_url",
                      "v": "https://api.github.com/repos/cu-ecen-aeld/assignment-1-spinoandraptos/languages"
                    },
                    {
                      "k": "license",
                      "v": {
                        "t": 2,
                        "d": [
                          {
                            "k": "key",
                            "v": "mit"
                          },
                          {
                            "k": "name",
                            "v": "MIT License"
                          },
                          {
                            "k": "node_id",
                            "v": "MDc6TGljZW5zZTEz"
                          },
                          {
                            "k": "spdx_id",
                            "v": "MIT"
                          },
                          {
                            "k": "url",
                            "v": "https://api.github.com/licenses/mit"
                          }
                        ]
                      }
                    },
                    {
                      "k": "master_branch",
                      "v": "main"
                    },
                    {
                      "k": "merges_url",
                      "v": "https://api.github.com/repos/cu-ecen-aeld/assignment-1-spinoandraptos/merges"
                    },
                    {
                      "k": "milestones_url",
                      "v": "https://api.github.com/repos/cu-ecen-aeld/assignment-1-spinoandraptos/milestones{/number}"
                    },
                    {
                      "k": "mirror_url",
                      "v": null
                    },
                    {
                      "k": "name",
                      "v": "assignment-1-spinoandraptos"
                    },
                    {
                      "k": "node_id",
                      "v": "R_kgDOMmDAVA"
                    },
                    {
                      "k": "notifications_url",
                      "v": "https://api.github.com/repos/cu-ecen-aeld/assignment-1-spinoandraptos/notifications{?since,all,participating}"
                    },
                    {
                      "k": "open_issues",
                      "v": 0.0
                    },
                    {
                      "k": "open_issues_count",
                      "v": 0.0
                    },
                    {
                      "k": "organization",
                      "v": "cu-ecen-aeld"
                    },
                    {
                      "k": "owner",
                      "v": {
                        "t": 2,
                        "d": [
                          {
                            "k": "avatar_url",
                            "v": "https://avatars.githubusercontent.com/u/49594950?v=4"
                          },
                          {
                            "k": "email",
                            "v": null
                          },
                          {
                            "k": "events_url",
                            "v": "https://api.github.com/users/cu-ecen-aeld/events{/privacy}"
                          },
                          {
                            "k": "followers_url",
                            "v": "https://api.github.com/users/cu-ecen-aeld/followers"
                          },
                          {
                            "k": "following_url",
                            "v": "https://api.github.com/users/cu-ecen-aeld/following{/other_user}"
                          },
                          {
                            "k": "gists_url",
                            "v": "https://api.github.com/users/cu-ecen-aeld/gists{/gist_id}"
                          },
                          {
                            "k": "gravatar_id",
                            "v": ""
                          },
                          {
                            "k": "html_url",
                            "v": "https://github.com/cu-ecen-aeld"
                          },
                          {
                            "k": "id",
                            "v": 49594950.0
                          },
                          {
                            "k": "login",
                            "v": "cu-ecen-aeld"
                          },
                          {
                            "k": "name",
                            "v": "cu-ecen-aeld"
                          },
                          {
                            "k": "node_id",
                            "v": "MDEyOk9yZ2FuaXphdGlvbjQ5NTk0OTUw"
                          },
                          {
                            "k": "organizations_url",
                            "v": "https://api.github.com/users/cu-ecen-aeld/orgs"
                          },
                          {
                            "k": "received_events_url",
                            "v": "https://api.github.com/users/cu-ecen-aeld/received_events"
                          },
                          {
                            "k": "repos_url",
                            "v": "https://api.github.com/users/cu-ecen-aeld/repos"
                          },
                          {
                            "k": "site_admin",
                            "v": false
                          },
                          {
                            "k": "starred_url",
                            "v": "https://api.github.com/users/cu-ecen-aeld/starred{/owner}{/repo}"
                          },
                          {
                            "k": "subscriptions_url",
                            "v": "https://api.github.com/users/cu-ecen-aeld/subscriptions"
                          },
                          {
                            "k": "type",
                            "v": "Organization"
                          },
                          {
                            "k": "url",
                            "v": "https://api.github.com/users/cu-ecen-aeld"
                          }
                        ]
                      }
                    },
                    {
                      "k": "private",
                      "v": false
                    },
                    {
                      "k": "pulls_url",
                      "v": "https://api.github.com/repos/cu-ecen-aeld/assignment-1-spinoandraptos/pulls{/number}"
                    },
                    {
                      "k": "pushed_at",
                      "v": 1725169727.0
                    },
                    {
                      "k": "releases_url",
                      "v": "https://api.github.com/repos/cu-ecen-aeld/assignment-1-spinoandraptos/releases{/id}"
                    },
                    {
                      "k": "size",
                      "v": 0.0
                    },
                    {
                      "k": "ssh_url",
                      "v": "git@github.com:cu-ecen-aeld/assignment-1-spinoandraptos.git"
                    },
                    {
                      "k": "stargazers",
                      "v": 0.0
                    },
                    {
                      "k": "stargazers_count",
                      "v": 0.0
                    },
                    {
                      "k": "stargazers_url",
                      "v": "https://api.github.com/repos/cu-ecen-aeld/assignment-1-spinoandraptos/stargazers"
                    },
                    {
                      "k": "statuses_url",
                      "v": "https://api.github.com/repos/cu-ecen-aeld/assignment-1-spinoandraptos/statuses/{sha}"
                    },
                    {
                      "k": "subscribers_url",
                      "v": "https://api.github.com/repos/cu-ecen-aeld/assignment-1-spinoandraptos/subscribers"
                    },
                    {
                      "k": "subscription_url",
                      "v": "https://api.github.com/repos/cu-ecen-aeld/assignment-1-spinoandraptos/subscription"
                    },
                    {
                      "k": "svn_url",
                      "v": "https://github.com/cu-ecen-aeld/assignment-1-spinoandraptos"
                    },
                    {
                      "k": "tags_url",
                      "v": "https://api.github.com/repos/cu-ecen-aeld/assignment-1-spinoandraptos/tags"
                    },
                    {
                      "k": "teams_url",
                      "v": "https://api.github.com/repos/cu-ecen-aeld/assignment-1-spinoandraptos/teams"
                    },
                    {
                      "k": "topics",
                      "v": {
                        "t": 1
                      }
                    },
                    {
                      "k": "trees_url",
                      "v": "https://api.github.com/repos/cu-ecen-aeld/assignment-1-spinoandraptos/git/trees{/sha}"
                    },
                    {
                      "k": "updated_at",
                      "v": "2024-09-01T05:38:50Z"
                    },
                    {
                      "k": "url",
                      "v": "https://github.com/cu-ecen-aeld/assignment-1-spinoandraptos"
                    },
                    {
                      "k": "visibility",
                      "v": "public"
                    },
                    {
                      "k": "watchers",
                      "v": 0.0
                    },
                    {
                      "k": "watchers_count",
                      "v": 0.0
                    },
                    {
                      "k": "web_commit_signoff_required",
                      "v": false
                    }
                  ]
                }
              },
              {
                "k": "sender",
                "v": {
                  "t": 2,
                  "d": [
                    {
                      "k": "avatar_url",
                      "v": "https://avatars.githubusercontent.com/u/111041948?v=4"
                    },
                    {
                      "k": "events_url",
                      "v": "https://api.github.com/users/spinoandraptos/events{/privacy}"
                    },
                    {
                      "k": "followers_url",
                      "v": "https://api.github.com/users/spinoandraptos/followers"
                    },
                    {
                      "k": "following_url",
                      "v": "https://api.github.com/users/spinoandraptos/following{/other_user}"
                    },
                    {
                      "k": "gists_url",
                      "v": "https://api.github.com/users/spinoandraptos/gists{/gist_id}"
                    },
                    {
                      "k": "gravatar_id",
                      "v": ""
                    },
                    {
                      "k": "html_url",
                      "v": "https://github.com/spinoandraptos"
                    },
                    {
                      "k": "id",
                      "v": 111041948.0
                    },
                    {
                      "k": "login",
                      "v": "spinoandraptos"
                    },
                    {
                      "k": "node_id",
                      "v": "U_kgDOBp5dnA"
                    },
                    {
                      "k": "organizations_url",
                      "v": "https://api.github.com/users/spinoandraptos/orgs"
                    },
                    {
                      "k": "received_events_url",
                      "v": "https://api.github.com/users/spinoandraptos/received_events"
                    },
                    {
                      "k": "repos_url",
                      "v": "https://api.github.com/users/spinoandraptos/repos"
                    },
                    {
                      "k": "site_admin",
                      "v": false
                    },
                    {
                      "k": "starred_url",
                      "v": "https://api.github.com/users/spinoandraptos/starred{/owner}{/repo}"
                    },
                    {
                      "k": "subscriptions_url",
                      "v": "https://api.github.com/users/spinoandraptos/subscriptions"
                    },
                    {
                      "k": "type",
                      "v": "User"
                    },
                    {
                      "k": "url",
                      "v": "https://api.github.com/users/spinoandraptos"
                    }
                  ]
                }
              }
            ]
          }
        },
        {
          "k": "server_url",
          "v": "https://github.com"
        },
        {
          "k": "api_url",
          "v": "https://api.github.com"
        },
        {
          "k": "graphql_url",
          "v": "https://api.github.com/graphql"
        },
        {
          "k": "ref_name",
          "v": "main"
        },
        {
          "k": "ref_protected",
          "v": false
        },
        {
          "k": "ref_type",
          "v": "branch"
        },
        {
          "k": "secret_source",
          "v": "Actions"
        },
        {
          "k": "workflow_ref",
          "v": "cu-ecen-aeld/assignment-1-spinoandraptos/.github/workflows/github-actions.yml@refs/heads/main"
        },
        {
          "k": "workflow_sha",
          "v": "8c1aef1f1bd5ee92c77640251d28da2891ce6fcd"
        }
      ]
    },
    "run-feature-flags": {
      "t": 2,
      "d": [
        {
          "k": "actions_stream_logs_via_results_service",
          "v": true
        },
        {
          "k": "actions_use_results_service",
          "v": true
        },
        {
          "k": "larger_runners_custom_image_generation",
          "v": false
        }
      ]
    },
    "partialrerun": false,
    "needs": {
      "t": 2
    },
    "vars": null,
    "inputs": {
      "t": 2
    },
    "matrix": null,
    "strategy": {
      "t": 2,
      "d": [
        {
          "k": "fail-fast",
          "v": true
        },
        {
          "k": "job-index",
          "v": 0.0
        },
        {
          "k": "job-total",
          "v": 1.0
        },
        {
          "k": "max-parallel",
          "v": 1.0
        }
      ]
    },
    "EndpointsOverride": null
  }
}
[2024-09-01 05:48:18Z INFO JobRunner] Job ID a047640a-23da-5e9b-1ef8-917a09b3753a
[2024-09-01 05:48:18Z INFO ConfigurationStore] currentAssemblyLocation: /home/spinoandraptos/Documents/assignment-1-spinoandraptos/actions-runner/bin/Runner.Worker.dll
[2024-09-01 05:48:18Z INFO HostContext] Well known directory 'Bin': '/home/spinoandraptos/Documents/assignment-1-spinoandraptos/actions-runner/bin'
[2024-09-01 05:48:18Z INFO ConfigurationStore] binPath: /home/spinoandraptos/Documents/assignment-1-spinoandraptos/actions-runner/bin
[2024-09-01 05:48:18Z INFO HostContext] Well known directory 'Bin': '/home/spinoandraptos/Documents/assignment-1-spinoandraptos/actions-runner/bin'
[2024-09-01 05:48:18Z INFO HostContext] Well known directory 'Root': '/home/spinoandraptos/Documents/assignment-1-spinoandraptos/actions-runner'
[2024-09-01 05:48:18Z INFO ConfigurationStore] RootFolder: /home/spinoandraptos/Documents/assignment-1-spinoandraptos/actions-runner
[2024-09-01 05:48:18Z INFO HostContext] Well known directory 'Bin': '/home/spinoandraptos/Documents/assignment-1-spinoandraptos/actions-runner/bin'
[2024-09-01 05:48:18Z INFO HostContext] Well known directory 'Root': '/home/spinoandraptos/Documents/assignment-1-spinoandraptos/actions-runner'
[2024-09-01 05:48:18Z INFO HostContext] Well known config file 'Runner': '/home/spinoandraptos/Documents/assignment-1-spinoandraptos/actions-runner/.runner'
[2024-09-01 05:48:18Z INFO ConfigurationStore] ConfigFilePath: /home/spinoandraptos/Documents/assignment-1-spinoandraptos/actions-runner/.runner
[2024-09-01 05:48:18Z INFO HostContext] Well known directory 'Bin': '/home/spinoandraptos/Documents/assignment-1-spinoandraptos/actions-runner/bin'
[2024-09-01 05:48:18Z INFO HostContext] Well known directory 'Root': '/home/spinoandraptos/Documents/assignment-1-spinoandraptos/actions-runner'
[2024-09-01 05:48:18Z INFO HostContext] Well known config file 'Credentials': '/home/spinoandraptos/Documents/assignment-1-spinoandraptos/actions-runner/.credentials'
[2024-09-01 05:48:18Z INFO ConfigurationStore] CredFilePath: /home/spinoandraptos/Documents/assignment-1-spinoandraptos/actions-runner/.credentials
[2024-09-01 05:48:18Z INFO HostContext] Well known directory 'Bin': '/home/spinoandraptos/Documents/assignment-1-spinoandraptos/actions-runner/bin'
[2024-09-01 05:48:18Z INFO HostContext] Well known directory 'Root': '/home/spinoandraptos/Documents/assignment-1-spinoandraptos/actions-runner'
[2024-09-01 05:48:18Z INFO HostContext] Well known config file 'MigratedCredentials': '/home/spinoandraptos/Documents/assignment-1-spinoandraptos/actions-runner/.credentials_migrated'
[2024-09-01 05:48:18Z INFO ConfigurationStore] MigratedCredFilePath: /home/spinoandraptos/Documents/assignment-1-spinoandraptos/actions-runner/.credentials_migrated
[2024-09-01 05:48:18Z INFO HostContext] Well known directory 'Bin': '/home/spinoandraptos/Documents/assignment-1-spinoandraptos/actions-runner/bin'
[2024-09-01 05:48:18Z INFO HostContext] Well known directory 'Root': '/home/spinoandraptos/Documents/assignment-1-spinoandraptos/actions-runner'
[2024-09-01 05:48:18Z INFO HostContext] Well known config file 'Service': '/home/spinoandraptos/Documents/assignment-1-spinoandraptos/actions-runner/.service'
[2024-09-01 05:48:18Z INFO ConfigurationStore] ServiceConfigFilePath: /home/spinoandraptos/Documents/assignment-1-spinoandraptos/actions-runner/.service
[2024-09-01 05:48:18Z INFO ConfigurationStore] Read setting file: 312 chars
[2024-09-01 05:48:18Z INFO JobRunner] Creating job server with URL: https://pipelinesghubeus8.actions.githubusercontent.com/Y56YBF5KJ33FuMFWHvGDkHow1ze6lsmVxzxQLSD2H9W9HmvCKf/
[2024-09-01 05:48:18Z INFO GitHubActionsService] Starting operation Location.GetConnectionData
[2024-09-01 05:48:18Z INFO Worker] Listening for cancel message from the channel.
[2024-09-01 05:48:18Z INFO Worker] Waiting for the job to complete or for a cancel message from the channel.
[2024-09-01 05:48:18Z INFO GitHubActionsService] Finished operation Location.GetConnectionData
[2024-09-01 05:48:18Z INFO JobServer] Creating websocket client ...wss://results-receiver.actions.githubusercontent.com/_ws/ingest.sock
[2024-09-01 05:48:18Z INFO JobServer] Attempting to start websocket client with delay 00:00:00.
[2024-09-01 05:48:18Z INFO JobServerQueue] Initializing results client
[2024-09-01 05:48:18Z INFO JobServerQueue] Start process web console line queue.
[2024-09-01 05:48:18Z INFO JobServerQueue] Start process file upload queue.
[2024-09-01 05:48:18Z INFO JobServerQueue] Start results file upload queue.
[2024-09-01 05:48:18Z INFO JobServerQueue] Starting results-based upload queue...
[2024-09-01 05:48:18Z INFO JobServerQueue] Start process timeline update queue.
[2024-09-01 05:48:18Z INFO ExecutionContext] Initialize GitHub context
[2024-09-01 05:48:18Z INFO ExecutionContext] Initialize Env context
[2024-09-01 05:48:18Z INFO HostContext] Well known directory 'Bin': '/home/spinoandraptos/Documents/assignment-1-spinoandraptos/actions-runner/bin'
[2024-09-01 05:48:18Z INFO HostContext] Well known directory 'Root': '/home/spinoandraptos/Documents/assignment-1-spinoandraptos/actions-runner'
[2024-09-01 05:48:18Z INFO HostContext] Well known directory 'Diag': '/home/spinoandraptos/Documents/assignment-1-spinoandraptos/actions-runner/_diag'
[2024-09-01 05:48:18Z INFO HostContext] Well known directory 'Bin': '/home/spinoandraptos/Documents/assignment-1-spinoandraptos/actions-runner/bin'
[2024-09-01 05:48:18Z INFO HostContext] Well known directory 'Root': '/home/spinoandraptos/Documents/assignment-1-spinoandraptos/actions-runner'
[2024-09-01 05:48:18Z INFO HostContext] Well known directory 'Diag': '/home/spinoandraptos/Documents/assignment-1-spinoandraptos/actions-runner/_diag'
[2024-09-01 05:48:18Z INFO JobRunner] Starting the job execution context.
[2024-09-01 05:48:18Z INFO HostContext] Well known directory 'Bin': '/home/spinoandraptos/Documents/assignment-1-spinoandraptos/actions-runner/bin'
[2024-09-01 05:48:18Z INFO HostContext] Well known directory 'Root': '/home/spinoandraptos/Documents/assignment-1-spinoandraptos/actions-runner'
[2024-09-01 05:48:18Z INFO HostContext] Well known directory 'Work': '/home/spinoandraptos/Documents/assignment-1-spinoandraptos/actions-runner/_work'
[2024-09-01 05:48:18Z INFO JobRunner] Validating directory permissions for: '/home/spinoandraptos/Documents/assignment-1-spinoandraptos/actions-runner/_work'
[2024-09-01 05:48:18Z INFO HostContext] Well known directory 'Bin': '/home/spinoandraptos/Documents/assignment-1-spinoandraptos/actions-runner/bin'
[2024-09-01 05:48:18Z INFO HostContext] Well known directory 'Root': '/home/spinoandraptos/Documents/assignment-1-spinoandraptos/actions-runner'
[2024-09-01 05:48:18Z INFO HostContext] Well known directory 'Work': '/home/spinoandraptos/Documents/assignment-1-spinoandraptos/actions-runner/_work'
[2024-09-01 05:48:18Z INFO HostContext] Well known directory 'Tools': '/home/spinoandraptos/Documents/assignment-1-spinoandraptos/actions-runner/_work/_tool'
[2024-09-01 05:48:18Z INFO HostContext] Well known directory 'Bin': '/home/spinoandraptos/Documents/assignment-1-spinoandraptos/actions-runner/bin'
[2024-09-01 05:48:18Z INFO HostContext] Well known directory 'Root': '/home/spinoandraptos/Documents/assignment-1-spinoandraptos/actions-runner'
[2024-09-01 05:48:18Z INFO HostContext] Well known directory 'Work': '/home/spinoandraptos/Documents/assignment-1-spinoandraptos/actions-runner/_work'
[2024-09-01 05:48:18Z INFO HostContext] Well known directory 'Temp': '/home/spinoandraptos/Documents/assignment-1-spinoandraptos/actions-runner/_work/_temp'
[2024-09-01 05:48:18Z INFO JobRunner] Getting job extension.
[2024-09-01 05:48:18Z INFO JobRunner] Initialize job. Getting all job steps.
[2024-09-01 05:48:18Z INFO HostContext] Well known directory 'Bin': '/home/spinoandraptos/Documents/assignment-1-spinoandraptos/actions-runner/bin'
[2024-09-01 05:48:18Z INFO HostContext] Well known directory 'Root': '/home/spinoandraptos/Documents/assignment-1-spinoandraptos/actions-runner'
[2024-09-01 05:48:18Z INFO HostContext] Well known directory 'Diag': '/home/spinoandraptos/Documents/assignment-1-spinoandraptos/actions-runner/_diag'
[2024-09-01 05:48:18Z INFO HostContext] Well known directory 'Bin': '/home/spinoandraptos/Documents/assignment-1-spinoandraptos/actions-runner/bin'
[2024-09-01 05:48:18Z INFO HostContext] Well known directory 'Root': '/home/spinoandraptos/Documents/assignment-1-spinoandraptos/actions-runner'
[2024-09-01 05:48:18Z INFO HostContext] Well known directory 'Diag': '/home/spinoandraptos/Documents/assignment-1-spinoandraptos/actions-runner/_diag'
[2024-09-01 05:48:18Z INFO HostContext] Well known directory 'Bin': '/home/spinoandraptos/Documents/assignment-1-spinoandraptos/actions-runner/bin'
[2024-09-01 05:48:18Z INFO HostContext] Well known directory 'Root': '/home/spinoandraptos/Documents/assignment-1-spinoandraptos/actions-runner'
[2024-09-01 05:48:18Z INFO HostContext] Well known config file 'Credentials': '/home/spinoandraptos/Documents/assignment-1-spinoandraptos/actions-runner/.credentials'
[2024-09-01 05:48:18Z INFO HostContext] Well known directory 'Bin': '/home/spinoandraptos/Documents/assignment-1-spinoandraptos/actions-runner/bin'
[2024-09-01 05:48:18Z INFO HostContext] Well known directory 'Root': '/home/spinoandraptos/Documents/assignment-1-spinoandraptos/actions-runner'
[2024-09-01 05:48:18Z INFO HostContext] Well known config file 'SetupInfo': '/home/spinoandraptos/Documents/assignment-1-spinoandraptos/actions-runner/.setup_info'
[2024-09-01 05:48:18Z INFO HostContext] Well known directory 'Bin': '/home/spinoandraptos/Documents/assignment-1-spinoandraptos/actions-runner/bin'
[2024-09-01 05:48:18Z INFO HostContext] Well known directory 'Root': '/home/spinoandraptos/Documents/assignment-1-spinoandraptos/actions-runner'
[2024-09-01 05:48:18Z INFO HostContext] Well known directory 'Bin': '/home/spinoandraptos/Documents/assignment-1-spinoandraptos/actions-runner/bin'
[2024-09-01 05:48:18Z INFO ProcessInvokerWrapper] Starting process:
[2024-09-01 05:48:18Z INFO ProcessInvokerWrapper]   File name: '/home/spinoandraptos/Documents/assignment-1-spinoandraptos/actions-runner/bin/testDotNet8Compatibility/TestDotNet8Compatibility'
[2024-09-01 05:48:18Z INFO ProcessInvokerWrapper]   Arguments: ''
[2024-09-01 05:48:18Z INFO ProcessInvokerWrapper]   Working directory: '/home/spinoandraptos/Documents/assignment-1-spinoandraptos/actions-runner'
[2024-09-01 05:48:18Z INFO ProcessInvokerWrapper]   Require exit code zero: 'False'
[2024-09-01 05:48:18Z INFO ProcessInvokerWrapper]   Encoding web name:  ; code page: ''
[2024-09-01 05:48:18Z INFO ProcessInvokerWrapper]   Force kill process on cancellation: 'False'
[2024-09-01 05:48:18Z INFO ProcessInvokerWrapper]   Redirected STDIN: 'False'
[2024-09-01 05:48:18Z INFO ProcessInvokerWrapper]   Persist current code page: 'False'
[2024-09-01 05:48:18Z INFO ProcessInvokerWrapper]   Keep redirected STDIN open: 'False'
[2024-09-01 05:48:18Z INFO ProcessInvokerWrapper]   High priority process: 'False'
[2024-09-01 05:48:18Z INFO ProcessInvokerWrapper] Updated oom_score_adj to 500 for PID: 57038.
[2024-09-01 05:48:18Z INFO ProcessInvokerWrapper] Process started with process id 57038, waiting for process exit.
[2024-09-01 05:48:18Z INFO ProcessInvokerWrapper] STDOUT/STDERR stream read finished.
[2024-09-01 05:48:18Z INFO ProcessInvokerWrapper] STDOUT/STDERR stream read finished.
[2024-09-01 05:48:18Z INFO OSWarningChecker] Hello from .NET 8!
[2024-09-01 05:48:18Z INFO JobServer] Successfully started websocket client.
[2024-09-01 05:48:18Z INFO ProcessInvokerWrapper] Finished process 57038 with exit code 0, and elapsed time 00:00:00.0563231.
[2024-09-01 05:48:18Z INFO HostContext] Well known directory 'Bin': '/home/spinoandraptos/Documents/assignment-1-spinoandraptos/actions-runner/bin'
[2024-09-01 05:48:18Z INFO HostContext] Well known directory 'Root': '/home/spinoandraptos/Documents/assignment-1-spinoandraptos/actions-runner'
[2024-09-01 05:48:18Z INFO HostContext] Well known directory 'Work': '/home/spinoandraptos/Documents/assignment-1-spinoandraptos/actions-runner/_work'
[2024-09-01 05:48:18Z INFO PipelineDirectoryManager] Loading tracking config if exists: /home/spinoandraptos/Documents/assignment-1-spinoandraptos/actions-runner/_work/_PipelineMapping/cu-ecen-aeld/assignment-1-spinoandraptos/PipelineFolder.json
[2024-09-01 05:48:18Z INFO PipelineDirectoryManager] Updating job run properties.
[2024-09-01 05:48:18Z INFO HostContext] Well known directory 'Bin': '/home/spinoandraptos/Documents/assignment-1-spinoandraptos/actions-runner/bin'
[2024-09-01 05:48:18Z INFO HostContext] Well known directory 'Root': '/home/spinoandraptos/Documents/assignment-1-spinoandraptos/actions-runner'
[2024-09-01 05:48:18Z INFO HostContext] Well known directory 'Work': '/home/spinoandraptos/Documents/assignment-1-spinoandraptos/actions-runner/_work'
[2024-09-01 05:48:18Z INFO HostContext] Well known directory 'Bin': '/home/spinoandraptos/Documents/assignment-1-spinoandraptos/actions-runner/bin'
[2024-09-01 05:48:18Z INFO HostContext] Well known directory 'Root': '/home/spinoandraptos/Documents/assignment-1-spinoandraptos/actions-runner'
[2024-09-01 05:48:18Z INFO HostContext] Well known directory 'Work': '/home/spinoandraptos/Documents/assignment-1-spinoandraptos/actions-runner/_work'
[2024-09-01 05:48:18Z INFO HostContext] Well known directory 'Bin': '/home/spinoandraptos/Documents/assignment-1-spinoandraptos/actions-runner/bin'
[2024-09-01 05:48:18Z INFO HostContext] Well known directory 'Root': '/home/spinoandraptos/Documents/assignment-1-spinoandraptos/actions-runner'
[2024-09-01 05:48:18Z INFO HostContext] Well known directory 'Work': '/home/spinoandraptos/Documents/assignment-1-spinoandraptos/actions-runner/_work'
[2024-09-01 05:48:18Z INFO HostContext] Well known directory 'Bin': '/home/spinoandraptos/Documents/assignment-1-spinoandraptos/actions-runner/bin'
[2024-09-01 05:48:18Z INFO HostContext] Well known directory 'Root': '/home/spinoandraptos/Documents/assignment-1-spinoandraptos/actions-runner'
[2024-09-01 05:48:18Z INFO HostContext] Well known directory 'Work': '/home/spinoandraptos/Documents/assignment-1-spinoandraptos/actions-runner/_work'
[2024-09-01 05:48:18Z INFO HostContext] Well known directory 'Bin': '/home/spinoandraptos/Documents/assignment-1-spinoandraptos/actions-runner/bin'
[2024-09-01 05:48:18Z INFO HostContext] Well known directory 'Root': '/home/spinoandraptos/Documents/assignment-1-spinoandraptos/actions-runner'
[2024-09-01 05:48:18Z INFO HostContext] Well known directory 'Work': '/home/spinoandraptos/Documents/assignment-1-spinoandraptos/actions-runner/_work'
[2024-09-01 05:48:18Z INFO HostContext] Well known directory 'Tools': '/home/spinoandraptos/Documents/assignment-1-spinoandraptos/actions-runner/_work/_tool'
[2024-09-01 05:48:18Z INFO HostContext] Well known directory 'Bin': '/home/spinoandraptos/Documents/assignment-1-spinoandraptos/actions-runner/bin'
[2024-09-01 05:48:18Z INFO HostContext] Well known directory 'Root': '/home/spinoandraptos/Documents/assignment-1-spinoandraptos/actions-runner'
[2024-09-01 05:48:18Z INFO HostContext] Well known directory 'Externals': '/home/spinoandraptos/Documents/assignment-1-spinoandraptos/actions-runner/externals'
[2024-09-01 05:48:18Z INFO JobExtension] Downloading actions
[2024-09-01 05:48:18Z INFO HostContext] Well known directory 'Bin': '/home/spinoandraptos/Documents/assignment-1-spinoandraptos/actions-runner/bin'
[2024-09-01 05:48:18Z INFO HostContext] Well known directory 'Root': '/home/spinoandraptos/Documents/assignment-1-spinoandraptos/actions-runner'
[2024-09-01 05:48:18Z INFO HostContext] Well known directory 'Work': '/home/spinoandraptos/Documents/assignment-1-spinoandraptos/actions-runner/_work'
[2024-09-01 05:48:18Z INFO HostContext] Well known directory 'Actions': '/home/spinoandraptos/Documents/assignment-1-spinoandraptos/actions-runner/_work/_actions'
[2024-09-01 05:48:18Z INFO JobServerQueue] Try to append 1 batches web console lines for record '45f9bf3f-83b7-4b10-9b4e-d71495a22506', success rate: 1/1.
[2024-09-01 05:48:19Z INFO HostContext] Well known directory 'Bin': '/home/spinoandraptos/Documents/assignment-1-spinoandraptos/actions-runner/bin'
[2024-09-01 05:48:19Z INFO HostContext] Well known directory 'Root': '/home/spinoandraptos/Documents/assignment-1-spinoandraptos/actions-runner'
[2024-09-01 05:48:19Z INFO HostContext] Well known directory 'Work': '/home/spinoandraptos/Documents/assignment-1-spinoandraptos/actions-runner/_work'
[2024-09-01 05:48:19Z INFO HostContext] Well known directory 'Actions': '/home/spinoandraptos/Documents/assignment-1-spinoandraptos/actions-runner/_work/_actions'
[2024-09-01 05:48:19Z INFO HostContext] Well known directory 'Bin': '/home/spinoandraptos/Documents/assignment-1-spinoandraptos/actions-runner/bin'
[2024-09-01 05:48:19Z INFO HostContext] Well known directory 'Root': '/home/spinoandraptos/Documents/assignment-1-spinoandraptos/actions-runner'
[2024-09-01 05:48:19Z INFO HostContext] Well known directory 'Work': '/home/spinoandraptos/Documents/assignment-1-spinoandraptos/actions-runner/_work'
[2024-09-01 05:48:19Z INFO HostContext] Well known directory 'Actions': '/home/spinoandraptos/Documents/assignment-1-spinoandraptos/actions-runner/_work/_actions'
[2024-09-01 05:48:19Z INFO ActionManager] Save archive 'https://api.github.com/repos/actions/checkout/tarball/ee0669bd1cc54295c223e0bb666b733df41de1c5' into /home/spinoandraptos/Documents/assignment-1-spinoandraptos/actions-runner/_work/_actions/_temp_904c7f0d-0298-4deb-9682-44ae66b13c27/9e79a258-1a12-4d23-a463-84a0cfb6542d.tar.gz.
[2024-09-01 05:48:19Z INFO JobServerQueue] Try to append 1 batches web console lines for record '45f9bf3f-83b7-4b10-9b4e-d71495a22506', success rate: 1/1.
[2024-09-01 05:48:19Z INFO JobServerQueue] Job timeline record has been updated for the first time.
[2024-09-01 05:48:19Z INFO ActionManager] Request URL: https://api.github.com/repos/actions/checkout/tarball/ee0669bd1cc54295c223e0bb666b733df41de1c5 X-GitHub-Request-Id: FECB:1E2807:14DE2A:237E25:66D4004E Http Status: OK
[2024-09-01 05:48:19Z INFO ActionManager] Which2: 'tar'
[2024-09-01 05:48:19Z INFO ActionManager] Location: '/usr/bin/tar'
[2024-09-01 05:48:19Z INFO ProcessInvokerWrapper] Starting process:
[2024-09-01 05:48:19Z INFO ProcessInvokerWrapper]   File name: '/usr/bin/tar'
[2024-09-01 05:48:19Z INFO ProcessInvokerWrapper]   Arguments: '-xzf "/home/spinoandraptos/Documents/assignment-1-spinoandraptos/actions-runner/_work/_actions/_temp_904c7f0d-0298-4deb-9682-44ae66b13c27/9e79a258-1a12-4d23-a463-84a0cfb6542d.tar.gz"'
[2024-09-01 05:48:19Z INFO ProcessInvokerWrapper]   Working directory: '/home/spinoandraptos/Documents/assignment-1-spinoandraptos/actions-runner/_work/_actions/_temp_904c7f0d-0298-4deb-9682-44ae66b13c27/_staging'
[2024-09-01 05:48:19Z INFO ProcessInvokerWrapper]   Require exit code zero: 'False'
[2024-09-01 05:48:19Z INFO ProcessInvokerWrapper]   Encoding web name:  ; code page: ''
[2024-09-01 05:48:19Z INFO ProcessInvokerWrapper]   Force kill process on cancellation: 'False'
[2024-09-01 05:48:19Z INFO ProcessInvokerWrapper]   Redirected STDIN: 'False'
[2024-09-01 05:48:19Z INFO ProcessInvokerWrapper]   Persist current code page: 'False'
[2024-09-01 05:48:19Z INFO ProcessInvokerWrapper]   Keep redirected STDIN open: 'False'
[2024-09-01 05:48:19Z INFO ProcessInvokerWrapper]   High priority process: 'False'
[2024-09-01 05:48:19Z INFO ProcessInvokerWrapper] Updated oom_score_adj to 500 for PID: 57047.
[2024-09-01 05:48:19Z INFO ProcessInvokerWrapper] Process started with process id 57047, waiting for process exit.
[2024-09-01 05:48:19Z INFO ProcessInvokerWrapper] STDOUT/STDERR stream read finished.
[2024-09-01 05:48:19Z INFO ProcessInvokerWrapper] STDOUT/STDERR stream read finished.
[2024-09-01 05:48:19Z INFO ProcessInvokerWrapper] Finished process 57047 with exit code 0, and elapsed time 00:00:00.0159468.
[2024-09-01 05:48:19Z INFO ActionManager] Finished getting action repository.
[2024-09-01 05:48:19Z INFO HostContext] Well known directory 'Bin': '/home/spinoandraptos/Documents/assignment-1-spinoandraptos/actions-runner/bin'
[2024-09-01 05:48:19Z INFO HostContext] Well known directory 'Root': '/home/spinoandraptos/Documents/assignment-1-spinoandraptos/actions-runner'
[2024-09-01 05:48:19Z INFO HostContext] Well known directory 'Work': '/home/spinoandraptos/Documents/assignment-1-spinoandraptos/actions-runner/_work'
[2024-09-01 05:48:19Z INFO HostContext] Well known directory 'Actions': '/home/spinoandraptos/Documents/assignment-1-spinoandraptos/actions-runner/_work/_actions'
[2024-09-01 05:48:19Z INFO ActionManifestManager] Load schema file with definitions: [
  "null",
  "boolean",
  "number",
  "string",
  "sequence",
  "mapping",
  "any",
  "action-root",
  "inputs",
  "input",
  "outputs",
  "output-definition",
  "runs",
  "container-runs",
  "container-runs-args",
  "container-runs-env",
  "node-runs",
  "plugin-runs",
  "composite-runs",
  "composite-steps",
  "composite-step",
  "run-step",
  "uses-step",
  "container-runs-context",
  "output-value",
  "input-default-context",
  "non-empty-string",
  "string-steps-context",
  "boolean-steps-context",
  "step-env",
  "step-if",
  "step-with"
]
[2024-09-01 05:48:19Z INFO HostContext] Well known directory 'Bin': '/home/spinoandraptos/Documents/assignment-1-spinoandraptos/actions-runner/bin'
[2024-09-01 05:48:19Z INFO HostContext] Well known directory 'Root': '/home/spinoandraptos/Documents/assignment-1-spinoandraptos/actions-runner'
[2024-09-01 05:48:19Z INFO HostContext] Well known directory 'Work': '/home/spinoandraptos/Documents/assignment-1-spinoandraptos/actions-runner/_work'
[2024-09-01 05:48:19Z INFO HostContext] Well known directory 'Actions': '/home/spinoandraptos/Documents/assignment-1-spinoandraptos/actions-runner/_work/_actions'
[2024-09-01 05:48:19Z INFO ActionManifestManager] Loaded action.yml file: {
  "name": "Checkout",
  "description": "Checkout a Git repository at a particular version",
  "inputs": {
    "type": 2,
    "map": [
      {
        "key": {
          "type": 0,
          "file": 2,
          "line": 4,
          "col": 3,
          "lit": "repository"
        },
        "value": {
          "type": 3,
          "file": 2,
          "line": 6,
          "col": 14,
          "expr": "github.repository"
        }
      },
      {
        "key": {
          "type": 0,
          "file": 2,
          "line": 7,
          "col": 3,
          "lit": "ref"
        },
        "value": ""
      },
      {
        "key": {
          "type": 0,
          "file": 2,
          "line": 12,
          "col": 3,
          "lit": "token"
        },
        "value": {
          "type": 3,
          "file": 2,
          "line": 24,
          "col": 14,
          "expr": "github.token"
        }
      },
      {
        "key": {
          "type": 0,
          "file": 2,
          "line": 25,
          "col": 3,
          "lit": "ssh-key"
        },
        "value": ""
      },
      {
        "key": {
          "type": 0,
          "file": 2,
          "line": 37,
          "col": 3,
          "lit": "ssh-known-hosts"
        },
        "value": ""
      },
      {
        "key": {
          "type": 0,
          "file": 2,
          "line": 42,
          "col": 3,
          "lit": "ssh-strict"
        },
        "value": {
          "type": 0,
          "file": 2,
          "line": 47,
          "col": 14,
          "lit": "true"
        }
      },
      {
        "key": {
          "type": 0,
          "file": 2,
          "line": 48,
          "col": 3,
          "lit": "persist-credentials"
        },
        "value": {
          "type": 0,
          "file": 2,
          "line": 50,
          "col": 14,
          "lit": "true"
        }
      },
      {
        "key": {
          "type": 0,
          "file": 2,
          "line": 51,
          "col": 3,
          "lit": "path"
        },
        "value": ""
      },
      {
        "key": {
          "type": 0,
          "file": 2,
          "line": 53,
          "col": 3,
          "lit": "clean"
        },
        "value": {
          "type": 0,
          "file": 2,
          "line": 55,
          "col": 14,
          "lit": "true"
        }
      },
      {
        "key": {
          "type": 0,
          "file": 2,
          "line": 56,
          "col": 3,
          "lit": "fetch-depth"
        },
        "value": {
          "type": 0,
          "file": 2,
          "line": 58,
          "col": 14,
          "lit": "1"
        }
      },
      {
        "key": {
          "type": 0,
          "file": 2,
          "line": 59,
          "col": 3,
          "lit": "lfs"
        },
        "value": {
          "type": 0,
          "file": 2,
          "line": 61,
          "col": 14,
          "lit": "false"
        }
      },
      {
        "key": {
          "type": 0,
          "file": 2,
          "line": 62,
          "col": 3,
          "lit": "submodules"
        },
        "value": {
          "type": 0,
          "file": 2,
          "line": 70,
          "col": 14,
          "lit": "false"
        }
      },
      {
        "key": {
          "type": 0,
          "file": 2,
          "line": 71,
          "col": 3,
          "lit": "set-safe-directory"
        },
        "value": {
          "type": 0,
          "file": 2,
          "line": 73,
          "col": 14,
          "lit": "true"
        }
      }
    ]
  },
  "execution": {
    "executionType": "nodeJS",
    "hasPre": false,
    "hasPost": true,
    "script": "dist/index.js",
    "pre": null,
    "post": "dist/index.js",
    "nodeVersion": "node12",
    "cleanupCondition": "always()",
    "initCondition": "always()"
  },
  "deprecated": null
}
[2024-09-01 05:48:19Z INFO ActionManager] Action node.js file: dist/index.js, no more preparation.
[2024-09-01 05:48:19Z INFO HostContext] Well known directory 'Bin': '/home/spinoandraptos/Documents/assignment-1-spinoandraptos/actions-runner/bin'
[2024-09-01 05:48:19Z INFO HostContext] Well known directory 'Root': '/home/spinoandraptos/Documents/assignment-1-spinoandraptos/actions-runner'
[2024-09-01 05:48:19Z INFO HostContext] Well known directory 'Work': '/home/spinoandraptos/Documents/assignment-1-spinoandraptos/actions-runner/_work'
[2024-09-01 05:48:19Z INFO HostContext] Well known directory 'Actions': '/home/spinoandraptos/Documents/assignment-1-spinoandraptos/actions-runner/_work/_actions'
[2024-09-01 05:48:19Z INFO ActionManager] Load action that reference repository from '/home/spinoandraptos/Documents/assignment-1-spinoandraptos/actions-runner/_work/_actions/actions/checkout/v2'
[2024-09-01 05:48:19Z INFO HostContext] Well known directory 'Bin': '/home/spinoandraptos/Documents/assignment-1-spinoandraptos/actions-runner/bin'
[2024-09-01 05:48:19Z INFO HostContext] Well known directory 'Root': '/home/spinoandraptos/Documents/assignment-1-spinoandraptos/actions-runner'
[2024-09-01 05:48:19Z INFO HostContext] Well known directory 'Work': '/home/spinoandraptos/Documents/assignment-1-spinoandraptos/actions-runner/_work'
[2024-09-01 05:48:19Z INFO HostContext] Well known directory 'Actions': '/home/spinoandraptos/Documents/assignment-1-spinoandraptos/actions-runner/_work/_actions'
[2024-09-01 05:48:19Z INFO ActionManifestManager] Loaded action.yml file: {
  "name": "Checkout",
  "description": "Checkout a Git repository at a particular version",
  "inputs": {
    "type": 2,
    "map": [
      {
        "key": {
          "type": 0,
          "file": 2,
          "line": 4,
          "col": 3,
          "lit": "repository"
        },
        "value": {
          "type": 3,
          "file": 2,
          "line": 6,
          "col": 14,
          "expr": "github.repository"
        }
      },
      {
        "key": {
          "type": 0,
          "file": 2,
          "line": 7,
          "col": 3,
          "lit": "ref"
        },
        "value": ""
      },
      {
        "key": {
          "type": 0,
          "file": 2,
          "line": 12,
          "col": 3,
          "lit": "token"
        },
        "value": {
          "type": 3,
          "file": 2,
          "line": 24,
          "col": 14,
          "expr": "github.token"
        }
      },
      {
        "key": {
          "type": 0,
          "file": 2,
          "line": 25,
          "col": 3,
          "lit": "ssh-key"
        },
        "value": ""
      },
      {
        "key": {
          "type": 0,
          "file": 2,
          "line": 37,
          "col": 3,
          "lit": "ssh-known-hosts"
        },
        "value": ""
      },
      {
        "key": {
          "type": 0,
          "file": 2,
          "line": 42,
          "col": 3,
          "lit": "ssh-strict"
        },
        "value": {
          "type": 0,
          "file": 2,
          "line": 47,
          "col": 14,
          "lit": "true"
        }
      },
      {
        "key": {
          "type": 0,
          "file": 2,
          "line": 48,
          "col": 3,
          "lit": "persist-credentials"
        },
        "value": {
          "type": 0,
          "file": 2,
          "line": 50,
          "col": 14,
          "lit": "true"
        }
      },
      {
        "key": {
          "type": 0,
          "file": 2,
          "line": 51,
          "col": 3,
          "lit": "path"
        },
        "value": ""
      },
      {
        "key": {
          "type": 0,
          "file": 2,
          "line": 53,
          "col": 3,
          "lit": "clean"
        },
        "value": {
          "type": 0,
          "file": 2,
          "line": 55,
          "col": 14,
          "lit": "true"
        }
      },
      {
        "key": {
          "type": 0,
          "file": 2,
          "line": 56,
          "col": 3,
          "lit": "fetch-depth"
        },
        "value": {
          "type": 0,
          "file": 2,
          "line": 58,
          "col": 14,
          "lit": "1"
        }
      },
      {
        "key": {
          "type": 0,
          "file": 2,
          "line": 59,
          "col": 3,
          "lit": "lfs"
        },
        "value": {
          "type": 0,
          "file": 2,
          "line": 61,
          "col": 14,
          "lit": "false"
        }
      },
      {
        "key": {
          "type": 0,
          "file": 2,
          "line": 62,
          "col": 3,
          "lit": "submodules"
        },
        "value": {
          "type": 0,
          "file": 2,
          "line": 70,
          "col": 14,
          "lit": "false"
        }
      },
      {
        "key": {
          "type": 0,
          "file": 2,
          "line": 71,
          "col": 3,
          "lit": "set-safe-directory"
        },
        "value": {
          "type": 0,
          "file": 2,
          "line": 73,
          "col": 14,
          "lit": "true"
        }
      }
    ]
  },
  "execution": {
    "executionType": "nodeJS",
    "hasPre": false,
    "hasPost": true,
    "script": "dist/index.js",
    "pre": null,
    "post": "dist/index.js",
    "nodeVersion": "node12",
    "cleanupCondition": "always()",
    "initCondition": "always()"
  },
  "deprecated": null
}
[2024-09-01 05:48:19Z INFO ActionManager] Action pre node.js file: N/A.
[2024-09-01 05:48:19Z INFO ActionManager] Action node.js file: dist/index.js.
[2024-09-01 05:48:19Z INFO ActionManager] Action post node.js file: dist/index.js.
[2024-09-01 05:48:19Z INFO DockerCommandManager] Which2: 'docker'
[2024-09-01 05:48:19Z INFO DockerCommandManager] Location: '/usr/bin/docker'
[2024-09-01 05:48:19Z INFO HostContext] Well known directory 'Bin': '/home/spinoandraptos/Documents/assignment-1-spinoandraptos/actions-runner/bin'
[2024-09-01 05:48:19Z INFO HostContext] Well known directory 'Root': '/home/spinoandraptos/Documents/assignment-1-spinoandraptos/actions-runner'
[2024-09-01 05:48:19Z INFO JobExtension] Adding .
[2024-09-01 05:48:19Z INFO JobExtension] Adding .
[2024-09-01 05:48:19Z INFO JobExtension] Adding .
[2024-09-01 05:48:19Z INFO HostContext] Well known directory 'Bin': '/home/spinoandraptos/Documents/assignment-1-spinoandraptos/actions-runner/bin'
[2024-09-01 05:48:19Z INFO HostContext] Well known directory 'Root': '/home/spinoandraptos/Documents/assignment-1-spinoandraptos/actions-runner'
[2024-09-01 05:48:19Z INFO HostContext] Well known directory 'Diag': '/home/spinoandraptos/Documents/assignment-1-spinoandraptos/actions-runner/_diag'
[2024-09-01 05:48:19Z INFO HostContext] Well known directory 'Bin': '/home/spinoandraptos/Documents/assignment-1-spinoandraptos/actions-runner/bin'
[2024-09-01 05:48:19Z INFO HostContext] Well known directory 'Root': '/home/spinoandraptos/Documents/assignment-1-spinoandraptos/actions-runner'
[2024-09-01 05:48:19Z INFO HostContext] Well known directory 'Diag': '/home/spinoandraptos/Documents/assignment-1-spinoandraptos/actions-runner/_diag'
[2024-09-01 05:48:19Z INFO HostContext] Well known directory 'Bin': '/home/spinoandraptos/Documents/assignment-1-spinoandraptos/actions-runner/bin'
[2024-09-01 05:48:19Z INFO HostContext] Well known directory 'Root': '/home/spinoandraptos/Documents/assignment-1-spinoandraptos/actions-runner'
[2024-09-01 05:48:19Z INFO HostContext] Well known directory 'Diag': '/home/spinoandraptos/Documents/assignment-1-spinoandraptos/actions-runner/_diag'
[2024-09-01 05:48:19Z INFO HostContext] Well known directory 'Bin': '/home/spinoandraptos/Documents/assignment-1-spinoandraptos/actions-runner/bin'
[2024-09-01 05:48:19Z INFO HostContext] Well known directory 'Root': '/home/spinoandraptos/Documents/assignment-1-spinoandraptos/actions-runner'
[2024-09-01 05:48:19Z INFO HostContext] Well known directory 'Diag': '/home/spinoandraptos/Documents/assignment-1-spinoandraptos/actions-runner/_diag'
[2024-09-01 05:48:19Z INFO HostContext] Well known directory 'Bin': '/home/spinoandraptos/Documents/assignment-1-spinoandraptos/actions-runner/bin'
[2024-09-01 05:48:19Z INFO HostContext] Well known directory 'Root': '/home/spinoandraptos/Documents/assignment-1-spinoandraptos/actions-runner'
[2024-09-01 05:48:19Z INFO HostContext] Well known directory 'Diag': '/home/spinoandraptos/Documents/assignment-1-spinoandraptos/actions-runner/_diag'
[2024-09-01 05:48:19Z INFO HostContext] Well known directory 'Bin': '/home/spinoandraptos/Documents/assignment-1-spinoandraptos/actions-runner/bin'
[2024-09-01 05:48:19Z INFO HostContext] Well known directory 'Root': '/home/spinoandraptos/Documents/assignment-1-spinoandraptos/actions-runner'
[2024-09-01 05:48:19Z INFO HostContext] Well known directory 'Diag': '/home/spinoandraptos/Documents/assignment-1-spinoandraptos/actions-runner/_diag'
[2024-09-01 05:48:19Z INFO HostContext] Well known directory 'Bin': '/home/spinoandraptos/Documents/assignment-1-spinoandraptos/actions-runner/bin'
[2024-09-01 05:48:19Z INFO HostContext] Well known directory 'Root': '/home/spinoandraptos/Documents/assignment-1-spinoandraptos/actions-runner'
[2024-09-01 05:48:19Z INFO HostContext] Well known directory 'Diag': '/home/spinoandraptos/Documents/assignment-1-spinoandraptos/actions-runner/_diag'
[2024-09-01 05:48:19Z INFO HostContext] Well known directory 'Bin': '/home/spinoandraptos/Documents/assignment-1-spinoandraptos/actions-runner/bin'
[2024-09-01 05:48:19Z INFO HostContext] Well known directory 'Root': '/home/spinoandraptos/Documents/assignment-1-spinoandraptos/actions-runner'
[2024-09-01 05:48:19Z INFO HostContext] Well known directory 'Diag': '/home/spinoandraptos/Documents/assignment-1-spinoandraptos/actions-runner/_diag'
[2024-09-01 05:48:19Z INFO JobExtension] Total accessible running process: 253.
[2024-09-01 05:48:19Z INFO HostContext] Well known directory 'Bin': '/home/spinoandraptos/Documents/assignment-1-spinoandraptos/actions-runner/bin'
[2024-09-01 05:48:19Z INFO HostContext] Well known directory 'Root': '/home/spinoandraptos/Documents/assignment-1-spinoandraptos/actions-runner'
[2024-09-01 05:48:19Z INFO HostContext] Well known directory 'Work': '/home/spinoandraptos/Documents/assignment-1-spinoandraptos/actions-runner/_work'
[2024-09-01 05:48:19Z INFO JobExtension] Start checking server connectivity.
[2024-09-01 05:48:19Z INFO JobExtension] Check server connectivity for https://acghubeus0.actions.githubusercontent.com/_apis/health.
[2024-09-01 05:48:19Z INFO JobExtension] Check server connectivity for https://results-receiver.actions.githubusercontent.com/health.
[2024-09-01 05:48:19Z INFO JobExtension] Check server connectivity for https://actions-results-receiver-production.githubapp.com/health.
[2024-09-01 05:48:19Z INFO JobExtension] Check server connectivity for https://pipelinesghubeus8.actions.githubusercontent.com/_apis/health.
[2024-09-01 05:48:20Z INFO ExecutionContext] Publish step telemetry for current step {
  "action": "setup_job",
  "type": "runner",
  "stage": "Pre",
  "stepId": "45f9bf3f-83b7-4b10-9b4e-d71495a22506",
  "result": "succeeded",
  "errorMessages": [],
  "executionTimeInSeconds": 2,
  "startTime": "2024-09-01T05:48:18.7363779Z",
  "finishTime": "2024-09-01T05:48:20.0013835Z"
}.
[2024-09-01 05:48:20Z INFO JobRunner] Total job steps: 4.
[2024-09-01 05:48:20Z INFO JobRunner] Run all job steps.
[2024-09-01 05:48:20Z INFO StepsRunner] Processing step: DisplayName='Initialize containers'
[2024-09-01 05:48:20Z INFO StepsRunner] Evaluating: success()
[2024-09-01 05:48:20Z INFO StepsRunner] Result: true
[2024-09-01 05:48:20Z INFO StepsRunner] Starting the step.
[2024-09-01 05:48:20Z INFO ExecutionContext] Reserve record order 6 to 10 for post job actions.
[2024-09-01 05:48:20Z INFO HostContext] Well known directory 'Bin': '/home/spinoandraptos/Documents/assignment-1-spinoandraptos/actions-runner/bin'
[2024-09-01 05:48:20Z INFO HostContext] Well known directory 'Root': '/home/spinoandraptos/Documents/assignment-1-spinoandraptos/actions-runner'
[2024-09-01 05:48:20Z INFO HostContext] Well known directory 'Diag': '/home/spinoandraptos/Documents/assignment-1-spinoandraptos/actions-runner/_diag'
[2024-09-01 05:48:20Z INFO HostContext] Well known directory 'Bin': '/home/spinoandraptos/Documents/assignment-1-spinoandraptos/actions-runner/bin'
[2024-09-01 05:48:20Z INFO HostContext] Well known directory 'Root': '/home/spinoandraptos/Documents/assignment-1-spinoandraptos/actions-runner'
[2024-09-01 05:48:20Z INFO HostContext] Well known directory 'Diag': '/home/spinoandraptos/Documents/assignment-1-spinoandraptos/actions-runner/_diag'
[2024-09-01 05:48:20Z INFO ProcessInvokerWrapper] Starting process:
[2024-09-01 05:48:20Z INFO ProcessInvokerWrapper]   File name: '/usr/bin/docker'
[2024-09-01 05:48:20Z INFO ProcessInvokerWrapper]   Arguments: 'version --format '{{.Server.APIVersion}}''
[2024-09-01 05:48:20Z INFO ProcessInvokerWrapper]   Working directory: '/home/spinoandraptos/Documents/assignment-1-spinoandraptos/actions-runner/_work/assignment-1-spinoandraptos/assignment-1-spinoandraptos'
[2024-09-01 05:48:20Z INFO ProcessInvokerWrapper]   Require exit code zero: 'True'
[2024-09-01 05:48:20Z INFO ProcessInvokerWrapper]   Encoding web name:  ; code page: ''
[2024-09-01 05:48:20Z INFO ProcessInvokerWrapper]   Force kill process on cancellation: 'False'
[2024-09-01 05:48:20Z INFO ProcessInvokerWrapper]   Redirected STDIN: 'False'
[2024-09-01 05:48:20Z INFO ProcessInvokerWrapper]   Persist current code page: 'False'
[2024-09-01 05:48:20Z INFO ProcessInvokerWrapper]   Keep redirected STDIN open: 'False'
[2024-09-01 05:48:20Z INFO ProcessInvokerWrapper]   High priority process: 'False'
[2024-09-01 05:48:20Z INFO ProcessInvokerWrapper] Updated oom_score_adj to 500 for PID: 57049.
[2024-09-01 05:48:20Z INFO ProcessInvokerWrapper] Process started with process id 57049, waiting for process exit.
[2024-09-01 05:48:20Z INFO ProcessInvokerWrapper] STDOUT/STDERR stream read finished.
[2024-09-01 05:48:20Z INFO ProcessInvokerWrapper] STDOUT/STDERR stream read finished.
[2024-09-01 05:48:20Z INFO ProcessInvokerWrapper] Finished process 57049 with exit code 1, and elapsed time 00:00:00.0164251.
[2024-09-01 05:48:20Z ERR  StepsRunner] Caught exception from step: GitHub.Runner.Sdk.ProcessExitCodeException: Exit code 1 returned from process: file name '/usr/bin/docker', arguments 'version --format '{{.Server.APIVersion}}''.
   at GitHub.Runner.Sdk.ProcessInvoker.ExecuteAsync(String workingDirectory, String fileName, String arguments, IDictionary`2 environment, Boolean requireExitCodeZero, Encoding outputEncoding, Boolean killProcessOnCancel, Channel`1 redirectStandardIn, Boolean inheritConsoleHandler, Boolean keepStandardInOpen, Boolean highPriorityProcess, CancellationToken cancellationToken)
   at GitHub.Runner.Common.ProcessInvokerWrapper.ExecuteAsync(String workingDirectory, String fileName, String arguments, IDictionary`2 environment, Boolean requireExitCodeZero, Encoding outputEncoding, Boolean killProcessOnCancel, Channel`1 redirectStandardIn, Boolean inheritConsoleHandler, Boolean keepStandardInOpen, Boolean highPriorityProcess, CancellationToken cancellationToken)
   at GitHub.Runner.Worker.Container.DockerCommandManager.ExecuteDockerCommandAsync(IExecutionContext context, String command, String options)
   at GitHub.Runner.Worker.Container.DockerCommandManager.DockerVersion(IExecutionContext context)
   at GitHub.Runner.Worker.ContainerOperationProvider.AssertCompatibleOS(IExecutionContext executionContext)
   at GitHub.Runner.Worker.ContainerOperationProvider.StartContainersAsync(IExecutionContext executionContext, Object data)
   at GitHub.Runner.Worker.JobExtensionRunner.RunAsync()
   at GitHub.Runner.Worker.StepsRunner.RunStepAsync(IStep step, CancellationToken jobCancellationToken)
[2024-09-01 05:48:20Z INFO StepsRunner] Step result: Failed
[2024-09-01 05:48:20Z INFO ExecutionContext] Publish step telemetry for current step {
  "action": "initialize_containers",
  "type": "runner",
  "stage": "Pre",
  "stepId": "1139ee46-f61f-418a-a3d4-3f71d589b364",
  "stepContextName": "1139ee46f61f418aa3d43f71d589b364",
  "result": "failed",
  "errorMessages": [
    "Exit code 1 returned from process: file name '/usr/bin/docker', arguments 'version --format '{{.Server.APIVersion}}''."
  ],
  "executionTimeInSeconds": 1,
  "startTime": "2024-09-01T05:48:20.0227742Z",
  "finishTime": "2024-09-01T05:48:20.0799041Z"
}.
[2024-09-01 05:48:20Z INFO StepsRunner] Update job result with current step result 'Failed'.
[2024-09-01 05:48:20Z INFO StepsRunner] Current state: job state = 'Failed'
[2024-09-01 05:48:20Z INFO StepsRunner] Processing step: DisplayName='Run actions/checkout@v2'
[2024-09-01 05:48:20Z INFO StepsRunner] Evaluating: success()
[2024-09-01 05:48:20Z INFO StepsRunner] Result: false
[2024-09-01 05:48:20Z INFO StepsRunner] Skipping step due to condition evaluation.
[2024-09-01 05:48:20Z INFO StepsRunner] No need for updating job result with current step result 'Skipped'.
[2024-09-01 05:48:20Z INFO StepsRunner] Current state: job state = 'Failed'
[2024-09-01 05:48:20Z INFO StepsRunner] Processing step: DisplayName='Checkout submodules'
[2024-09-01 05:48:20Z INFO StepsRunner] Evaluating: success()
[2024-09-01 05:48:20Z INFO StepsRunner] Result: false
[2024-09-01 05:48:20Z INFO StepsRunner] Skipping step due to condition evaluation.
[2024-09-01 05:48:20Z INFO StepsRunner] No need for updating job result with current step result 'Skipped'.
[2024-09-01 05:48:20Z INFO StepsRunner] Current state: job state = 'Failed'
[2024-09-01 05:48:20Z INFO StepsRunner] Processing step: DisplayName='Run full test'
[2024-09-01 05:48:20Z INFO StepsRunner] Evaluating: success()
[2024-09-01 05:48:20Z INFO StepsRunner] Result: false
[2024-09-01 05:48:20Z INFO StepsRunner] Skipping step due to condition evaluation.
[2024-09-01 05:48:20Z INFO StepsRunner] No need for updating job result with current step result 'Skipped'.
[2024-09-01 05:48:20Z INFO StepsRunner] Current state: job state = 'Failed'
[2024-09-01 05:48:20Z INFO StepsRunner] Processing step: DisplayName='Stop containers'
[2024-09-01 05:48:20Z INFO StepsRunner] Evaluating: always()
[2024-09-01 05:48:20Z INFO StepsRunner] Result: true
[2024-09-01 05:48:20Z INFO StepsRunner] Starting the step.
[2024-09-01 05:48:20Z ERR  StepsRunner] Caught exception from step: System.ArgumentNullException: Value cannot be null. (Parameter 'network')
   at GitHub.Runner.Sdk.ArgUtil.NotNull(Object value, String name)
   at GitHub.Runner.Worker.ContainerOperationProvider.RemoveContainerNetworkAsync(IExecutionContext executionContext, String network)
   at GitHub.Runner.Worker.ContainerOperationProvider.StopContainersAsync(IExecutionContext executionContext, Object data)
   at GitHub.Runner.Worker.JobExtensionRunner.RunAsync()
   at GitHub.Runner.Worker.StepsRunner.RunStepAsync(IStep step, CancellationToken jobCancellationToken)
[2024-09-01 05:48:20Z INFO StepsRunner] Step result: Failed
[2024-09-01 05:48:20Z INFO StepsRunner] Update job result with current step result 'Failed'.
[2024-09-01 05:48:20Z INFO StepsRunner] Current state: job state = 'Failed'
[2024-09-01 05:48:20Z INFO JobRunner] Finalize job.
[2024-09-01 05:48:20Z INFO HostContext] Well known directory 'Bin': '/home/spinoandraptos/Documents/assignment-1-spinoandraptos/actions-runner/bin'
[2024-09-01 05:48:20Z INFO HostContext] Well known directory 'Root': '/home/spinoandraptos/Documents/assignment-1-spinoandraptos/actions-runner'
[2024-09-01 05:48:20Z INFO HostContext] Well known directory 'Diag': '/home/spinoandraptos/Documents/assignment-1-spinoandraptos/actions-runner/_diag'
[2024-09-01 05:48:20Z INFO HostContext] Well known directory 'Bin': '/home/spinoandraptos/Documents/assignment-1-spinoandraptos/actions-runner/bin'
[2024-09-01 05:48:20Z INFO HostContext] Well known directory 'Root': '/home/spinoandraptos/Documents/assignment-1-spinoandraptos/actions-runner'
[2024-09-01 05:48:20Z INFO HostContext] Well known directory 'Diag': '/home/spinoandraptos/Documents/assignment-1-spinoandraptos/actions-runner/_diag'
[2024-09-01 05:48:20Z INFO JobExtension] Initialize Env context
[2024-09-01 05:48:20Z INFO JobExtension] Initialize steps context
[2024-09-01 05:48:20Z INFO JobExtension] Total accessible running process: 253.
[2024-09-01 05:48:20Z INFO JobExtension] Inspecting process environment variables. PID: 106 (kworker/1:2-events)
[2024-09-01 05:48:20Z INFO LinuxProcessExtensions] Read env from /proc/106/environ
[2024-09-01 05:48:20Z WARN JobExtension] Ignore exception during read process environment variables: Access to the path '/proc/106/environ' is denied.
[2024-09-01 05:48:20Z INFO JobExtension] Inspecting process environment variables. PID: 378 (kworker/6:2-events)
[2024-09-01 05:48:20Z INFO LinuxProcessExtensions] Read env from /proc/378/environ
[2024-09-01 05:48:20Z WARN JobExtension] Ignore exception during read process environment variables: Access to the path '/proc/378/environ' is denied.
[2024-09-01 05:48:20Z INFO JobExtension] Inspecting process environment variables. PID: 572 (kworker/4:2-events)
[2024-09-01 05:48:20Z INFO LinuxProcessExtensions] Read env from /proc/572/environ
[2024-09-01 05:48:20Z WARN JobExtension] Ignore exception during read process environment variables: Access to the path '/proc/572/environ' is denied.
[2024-09-01 05:48:20Z INFO JobExtension] Inspecting process environment variables. PID: 7727 (kworker/7:0-events)
[2024-09-01 05:48:20Z INFO LinuxProcessExtensions] Read env from /proc/7727/environ
[2024-09-01 05:48:20Z WARN JobExtension] Ignore exception during read process environment variables: Access to the path '/proc/7727/environ' is denied.
[2024-09-01 05:48:20Z INFO JobExtension] Inspecting process environment variables. PID: 53756 (kworker/u16:1-writeback)
[2024-09-01 05:48:20Z INFO LinuxProcessExtensions] Read env from /proc/53756/environ
[2024-09-01 05:48:20Z WARN JobExtension] Ignore exception during read process environment variables: Access to the path '/proc/53756/environ' is denied.
[2024-09-01 05:48:20Z INFO JobServerQueue] Try to append 1 batches web console lines for record '45f9bf3f-83b7-4b10-9b4e-d71495a22506', success rate: 1/1.
[2024-09-01 05:48:20Z INFO JobServerQueue] Try to append 1 batches web console lines for record '1139ee46-f61f-418a-a3d4-3f71d589b364', success rate: 1/1.
[2024-09-01 05:48:20Z INFO JobExtension] Inspecting process environment variables. PID: 56730 (kworker/5:1-events)
[2024-09-01 05:48:20Z INFO LinuxProcessExtensions] Read env from /proc/56730/environ
[2024-09-01 05:48:20Z INFO JobServerQueue] Try to append 1 batches web console lines for record 'fa46ab83-6e83-4b6f-b89f-8dd7be5e9b9e', success rate: 1/1.
[2024-09-01 05:48:20Z WARN JobExtension] Ignore exception during read process environment variables: Access to the path '/proc/56730/environ' is denied.
[2024-09-01 05:48:20Z INFO JobServerQueue] Try to append 1 batches web console lines for record '8511703e-9a81-4f79-a038-71fa66f9f450', success rate: 1/1.
[2024-09-01 05:48:20Z INFO JobExtension] Wait for all connectivity checks to finish.
[2024-09-01 05:48:20Z INFO JobExtension] Connectivity check result: https://acghubeus0.actions.githubusercontent.com/_apis/health: OK
[2024-09-01 05:48:20Z INFO JobExtension] Connectivity check result: https://results-receiver.actions.githubusercontent.com/health: OK
[2024-09-01 05:48:20Z INFO JobExtension] Connectivity check result: https://actions-results-receiver-production.githubapp.com/health: OK
[2024-09-01 05:48:20Z INFO JobExtension] Connectivity check result: https://pipelinesghubeus8.actions.githubusercontent.com/_apis/health: OK
[2024-09-01 05:48:20Z INFO ExecutionContext] Publish step telemetry for current step {
  "action": "complete_job",
  "type": "runner",
  "stage": "Post",
  "stepId": "8511703e-9a81-4f79-a038-71fa66f9f450",
  "result": "succeeded",
  "errorMessages": [],
  "executionTimeInSeconds": 1,
  "startTime": "2024-09-01T05:48:20.1074017Z",
  "finishTime": "2024-09-01T05:48:20.2310282Z"
}.
[2024-09-01 05:48:20Z INFO JobRunner] Job result after all job steps finish: Failed
[2024-09-01 05:48:20Z INFO JobRunner] Completing the job execution context.
[2024-09-01 05:48:20Z INFO JobRunner] Shutting down the job server queue.
[2024-09-01 05:48:20Z INFO JobServerQueue] Fire signal to shutdown all queues.
[2024-09-01 05:48:20Z INFO JobServerQueue] All queue process task stopped.
[2024-09-01 05:48:20Z INFO JobServerQueue] Web console line queue drained.
[2024-09-01 05:48:20Z INFO JobServerQueue] Uploading 5 files in one shot.
[2024-09-01 05:48:21Z INFO JobServerQueue] Try to upload 5 log files or attachments, success rate: 5/5.
[2024-09-01 05:48:21Z INFO JobServerQueue] File upload queue drained.
[2024-09-01 05:48:21Z INFO JobServerQueue] Starting results-based upload queue...
[2024-09-01 05:48:21Z INFO JobServerQueue] Uploading 5 file(s) in one shot through results service.
[2024-09-01 05:48:21Z INFO JobServerQueue] Got a step log file to send to results service.
[2024-09-01 05:48:21Z INFO JobServerQueue] Starting upload of step log file to results service ResultsLog, /home/spinoandraptos/Documents/assignment-1-spinoandraptos/actions-runner/_diag/blocks/78c8577d-18dc-4c4c-a5b5-a7e5cfb6a35d_45f9bf3f-83b7-4b10-9b4e-d71495a22506.1
[2024-09-01 05:48:22Z INFO JobServerQueue] Got a step log file to send to results service.
[2024-09-01 05:48:22Z INFO JobServerQueue] Starting upload of step log file to results service ResultsLog, /home/spinoandraptos/Documents/assignment-1-spinoandraptos/actions-runner/_diag/blocks/78c8577d-18dc-4c4c-a5b5-a7e5cfb6a35d_1139ee46-f61f-418a-a3d4-3f71d589b364.1
[2024-09-01 05:48:22Z INFO JobServerQueue] Got a step log file to send to results service.
[2024-09-01 05:48:22Z INFO JobServerQueue] Starting upload of step log file to results service ResultsLog, /home/spinoandraptos/Documents/assignment-1-spinoandraptos/actions-runner/_diag/blocks/78c8577d-18dc-4c4c-a5b5-a7e5cfb6a35d_fa46ab83-6e83-4b6f-b89f-8dd7be5e9b9e.1
[2024-09-01 05:48:22Z INFO JobServerQueue] Got a step log file to send to results service.
[2024-09-01 05:48:22Z INFO JobServerQueue] Starting upload of step log file to results service ResultsLog, /home/spinoandraptos/Documents/assignment-1-spinoandraptos/actions-runner/_diag/blocks/78c8577d-18dc-4c4c-a5b5-a7e5cfb6a35d_8511703e-9a81-4f79-a038-71fa66f9f450.1
[2024-09-01 05:48:22Z INFO JobServerQueue] Got a job log file to send to results service.
[2024-09-01 05:48:22Z INFO JobServerQueue] Starting upload of job log file to results service ResultsLog, /home/spinoandraptos/Documents/assignment-1-spinoandraptos/actions-runner/_diag/blocks/78c8577d-18dc-4c4c-a5b5-a7e5cfb6a35d_a047640a-23da-5e9b-1ef8-917a09b3753a.1
[2024-09-01 05:48:23Z INFO JobServerQueue] Tried to upload 5 file(s) to results, success rate: 5/5.
[2024-09-01 05:48:23Z INFO JobServerQueue] Results upload queue drained.
[2024-09-01 05:48:23Z INFO JobServerQueue] Timeline update queue drained.
[2024-09-01 05:48:23Z INFO JobServerQueue] Disposing job server ...
[2024-09-01 05:48:23Z INFO JobServerQueue] Disposing results server ...
[2024-09-01 05:48:23Z INFO JobServerQueue] All queue process tasks have been stopped, and all queues are drained.
[2024-09-01 05:48:23Z INFO JobServerQueue] Actions upload time: 822 ms, Result upload time: 1526 ms
[2024-09-01 05:48:23Z INFO TempDirectoryManager] Cleaning runner temp folder: /home/spinoandraptos/Documents/assignment-1-spinoandraptos/actions-runner/_work/_temp
[2024-09-01 05:48:23Z INFO HostContext] Well known directory 'Bin': '/home/spinoandraptos/Documents/assignment-1-spinoandraptos/actions-runner/bin'
[2024-09-01 05:48:23Z INFO HostContext] Well known directory 'Root': '/home/spinoandraptos/Documents/assignment-1-spinoandraptos/actions-runner'
[2024-09-01 05:48:23Z INFO HostContext] Well known directory 'Diag': '/home/spinoandraptos/Documents/assignment-1-spinoandraptos/actions-runner/_diag'
[2024-09-01 05:48:23Z INFO HostContext] Well known config file 'Telemetry': '/home/spinoandraptos/Documents/assignment-1-spinoandraptos/actions-runner/_diag/.telemetry'
[2024-09-01 05:48:23Z INFO JobRunner] Raising job completed event
[2024-09-01 05:48:23Z INFO Worker] Job completed.
